<Event xmlns="http://schemas.microsoft.com/win/2004/08/events/event"><System><Provider Name="Windows Error Reporting" Guid="{0ead09bd-2157-539a-8d6d-c87f95b64d70}"></Provider>
<EventID Qualifiers="">1001</EventID>
<Version>0</Version>
<Level>4</Level>
<Task>0</Task>
<Opcode>0</Opcode>
<Keywords>0x8000000000000000</Keywords>
<TimeCreated SystemTime="2025-11-23 09:51:37.686014+00:00"></TimeCreated>
<EventRecordID>259</EventRecordID>
<Correlation ActivityID="" RelatedActivityID=""></Correlation>
<Execution ProcessID="8288" ThreadID="9540"></Execution>
<Channel>Application</Channel>
<Computer>WIN-QCM4OJM0UCK</Computer>
<Security UserID="S-1-5-18"></Security>
</System>
<EventData><Data Name="Bucket">1530183325020790220</Data>
<Data Name="BucketType">5</Data>
<Data Name="EventName">crashpad_log</Data>
<Data Name="Response">Not available</Data>
<Data Name="CabId">0</Data>
<Data Name="P1">MicrosoftEdgeUpdate.exe</Data>
<Data Name="P2">1.3.195.69</Data>
<Data Name="P3">CriticalRequestError</Data>
<Data Name="P4">0xa043081c</Data>
<Data Name="P5"></Data>
<Data Name="P6"></Data>
<Data Name="P7"></Data>
<Data Name="P8"></Data>
<Data Name="P9"></Data>
<Data Name="P10"></Data>
<Data Name="AttachedFiles">
\\?\C:\ProgramData\Microsoft\Windows\WER\Temp\WER.fb282cde-062a-4652-bc51-7c295b4f4937.tmp.WERInternalMetadata.xml</Data>
<Data Name="StorePath">\\?\C:\ProgramData\Microsoft\Windows\WER\ReportArchive\NonCritical_MicrosoftEdgeUpd_589bd2374c44a8ce84884fcf8d552a3559ad5b_00000000_03a4f8b5-957a-46d3-b1ca-66c7d836a0b8</Data>
<Data Name="AnalysisSymbol"></Data>
<Data Name="Rechecking">0</Data>
<Data Name="ReportId">03a4f8b5-957a-46d3-b1ca-66c7d836a0b8</Data>
<Data Name="ReportStatus">268435462</Data>
<Data Name="HashedBucket">75562ddd59cbaa90553c4da079171dcc</Data>
<Data Name="CabGuid">0</Data>
</EventData>
</Event>

<Event xmlns="http://schemas.microsoft.com/win/2004/08/events/event"><System><Provider Name="Windows Error Reporting" Guid="{0ead09bd-2157-539a-8d6d-c87f95b64d70}"></Provider>
<EventID Qualifiers="">1001</EventID>
<Version>0</Version>
<Level>4</Level>
<Task>0</Task>
<Opcode>0</Opcode>
<Keywords>0x8000000000000000</Keywords>
<TimeCreated SystemTime="2025-11-23 09:51:39.580709+00:00"></TimeCreated>
<EventRecordID>260</EventRecordID>
<Correlation ActivityID="" RelatedActivityID=""></Correlation>
<Execution ProcessID="8288" ThreadID="9540"></Execution>
<Channel>Application</Channel>
<Computer>WIN-QCM4OJM0UCK</Computer>
<Security UserID="S-1-5-18"></Security>
</System>
<EventData><Data Name="Bucket"></Data>
<Data Name="BucketType">0</Data>
<Data Name="EventName">WindowsWcpOtherFailure3</Data>
<Data Name="Response">Not available</Data>
<Data Name="CabId">0</Data>
<Data Name="P1">10.0.26100.5074:1</Data>
<Data Name="P2">wcp\componentstore\storelayout.cpp</Data>
<Data Name="P3">ComponentStore::CRawStoreLayout::OpenComponentFile</Data>
<Data Name="P4">2203</Data>
<Data Name="P5">800f0983</Data>
<Data Name="P6">0xac2ad5fc</Data>
<Data Name="P7"></Data>
<Data Name="P8"></Data>
<Data Name="P9"></Data>
<Data Name="P10"></Data>
<Data Name="AttachedFiles">
\\?\C:\ProgramData\Microsoft\Windows\WER\Temp\WER.b1298822-638d-472a-a831-f75a900ff2ed.tmp.WERInternalMetadata.xml</Data>
<Data Name="StorePath">\\?\C:\ProgramData\Microsoft\Windows\WER\ReportArchive\Critical_10.0.26100.5074__556d9a7fe88313a7d068cfee8c1cabbe3e8ed29f_00000000_1ac2ed95-dd6c-4879-b2d8-38c5b8621bb0</Data>
<Data Name="AnalysisSymbol"></Data>
<Data Name="Rechecking">0</Data>
<Data Name="ReportId">1ac2ed95-dd6c-4879-b2d8-38c5b8621bb0</Data>
<Data Name="ReportStatus">2147491846</Data>
<Data Name="HashedBucket"></Data>
<Data Name="CabGuid">0</Data>
</EventData>
</Event>

<Event xmlns="http://schemas.microsoft.com/win/2004/08/events/event"><System><Provider Name="Windows Error Reporting" Guid="{0ead09bd-2157-539a-8d6d-c87f95b64d70}"></Provider>
<EventID Qualifiers="">1001</EventID>
<Version>0</Version>
<Level>4</Level>
<Task>0</Task>
<Opcode>0</Opcode>
<Keywords>0x8000000000000000</Keywords>
<TimeCreated SystemTime="2025-11-23 09:51:41.726648+00:00"></TimeCreated>
<EventRecordID>261</EventRecordID>
<Correlation ActivityID="" RelatedActivityID=""></Correlation>
<Execution ProcessID="8288" ThreadID="9540"></Execution>
<Channel>Application</Channel>
<Computer>WIN-QCM4OJM0UCK</Computer>
<Security UserID="S-1-5-18"></Security>
</System>
<EventData><Data Name="Bucket"></Data>
<Data Name="BucketType">0</Data>
<Data Name="EventName">WindowsWcpOtherFailure3</Data>
<Data Name="Response">Not available</Data>
<Data Name="CabId">0</Data>
<Data Name="P1">10.0.26100.7010:1</Data>
<Data Name="P2">wcp\componentstore\storelayout.cpp</Data>
<Data Name="P3">ComponentStore::CRawStoreLayout::OpenComponentFile</Data>
<Data Name="P4">2204</Data>
<Data Name="P5">800f0983</Data>
<Data Name="P6">0x427c8c1c</Data>
<Data Name="P7"></Data>
<Data Name="P8"></Data>
<Data Name="P9"></Data>
<Data Name="P10"></Data>
<Data Name="AttachedFiles">
\\?\C:\ProgramData\Microsoft\Windows\WER\Temp\WER.1aea9567-d129-41ff-81c0-1deaf44f1cee.tmp.WERInternalMetadata.xml</Data>
<Data Name="StorePath">\\?\C:\ProgramData\Microsoft\Windows\WER\ReportArchive\Critical_10.0.26100.7010__f777a61748d40cd46d811f57ca94a84f18d236e_00000000_47df39a4-9d0b-456c-990b-407f50aa77ad</Data>
<Data Name="AnalysisSymbol"></Data>
<Data Name="Rechecking">0</Data>
<Data Name="ReportId">47df39a4-9d0b-456c-990b-407f50aa77ad</Data>
<Data Name="ReportStatus">2147491846</Data>
<Data Name="HashedBucket"></Data>
<Data Name="CabGuid">0</Data>
</EventData>
</Event>

<Event xmlns="http://schemas.microsoft.com/win/2004/08/events/event"><System><Provider Name="Microsoft-Windows-Security-SPP" Guid="{E23B33B0-C8C9-472C-A5F9-F2BDFEA0F156}" EventSourceName="Software Protection Platform Service"></Provider>
<EventID Qualifiers="16384">16384</EventID>
<Version>0</Version>
<Level>4</Level>
<Task>0</Task>
<Opcode>0</Opcode>
<Keywords>0x0080000000000000</Keywords>
<TimeCreated SystemTime="2025-11-23 09:51:52.486668+00:00"></TimeCreated>
<EventRecordID>262</EventRecordID>
<Correlation ActivityID="" RelatedActivityID=""></Correlation>
<Execution ProcessID="1164" ThreadID="0"></Execution>
<Channel>Application</Channel>
<Computer>WIN-QCM4OJM0UCK</Computer>
<Security UserID=""></Security>
</System>
<EventData><Data>&lt;string&gt;2025-11-24T09:50:52Z&lt;/string&gt;
&lt;string&gt;RulesEngine&lt;/string&gt;
</Data>
<Binary></Binary>
</EventData>
</Event>

<Event xmlns="http://schemas.microsoft.com/win/2004/08/events/event"><System><Provider Name="Edge"></Provider>
<EventID Qualifiers="32768">256</EventID>
<Version>0</Version>
<Level>4</Level>
<Task>1</Task>
<Opcode>0</Opcode>
<Keywords>0x0080000000000000</Keywords>
<TimeCreated SystemTime="2025-11-23 09:51:55.643333+00:00"></TimeCreated>
<EventRecordID>263</EventRecordID>
<Correlation ActivityID="" RelatedActivityID=""></Correlation>
<Execution ProcessID="6428" ThreadID="0"></Execution>
<Channel>Application</Channel>
<Computer>WIN-QCM4OJM0UCK</Computer>
<Security UserID="S-1-5-21-3406557415-3785955325-3440082762-1001"></Security>
</System>
<EventData><Data>&lt;string&gt;[6428:7652:1123/015155.641:INFO:chrome\browser\extensions\extension_garbage_collector.cc:188] Garbage collection for extensions on file thread is complete.&lt;/string&gt;
</Data>
<Binary></Binary>
</EventData>
</Event>

<Event xmlns="http://schemas.microsoft.com/win/2004/08/events/event"><System><Provider Name="Microsoft-Windows-Security-SPP" Guid="{E23B33B0-C8C9-472C-A5F9-F2BDFEA0F156}" EventSourceName="Software Protection Platform Service"></Provider>
<EventID Qualifiers="49152">16394</EventID>
<Version>0</Version>
<Level>4</Level>
<Task>0</Task>
<Opcode>0</Opcode>
<Keywords>0x0080000000000000</Keywords>
<TimeCreated SystemTime="2025-11-23 09:52:16.984955+00:00"></TimeCreated>
<EventRecordID>264</EventRecordID>
<Correlation ActivityID="" RelatedActivityID=""></Correlation>
<Execution ProcessID="6484" ThreadID="0"></Execution>
<Channel>Application</Channel>
<Computer>WIN-QCM4OJM0UCK</Computer>
<Security UserID=""></Security>
</System>
<EventData><Data></Data>
<Binary></Binary>
</EventData>
</Event>

<Event xmlns="http://schemas.microsoft.com/win/2004/08/events/event"><System><Provider Name="Microsoft-Windows-CAPI2" Guid="{5bbca4a8-b209-48dc-a8c7-b23d3e5216fb}" EventSourceName="Microsoft-Windows-CAPI2"></Provider>
<EventID Qualifiers="0">4097</EventID>
<Version>0</Version>
<Level>4</Level>
<Task>0</Task>
<Opcode>0</Opcode>
<Keywords>0x8080000000000000</Keywords>
<TimeCreated SystemTime="2025-11-23 09:52:56.351162+00:00"></TimeCreated>
<EventRecordID>265</EventRecordID>
<Correlation ActivityID="" RelatedActivityID=""></Correlation>
<Execution ProcessID="1144" ThreadID="1252"></Execution>
<Channel>Application</Channel>
<Computer>WIN-QCM4OJM0UCK</Computer>
<Security UserID=""></Security>
</System>
<EventData><Data>&lt;string&gt;CN=Microsoft RSA Root Certificate Authority 2017, O=Microsoft Corporation, C=US&lt;/string&gt;
&lt;string&gt;73A5E64A3BFF8316FF0EDCCC618A906E4EAE4D74&lt;/string&gt;
</Data>
<Binary></Binary>
</EventData>
</Event>

<Event xmlns="http://schemas.microsoft.com/win/2004/08/events/event"><System><Provider Name="SecurityCenter"></Provider>
<EventID Qualifiers="0">15</EventID>
<Version>0</Version>
<Level>4</Level>
<Task>0</Task>
<Opcode>0</Opcode>
<Keywords>0x0080000000000000</Keywords>
<TimeCreated SystemTime="2025-11-23 09:53:05.422249+00:00"></TimeCreated>
<EventRecordID>266</EventRecordID>
<Correlation ActivityID="" RelatedActivityID=""></Correlation>
<Execution ProcessID="728" ThreadID="0"></Execution>
<Channel>Application</Channel>
<Computer>WIN-QCM4OJM0UCK</Computer>
<Security UserID=""></Security>
</System>
<EventData><Data>&lt;string&gt;Windows Defender&lt;/string&gt;
&lt;string&gt;SECURITY_PRODUCT_STATE_ON&lt;/string&gt;
</Data>
<Binary></Binary>
</EventData>
</Event>

<Event xmlns="http://schemas.microsoft.com/win/2004/08/events/event"><System><Provider Name="Microsoft-Windows-Security-SPP" Guid="{E23B33B0-C8C9-472C-A5F9-F2BDFEA0F156}" EventSourceName="Software Protection Platform Service"></Provider>
<EventID Qualifiers="16384">16384</EventID>
<Version>0</Version>
<Level>4</Level>
<Task>0</Task>
<Opcode>0</Opcode>
<Keywords>0x0080000000000000</Keywords>
<TimeCreated SystemTime="2025-11-23 09:53:34.704369+00:00"></TimeCreated>
<EventRecordID>267</EventRecordID>
<Correlation ActivityID="" RelatedActivityID=""></Correlation>
<Execution ProcessID="6484" ThreadID="0"></Execution>
<Channel>Application</Channel>
<Computer>WIN-QCM4OJM0UCK</Computer>
<Security UserID=""></Security>
</System>
<EventData><Data>&lt;string&gt;2025-11-24T09:50:34Z&lt;/string&gt;
&lt;string&gt;RulesEngine&lt;/string&gt;
</Data>
<Binary></Binary>
</EventData>
</Event>

<Event xmlns="http://schemas.microsoft.com/win/2004/08/events/event"><System><Provider Name="Windows Error Reporting" Guid="{0ead09bd-2157-539a-8d6d-c87f95b64d70}"></Provider>
<EventID Qualifiers="">1001</EventID>
<Version>0</Version>
<Level>4</Level>
<Task>0</Task>
<Opcode>0</Opcode>
<Keywords>0x8000000000000000</Keywords>
<TimeCreated SystemTime="2025-11-23 09:56:20.524834+00:00"></TimeCreated>
<EventRecordID>268</EventRecordID>
<Correlation ActivityID="{53233d68-5c5e-0001-2d69-24535e5cdc01}" RelatedActivityID=""></Correlation>
<Execution ProcessID="3680" ThreadID="5340"></Execution>
<Channel>Application</Channel>
<Computer>WIN-QCM4OJM0UCK</Computer>
<Security UserID="S-1-5-21-3406557415-3785955325-3440082762-1001"></Security>
</System>
<EventData><Data Name="Bucket"></Data>
<Data Name="BucketType">0</Data>
<Data Name="EventName">AppxDeploymentFailureBlue</Data>
<Data Name="Response">Not available</Data>
<Data Name="CabId">0</Data>
<Data Name="P1">80073CF3</Data>
<Data Name="P2">41</Data>
<Data Name="P3">0</Data>
<Data Name="P4">NONE</Data>
<Data Name="P5">10.0.26100.7171</Data>
<Data Name="P6">628</Data>
<Data Name="P7"></Data>
<Data Name="P8"></Data>
<Data Name="P9"></Data>
<Data Name="P10"></Data>
<Data Name="AttachedFiles"></Data>
<Data Name="StorePath">\\?\C:\ProgramData\Microsoft\Windows\WER\ReportQueue\NonCritical_80073CF3_d02f119bff6c898e26e7f08eb515f57acf8977_00000000_30ed01fe-05ae-4d54-a0e9-5bb80c448c28</Data>
<Data Name="AnalysisSymbol"></Data>
<Data Name="Rechecking">0</Data>
<Data Name="ReportId">30ed01fe-05ae-4d54-a0e9-5bb80c448c28</Data>
<Data Name="ReportStatus">4</Data>
<Data Name="HashedBucket"></Data>
<Data Name="CabGuid">0</Data>
</EventData>
</Event>

<Event xmlns="http://schemas.microsoft.com/win/2004/08/events/event"><System><Provider Name="Windows Error Reporting" Guid="{0ead09bd-2157-539a-8d6d-c87f95b64d70}"></Provider>
<EventID Qualifiers="">1001</EventID>
<Version>0</Version>
<Level>4</Level>
<Task>0</Task>
<Opcode>0</Opcode>
<Keywords>0x8000000000000000</Keywords>
<TimeCreated SystemTime="2025-11-23 09:56:22.633730+00:00"></TimeCreated>
<EventRecordID>269</EventRecordID>
<Correlation ActivityID="" RelatedActivityID=""></Correlation>
<Execution ProcessID="7296" ThreadID="7456"></Execution>
<Channel>Application</Channel>
<Computer>WIN-QCM4OJM0UCK</Computer>
<Security UserID="S-1-5-18"></Security>
</System>
<EventData><Data Name="Bucket">1917651481523062984</Data>
<Data Name="BucketType">5</Data>
<Data Name="EventName">AppxDeploymentFailureBlue</Data>
<Data Name="Response">Not available</Data>
<Data Name="CabId">0</Data>
<Data Name="P1">80073CF3</Data>
<Data Name="P2">41</Data>
<Data Name="P3">0</Data>
<Data Name="P4">NONE</Data>
<Data Name="P5">10.0.26100.7171</Data>
<Data Name="P6">628</Data>
<Data Name="P7"></Data>
<Data Name="P8"></Data>
<Data Name="P9"></Data>
<Data Name="P10"></Data>
<Data Name="AttachedFiles">
\\?\C:\ProgramData\Microsoft\Windows\WER\Temp\WER.9f533f35-d62f-4701-b0a3-69b5ca88f805.tmp.WERInternalMetadata.xml</Data>
<Data Name="StorePath">\\?\C:\ProgramData\Microsoft\Windows\WER\ReportArchive\NonCritical_80073CF3_d02f119bff6c898e26e7f08eb515f57acf8977_00000000_30ed01fe-05ae-4d54-a0e9-5bb80c448c28</Data>
<Data Name="AnalysisSymbol"></Data>
<Data Name="Rechecking">0</Data>
<Data Name="ReportId">30ed01fe-05ae-4d54-a0e9-5bb80c448c28</Data>
<Data Name="ReportStatus">268435456</Data>
<Data Name="HashedBucket">b9a968194b4fab79da9cdddcbf2f08c8</Data>
<Data Name="CabGuid">0</Data>
</EventData>
</Event>

<Event xmlns="http://schemas.microsoft.com/win/2004/08/events/event"><System><Provider Name="Microsoft-Windows-AppModel-State" Guid="{bff15e13-81bf-45ee-8b16-7cfead00da86}"></Provider>
<EventID Qualifiers="">23</EventID>
<Version>0</Version>
<Level>3</Level>
<Task>0</Task>
<Opcode>0</Opcode>
<Keywords>0x8000000000000000</Keywords>
<TimeCreated SystemTime="2025-11-23 09:57:50.215176+00:00"></TimeCreated>
<EventRecordID>270</EventRecordID>
<Correlation ActivityID="" RelatedActivityID=""></Correlation>
<Execution ProcessID="6012" ThreadID="4924"></Execution>
<Channel>Application</Channel>
<Computer>WIN-QCM4OJM0UCK</Computer>
<Security UserID="S-1-5-21-3406557415-3785955325-3440082762-1001"></Security>
</System>
<EventData><Data Name="Operation">InitializeDataChangedSignaler</Data>
<Data Name="PackageFamily">Microsoft.Windows.ShellExperienceHost_cw5n1h2txyewy</Data>
<Data Name="OperationError">-2147024894</Data>
</EventData>
</Event>

<Event xmlns="http://schemas.microsoft.com/win/2004/08/events/event"><System><Provider Name="Microsoft-Windows-AppModel-State" Guid="{bff15e13-81bf-45ee-8b16-7cfead00da86}"></Provider>
<EventID Qualifiers="">24</EventID>
<Version>0</Version>
<Level>3</Level>
<Task>0</Task>
<Opcode>0</Opcode>
<Keywords>0x8000000000000000</Keywords>
<TimeCreated SystemTime="2025-11-23 09:57:50.265570+00:00"></TimeCreated>
<EventRecordID>271</EventRecordID>
<Correlation ActivityID="" RelatedActivityID=""></Correlation>
<Execution ProcessID="6012" ThreadID="4924"></Execution>
<Channel>Application</Channel>
<Computer>WIN-QCM4OJM0UCK</Computer>
<Security UserID="S-1-5-21-3406557415-3785955325-3440082762-1001"></Security>
</System>
<EventData><Data Name="Operation">InitializeDataChangedSignaler</Data>
<Data Name="PackageFamily">Microsoft.Windows.ShellExperienceHost_cw5n1h2txyewy</Data>
<Data Name="OperationError">-2147024894</Data>
<Data Name="RepairTriggerError">0</Data>
</EventData>
</Event>

<Event xmlns="http://schemas.microsoft.com/win/2004/08/events/event"><System><Provider Name="Microsoft-Windows-CAPI2" Guid="{5bbca4a8-b209-48dc-a8c7-b23d3e5216fb}" EventSourceName="Microsoft-Windows-CAPI2"></Provider>
<EventID Qualifiers="0">4097</EventID>
<Version>0</Version>
<Level>4</Level>
<Task>0</Task>
<Opcode>0</Opcode>
<Keywords>0x8080000000000000</Keywords>
<TimeCreated SystemTime="2025-11-23 09:58:45.253201+00:00"></TimeCreated>
<EventRecordID>272</EventRecordID>
<Correlation ActivityID="" RelatedActivityID=""></Correlation>
<Execution ProcessID="1144" ThreadID="1252"></Execution>
<Channel>Application</Channel>
<Computer>WIN-QCM4OJM0UCK</Computer>
<Security UserID=""></Security>
</System>
<EventData><Data>&lt;string&gt;CN=DigiCert CS RSA4096 Root G5, O="DigiCert, Inc.", C=US&lt;/string&gt;
&lt;string&gt;5EEED86FA37C675230642F55C84DDBF67CD33C80&lt;/string&gt;
</Data>
<Binary></Binary>
</EventData>
</Event>

<Event xmlns="http://schemas.microsoft.com/win/2004/08/events/event"><System><Provider Name="MsiInstaller"></Provider>
<EventID Qualifiers="0">1040</EventID>
<Version>0</Version>
<Level>4</Level>
<Task>0</Task>
<Opcode>0</Opcode>
<Keywords>0x0080000000000000</Keywords>
<TimeCreated SystemTime="2025-11-23 09:58:46.352560+00:00"></TimeCreated>
<EventRecordID>273</EventRecordID>
<Correlation ActivityID="" RelatedActivityID=""></Correlation>
<Execution ProcessID="424" ThreadID="0"></Execution>
<Channel>Application</Channel>
<Computer>WIN-QCM4OJM0UCK</Computer>
<Security UserID="S-1-5-21-3406557415-3785955325-3440082762-1001"></Security>
</System>
<EventData><Data>&lt;string&gt;C:\ProgramData\Package Cache\{1E7D98FD-97A9-4EE3-B08E-F53E96DF3491}v14.42.34438\packages\VC_Runtime_arm64\VC_Runtime_arm64.msi&lt;/string&gt;
&lt;string&gt;9920&lt;/string&gt;
&lt;string&gt;(NULL)&lt;/string&gt;
&lt;string&gt;(NULL)&lt;/string&gt;
&lt;string&gt;(NULL)&lt;/string&gt;
&lt;string&gt;(NULL)&lt;/string&gt;
</Data>
<Binary></Binary>
</EventData>
</Event>

<Event xmlns="http://schemas.microsoft.com/win/2004/08/events/event"><System><Provider Name="MsiInstaller"></Provider>
<EventID Qualifiers="0">11707</EventID>
<Version>0</Version>
<Level>4</Level>
<Task>0</Task>
<Opcode>0</Opcode>
<Keywords>0x0080000000000000</Keywords>
<TimeCreated SystemTime="2025-11-23 09:58:46.953297+00:00"></TimeCreated>
<EventRecordID>274</EventRecordID>
<Correlation ActivityID="" RelatedActivityID=""></Correlation>
<Execution ProcessID="424" ThreadID="0"></Execution>
<Channel>Application</Channel>
<Computer>WIN-QCM4OJM0UCK</Computer>
<Security UserID="S-1-5-21-3406557415-3785955325-3440082762-1001"></Security>
</System>
<EventData><Data>&lt;string&gt;Product: Microsoft Visual C++ 2022 Arm64 Runtime - 14.42.34438 -- Installation completed successfully.&lt;/string&gt;
&lt;string&gt;(NULL)&lt;/string&gt;
&lt;string&gt;(NULL)&lt;/string&gt;
&lt;string&gt;(NULL)&lt;/string&gt;
&lt;string&gt;(NULL)&lt;/string&gt;
&lt;string&gt;(NULL)&lt;/string&gt;
</Data>
<Binary>ezFFN0Q5OEZELTk3QTktNEVFMy1CMDhFLUY1M0U5NkRGMzQ5MX0=</Binary>
</EventData>
</Event>

<Event xmlns="http://schemas.microsoft.com/win/2004/08/events/event"><System><Provider Name="MsiInstaller"></Provider>
<EventID Qualifiers="0">1033</EventID>
<Version>0</Version>
<Level>4</Level>
<Task>0</Task>
<Opcode>0</Opcode>
<Keywords>0x0080000000000000</Keywords>
<TimeCreated SystemTime="2025-11-23 09:58:46.953573+00:00"></TimeCreated>
<EventRecordID>275</EventRecordID>
<Correlation ActivityID="" RelatedActivityID=""></Correlation>
<Execution ProcessID="424" ThreadID="0"></Execution>
<Channel>Application</Channel>
<Computer>WIN-QCM4OJM0UCK</Computer>
<Security UserID="S-1-5-21-3406557415-3785955325-3440082762-1001"></Security>
</System>
<EventData><Data>&lt;string&gt;Microsoft Visual C++ 2022 Arm64 Runtime - 14.42.34438&lt;/string&gt;
&lt;string&gt;14.42.34438&lt;/string&gt;
&lt;string&gt;1033&lt;/string&gt;
&lt;string&gt;0&lt;/string&gt;
&lt;string&gt;Microsoft Corporation&lt;/string&gt;
&lt;string&gt;(NULL)&lt;/string&gt;
</Data>
<Binary>ezFFN0Q5OEZELTk3QTktNEVFMy1CMDhFLUY1M0U5NkRGMzQ5MX0wMDAwYjdkOTg0NGEzY2UwNTAwMTNiYWFiZmFjZDhiZmMzODkwMDAwMDkwNA==</Binary>
</EventData>
</Event>

<Event xmlns="http://schemas.microsoft.com/win/2004/08/events/event"><System><Provider Name="MsiInstaller"></Provider>
<EventID Qualifiers="0">1042</EventID>
<Version>0</Version>
<Level>4</Level>
<Task>0</Task>
<Opcode>0</Opcode>
<Keywords>0x0080000000000000</Keywords>
<TimeCreated SystemTime="2025-11-23 09:58:46.962662+00:00"></TimeCreated>
<EventRecordID>276</EventRecordID>
<Correlation ActivityID="" RelatedActivityID=""></Correlation>
<Execution ProcessID="424" ThreadID="0"></Execution>
<Channel>Application</Channel>
<Computer>WIN-QCM4OJM0UCK</Computer>
<Security UserID="S-1-5-18"></Security>
</System>
<EventData><Data>&lt;string&gt;C:\ProgramData\Package Cache\{1E7D98FD-97A9-4EE3-B08E-F53E96DF3491}v14.42.34438\packages\VC_Runtime_arm64\VC_Runtime_arm64.msi&lt;/string&gt;
&lt;string&gt;9920&lt;/string&gt;
&lt;string&gt;(NULL)&lt;/string&gt;
&lt;string&gt;(NULL)&lt;/string&gt;
&lt;string&gt;(NULL)&lt;/string&gt;
&lt;string&gt;(NULL)&lt;/string&gt;
</Data>
<Binary></Binary>
</EventData>
</Event>

<Event xmlns="http://schemas.microsoft.com/win/2004/08/events/event"><System><Provider Name="Microsoft-Windows-RestartManager" Guid="{0888e5ef-9b98-4695-979d-e92ce4247224}"></Provider>
<EventID Qualifiers="">10000</EventID>
<Version>0</Version>
<Level>4</Level>
<Task>0</Task>
<Opcode>0</Opcode>
<Keywords>0x8000000000000000</Keywords>
<TimeCreated SystemTime="2025-11-23 09:58:46.490837+00:00"></TimeCreated>
<EventRecordID>277</EventRecordID>
<Correlation ActivityID="" RelatedActivityID=""></Correlation>
<Execution ProcessID="424" ThreadID="5480"></Execution>
<Channel>Application</Channel>
<Computer>WIN-QCM4OJM0UCK</Computer>
<Security UserID="S-1-5-21-3406557415-3785955325-3440082762-1001"></Security>
</System>
<UserData><RmSessionEvent xmlns="http://www.microsoft.com/2005/08/Windows/Reliability/RestartManager/"><RmSessionId>0</RmSessionId>
<UTCStartTime>2025-11-23 09:58:46.489635+00:00</UTCStartTime>
</RmSessionEvent>
</UserData>
</Event>

<Event xmlns="http://schemas.microsoft.com/win/2004/08/events/event"><System><Provider Name="Microsoft-Windows-RestartManager" Guid="{0888e5ef-9b98-4695-979d-e92ce4247224}"></Provider>
<EventID Qualifiers="">10001</EventID>
<Version>0</Version>
<Level>4</Level>
<Task>0</Task>
<Opcode>0</Opcode>
<Keywords>0x8000000000000000</Keywords>
<TimeCreated SystemTime="2025-11-23 09:58:46.957832+00:00"></TimeCreated>
<EventRecordID>278</EventRecordID>
<Correlation ActivityID="" RelatedActivityID=""></Correlation>
<Execution ProcessID="424" ThreadID="9276"></Execution>
<Channel>Application</Channel>
<Computer>WIN-QCM4OJM0UCK</Computer>
<Security UserID="S-1-5-21-3406557415-3785955325-3440082762-1001"></Security>
</System>
<UserData><RmSessionEvent xmlns="http://www.microsoft.com/2005/08/Windows/Reliability/RestartManager/"><RmSessionId>0</RmSessionId>
<UTCStartTime>2025-11-23 09:58:46.489635+00:00</UTCStartTime>
</RmSessionEvent>
</UserData>
</Event>

<Event xmlns="http://schemas.microsoft.com/win/2004/08/events/event"><System><Provider Name="MsiInstaller"></Provider>
<EventID Qualifiers="0">1040</EventID>
<Version>0</Version>
<Level>4</Level>
<Task>0</Task>
<Opcode>0</Opcode>
<Keywords>0x0080000000000000</Keywords>
<TimeCreated SystemTime="2025-11-23 09:58:49.331226+00:00"></TimeCreated>
<EventRecordID>279</EventRecordID>
<Correlation ActivityID="" RelatedActivityID=""></Correlation>
<Execution ProcessID="424" ThreadID="0"></Execution>
<Channel>Application</Channel>
<Computer>WIN-QCM4OJM0UCK</Computer>
<Security UserID="S-1-5-21-3406557415-3785955325-3440082762-1001"></Security>
</System>
<EventData><Data>&lt;string&gt;C:\Program Files (x86)\UTM Guest Tools\drivers\guest-agent\qemu-ga-x86.msi&lt;/string&gt;
&lt;string&gt;5024&lt;/string&gt;
&lt;string&gt;(NULL)&lt;/string&gt;
&lt;string&gt;(NULL)&lt;/string&gt;
&lt;string&gt;(NULL)&lt;/string&gt;
&lt;string&gt;(NULL)&lt;/string&gt;
</Data>
<Binary></Binary>
</EventData>
</Event>

<Event xmlns="http://schemas.microsoft.com/win/2004/08/events/event"><System><Provider Name="MsiInstaller"></Provider>
<EventID Qualifiers="0">1042</EventID>
<Version>0</Version>
<Level>4</Level>
<Task>0</Task>
<Opcode>0</Opcode>
<Keywords>0x0080000000000000</Keywords>
<TimeCreated SystemTime="2025-11-23 09:58:49.333572+00:00"></TimeCreated>
<EventRecordID>280</EventRecordID>
<Correlation ActivityID="" RelatedActivityID=""></Correlation>
<Execution ProcessID="424" ThreadID="0"></Execution>
<Channel>Application</Channel>
<Computer>WIN-QCM4OJM0UCK</Computer>
<Security UserID="S-1-5-18"></Security>
</System>
<EventData><Data>&lt;string&gt;C:\Program Files (x86)\UTM Guest Tools\drivers\guest-agent\qemu-ga-x86.msi&lt;/string&gt;
&lt;string&gt;5024&lt;/string&gt;
&lt;string&gt;(NULL)&lt;/string&gt;
&lt;string&gt;(NULL)&lt;/string&gt;
&lt;string&gt;(NULL)&lt;/string&gt;
&lt;string&gt;(NULL)&lt;/string&gt;
</Data>
<Binary></Binary>
</EventData>
</Event>

<Event xmlns="http://schemas.microsoft.com/win/2004/08/events/event"><System><Provider Name="MsiInstaller"></Provider>
<EventID Qualifiers="0">1040</EventID>
<Version>0</Version>
<Level>4</Level>
<Task>0</Task>
<Opcode>0</Opcode>
<Keywords>0x0080000000000000</Keywords>
<TimeCreated SystemTime="2025-11-23 09:58:52.815083+00:00"></TimeCreated>
<EventRecordID>281</EventRecordID>
<Correlation ActivityID="" RelatedActivityID=""></Correlation>
<Execution ProcessID="424" ThreadID="0"></Execution>
<Channel>Application</Channel>
<Computer>WIN-QCM4OJM0UCK</Computer>
<Security UserID="S-1-5-21-3406557415-3785955325-3440082762-1001"></Security>
</System>
<EventData><Data>&lt;string&gt;C:\Program Files (x86)\UTM Guest Tools\spice-webdavd-arm64-latest.msi&lt;/string&gt;
&lt;string&gt;4512&lt;/string&gt;
&lt;string&gt;(NULL)&lt;/string&gt;
&lt;string&gt;(NULL)&lt;/string&gt;
&lt;string&gt;(NULL)&lt;/string&gt;
&lt;string&gt;(NULL)&lt;/string&gt;
</Data>
<Binary></Binary>
</EventData>
</Event>

<Event xmlns="http://schemas.microsoft.com/win/2004/08/events/event"><System><Provider Name="MsiInstaller"></Provider>
<EventID Qualifiers="0">11707</EventID>
<Version>0</Version>
<Level>4</Level>
<Task>0</Task>
<Opcode>0</Opcode>
<Keywords>0x0080000000000000</Keywords>
<TimeCreated SystemTime="2025-11-23 09:58:53.229534+00:00"></TimeCreated>
<EventRecordID>282</EventRecordID>
<Correlation ActivityID="" RelatedActivityID=""></Correlation>
<Execution ProcessID="424" ThreadID="0"></Execution>
<Channel>Application</Channel>
<Computer>WIN-QCM4OJM0UCK</Computer>
<Security UserID="S-1-5-21-3406557415-3785955325-3440082762-1001"></Security>
</System>
<EventData><Data>&lt;string&gt;Product: Spice webdavd 2.5 (ARM64) -- Installation completed successfully.&lt;/string&gt;
&lt;string&gt;(NULL)&lt;/string&gt;
&lt;string&gt;(NULL)&lt;/string&gt;
&lt;string&gt;(NULL)&lt;/string&gt;
&lt;string&gt;(NULL)&lt;/string&gt;
&lt;string&gt;(NULL)&lt;/string&gt;
</Data>
<Binary>ezgzREMwMDg0LUE4NzItNDc2Mi04ODc4LTU3RkJEMzE3NEEzNn0=</Binary>
</EventData>
</Event>

<Event xmlns="http://schemas.microsoft.com/win/2004/08/events/event"><System><Provider Name="MsiInstaller"></Provider>
<EventID Qualifiers="0">1033</EventID>
<Version>0</Version>
<Level>4</Level>
<Task>0</Task>
<Opcode>0</Opcode>
<Keywords>0x0080000000000000</Keywords>
<TimeCreated SystemTime="2025-11-23 09:58:53.229790+00:00"></TimeCreated>
<EventRecordID>283</EventRecordID>
<Correlation ActivityID="" RelatedActivityID=""></Correlation>
<Execution ProcessID="424" ThreadID="0"></Execution>
<Channel>Application</Channel>
<Computer>WIN-QCM4OJM0UCK</Computer>
<Security UserID="S-1-5-21-3406557415-3785955325-3440082762-1001"></Security>
</System>
<EventData><Data>&lt;string&gt;Spice webdavd 2.5 (ARM64)&lt;/string&gt;
&lt;string&gt;2.5.0&lt;/string&gt;
&lt;string&gt;1033&lt;/string&gt;
&lt;string&gt;0&lt;/string&gt;
&lt;string&gt;The Spice Project&lt;/string&gt;
&lt;string&gt;(NULL)&lt;/string&gt;
</Data>
<Binary>ezgzREMwMDg0LUE4NzItNDc2Mi04ODc4LTU3RkJEMzE3NEEzNn0wMDAwZjdmZGQxOTk0MGUxMTQ1NWE3ZDcyYmI5MTMyNmVlZjgwMDAwMDkwNA==</Binary>
</EventData>
</Event>

<Event xmlns="http://schemas.microsoft.com/win/2004/08/events/event"><System><Provider Name="MsiInstaller"></Provider>
<EventID Qualifiers="0">1042</EventID>
<Version>0</Version>
<Level>4</Level>
<Task>0</Task>
<Opcode>0</Opcode>
<Keywords>0x0080000000000000</Keywords>
<TimeCreated SystemTime="2025-11-23 09:58:53.236624+00:00"></TimeCreated>
<EventRecordID>284</EventRecordID>
<Correlation ActivityID="" RelatedActivityID=""></Correlation>
<Execution ProcessID="424" ThreadID="0"></Execution>
<Channel>Application</Channel>
<Computer>WIN-QCM4OJM0UCK</Computer>
<Security UserID="S-1-5-18"></Security>
</System>
<EventData><Data>&lt;string&gt;C:\Program Files (x86)\UTM Guest Tools\spice-webdavd-arm64-latest.msi&lt;/string&gt;
&lt;string&gt;4512&lt;/string&gt;
&lt;string&gt;(NULL)&lt;/string&gt;
&lt;string&gt;(NULL)&lt;/string&gt;
&lt;string&gt;(NULL)&lt;/string&gt;
&lt;string&gt;(NULL)&lt;/string&gt;
</Data>
<Binary></Binary>
</EventData>
</Event>

<Event xmlns="http://schemas.microsoft.com/win/2004/08/events/event"><System><Provider Name="MsiInstaller"></Provider>
<EventID Qualifiers="0">1040</EventID>
<Version>0</Version>
<Level>4</Level>
<Task>0</Task>
<Opcode>0</Opcode>
<Keywords>0x0080000000000000</Keywords>
<TimeCreated SystemTime="2025-11-23 09:58:53.330379+00:00"></TimeCreated>
<EventRecordID>285</EventRecordID>
<Correlation ActivityID="" RelatedActivityID=""></Correlation>
<Execution ProcessID="424" ThreadID="0"></Execution>
<Channel>Application</Channel>
<Computer>WIN-QCM4OJM0UCK</Computer>
<Security UserID="S-1-5-21-3406557415-3785955325-3440082762-1001"></Security>
</System>
<EventData><Data>&lt;string&gt;C:\Program Files (x86)\UTM Guest Tools\qemu-ga-x86_64.msi&lt;/string&gt;
&lt;string&gt;9992&lt;/string&gt;
&lt;string&gt;(NULL)&lt;/string&gt;
&lt;string&gt;(NULL)&lt;/string&gt;
&lt;string&gt;(NULL)&lt;/string&gt;
&lt;string&gt;(NULL)&lt;/string&gt;
</Data>
<Binary></Binary>
</EventData>
</Event>

<Event xmlns="http://schemas.microsoft.com/win/2004/08/events/event"><System><Provider Name="Microsoft-Windows-RestartManager" Guid="{0888e5ef-9b98-4695-979d-e92ce4247224}"></Provider>
<EventID Qualifiers="">10000</EventID>
<Version>0</Version>
<Level>4</Level>
<Task>0</Task>
<Opcode>0</Opcode>
<Keywords>0x8000000000000000</Keywords>
<TimeCreated SystemTime="2025-11-23 09:58:52.974907+00:00"></TimeCreated>
<EventRecordID>286</EventRecordID>
<Correlation ActivityID="" RelatedActivityID=""></Correlation>
<Execution ProcessID="424" ThreadID="8320"></Execution>
<Channel>Application</Channel>
<Computer>WIN-QCM4OJM0UCK</Computer>
<Security UserID="S-1-5-21-3406557415-3785955325-3440082762-1001"></Security>
</System>
<UserData><RmSessionEvent xmlns="http://www.microsoft.com/2005/08/Windows/Reliability/RestartManager/"><RmSessionId>0</RmSessionId>
<UTCStartTime>2025-11-23 09:58:52.974115+00:00</UTCStartTime>
</RmSessionEvent>
</UserData>
</Event>

<Event xmlns="http://schemas.microsoft.com/win/2004/08/events/event"><System><Provider Name="Microsoft-Windows-RestartManager" Guid="{0888e5ef-9b98-4695-979d-e92ce4247224}"></Provider>
<EventID Qualifiers="">10001</EventID>
<Version>0</Version>
<Level>4</Level>
<Task>0</Task>
<Opcode>0</Opcode>
<Keywords>0x8000000000000000</Keywords>
<TimeCreated SystemTime="2025-11-23 09:58:53.232521+00:00"></TimeCreated>
<EventRecordID>287</EventRecordID>
<Correlation ActivityID="" RelatedActivityID=""></Correlation>
<Execution ProcessID="424" ThreadID="8960"></Execution>
<Channel>Application</Channel>
<Computer>WIN-QCM4OJM0UCK</Computer>
<Security UserID="S-1-5-21-3406557415-3785955325-3440082762-1001"></Security>
</System>
<UserData><RmSessionEvent xmlns="http://www.microsoft.com/2005/08/Windows/Reliability/RestartManager/"><RmSessionId>0</RmSessionId>
<UTCStartTime>2025-11-23 09:58:52.974115+00:00</UTCStartTime>
</RmSessionEvent>
</UserData>
</Event>

<Event xmlns="http://schemas.microsoft.com/win/2004/08/events/event"><System><Provider Name="Microsoft-Windows-RestartManager" Guid="{0888e5ef-9b98-4695-979d-e92ce4247224}"></Provider>
<EventID Qualifiers="">10000</EventID>
<Version>0</Version>
<Level>4</Level>
<Task>0</Task>
<Opcode>0</Opcode>
<Keywords>0x8000000000000000</Keywords>
<TimeCreated SystemTime="2025-11-23 09:58:53.681171+00:00"></TimeCreated>
<EventRecordID>288</EventRecordID>
<Correlation ActivityID="" RelatedActivityID=""></Correlation>
<Execution ProcessID="424" ThreadID="2208"></Execution>
<Channel>Application</Channel>
<Computer>WIN-QCM4OJM0UCK</Computer>
<Security UserID="S-1-5-21-3406557415-3785955325-3440082762-1001"></Security>
</System>
<UserData><RmSessionEvent xmlns="http://www.microsoft.com/2005/08/Windows/Reliability/RestartManager/"><RmSessionId>0</RmSessionId>
<UTCStartTime>2025-11-23 09:58:53.680220+00:00</UTCStartTime>
</RmSessionEvent>
</UserData>
</Event>

<Event xmlns="http://schemas.microsoft.com/win/2004/08/events/event"><System><Provider Name="Microsoft-Windows-Complus" Guid="{0f177893-4a9c-4709-b921-f432d67f43d5}" EventSourceName="COM+"></Provider>
<EventID Qualifiers="16384">781</EventID>
<Version>0</Version>
<Level>4</Level>
<Task>0</Task>
<Opcode>0</Opcode>
<Keywords>0x0080000000000000</Keywords>
<TimeCreated SystemTime="2025-11-23 09:58:55.040928+00:00"></TimeCreated>
<EventRecordID>289</EventRecordID>
<Correlation ActivityID="" RelatedActivityID=""></Correlation>
<Execution ProcessID="4164" ThreadID="0"></Execution>
<Channel>Application</Channel>
<Computer>WIN-QCM4OJM0UCK</Computer>
<Security UserID=""></Security>
</System>
<EventData><Data Name="param1">86400</Data>
<Data Name="param2">SuppressDuplicateDuration</Data>
<Data Name="param3">Software\Microsoft\COM3\Eventlog</Data>
</EventData>
</Event>

<Event xmlns="http://schemas.microsoft.com/win/2004/08/events/event"><System><Provider Name="Microsoft-Windows-MSDTC 2" Guid="{5D9E0020-3761-4f36-90C8-38CE6511BD12}" EventSourceName="MSDTC 2"></Provider>
<EventID Qualifiers="16384">4202</EventID>
<Version>0</Version>
<Level>4</Level>
<Task>2</Task>
<Opcode>0</Opcode>
<Keywords>0x0080000000000000</Keywords>
<TimeCreated SystemTime="2025-11-23 09:58:55.234859+00:00"></TimeCreated>
<EventRecordID>290</EventRecordID>
<Correlation ActivityID="" RelatedActivityID=""></Correlation>
<Execution ProcessID="6252" ThreadID="0"></Execution>
<Channel>Application</Channel>
<Computer>WIN-QCM4OJM0UCK</Computer>
<Security UserID=""></Security>
</System>
<EventData><Data Name="param1">0</Data>
<Data Name="param2">0</Data>
<Data Name="param3">0</Data>
<Data Name="param4">0</Data>
<Data Name="param5">0</Data>
<Data Name="param6">0</Data>
<Data Name="param7">1</Data>
<Data Name="param8">Mutual Authentication Required</Data>
<Data Name="param9">NT AUTHORITY\NetworkService</Data>
<Data Name="param10">0</Data>
<Data Name="param11">0</Data>
<Data Name="param12">1</Data>
</EventData>
</Event>

<Event xmlns="http://schemas.microsoft.com/win/2004/08/events/event"><System><Provider Name="Microsoft-Windows-Complus" Guid="{0f177893-4a9c-4709-b921-f432d67f43d5}" EventSourceName="COM+"></Provider>
<EventID Qualifiers="32768">5488</EventID>
<Version>0</Version>
<Level>3</Level>
<Task>22</Task>
<Opcode>0</Opcode>
<Keywords>0x0080000000000000</Keywords>
<TimeCreated SystemTime="2025-11-23 09:58:56.558882+00:00"></TimeCreated>
<EventRecordID>291</EventRecordID>
<Correlation ActivityID="" RelatedActivityID=""></Correlation>
<Execution ProcessID="4164" ThreadID="0"></Execution>
<Channel>Application</Channel>
<Computer>WIN-QCM4OJM0UCK</Computer>
<Security UserID=""></Security>
</System>
<EventData><Data Name="param1">C:\Program Files\Qemu-ga\qga-vss.dll

Process Name: dllhost.exe
Comsvcs.dll file version: ENU 2001.12.10941.16384 shp</Data>
</EventData>
</Event>

<Event xmlns="http://schemas.microsoft.com/win/2004/08/events/event"><System><Provider Name="MsiInstaller"></Provider>
<EventID Qualifiers="0">11707</EventID>
<Version>0</Version>
<Level>4</Level>
<Task>0</Task>
<Opcode>0</Opcode>
<Keywords>0x0080000000000000</Keywords>
<TimeCreated SystemTime="2025-11-23 04:13:58.367247+00:00"></TimeCreated>
<EventRecordID>292</EventRecordID>
<Correlation ActivityID="" RelatedActivityID=""></Correlation>
<Execution ProcessID="424" ThreadID="0"></Execution>
<Channel>Application</Channel>
<Computer>WIN-QCM4OJM0UCK</Computer>
<Security UserID="S-1-5-21-3406557415-3785955325-3440082762-1001"></Security>
</System>
<EventData><Data>&lt;string&gt;Product: QEMU guest agent -- Installation completed successfully.&lt;/string&gt;
&lt;string&gt;(NULL)&lt;/string&gt;
&lt;string&gt;(NULL)&lt;/string&gt;
&lt;string&gt;(NULL)&lt;/string&gt;
&lt;string&gt;(NULL)&lt;/string&gt;
&lt;string&gt;(NULL)&lt;/string&gt;
</Data>
<Binary>e0E4NkNGODFFLUMxODAtNEYxMy1BMTRGLTYzNzQzRjI4NTk5OX0=</Binary>
</EventData>
</Event>

<Event xmlns="http://schemas.microsoft.com/win/2004/08/events/event"><System><Provider Name="MsiInstaller"></Provider>
<EventID Qualifiers="0">1033</EventID>
<Version>0</Version>
<Level>4</Level>
<Task>0</Task>
<Opcode>0</Opcode>
<Keywords>0x0080000000000000</Keywords>
<TimeCreated SystemTime="2025-11-23 04:13:58.367586+00:00"></TimeCreated>
<EventRecordID>293</EventRecordID>
<Correlation ActivityID="" RelatedActivityID=""></Correlation>
<Execution ProcessID="424" ThreadID="0"></Execution>
<Channel>Application</Channel>
<Computer>WIN-QCM4OJM0UCK</Computer>
<Security UserID="S-1-5-21-3406557415-3785955325-3440082762-1001"></Security>
</System>
<EventData><Data>&lt;string&gt;QEMU guest agent&lt;/string&gt;
&lt;string&gt;109.1.0&lt;/string&gt;
&lt;string&gt;1033&lt;/string&gt;
&lt;string&gt;0&lt;/string&gt;
&lt;string&gt;RedHat&lt;/string&gt;
&lt;string&gt;(NULL)&lt;/string&gt;
</Data>
<Binary>e0E4NkNGODFFLUMxODAtNEYxMy1BMTRGLTYzNzQzRjI4NTk5OX0wMDAwYjhiZmQzNGExMmUyNjgwZDc3ZDUyMDJiZjI3NDc2MDkwMDAwMDkwNA==</Binary>
</EventData>
</Event>

<Event xmlns="http://schemas.microsoft.com/win/2004/08/events/event"><System><Provider Name="MsiInstaller"></Provider>
<EventID Qualifiers="0">1042</EventID>
<Version>0</Version>
<Level>4</Level>
<Task>0</Task>
<Opcode>0</Opcode>
<Keywords>0x0080000000000000</Keywords>
<TimeCreated SystemTime="2025-11-23 04:13:58.378462+00:00"></TimeCreated>
<EventRecordID>294</EventRecordID>
<Correlation ActivityID="" RelatedActivityID=""></Correlation>
<Execution ProcessID="424" ThreadID="0"></Execution>
<Channel>Application</Channel>
<Computer>WIN-QCM4OJM0UCK</Computer>
<Security UserID="S-1-5-18"></Security>
</System>
<EventData><Data>&lt;string&gt;C:\Program Files (x86)\UTM Guest Tools\qemu-ga-x86_64.msi&lt;/string&gt;
&lt;string&gt;9992&lt;/string&gt;
&lt;string&gt;(NULL)&lt;/string&gt;
&lt;string&gt;(NULL)&lt;/string&gt;
&lt;string&gt;(NULL)&lt;/string&gt;
&lt;string&gt;(NULL)&lt;/string&gt;
</Data>
<Binary></Binary>
</EventData>
</Event>

<Event xmlns="http://schemas.microsoft.com/win/2004/08/events/event"><System><Provider Name="Microsoft-Windows-RestartManager" Guid="{0888e5ef-9b98-4695-979d-e92ce4247224}"></Provider>
<EventID Qualifiers="">10001</EventID>
<Version>0</Version>
<Level>4</Level>
<Task>0</Task>
<Opcode>0</Opcode>
<Keywords>0x8000000000000000</Keywords>
<TimeCreated SystemTime="2025-11-23 04:13:58.373062+00:00"></TimeCreated>
<EventRecordID>295</EventRecordID>
<Correlation ActivityID="" RelatedActivityID=""></Correlation>
<Execution ProcessID="424" ThreadID="8960"></Execution>
<Channel>Application</Channel>
<Computer>WIN-QCM4OJM0UCK</Computer>
<Security UserID="S-1-5-21-3406557415-3785955325-3440082762-1001"></Security>
</System>
<UserData><RmSessionEvent xmlns="http://www.microsoft.com/2005/08/Windows/Reliability/RestartManager/"><RmSessionId>0</RmSessionId>
<UTCStartTime>2025-11-23 09:58:53.680220+00:00</UTCStartTime>
</RmSessionEvent>
</UserData>
</Event>

<Event xmlns="http://schemas.microsoft.com/win/2004/08/events/event"><System><Provider Name="Microsoft-Windows-Winlogon" Guid="{DBE9B383-7CF3-4331-91CC-A3CB16A3B538}" EventSourceName="Wlclntfy"></Provider>
<EventID Qualifiers="32768">6000</EventID>
<Version>0</Version>
<Level>4</Level>
<Task>0</Task>
<Opcode>0</Opcode>
<Keywords>0x0080000000000000</Keywords>
<TimeCreated SystemTime="2025-11-23 04:14:14.336294+00:00"></TimeCreated>
<EventRecordID>296</EventRecordID>
<Correlation ActivityID="" RelatedActivityID=""></Correlation>
<Execution ProcessID="6688" ThreadID="0"></Execution>
<Channel>Application</Channel>
<Computer>WIN-QCM4OJM0UCK</Computer>
<Security UserID=""></Security>
</System>
<EventData><Data>&lt;string&gt;WSearch&lt;/string&gt;
</Data>
<Binary>2QYAAA==</Binary>
</EventData>
</Event>

<Event xmlns="http://schemas.microsoft.com/win/2004/08/events/event"><System><Provider Name="Microsoft-Windows-Winlogon" Guid="{DBE9B383-7CF3-4331-91CC-A3CB16A3B538}" EventSourceName="Wlclntfy"></Provider>
<EventID Qualifiers="32768">6000</EventID>
<Version>0</Version>
<Level>4</Level>
<Task>0</Task>
<Opcode>0</Opcode>
<Keywords>0x0080000000000000</Keywords>
<TimeCreated SystemTime="2025-11-23 04:14:14.381163+00:00"></TimeCreated>
<EventRecordID>297</EventRecordID>
<Correlation ActivityID="" RelatedActivityID=""></Correlation>
<Execution ProcessID="6688" ThreadID="0"></Execution>
<Channel>Application</Channel>
<Computer>WIN-QCM4OJM0UCK</Computer>
<Security UserID=""></Security>
</System>
<EventData><Data>&lt;string&gt;SessionEnv&lt;/string&gt;
</Data>
<Binary>2QYAAA==</Binary>
</EventData>
</Event>

<Event xmlns="http://schemas.microsoft.com/win/2004/08/events/event"><System><Provider Name="Microsoft-Windows-User Profiles Service" Guid="{89b1e9f0-5aff-44a6-9b44-0a07a7ce5845}"></Provider>
<EventID Qualifiers="">1532</EventID>
<Version>0</Version>
<Level>4</Level>
<Task>0</Task>
<Opcode>0</Opcode>
<Keywords>0x8000000000000000</Keywords>
<TimeCreated SystemTime="2025-11-23 04:14:15.840658+00:00"></TimeCreated>
<EventRecordID>298</EventRecordID>
<Correlation ActivityID="" RelatedActivityID=""></Correlation>
<Execution ProcessID="1800" ThreadID="1928"></Execution>
<Channel>Application</Channel>
<Computer>WIN-QCM4OJM0UCK</Computer>
<Security UserID="S-1-5-18"></Security>
</System>
<EventData></EventData>
</Event>

<Event xmlns="http://schemas.microsoft.com/win/2004/08/events/event"><System><Provider Name="Microsoft-Windows-User Profiles Service" Guid="{89b1e9f0-5aff-44a6-9b44-0a07a7ce5845}"></Provider>
<EventID Qualifiers="">1531</EventID>
<Version>0</Version>
<Level>4</Level>
<Task>0</Task>
<Opcode>0</Opcode>
<Keywords>0x8000000000000000</Keywords>
<TimeCreated SystemTime="2025-11-23 17:59:26.755924+00:00"></TimeCreated>
<EventRecordID>299</EventRecordID>
<Correlation ActivityID="" RelatedActivityID=""></Correlation>
<Execution ProcessID="1512" ThreadID="1572"></Execution>
<Channel>Application</Channel>
<Computer>WIN-QCM4OJM0UCK</Computer>
<Security UserID="S-1-5-18"></Security>
</System>
<EventData></EventData>
</Event>

<Event xmlns="http://schemas.microsoft.com/win/2004/08/events/event"><System><Provider Name="Microsoft-Windows-Winlogon" Guid="{DBE9B383-7CF3-4331-91CC-A3CB16A3B538}" EventSourceName="Wlclntfy"></Provider>
<EventID Qualifiers="32768">6003</EventID>
<Version>0</Version>
<Level>4</Level>
<Task>0</Task>
<Opcode>0</Opcode>
<Keywords>0x0080000000000000</Keywords>
<TimeCreated SystemTime="2025-11-23 17:59:27.581818+00:00"></TimeCreated>
<EventRecordID>300</EventRecordID>
<Correlation ActivityID="" RelatedActivityID=""></Correlation>
<Execution ProcessID="760" ThreadID="0"></Execution>
<Channel>Application</Channel>
<Computer>WIN-QCM4OJM0UCK</Computer>
<Security UserID=""></Security>
</System>
<EventData><Data>&lt;string&gt;SessionEnv&lt;/string&gt;
</Data>
<Binary>2QYAAA==</Binary>
</EventData>
</Event>

<Event xmlns="http://schemas.microsoft.com/win/2004/08/events/event"><System><Provider Name="Microsoft-Windows-Winlogon" Guid="{DBE9B383-7CF3-4331-91CC-A3CB16A3B538}" EventSourceName="Wlclntfy"></Provider>
<EventID Qualifiers="32768">6000</EventID>
<Version>0</Version>
<Level>4</Level>
<Task>0</Task>
<Opcode>0</Opcode>
<Keywords>0x0080000000000000</Keywords>
<TimeCreated SystemTime="2025-11-23 17:59:27.763500+00:00"></TimeCreated>
<EventRecordID>301</EventRecordID>
<Correlation ActivityID="" RelatedActivityID=""></Correlation>
<Execution ProcessID="760" ThreadID="0"></Execution>
<Channel>Application</Channel>
<Computer>WIN-QCM4OJM0UCK</Computer>
<Security UserID=""></Security>
</System>
<EventData><Data>&lt;string&gt;SessionEnv&lt;/string&gt;
</Data>
<Binary>2QYAAA==</Binary>
</EventData>
</Event>

<Event xmlns="http://schemas.microsoft.com/win/2004/08/events/event"><System><Provider Name="Microsoft-Windows-Security-SPP" Guid="{E23B33B0-C8C9-472C-A5F9-F2BDFEA0F156}" EventSourceName="Software Protection Platform Service"></Provider>
<EventID Qualifiers="16384">900</EventID>
<Version>0</Version>
<Level>4</Level>
<Task>0</Task>
<Opcode>0</Opcode>
<Keywords>0x0080000000000000</Keywords>
<TimeCreated SystemTime="2025-11-23 04:14:29.925070+00:00"></TimeCreated>
<EventRecordID>302</EventRecordID>
<Correlation ActivityID="" RelatedActivityID=""></Correlation>
<Execution ProcessID="4596" ThreadID="0"></Execution>
<Channel>Application</Channel>
<Computer>WIN-QCM4OJM0UCK</Computer>
<Security UserID=""></Security>
</System>
<EventData><Data>&lt;string&gt;TriggerStarted:6&lt;/string&gt;
</Data>
<Binary></Binary>
</EventData>
</Event>

<Event xmlns="http://schemas.microsoft.com/win/2004/08/events/event"><System><Provider Name="Microsoft-Windows-Security-SPP" Guid="{E23B33B0-C8C9-472C-A5F9-F2BDFEA0F156}" EventSourceName="Software Protection Platform Service"></Provider>
<EventID Qualifiers="49152">16394</EventID>
<Version>0</Version>
<Level>4</Level>
<Task>0</Task>
<Opcode>0</Opcode>
<Keywords>0x0080000000000000</Keywords>
<TimeCreated SystemTime="2025-11-23 04:14:30.002256+00:00"></TimeCreated>
<EventRecordID>303</EventRecordID>
<Correlation ActivityID="" RelatedActivityID=""></Correlation>
<Execution ProcessID="4596" ThreadID="0"></Execution>
<Channel>Application</Channel>
<Computer>WIN-QCM4OJM0UCK</Computer>
<Security UserID=""></Security>
</System>
<EventData><Data></Data>
<Binary></Binary>
</EventData>
</Event>

<Event xmlns="http://schemas.microsoft.com/win/2004/08/events/event"><System><Provider Name="Microsoft-Windows-Security-SPP" Guid="{E23B33B0-C8C9-472C-A5F9-F2BDFEA0F156}" EventSourceName="Software Protection Platform Service"></Provider>
<EventID Qualifiers="16384">1066</EventID>
<Version>0</Version>
<Level>4</Level>
<Task>0</Task>
<Opcode>0</Opcode>
<Keywords>0x0080000000000000</Keywords>
<TimeCreated SystemTime="2025-11-23 04:14:30.074017+00:00"></TimeCreated>
<EventRecordID>304</EventRecordID>
<Correlation ActivityID="" RelatedActivityID=""></Correlation>
<Execution ProcessID="4596" ThreadID="0"></Execution>
<Channel>Application</Channel>
<Computer>WIN-QCM4OJM0UCK</Computer>
<Security UserID=""></Security>
</System>
<EventData><Data>&lt;string&gt;C:\WINDOWS\system32\sppwinob.dll, msft:spp/windowsfunctionality/agent/7.0, 0x00000000, 0x00000000
C:\WINDOWS\system32\sppobjs.dll, msft:rm/algorithm/inherited/1.0, 0x00000000, 0x00000000
C:\WINDOWS\system32\sppobjs.dll, msft:rm/algorithm/phone/1.0, 0x00000000, 0x00000000
C:\WINDOWS\system32\sppobjs.dll, msft:rm/algorithm/pkey/detect, 0x00000000, 0x00000000
C:\WINDOWS\system32\sppobjs.dll, msft:spp/ActionScheduler/1.0, 0x00000000, 0x00000000
C:\WINDOWS\system32\sppobjs.dll, msft:spp/TaskScheduler/1.0, 0x00000000, 0x00000000
C:\WINDOWS\system32\sppobjs.dll, msft:spp/statecollector/pkey, 0x00000000, 0x00000000
C:\WINDOWS\system32\sppobjs.dll, msft:spp/volume/services/kms/1.0, 0x00000000, 0x00000000
C:\WINDOWS\system32\sppobjs.dll, msft:spp/volume/services/kms/activationinfo/1.0, 0x00000000, 0x00000000
&lt;/string&gt;
</Data>
<Binary></Binary>
</EventData>
</Event>

<Event xmlns="http://schemas.microsoft.com/win/2004/08/events/event"><System><Provider Name="Microsoft-Windows-WMI" Guid="{1edeee53-0afe-4609-b846-d8c0b2075b1f}"></Provider>
<EventID Qualifiers="">5615</EventID>
<Version>2</Version>
<Level>4</Level>
<Task>0</Task>
<Opcode>0</Opcode>
<Keywords>0x8000000000000000</Keywords>
<TimeCreated SystemTime="2025-11-23 17:59:28.595791+00:00"></TimeCreated>
<EventRecordID>305</EventRecordID>
<Correlation ActivityID="" RelatedActivityID=""></Correlation>
<Execution ProcessID="3728" ThreadID="3904"></Execution>
<Channel>Application</Channel>
<Computer>WIN-QCM4OJM0UCK</Computer>
<Security UserID="S-1-5-18"></Security>
</System>
<EventData></EventData>
</Event>

<Event xmlns="http://schemas.microsoft.com/win/2004/08/events/event"><System><Provider Name="Microsoft-Windows-WMI" Guid="{1edeee53-0afe-4609-b846-d8c0b2075b1f}"></Provider>
<EventID Qualifiers="">5617</EventID>
<Version>2</Version>
<Level>4</Level>
<Task>0</Task>
<Opcode>0</Opcode>
<Keywords>0x8000000000000000</Keywords>
<TimeCreated SystemTime="2025-11-23 17:59:28.909466+00:00"></TimeCreated>
<EventRecordID>306</EventRecordID>
<Correlation ActivityID="" RelatedActivityID=""></Correlation>
<Execution ProcessID="3728" ThreadID="4016"></Execution>
<Channel>Application</Channel>
<Computer>WIN-QCM4OJM0UCK</Computer>
<Security UserID="S-1-5-18"></Security>
</System>
<EventData></EventData>
</Event>

