<?xml version="1.0" encoding="utf-8"?>
<Events>
<Event xmlns="http://schemas.microsoft.com/win/2004/08/events/event"><System><Provider Name="Microsoft-Windows-User Profiles Service" Guid="{89b1e9f0-5aff-44a6-9b44-0a07a7ce5845}"></Provider>
<EventID Qualifiers="">1531</EventID>
<Version>0</Version>
<Level>4</Level>
<Task>0</Task>
<Opcode>0</Opcode>
<Keywords>0x8000000000000000</Keywords>
<TimeCreated SystemTime="2025-11-23 09:25:27.038235+00:00"></TimeCreated>
<EventRecordID>1</EventRecordID>
<Correlation ActivityID="" RelatedActivityID=""></Correlation>
<Execution ProcessID="1296" ThreadID="1336"></Execution>
<Channel>Application</Channel>
<Computer>WIN-E0UGH20N01E</Computer>
<Security UserID="S-1-5-18"></Security>
</System>
<EventData></EventData>
</Event>

<Event xmlns="http://schemas.microsoft.com/win/2004/08/events/event"><System><Provider Name="Microsoft-Windows-WMI" Guid="{1edeee53-0afe-4609-b846-d8c0b2075b1f}"></Provider>
<EventID Qualifiers="">5615</EventID>
<Version>2</Version>
<Level>4</Level>
<Task>0</Task>
<Opcode>0</Opcode>
<Keywords>0x8000000000000000</Keywords>
<TimeCreated SystemTime="2025-11-23 09:25:34.403923+00:00"></TimeCreated>
<EventRecordID>2</EventRecordID>
<Correlation ActivityID="" RelatedActivityID=""></Correlation>
<Execution ProcessID="1864" ThreadID="1888"></Execution>
<Channel>Application</Channel>
<Computer>WIN-E0UGH20N01E</Computer>
<Security UserID="S-1-5-18"></Security>
</System>
<EventData></EventData>
</Event>

<Event xmlns="http://schemas.microsoft.com/win/2004/08/events/event"><System><Provider Name="Microsoft-Windows-WMI" Guid="{1edeee53-0afe-4609-b846-d8c0b2075b1f}"></Provider>
<EventID Qualifiers="">5617</EventID>
<Version>2</Version>
<Level>4</Level>
<Task>0</Task>
<Opcode>0</Opcode>
<Keywords>0x8000000000000000</Keywords>
<TimeCreated SystemTime="2025-11-23 09:25:35.248590+00:00"></TimeCreated>
<EventRecordID>3</EventRecordID>
<Correlation ActivityID="{0bd8121f-5c5b-0000-1515-d80b5b5cdc01}" RelatedActivityID=""></Correlation>
<Execution ProcessID="1864" ThreadID="1900"></Execution>
<Channel>Application</Channel>
<Computer>WIN-E0UGH20N01E</Computer>
<Security UserID="S-1-5-18"></Security>
</System>
<EventData></EventData>
</Event>

<Event xmlns="http://schemas.microsoft.com/win/2004/08/events/event"><System><Provider Name="edgeupdate"></Provider>
<EventID Qualifiers="0">0</EventID>
<Version>0</Version>
<Level>4</Level>
<Task>0</Task>
<Opcode>0</Opcode>
<Keywords>0x0080000000000000</Keywords>
<TimeCreated SystemTime="2025-11-23 09:26:14.819654+00:00"></TimeCreated>
<EventRecordID>4</EventRecordID>
<Correlation ActivityID="" RelatedActivityID=""></Correlation>
<Execution ProcessID="4764" ThreadID="0"></Execution>
<Channel>Application</Channel>
<Computer>WIN-E0UGH20N01E</Computer>
<Security UserID=""></Security>
</System>
<EventData><Data>&lt;string&gt;Service stopped&lt;/string&gt;
</Data>
<Binary></Binary>
</EventData>
</Event>

<Event xmlns="http://schemas.microsoft.com/win/2004/08/events/event"><System><Provider Name="Microsoft-Windows-CAPI2" Guid="{5bbca4a8-b209-48dc-a8c7-b23d3e5216fb}" EventSourceName="Microsoft-Windows-CAPI2"></Provider>
<EventID Qualifiers="0">4112</EventID>
<Version>0</Version>
<Level>4</Level>
<Task>0</Task>
<Opcode>0</Opcode>
<Keywords>0x8080000000000000</Keywords>
<TimeCreated SystemTime="2025-11-23 09:26:23.430357+00:00"></TimeCreated>
<EventRecordID>5</EventRecordID>
<Correlation ActivityID="" RelatedActivityID=""></Correlation>
<Execution ProcessID="1720" ThreadID="4644"></Execution>
<Channel>Application</Channel>
<Computer>WIN-E0UGH20N01E</Computer>
<Security UserID=""></Security>
</System>
<EventData><Data>&lt;string&gt;&#8206;05 &#8206;September &#8206;2025 03:20:48&lt;/string&gt;
</Data>
<Binary></Binary>
</EventData>
</Event>

<Event xmlns="http://schemas.microsoft.com/win/2004/08/events/event"><System><Provider Name="Microsoft-Windows-CAPI2" Guid="{5bbca4a8-b209-48dc-a8c7-b23d3e5216fb}" EventSourceName="Microsoft-Windows-CAPI2"></Provider>
<EventID Qualifiers="0">4097</EventID>
<Version>0</Version>
<Level>4</Level>
<Task>0</Task>
<Opcode>0</Opcode>
<Keywords>0x8080000000000000</Keywords>
<TimeCreated SystemTime="2025-11-23 09:26:32.452578+00:00"></TimeCreated>
<EventRecordID>6</EventRecordID>
<Correlation ActivityID="" RelatedActivityID=""></Correlation>
<Execution ProcessID="1720" ThreadID="4740"></Execution>
<Channel>Application</Channel>
<Computer>WIN-E0UGH20N01E</Computer>
<Security UserID=""></Security>
</System>
<EventData><Data>&lt;string&gt;CN=DigiCert Global Root G2, OU=www.digicert.com, O=DigiCert Inc, C=US&lt;/string&gt;
&lt;string&gt;DF3C24F9BFD666761B268073FE06D1CC8D4F82A4&lt;/string&gt;
</Data>
<Binary></Binary>
</EventData>
</Event>

<Event xmlns="http://schemas.microsoft.com/win/2004/08/events/event"><System><Provider Name="Microsoft-Windows-User Profiles Service" Guid="{89b1e9f0-5aff-44a6-9b44-0a07a7ce5845}"></Provider>
<EventID Qualifiers="">1532</EventID>
<Version>0</Version>
<Level>4</Level>
<Task>0</Task>
<Opcode>0</Opcode>
<Keywords>0x8000000000000000</Keywords>
<TimeCreated SystemTime="2025-11-23 09:27:09.720104+00:00"></TimeCreated>
<EventRecordID>7</EventRecordID>
<Correlation ActivityID="" RelatedActivityID=""></Correlation>
<Execution ProcessID="1296" ThreadID="1336"></Execution>
<Channel>Application</Channel>
<Computer>WIN-E0UGH20N01E</Computer>
<Security UserID="S-1-5-18"></Security>
</System>
<EventData></EventData>
</Event>

<Event xmlns="http://schemas.microsoft.com/win/2004/08/events/event"><System><Provider Name="Microsoft-Windows-Security-SPP" Guid="{E23B33B0-C8C9-472C-A5F9-F2BDFEA0F156}" EventSourceName="Software Protection Platform Service"></Provider>
<EventID Qualifiers="16384">1034</EventID>
<Version>0</Version>
<Level>4</Level>
<Task>0</Task>
<Opcode>0</Opcode>
<Keywords>0x0080000000000000</Keywords>
<TimeCreated SystemTime="2025-11-23 09:27:31.334547+00:00"></TimeCreated>
<EventRecordID>8</EventRecordID>
<Correlation ActivityID="" RelatedActivityID=""></Correlation>
<Execution ProcessID="1060" ThreadID="0"></Execution>
<Channel>Application</Channel>
<Computer>WIN-QCM4OJM0UCK</Computer>
<Security UserID=""></Security>
</System>
<EventData><Data>&lt;string&gt;AAD-AddDeviceJoinUserToAdminGroup-Policy&lt;/string&gt;
&lt;string&gt;100&lt;/string&gt;
</Data>
<Binary></Binary>
</EventData>
</Event>

<Event xmlns="http://schemas.microsoft.com/win/2004/08/events/event"><System><Provider Name="Microsoft-Windows-EventSystem" Guid="{899daace-4868-4295-afcd-9eb8fb497561}" EventSourceName="EventSystem"></Provider>
<EventID Qualifiers="16384">4625</EventID>
<Version>0</Version>
<Level>4</Level>
<Task>0</Task>
<Opcode>0</Opcode>
<Keywords>0x0080000000000000</Keywords>
<TimeCreated SystemTime="2025-11-23 09:27:31.334509+00:00"></TimeCreated>
<EventRecordID>9</EventRecordID>
<Correlation ActivityID="" RelatedActivityID=""></Correlation>
<Execution ProcessID="2924" ThreadID="0"></Execution>
<Channel>Application</Channel>
<Computer>WIN-QCM4OJM0UCK</Computer>
<Security UserID=""></Security>
</System>
<EventData><Data Name="param1">86400</Data>
<Data Name="param2">SuppressDuplicateDuration</Data>
<Data Name="param3">Software\Microsoft\EventSystem\EventLog</Data>
</EventData>
</Event>

<Event xmlns="http://schemas.microsoft.com/win/2004/08/events/event"><System><Provider Name="Microsoft-Windows-Security-SPP" Guid="{E23B33B0-C8C9-472C-A5F9-F2BDFEA0F156}" EventSourceName="Software Protection Platform Service"></Provider>
<EventID Qualifiers="16384">1034</EventID>
<Version>0</Version>
<Level>4</Level>
<Task>0</Task>
<Opcode>0</Opcode>
<Keywords>0x0080000000000000</Keywords>
<TimeCreated SystemTime="2025-11-23 09:27:31.352968+00:00"></TimeCreated>
<EventRecordID>10</EventRecordID>
<Correlation ActivityID="" RelatedActivityID=""></Correlation>
<Execution ProcessID="1060" ThreadID="0"></Execution>
<Channel>Application</Channel>
<Computer>WIN-QCM4OJM0UCK</Computer>
<Security UserID=""></Security>
</System>
<EventData><Data>&lt;string&gt;AAD-AddDeviceJoinUserToAdminGroup-Policy&lt;/string&gt;
&lt;string&gt;100&lt;/string&gt;
</Data>
<Binary></Binary>
</EventData>
</Event>

<Event xmlns="http://schemas.microsoft.com/win/2004/08/events/event"><System><Provider Name="Microsoft-Windows-Security-SPP" Guid="{E23B33B0-C8C9-472C-A5F9-F2BDFEA0F156}" EventSourceName="Software Protection Platform Service"></Provider>
<EventID Qualifiers="16384">1034</EventID>
<Version>0</Version>
<Level>4</Level>
<Task>0</Task>
<Opcode>0</Opcode>
<Keywords>0x0080000000000000</Keywords>
<TimeCreated SystemTime="2025-11-23 09:27:31.367163+00:00"></TimeCreated>
<EventRecordID>11</EventRecordID>
<Correlation ActivityID="" RelatedActivityID=""></Correlation>
<Execution ProcessID="1060" ThreadID="0"></Execution>
<Channel>Application</Channel>
<Computer>WIN-QCM4OJM0UCK</Computer>
<Security UserID=""></Security>
</System>
<EventData><Data>&lt;string&gt;AAD-AddDeviceJoinUserToAdminGroup-Policy&lt;/string&gt;
&lt;string&gt;100&lt;/string&gt;
</Data>
<Binary></Binary>
</EventData>
</Event>

<Event xmlns="http://schemas.microsoft.com/win/2004/08/events/event"><System><Provider Name="Microsoft-Windows-Security-SPP" Guid="{E23B33B0-C8C9-472C-A5F9-F2BDFEA0F156}" EventSourceName="Software Protection Platform Service"></Provider>
<EventID Qualifiers="16384">1034</EventID>
<Version>0</Version>
<Level>4</Level>
<Task>0</Task>
<Opcode>0</Opcode>
<Keywords>0x0080000000000000</Keywords>
<TimeCreated SystemTime="2025-11-23 09:27:31.376001+00:00"></TimeCreated>
<EventRecordID>12</EventRecordID>
<Correlation ActivityID="" RelatedActivityID=""></Correlation>
<Execution ProcessID="1060" ThreadID="0"></Execution>
<Channel>Application</Channel>
<Computer>WIN-QCM4OJM0UCK</Computer>
<Security UserID=""></Security>
</System>
<EventData><Data>&lt;string&gt;AAD-AddDeviceJoinUserToAdminGroup-Policy&lt;/string&gt;
&lt;string&gt;100&lt;/string&gt;
</Data>
<Binary></Binary>
</EventData>
</Event>

<Event xmlns="http://schemas.microsoft.com/win/2004/08/events/event"><System><Provider Name="Microsoft-Windows-Security-SPP" Guid="{E23B33B0-C8C9-472C-A5F9-F2BDFEA0F156}" EventSourceName="Software Protection Platform Service"></Provider>
<EventID Qualifiers="16384">1034</EventID>
<Version>0</Version>
<Level>4</Level>
<Task>0</Task>
<Opcode>0</Opcode>
<Keywords>0x0080000000000000</Keywords>
<TimeCreated SystemTime="2025-11-23 09:27:31.386808+00:00"></TimeCreated>
<EventRecordID>13</EventRecordID>
<Correlation ActivityID="" RelatedActivityID=""></Correlation>
<Execution ProcessID="1060" ThreadID="0"></Execution>
<Channel>Application</Channel>
<Computer>WIN-QCM4OJM0UCK</Computer>
<Security UserID=""></Security>
</System>
<EventData><Data>&lt;string&gt;AAD-AddDeviceJoinUserToAdminGroup-Policy&lt;/string&gt;
&lt;string&gt;100&lt;/string&gt;
</Data>
<Binary></Binary>
</EventData>
</Event>

<Event xmlns="http://schemas.microsoft.com/win/2004/08/events/event"><System><Provider Name="Microsoft-Windows-Security-SPP" Guid="{E23B33B0-C8C9-472C-A5F9-F2BDFEA0F156}" EventSourceName="Software Protection Platform Service"></Provider>
<EventID Qualifiers="16384">1034</EventID>
<Version>0</Version>
<Level>4</Level>
<Task>0</Task>
<Opcode>0</Opcode>
<Keywords>0x0080000000000000</Keywords>
<TimeCreated SystemTime="2025-11-23 09:27:31.395611+00:00"></TimeCreated>
<EventRecordID>14</EventRecordID>
<Correlation ActivityID="" RelatedActivityID=""></Correlation>
<Execution ProcessID="1060" ThreadID="0"></Execution>
<Channel>Application</Channel>
<Computer>WIN-QCM4OJM0UCK</Computer>
<Security UserID=""></Security>
</System>
<EventData><Data>&lt;string&gt;AAD-AddDeviceJoinUserToAdminGroup-Policy&lt;/string&gt;
&lt;string&gt;100&lt;/string&gt;
</Data>
<Binary></Binary>
</EventData>
</Event>

<Event xmlns="http://schemas.microsoft.com/win/2004/08/events/event"><System><Provider Name="Microsoft-Windows-Security-SPP" Guid="{E23B33B0-C8C9-472C-A5F9-F2BDFEA0F156}" EventSourceName="Software Protection Platform Service"></Provider>
<EventID Qualifiers="16384">1034</EventID>
<Version>0</Version>
<Level>4</Level>
<Task>0</Task>
<Opcode>0</Opcode>
<Keywords>0x0080000000000000</Keywords>
<TimeCreated SystemTime="2025-11-23 09:27:31.404058+00:00"></TimeCreated>
<EventRecordID>15</EventRecordID>
<Correlation ActivityID="" RelatedActivityID=""></Correlation>
<Execution ProcessID="1060" ThreadID="0"></Execution>
<Channel>Application</Channel>
<Computer>WIN-QCM4OJM0UCK</Computer>
<Security UserID=""></Security>
</System>
<EventData><Data>&lt;string&gt;AAD-AddDeviceJoinUserToAdminGroup-Policy&lt;/string&gt;
&lt;string&gt;100&lt;/string&gt;
</Data>
<Binary></Binary>
</EventData>
</Event>

<Event xmlns="http://schemas.microsoft.com/win/2004/08/events/event"><System><Provider Name="Microsoft-Windows-User Profiles Service" Guid="{89b1e9f0-5aff-44a6-9b44-0a07a7ce5845}"></Provider>
<EventID Qualifiers="">1531</EventID>
<Version>0</Version>
<Level>4</Level>
<Task>0</Task>
<Opcode>0</Opcode>
<Keywords>0x8000000000000000</Keywords>
<TimeCreated SystemTime="2025-11-23 09:27:24.539467+00:00"></TimeCreated>
<EventRecordID>16</EventRecordID>
<Correlation ActivityID="" RelatedActivityID=""></Correlation>
<Execution ProcessID="1288" ThreadID="1344"></Execution>
<Channel>Application</Channel>
<Computer>WIN-QCM4OJM0UCK</Computer>
<Security UserID="S-1-5-18"></Security>
</System>
<EventData></EventData>
</Event>

<Event xmlns="http://schemas.microsoft.com/win/2004/08/events/event"><System><Provider Name="Microsoft-Windows-Security-SPP" Guid="{E23B33B0-C8C9-472C-A5F9-F2BDFEA0F156}" EventSourceName="Software Protection Platform Service"></Provider>
<EventID Qualifiers="16384">1034</EventID>
<Version>0</Version>
<Level>4</Level>
<Task>0</Task>
<Opcode>0</Opcode>
<Keywords>0x0080000000000000</Keywords>
<TimeCreated SystemTime="2025-11-23 09:27:31.413910+00:00"></TimeCreated>
<EventRecordID>17</EventRecordID>
<Correlation ActivityID="" RelatedActivityID=""></Correlation>
<Execution ProcessID="1060" ThreadID="0"></Execution>
<Channel>Application</Channel>
<Computer>WIN-QCM4OJM0UCK</Computer>
<Security UserID=""></Security>
</System>
<EventData><Data>&lt;string&gt;AAD-AddDeviceJoinUserToAdminGroup-Policy&lt;/string&gt;
&lt;string&gt;100&lt;/string&gt;
</Data>
<Binary></Binary>
</EventData>
</Event>

<Event xmlns="http://schemas.microsoft.com/win/2004/08/events/event"><System><Provider Name="Microsoft-Windows-Security-SPP" Guid="{E23B33B0-C8C9-472C-A5F9-F2BDFEA0F156}" EventSourceName="Software Protection Platform Service"></Provider>
<EventID Qualifiers="16384">1034</EventID>
<Version>0</Version>
<Level>4</Level>
<Task>0</Task>
<Opcode>0</Opcode>
<Keywords>0x0080000000000000</Keywords>
<TimeCreated SystemTime="2025-11-23 09:27:31.425730+00:00"></TimeCreated>
<EventRecordID>18</EventRecordID>
<Correlation ActivityID="" RelatedActivityID=""></Correlation>
<Execution ProcessID="1060" ThreadID="0"></Execution>
<Channel>Application</Channel>
<Computer>WIN-QCM4OJM0UCK</Computer>
<Security UserID=""></Security>
</System>
<EventData><Data>&lt;string&gt;AAD-AddDeviceJoinUserToAdminGroup-Policy&lt;/string&gt;
&lt;string&gt;100&lt;/string&gt;
</Data>
<Binary></Binary>
</EventData>
</Event>

<Event xmlns="http://schemas.microsoft.com/win/2004/08/events/event"><System><Provider Name="Microsoft-Windows-Search-ProfileNotify" Guid="{FC6F77DD-769A-470E-BCF9-1B6555A118BE}" EventSourceName="Windows Search Service Profile Notification"></Provider>
<EventID Qualifiers="16384">5</EventID>
<Version>0</Version>
<Level>4</Level>
<Task>0</Task>
<Opcode>0</Opcode>
<Keywords>0x0080000000000000</Keywords>
<TimeCreated SystemTime="2025-11-23 09:27:31.429089+00:00"></TimeCreated>
<EventRecordID>19</EventRecordID>
<Correlation ActivityID="" RelatedActivityID=""></Correlation>
<Execution ProcessID="1288" ThreadID="0"></Execution>
<Channel>Application</Channel>
<Computer>WIN-QCM4OJM0UCK</Computer>
<Security UserID=""></Security>
</System>
<EventData><Data Name="User">WIN-QCM4OJM0UCK\defaultuser0</Data>
<Binary></Binary>
</EventData>
</Event>

<Event xmlns="http://schemas.microsoft.com/win/2004/08/events/event"><System><Provider Name="Microsoft-Windows-Security-SPP" Guid="{E23B33B0-C8C9-472C-A5F9-F2BDFEA0F156}" EventSourceName="Software Protection Platform Service"></Provider>
<EventID Qualifiers="16384">1034</EventID>
<Version>0</Version>
<Level>4</Level>
<Task>0</Task>
<Opcode>0</Opcode>
<Keywords>0x0080000000000000</Keywords>
<TimeCreated SystemTime="2025-11-23 09:27:31.435030+00:00"></TimeCreated>
<EventRecordID>20</EventRecordID>
<Correlation ActivityID="" RelatedActivityID=""></Correlation>
<Execution ProcessID="1060" ThreadID="0"></Execution>
<Channel>Application</Channel>
<Computer>WIN-QCM4OJM0UCK</Computer>
<Security UserID=""></Security>
</System>
<EventData><Data>&lt;string&gt;AAD-AddDeviceJoinUserToAdminGroup-Policy&lt;/string&gt;
&lt;string&gt;100&lt;/string&gt;
</Data>
<Binary></Binary>
</EventData>
</Event>

<Event xmlns="http://schemas.microsoft.com/win/2004/08/events/event"><System><Provider Name="Microsoft-Windows-Security-SPP" Guid="{E23B33B0-C8C9-472C-A5F9-F2BDFEA0F156}" EventSourceName="Software Protection Platform Service"></Provider>
<EventID Qualifiers="16384">1034</EventID>
<Version>0</Version>
<Level>4</Level>
<Task>0</Task>
<Opcode>0</Opcode>
<Keywords>0x0080000000000000</Keywords>
<TimeCreated SystemTime="2025-11-23 09:27:31.444387+00:00"></TimeCreated>
<EventRecordID>21</EventRecordID>
<Correlation ActivityID="" RelatedActivityID=""></Correlation>
<Execution ProcessID="1060" ThreadID="0"></Execution>
<Channel>Application</Channel>
<Computer>WIN-QCM4OJM0UCK</Computer>
<Security UserID=""></Security>
</System>
<EventData><Data>&lt;string&gt;AAD-AddDeviceJoinUserToAdminGroup-Policy&lt;/string&gt;
&lt;string&gt;100&lt;/string&gt;
</Data>
<Binary></Binary>
</EventData>
</Event>

<Event xmlns="http://schemas.microsoft.com/win/2004/08/events/event"><System><Provider Name="Microsoft-Windows-Security-SPP" Guid="{E23B33B0-C8C9-472C-A5F9-F2BDFEA0F156}" EventSourceName="Software Protection Platform Service"></Provider>
<EventID Qualifiers="16384">1034</EventID>
<Version>0</Version>
<Level>4</Level>
<Task>0</Task>
<Opcode>0</Opcode>
<Keywords>0x0080000000000000</Keywords>
<TimeCreated SystemTime="2025-11-23 09:27:31.450493+00:00"></TimeCreated>
<EventRecordID>22</EventRecordID>
<Correlation ActivityID="" RelatedActivityID=""></Correlation>
<Execution ProcessID="1060" ThreadID="0"></Execution>
<Channel>Application</Channel>
<Computer>WIN-QCM4OJM0UCK</Computer>
<Security UserID=""></Security>
</System>
<EventData><Data>&lt;string&gt;Security-SPP-IgnoreDeferredActivation&lt;/string&gt;
&lt;string&gt;500&lt;/string&gt;
</Data>
<Binary></Binary>
</EventData>
</Event>

<Event xmlns="http://schemas.microsoft.com/win/2004/08/events/event"><System><Provider Name="Microsoft-Windows-Security-SPP" Guid="{E23B33B0-C8C9-472C-A5F9-F2BDFEA0F156}" EventSourceName="Software Protection Platform Service"></Provider>
<EventID Qualifiers="16384">1003</EventID>
<Version>0</Version>
<Level>4</Level>
<Task>0</Task>
<Opcode>0</Opcode>
<Keywords>0x0080000000000000</Keywords>
<TimeCreated SystemTime="2025-11-23 09:27:31.600460+00:00"></TimeCreated>
<EventRecordID>23</EventRecordID>
<Correlation ActivityID="" RelatedActivityID=""></Correlation>
<Execution ProcessID="1060" ThreadID="0"></Execution>
<Channel>Application</Channel>
<Computer>WIN-QCM4OJM0UCK</Computer>
<Security UserID=""></Security>
</System>
<EventData><Data>&lt;string&gt;55c92734-d682-4d71-983e-d6ec3f16059f&lt;/string&gt;
&lt;string&gt;
1: 01eb852c-424d-4060-94b8-c10d799d7364, 1, 0 [(0 [0xC004F014, 0, 0], [(?)(?)(?)(?)(?)(?)(?)(?)])(1 )(2 )(3 )]
2: 040fa323-92b1-4baf-97a2-5b67feaefddb, 1, 0 [(0 [0xC004F014, 0, 0], [(?)(?)(?)(?)(?)(?)(?)(?)])(1 )(2 )(3 )]
3: 0724cb7d-3437-4cb7-93cb-830375d0079d, 1, 0 [(0 [0xC004F014, 0, 0], [(?)(?)(?)(?)(?)(?)(?)(?)])(1 )(2 )(3 )]
4: 0ad2ac98-7bb9-4201-8d92-312299201369, 1, 0 [(0 [0xC004F014, 0, 0], [(?)(?)(?)(?)(?)(?)(?)(?)])(1 )(2 )(3 )]
5: 19de9b2f-0166-4abb-9534-56ea69a80edb, 1, 0 [(0 [0xC004F014, 0, 0], [(?)(?)(?)(?)(?)(?)(?)(?)])(1 )(2 )(3 )]
6: 1a9a717a-cf13-4ba5-83c3-0fe25fa868d5, 1, 0 [(0 [0xC004F014, 0, 0], [(?)(?)(?)(?)(?)(?)(?)(?)])(1 )(2 )(3 )]
7: 221a02da-e2a1-4b75-864c-0a4410a33fdf, 1, 0 [(0 [0xC004F014, 0, 0], [(?)(?)(?)(?)(?)(?)(?)(?)])(1 )(2 )(3 )]
8: 265f3fad-6a1c-4bdd-ae30-c75efa556ccb, 1, 0 [(0 [0xC004F014, 0, 0], [(?)(?)(?)(?)(?)(?)(?)(?)])(1 )(2 )(3 )]
9: 291ece0e-9c38-40ca-a9e1-32cc7ec19507, 1, 0 [(0 [0xC004F014, 0, 0], [(?)(?)(?)(?)(?)(?)(?)(?)])(1 )(2 )(3 )]
10: 2936d1d2-913a-4542-b54e-ce5a602a2a38, 1, 0 [(0 [0xC004F014, 0, 0], [(?)(?)(?)(?)(?)(?)(?)(?)])(1 )(2 )(3 )]
11: 2c293c26-a45a-4a2a-a350-c69a67097529, 1, 0 [(0 [0xC004F014, 0, 0], [(?)(?)(?)(?)(?)(?)(?)(?)])(1 )(2 )(3 )]
12: 2de67392-b7a7-462a-b1ca-108dd189f588, 1, 0 [(0 [0xC004E003, 0, 0], [( 2 0xC004F056 0 0 msft:rm/algorithm/volume/1.0 0x00000000 0)( 1 0x00000000)(?)( 2 0xC004F056 0 0 msft:rm/algorithm/volume/1.0 0x00000000 0)(?)(?)(?)(?)])(1 )(2 )(3 [0x00000000, 0, 0], [( 6 0xC004F009 0 0)( 1 0x00000000)( 6 0xC004F009 0 0)(?)(?)(?)( 10 0x00000000 msft:rm/algorithm/flags/1.0)( 11 0x00000000 0xC004F056)])]
13: 2ffd8952-423e-4903-b993-72a1aa44cf82, 1, 0 [(0 [0xC004F014, 0, 0], [(?)(?)(?)(?)(?)(?)(?)(?)])(1 )(2 )(3 )]
14: 30a42c86-b7a0-4a34-8c90-ff177cb2acb7, 1, 0 [(0 [0xC004F014, 0, 0], [(?)(?)(?)(?)(?)(?)(?)(?)])(1 )(2 )(3 )]
15: 345a5db0-d94f-4e3b-a0c0-7c42f7bc3ebf, 1, 0 [(0 [0xC004F014, 0, 0], [(?)(?)(?)(?)(?)(?)(?)(?)])(1 )(2 )(3 )]
16: 3502365a-f88a-4ba4-822a-5769d3073b65, 1, 0 [(0 [0xC004F014, 0, 0], [(?)(?)(?)(?)(?)(?)(?)(?)])(1 )(2 )(3 )]
17: 377333b1-8b5d-48d6-9679-1225c872d37c, 1, 0 [(0 [0xC004F014, 0, 0], [(?)(?)(?)(?)(?)(?)(?)(?)])(1 )(2 )(3 )]
18: 3df374ef-d444-4494-a5a1-4b0d9fd0e203, 1, 0 [(0 [0xC004F014, 0, 0], [(?)(?)(?)(?)(?)(?)(?)(?)])(1 )(2 )(3 )]
19: 3ebce241-ea87-4946-8a4f-80d00e921dff, 1, 0 [(0 [0xC004F014, 0, 0], [(?)(?)(?)(?)(?)(?)(?)(?)])(1 )(2 )(3 )]
20: 3f1afc82-f8ac-4f6c-8005-1d233e606eee, 1, 0 [(0 [0xC004F014, 0, 0], [(?)(?)(?)(?)(?)(?)(?)(?)])(1 )(2 )(3 )]
21: 4322a811-697c-44dc-865e-3e2fdcb86009, 1, 0 [(0 [0xC004F014, 0, 0], [(?)(?)(?)(?)(?)(?)(?)(?)])(1 )(2 )(3 )]
22: 49cd895b-53b2-4dc4-a5f7-b18aa019ad37, 1, 0 [(0 [0xC004F014, 0, 0], [(?)(?)(?)(?)(?)(?)(?)(?)])(1 )(2 )(3 )]
23: 4de7cb65-cdf1-4de9-8ae8-e3cce27b9f2c, 1, 0 [(0 [0xC004F014, 0, 0], [(?)(?)(?)(?)(?)(?)(?)(?)])(1 )(2 )(3 )]
24: 4f3da0d2-271d-4508-ae81-626b60809a38, 1, 0 [(0 [0xC004F014, 0, 0], [(?)(?)(?)(?)(?)(?)(?)(?)])(1 )(2 )(3 )]
25: 5d78c4e9-aeb3-4b40-8ac2-6a6005e0ad6d, 1, 0 [(0 [0xC004F014, 0, 0], [(?)(?)(?)(?)(?)(?)(?)(?)])(1 )(2 )(3 )]
26: 60b3ec1b-9545-4921-821f-311b129dd6f6, 1, 0 [(0 [0xC004F014, 0, 0], [(?)(?)(?)(?)(?)(?)(?)(?)])(1 )(2 )(3 )]
27: 613d217f-7f13-4268-9907-1662339531cd, 1, 0 [(0 [0xC004F014, 0, 0], [(?)(?)(?)(?)(?)(?)(?)(?)])(1 )(2 )(3 )]
28: 62f0c100-9c53-4e02-b886-a3528ddfe7f6, 1, 0 [(0 [0xC004F014, 0, 0], [(?)(?)(?)(?)(?)(?)(?)(?)])(1 )(2 )(3 )]
29: 6365275e-368d-46ca-a0ef-fc0404119333, 1, 0 [(0 [0xC004F014, 0, 0], [(?)(?)(?)(?)(?)(?)(?)(?)])(1 )(2 )(3 )]
30: 721f9237-9341-4453-a661-09e8baa6cca5, 1, 0 [(0 [0xC004F014, 0, 0], [(?)(?)(?)(?)(?)(?)(?)(?)])(1 )(2 )(3 )]
31: 73111121-5638-40f6-bc11-f1d7b0d64300, 1, 0 [(0 [0xC004F014, 0, 0], [(?)(?)(?)(?)(?)(?)(?)(?)])(1 )(2 )(3 )]
32: 7a802526-4c94-4bd1-ba14-835a1aca2120, 1, 0 [(0 [0xC004F014, 0, 0], [(?)(?)(?)(?)(?)(?)(?)(?)])(1 )(2 )(3 )]
33: 7cb546c0-c7d5-44d8-9a5c-69ecdd782b69, 1, 0 [(0 [0xC004F014, 0, 0], [(?)(?)(?)(?)(?)(?)(?)(?)])(1 )(2 )(3 )]
34: 80083eae-7031-4394-9e88-4901973d56fe, 1, 0 [(0 [0xC004F014, 0, 0], [(?)(?)(?)(?)(?)(?)(?)(?)])(1 )(2 )(3 )]
35: 82bbc092-bc50-4e16-8e18-b74fc486aec3, 1, 0 [(0 [0xC004F014, 0, 0], [(?)(?)(?)(?)(?)(?)(?)(?)])(1 )(2 )(3 )]
36: 8ab9bdd1-1f67-4997-82d9-8878520837d9, 1, 0 [(0 [0xC004F014, 0, 0], [(?)(?)(?)(?)(?)(?)(?)(?)])(1 )(2 )(3 )]
37: 8b351c9c-f398-4515-9900-09df49427262, 1, 0 [(0 [0xC004F014, 0, 0], [(?)(?)(?)(?)(?)(?)(?)(?)])(1 )(2 )(3 )]
38: 90da7373-1c51-430b-bf26-c97e9c5cdc31, 1, 0 [(0 [0xC004F014, 0, 0], [(?)(?)(?)(?)(?)(?)(?)(?)])(1 )(2 )(3 )]
39: 92fb8726-92a8-4ffc-94ce-f82e07444653, 1, 0 [(0 [0xC004F014, 0, 0], [(?)(?)(?)(?)(?)(?)(?)(?)])(1 )(2 )(3 )]
40: 95dca82f-385d-4d39-b85b-5c73fa285d6f, 1, 0 [(0 [0xC004F014, 0, 0], [(?)(?)(?)(?)(?)(?)(?)(?)])(1 )(2 )(3 )]
41: 97cde3ae-e908-4b59-ac96-a17645c5b57e, 1, 0 [(0 [0xC004F014, 0, 0], [(?)(?)(?)(?)(?)(?)(?)(?)])(1 )(2 )(3 )]
42: a48938aa-62fa-4966-9d44-9f04da3f72f2, 1, 0 [(0 [0xC004F014, 0, 0], [(?)(?)(?)(?)(?)(?)(?)(?)])(1 )(2 )(3 )]
43: b0773a15-df3a-4312-9ad2-83d69648e356, 1, 0 [(0 [0xC004F014, 0, 0], [(?)(?)(?)(?)(?)(?)(?)(?)])(1 )(2 )(3 )]
44: b4bfe195-541e-4e64-ad23-6177f19e395e, 1, 0 [(0 [0xC004F014, 0, 0], [(?)(?)(?)(?)(?)(?)(?)(?)])(1 )(2 )(3 )]
45: b68e61d2-68ca-4757-be45-0cc2f3e68eee, 1, 0 [(0 [0xC004F014, 0, 0], [(?)(?)(?)(?)(?)(?)(?)(?)])(1 )(2 )(3 )]
46: bd3762d7-270d-4760-8fb3-d829ca45278a, 1, 0 [(0 [0xC004F014, 0, 0], [(?)(?)(?)(?)(?)(?)(?)(?)])(1 )(2 )(3 )]
47: c86d5194-4840-4dae-9c1c-0301003a5ab0, 1, 0 [(0 [0xC004F014, 0, 0], [(?)(?)(?)(?)(?)(?)(?)(?)])(1 )(2 )(3 )]
48: ca7df2e3-5ea0-47b8-9ac1-b1be4d8edd69, 1, 0 [(0 [0xC004F014, 0, 0], [(?)(?)(?)(?)(?)(?)(?)(?)])(1 )(2 )(3 )]
49: d552befb-48cc-4327-8f39-47d2d94f987c, 1, 0 [(0 [0xC004F014, 0, 0], [(?)(?)(?)(?)(?)(?)(?)(?)])(1 )(2 )(3 )]
50: d6eadb3b-5ca8-4a6b-986e-35b550756111, 1, 0 [(0 [0xC004F014, 0, 0], [(?)(?)(?)(?)(?)(?)(?)(?)])(1 )(2 )(3 )]
51: df96023b-dcd9-4be2-afa0-c6c871159ebe, 1, 0 [(0 [0xC004F014, 0, 0], [(?)(?)(?)(?)(?)(?)(?)(?)])(1 )(2 )(3 )]
52: e0c42288-980c-4788-a014-c080d2e1926e, 1, 0 [(0 [0xC004F014, 0, 0], [(?)(?)(?)(?)(?)(?)(?)(?)])(1 )(2 )(3 )]
53: e4db50ea-bda1-4566-b047-0ca50abc6f07, 1, 0 [(0 [0xC004F014, 0, 0], [(?)(?)(?)(?)(?)(?)(?)(?)])(1 )(2 )(3 )]
54: e558417a-5123-4f6f-91e7-385c1c7ca9d4, 1, 0 [(0 [0xC004F014, 0, 0], [(?)(?)(?)(?)(?)(?)(?)(?)])(1 )(2 )(3 )]
55: e7a950a2-e548-4f10-bf16-02ec848e0643, 1, 0 [(0 [0xC004F014, 0, 0], [(?)(?)(?)(?)(?)(?)(?)(?)])(1 )(2 )(3 )]
56: eb6d346f-1c60-4643-b960-40ec31596c45, 1, 0 [(0 [0xC004F014, 0, 0], [(?)(?)(?)(?)(?)(?)(?)(?)])(1 )(2 )(3 )]
57: ec868e65-fadf-4759-b23e-93fe37f2cc29, 1, 0 [(0 [0xC004F014, 0, 0], [(?)(?)(?)(?)(?)(?)(?)(?)])(1 )(2 )(3 )]
58: ef51e000-2659-4f25-8345-3de70a9cf4c4, 1, 0 [(0 [0xC004F014, 0, 0], [(?)(?)(?)(?)(?)(?)(?)(?)])(1 )(2 )(3 )]
59: f7af7d09-40e4-419c-a49b-eae366689ebd, 1, 0 [(0 [0xC004F014, 0, 0], [(?)(?)(?)(?)(?)(?)(?)(?)])(1 )(2 )(3 )]
60: fa755fe6-6739-40b9-8d84-6d0ea3b6d1ab, 1, 0 [(0 [0xC004F014, 0, 0], [(?)(?)(?)(?)(?)(?)(?)(?)])(1 )(2 )(3 )]
61: fe74f55b-0338-41d6-b267-4a201abe7285, 1, 0 [(0 [0xC004F014, 0, 0], [(?)(?)(?)(?)(?)(?)(?)(?)])(1 )(2 )(3 )]

&lt;/string&gt;
</Data>
<Binary></Binary>
</EventData>
</Event>

<Event xmlns="http://schemas.microsoft.com/win/2004/08/events/event"><System><Provider Name="Microsoft-Windows-WMI" Guid="{1edeee53-0afe-4609-b846-d8c0b2075b1f}"></Provider>
<EventID Qualifiers="">5615</EventID>
<Version>2</Version>
<Level>4</Level>
<Task>0</Task>
<Opcode>0</Opcode>
<Keywords>0x8000000000000000</Keywords>
<TimeCreated SystemTime="2025-11-23 09:27:32.109127+00:00"></TimeCreated>
<EventRecordID>24</EventRecordID>
<Correlation ActivityID="" RelatedActivityID=""></Correlation>
<Execution ProcessID="3724" ThreadID="3876"></Execution>
<Channel>Application</Channel>
<Computer>WIN-QCM4OJM0UCK</Computer>
<Security UserID="S-1-5-18"></Security>
</System>
<EventData></EventData>
</Event>

<Event xmlns="http://schemas.microsoft.com/win/2004/08/events/event"><System><Provider Name="Microsoft-Windows-Search" Guid="{CA4E628D-8567-4896-AB6B-835B221F373F}" EventSourceName="Windows Search Service"></Provider>
<EventID Qualifiers="32768">1008</EventID>
<Version>0</Version>
<Level>3</Level>
<Task>1</Task>
<Opcode>0</Opcode>
<Keywords>0x0080000000000000</Keywords>
<TimeCreated SystemTime="2025-11-23 03:42:33.864977+00:00"></TimeCreated>
<EventRecordID>25</EventRecordID>
<Correlation ActivityID="" RelatedActivityID=""></Correlation>
<Execution ProcessID="4492" ThreadID="0"></Execution>
<Channel>Application</Channel>
<Computer>WIN-QCM4OJM0UCK</Computer>
<Security UserID=""></Security>
</System>
<EventData><Data Name="ExtraInfo">
</Data>
<Data Name="Reason">Full Index Reset</Data>
</EventData>
</Event>

<Event xmlns="http://schemas.microsoft.com/win/2004/08/events/event"><System><Provider Name="Microsoft-Windows-Search" Guid="{CA4E628D-8567-4896-AB6B-835B221F373F}" EventSourceName="Windows Search Service"></Provider>
<EventID Qualifiers="16384">1010</EventID>
<Version>0</Version>
<Level>4</Level>
<Task>1</Task>
<Opcode>0</Opcode>
<Keywords>0x0080000000000000</Keywords>
<TimeCreated SystemTime="2025-11-23 03:42:33.867447+00:00"></TimeCreated>
<EventRecordID>26</EventRecordID>
<Correlation ActivityID="" RelatedActivityID=""></Correlation>
<Execution ProcessID="4492" ThreadID="0"></Execution>
<Channel>Application</Channel>
<Computer>WIN-QCM4OJM0UCK</Computer>
<Security UserID=""></Security>
</System>
<EventData><Data Name="ExtraInfo">
</Data>
</EventData>
</Event>

<Event xmlns="http://schemas.microsoft.com/win/2004/08/events/event"><System><Provider Name="Microsoft-Windows-Search" Guid="{CA4E628D-8567-4896-AB6B-835B221F373F}" EventSourceName="Windows Search Service"></Provider>
<EventID Qualifiers="16384">1004</EventID>
<Version>0</Version>
<Level>4</Level>
<Task>1</Task>
<Opcode>0</Opcode>
<Keywords>0x0080000000000000</Keywords>
<TimeCreated SystemTime="2025-11-23 03:42:34.615011+00:00"></TimeCreated>
<EventRecordID>27</EventRecordID>
<Correlation ActivityID="" RelatedActivityID=""></Correlation>
<Execution ProcessID="4492" ThreadID="0"></Execution>
<Channel>Application</Channel>
<Computer>WIN-QCM4OJM0UCK</Computer>
<Security UserID=""></Security>
</System>
<EventData><Data Name="ExtraInfo">
</Data>
<Data Name="Reason">Full Index Reset</Data>
</EventData>
</Event>

<Event xmlns="http://schemas.microsoft.com/win/2004/08/events/event"><System><Provider Name="Microsoft-Windows-Search" Guid="{CA4E628D-8567-4896-AB6B-835B221F373F}" EventSourceName="Windows Search Service"></Provider>
<EventID Qualifiers="16384">1005</EventID>
<Version>0</Version>
<Level>4</Level>
<Task>1</Task>
<Opcode>0</Opcode>
<Keywords>0x0080000000000000</Keywords>
<TimeCreated SystemTime="2025-11-23 03:42:34.656157+00:00"></TimeCreated>
<EventRecordID>28</EventRecordID>
<Correlation ActivityID="" RelatedActivityID=""></Correlation>
<Execution ProcessID="4492" ThreadID="0"></Execution>
<Channel>Application</Channel>
<Computer>WIN-QCM4OJM0UCK</Computer>
<Security UserID=""></Security>
</System>
<EventData><Data Name="ExtraInfo">
</Data>
</EventData>
</Event>

<Event xmlns="http://schemas.microsoft.com/win/2004/08/events/event"><System><Provider Name="Microsoft-Windows-Search" Guid="{CA4E628D-8567-4896-AB6B-835B221F373F}" EventSourceName="Windows Search Service"></Provider>
<EventID Qualifiers="16384">1003</EventID>
<Version>0</Version>
<Level>4</Level>
<Task>1</Task>
<Opcode>0</Opcode>
<Keywords>0x0080000000000000</Keywords>
<TimeCreated SystemTime="2025-11-23 03:42:34.667349+00:00"></TimeCreated>
<EventRecordID>29</EventRecordID>
<Correlation ActivityID="" RelatedActivityID=""></Correlation>
<Execution ProcessID="4492" ThreadID="0"></Execution>
<Channel>Application</Channel>
<Computer>WIN-QCM4OJM0UCK</Computer>
<Security UserID=""></Security>
</System>
<EventData><Data Name="ExtraInfo">
</Data>
</EventData>
</Event>

<Event xmlns="http://schemas.microsoft.com/win/2004/08/events/event"><System><Provider Name="Microsoft-Windows-WMI" Guid="{1edeee53-0afe-4609-b846-d8c0b2075b1f}"></Provider>
<EventID Qualifiers="">5617</EventID>
<Version>2</Version>
<Level>4</Level>
<Task>0</Task>
<Opcode>0</Opcode>
<Keywords>0x8000000000000000</Keywords>
<TimeCreated SystemTime="2025-11-23 03:42:36.621634+00:00"></TimeCreated>
<EventRecordID>30</EventRecordID>
<Correlation ActivityID="" RelatedActivityID=""></Correlation>
<Execution ProcessID="3724" ThreadID="3996"></Execution>
<Channel>Application</Channel>
<Computer>WIN-QCM4OJM0UCK</Computer>
<Security UserID="S-1-5-18"></Security>
</System>
<EventData></EventData>
</Event>

<Event xmlns="http://schemas.microsoft.com/win/2004/08/events/event"><System><Provider Name="Microsoft-Windows-Winlogon" Guid="{DBE9B383-7CF3-4331-91CC-A3CB16A3B538}" EventSourceName="Wlclntfy"></Provider>
<EventID Qualifiers="32768">6003</EventID>
<Version>0</Version>
<Level>4</Level>
<Task>0</Task>
<Opcode>0</Opcode>
<Keywords>0x0080000000000000</Keywords>
<TimeCreated SystemTime="2025-11-23 03:42:43.095442+00:00"></TimeCreated>
<EventRecordID>31</EventRecordID>
<Correlation ActivityID="" RelatedActivityID=""></Correlation>
<Execution ProcessID="756" ThreadID="0"></Execution>
<Channel>Application</Channel>
<Computer>WIN-QCM4OJM0UCK</Computer>
<Security UserID=""></Security>
</System>
<EventData><Data>&lt;string&gt;SessionEnv&lt;/string&gt;
</Data>
<Binary>2QYAAA==</Binary>
</EventData>
</Event>

<Event xmlns="http://schemas.microsoft.com/win/2004/08/events/event"><System><Provider Name="Microsoft-Windows-Winlogon" Guid="{DBE9B383-7CF3-4331-91CC-A3CB16A3B538}" EventSourceName="Wlclntfy"></Provider>
<EventID Qualifiers="32768">6000</EventID>
<Version>0</Version>
<Level>4</Level>
<Task>0</Task>
<Opcode>0</Opcode>
<Keywords>0x0080000000000000</Keywords>
<TimeCreated SystemTime="2025-11-23 03:42:43.751766+00:00"></TimeCreated>
<EventRecordID>32</EventRecordID>
<Correlation ActivityID="" RelatedActivityID=""></Correlation>
<Execution ProcessID="756" ThreadID="0"></Execution>
<Channel>Application</Channel>
<Computer>WIN-QCM4OJM0UCK</Computer>
<Security UserID=""></Security>
</System>
<EventData><Data>&lt;string&gt;SessionEnv&lt;/string&gt;
</Data>
<Binary>2QYAAA==</Binary>
</EventData>
</Event>

<Event xmlns="http://schemas.microsoft.com/win/2004/08/events/event"><System><Provider Name="Microsoft-Windows-CAPI2" Guid="{5bbca4a8-b209-48dc-a8c7-b23d3e5216fb}" EventSourceName="Microsoft-Windows-CAPI2"></Provider>
<EventID Qualifiers="0">4097</EventID>
<Version>0</Version>
<Level>4</Level>
<Task>0</Task>
<Opcode>0</Opcode>
<Keywords>0x8080000000000000</Keywords>
<TimeCreated SystemTime="2025-11-23 03:42:44.205427+00:00"></TimeCreated>
<EventRecordID>33</EventRecordID>
<Correlation ActivityID="" RelatedActivityID=""></Correlation>
<Execution ProcessID="1524" ThreadID="2148"></Execution>
<Channel>Application</Channel>
<Computer>WIN-QCM4OJM0UCK</Computer>
<Security UserID=""></Security>
</System>
<EventData><Data>&lt;string&gt;CN=DigiCert Global Root CA, OU=www.digicert.com, O=DigiCert Inc, C=US&lt;/string&gt;
&lt;string&gt;A8985D3A65E5E5C4B2D7D66D40C6DD2FB19C5436&lt;/string&gt;
</Data>
<Binary></Binary>
</EventData>
</Event>

<Event xmlns="http://schemas.microsoft.com/win/2004/08/events/event"><System><Provider Name="Microsoft-Windows-AppModel-State" Guid="{bff15e13-81bf-45ee-8b16-7cfead00da86}"></Provider>
<EventID Qualifiers="">23</EventID>
<Version>0</Version>
<Level>3</Level>
<Task>0</Task>
<Opcode>0</Opcode>
<Keywords>0x8000000000000000</Keywords>
<TimeCreated SystemTime="2025-11-23 03:42:45.459961+00:00"></TimeCreated>
<EventRecordID>34</EventRecordID>
<Correlation ActivityID="{5ec0c13f-5c5b-0000-1cd3-c05e5b5cdc01}" RelatedActivityID=""></Correlation>
<Execution ProcessID="6304" ThreadID="6344"></Execution>
<Channel>Application</Channel>
<Computer>WIN-QCM4OJM0UCK</Computer>
<Security UserID="S-1-5-21-3406557415-3785955325-3440082762-1000"></Security>
</System>
<EventData><Data Name="Operation">InitializeDataChangedSignaler</Data>
<Data Name="PackageFamily">Microsoft.AAD.BrokerPlugin_cw5n1h2txyewy</Data>
<Data Name="OperationError">-2147024894</Data>
</EventData>
</Event>

<Event xmlns="http://schemas.microsoft.com/win/2004/08/events/event"><System><Provider Name="Microsoft-Windows-AppModel-State" Guid="{bff15e13-81bf-45ee-8b16-7cfead00da86}"></Provider>
<EventID Qualifiers="">24</EventID>
<Version>0</Version>
<Level>3</Level>
<Task>0</Task>
<Opcode>0</Opcode>
<Keywords>0x8000000000000000</Keywords>
<TimeCreated SystemTime="2025-11-23 03:42:45.530029+00:00"></TimeCreated>
<EventRecordID>35</EventRecordID>
<Correlation ActivityID="{5ec0c13f-5c5b-0000-1cd3-c05e5b5cdc01}" RelatedActivityID=""></Correlation>
<Execution ProcessID="6304" ThreadID="6344"></Execution>
<Channel>Application</Channel>
<Computer>WIN-QCM4OJM0UCK</Computer>
<Security UserID="S-1-5-21-3406557415-3785955325-3440082762-1000"></Security>
</System>
<EventData><Data Name="Operation">InitializeDataChangedSignaler</Data>
<Data Name="PackageFamily">Microsoft.AAD.BrokerPlugin_cw5n1h2txyewy</Data>
<Data Name="OperationError">-2147024894</Data>
<Data Name="RepairTriggerError">0</Data>
</EventData>
</Event>

<Event xmlns="http://schemas.microsoft.com/win/2004/08/events/event"><System><Provider Name="Microsoft-Windows-AppModel-State" Guid="{bff15e13-81bf-45ee-8b16-7cfead00da86}"></Provider>
<EventID Qualifiers="">23</EventID>
<Version>0</Version>
<Level>3</Level>
<Task>0</Task>
<Opcode>0</Opcode>
<Keywords>0x8000000000000000</Keywords>
<TimeCreated SystemTime="2025-11-23 03:42:46.263767+00:00"></TimeCreated>
<EventRecordID>36</EventRecordID>
<Correlation ActivityID="{5ec0c13f-5c5b-0001-aeda-c05e5b5cdc01}" RelatedActivityID=""></Correlation>
<Execution ProcessID="6768" ThreadID="6852"></Execution>
<Channel>Application</Channel>
<Computer>WIN-QCM4OJM0UCK</Computer>
<Security UserID="S-1-5-21-3406557415-3785955325-3440082762-1000"></Security>
</System>
<EventData><Data Name="Operation">InitializeDataChangedSignaler</Data>
<Data Name="PackageFamily">Microsoft.Windows.ContentDeliveryManager_cw5n1h2txyewy</Data>
<Data Name="OperationError">-2147024894</Data>
</EventData>
</Event>

<Event xmlns="http://schemas.microsoft.com/win/2004/08/events/event"><System><Provider Name="Microsoft-Windows-AppModel-State" Guid="{bff15e13-81bf-45ee-8b16-7cfead00da86}"></Provider>
<EventID Qualifiers="">24</EventID>
<Version>0</Version>
<Level>3</Level>
<Task>0</Task>
<Opcode>0</Opcode>
<Keywords>0x8000000000000000</Keywords>
<TimeCreated SystemTime="2025-11-23 03:42:46.317408+00:00"></TimeCreated>
<EventRecordID>37</EventRecordID>
<Correlation ActivityID="{5ec0c13f-5c5b-0001-aeda-c05e5b5cdc01}" RelatedActivityID=""></Correlation>
<Execution ProcessID="6768" ThreadID="6852"></Execution>
<Channel>Application</Channel>
<Computer>WIN-QCM4OJM0UCK</Computer>
<Security UserID="S-1-5-21-3406557415-3785955325-3440082762-1000"></Security>
</System>
<EventData><Data Name="Operation">InitializeDataChangedSignaler</Data>
<Data Name="PackageFamily">Microsoft.Windows.ContentDeliveryManager_cw5n1h2txyewy</Data>
<Data Name="OperationError">-2147024894</Data>
<Data Name="RepairTriggerError">0</Data>
</EventData>
</Event>

<Event xmlns="http://schemas.microsoft.com/win/2004/08/events/event"><System><Provider Name="edgeupdate"></Provider>
<EventID Qualifiers="0">0</EventID>
<Version>0</Version>
<Level>4</Level>
<Task>0</Task>
<Opcode>0</Opcode>
<Keywords>0x0080000000000000</Keywords>
<TimeCreated SystemTime="2025-11-23 03:42:51.580421+00:00"></TimeCreated>
<EventRecordID>38</EventRecordID>
<Correlation ActivityID="" RelatedActivityID=""></Correlation>
<Execution ProcessID="6948" ThreadID="0"></Execution>
<Channel>Application</Channel>
<Computer>WIN-QCM4OJM0UCK</Computer>
<Security UserID=""></Security>
</System>
<EventData><Data>&lt;string&gt;Service stopped&lt;/string&gt;
</Data>
<Binary></Binary>
</EventData>
</Event>

<Event xmlns="http://schemas.microsoft.com/win/2004/08/events/event"><System><Provider Name="Windows Error Reporting" Guid="{0ead09bd-2157-539a-8d6d-c87f95b64d70}"></Provider>
<EventID Qualifiers="">1001</EventID>
<Version>0</Version>
<Level>4</Level>
<Task>0</Task>
<Opcode>0</Opcode>
<Keywords>0x8000000000000000</Keywords>
<TimeCreated SystemTime="2025-11-23 03:42:51.800606+00:00"></TimeCreated>
<EventRecordID>39</EventRecordID>
<Correlation ActivityID="" RelatedActivityID=""></Correlation>
<Execution ProcessID="6124" ThreadID="6084"></Execution>
<Channel>Application</Channel>
<Computer>WIN-QCM4OJM0UCK</Computer>
<Security UserID="S-1-5-18"></Security>
</System>
<EventData><Data Name="Bucket"></Data>
<Data Name="BucketType">0</Data>
<Data Name="EventName">crashpad_log</Data>
<Data Name="Response">Not available</Data>
<Data Name="CabId">0</Data>
<Data Name="P1">MicrosoftEdgeUpdate.exe</Data>
<Data Name="P2">1.3.195.69</Data>
<Data Name="P3">CriticalRequestError</Data>
<Data Name="P4">0xa043081c</Data>
<Data Name="P5"></Data>
<Data Name="P6"></Data>
<Data Name="P7"></Data>
<Data Name="P8"></Data>
<Data Name="P9"></Data>
<Data Name="P10"></Data>
<Data Name="AttachedFiles"></Data>
<Data Name="StorePath">\\?\C:\ProgramData\Microsoft\Windows\WER\ReportQueue\NonCritical_MicrosoftEdgeUpd_589bd2374c44a8ce84884fcf8d552a3559ad5b_00000000_03a4f8b5-957a-46d3-b1ca-66c7d836a0b8</Data>
<Data Name="AnalysisSymbol"></Data>
<Data Name="Rechecking">0</Data>
<Data Name="ReportId">03a4f8b5-957a-46d3-b1ca-66c7d836a0b8</Data>
<Data Name="ReportStatus">6</Data>
<Data Name="HashedBucket"></Data>
<Data Name="CabGuid">0</Data>
</EventData>
</Event>

<Event xmlns="http://schemas.microsoft.com/win/2004/08/events/event"><System><Provider Name="Windows Error Reporting" Guid="{0ead09bd-2157-539a-8d6d-c87f95b64d70}"></Provider>
<EventID Qualifiers="">1001</EventID>
<Version>0</Version>
<Level>4</Level>
<Task>0</Task>
<Opcode>0</Opcode>
<Keywords>0x8000000000000000</Keywords>
<TimeCreated SystemTime="2025-11-23 03:42:51.807655+00:00"></TimeCreated>
<EventRecordID>40</EventRecordID>
<Correlation ActivityID="" RelatedActivityID=""></Correlation>
<Execution ProcessID="6904" ThreadID="6908"></Execution>
<Channel>Application</Channel>
<Computer>WIN-QCM4OJM0UCK</Computer>
<Security UserID="S-1-5-18"></Security>
</System>
<EventData><Data Name="Bucket"></Data>
<Data Name="BucketType">0</Data>
<Data Name="EventName">crashpad_log</Data>
<Data Name="Response">Not available</Data>
<Data Name="CabId">0</Data>
<Data Name="P1">MicrosoftEdgeUpdate.exe</Data>
<Data Name="P2">1.3.195.69</Data>
<Data Name="P3">CriticalRequestError</Data>
<Data Name="P4">0xa043081c</Data>
<Data Name="P5"></Data>
<Data Name="P6"></Data>
<Data Name="P7"></Data>
<Data Name="P8"></Data>
<Data Name="P9"></Data>
<Data Name="P10"></Data>
<Data Name="AttachedFiles">
\\?\C:\ProgramData\Microsoft\EdgeUpdate\Log\MicrosoftEdgeUpdate.log</Data>
<Data Name="StorePath">NULL</Data>
<Data Name="AnalysisSymbol"></Data>
<Data Name="Rechecking">0</Data>
<Data Name="ReportId">03a4f8b5-957a-46d3-b1ca-66c7d836a0b8</Data>
<Data Name="ReportStatus">262148</Data>
<Data Name="HashedBucket"></Data>
<Data Name="CabGuid">0</Data>
</EventData>
</Event>

<Event xmlns="http://schemas.microsoft.com/win/2004/08/events/event"><System><Provider Name="Windows Error Reporting" Guid="{0ead09bd-2157-539a-8d6d-c87f95b64d70}"></Provider>
<EventID Qualifiers="">1001</EventID>
<Version>0</Version>
<Level>4</Level>
<Task>0</Task>
<Opcode>0</Opcode>
<Keywords>0x8000000000000000</Keywords>
<TimeCreated SystemTime="2025-11-23 03:42:52.024971+00:00"></TimeCreated>
<EventRecordID>41</EventRecordID>
<Correlation ActivityID="" RelatedActivityID=""></Correlation>
<Execution ProcessID="3752" ThreadID="4928"></Execution>
<Channel>Application</Channel>
<Computer>WIN-QCM4OJM0UCK</Computer>
<Security UserID="S-1-5-18"></Security>
</System>
<EventData><Data Name="Bucket"></Data>
<Data Name="BucketType">0</Data>
<Data Name="EventName">crashpad_log</Data>
<Data Name="Response">Not available</Data>
<Data Name="CabId">0</Data>
<Data Name="P1">MicrosoftEdgeUpdate.exe</Data>
<Data Name="P2">1.3.195.69</Data>
<Data Name="P3">CriticalRequestError</Data>
<Data Name="P4">0xa043081c</Data>
<Data Name="P5"></Data>
<Data Name="P6"></Data>
<Data Name="P7"></Data>
<Data Name="P8"></Data>
<Data Name="P9"></Data>
<Data Name="P10"></Data>
<Data Name="AttachedFiles"></Data>
<Data Name="StorePath">\\?\C:\ProgramData\Microsoft\Windows\WER\ReportQueue\NonCritical_MicrosoftEdgeUpd_589bd2374c44a8ce84884fcf8d552a3559ad5b_00000000_03a4f8b5-957a-46d3-b1ca-66c7d836a0b8</Data>
<Data Name="AnalysisSymbol"></Data>
<Data Name="Rechecking">0</Data>
<Data Name="ReportId">03a4f8b5-957a-46d3-b1ca-66c7d836a0b8</Data>
<Data Name="ReportStatus">6</Data>
<Data Name="HashedBucket"></Data>
<Data Name="CabGuid">0</Data>
</EventData>
</Event>

<Event xmlns="http://schemas.microsoft.com/win/2004/08/events/event"><System><Provider Name="edgeupdate"></Provider>
<EventID Qualifiers="0">0</EventID>
<Version>0</Version>
<Level>4</Level>
<Task>0</Task>
<Opcode>0</Opcode>
<Keywords>0x0080000000000000</Keywords>
<TimeCreated SystemTime="2025-11-23 03:42:52.601082+00:00"></TimeCreated>
<EventRecordID>42</EventRecordID>
<Correlation ActivityID="" RelatedActivityID=""></Correlation>
<Execution ProcessID="6844" ThreadID="0"></Execution>
<Channel>Application</Channel>
<Computer>WIN-QCM4OJM0UCK</Computer>
<Security UserID=""></Security>
</System>
<EventData><Data>&lt;string&gt;Service stopped&lt;/string&gt;
</Data>
<Binary></Binary>
</EventData>
</Event>

<Event xmlns="http://schemas.microsoft.com/win/2004/08/events/event"><System><Provider Name="Microsoft-Windows-AppModel-State" Guid="{bff15e13-81bf-45ee-8b16-7cfead00da86}"></Provider>
<EventID Qualifiers="">23</EventID>
<Version>0</Version>
<Level>3</Level>
<Task>0</Task>
<Opcode>0</Opcode>
<Keywords>0x8000000000000000</Keywords>
<TimeCreated SystemTime="2025-11-23 03:42:56.453684+00:00"></TimeCreated>
<EventRecordID>43</EventRecordID>
<Correlation ActivityID="" RelatedActivityID=""></Correlation>
<Execution ProcessID="5464" ThreadID="436"></Execution>
<Channel>Application</Channel>
<Computer>WIN-QCM4OJM0UCK</Computer>
<Security UserID="S-1-5-21-3406557415-3785955325-3440082762-1000"></Security>
</System>
<EventData><Data Name="Operation">InitializeDataChangedSignaler</Data>
<Data Name="PackageFamily">Microsoft.Windows.CloudExperienceHost_cw5n1h2txyewy</Data>
<Data Name="OperationError">-2147024894</Data>
</EventData>
</Event>

<Event xmlns="http://schemas.microsoft.com/win/2004/08/events/event"><System><Provider Name="Microsoft-Windows-AppModel-State" Guid="{bff15e13-81bf-45ee-8b16-7cfead00da86}"></Provider>
<EventID Qualifiers="">24</EventID>
<Version>0</Version>
<Level>3</Level>
<Task>0</Task>
<Opcode>0</Opcode>
<Keywords>0x8000000000000000</Keywords>
<TimeCreated SystemTime="2025-11-23 03:42:56.537134+00:00"></TimeCreated>
<EventRecordID>44</EventRecordID>
<Correlation ActivityID="" RelatedActivityID=""></Correlation>
<Execution ProcessID="5464" ThreadID="436"></Execution>
<Channel>Application</Channel>
<Computer>WIN-QCM4OJM0UCK</Computer>
<Security UserID="S-1-5-21-3406557415-3785955325-3440082762-1000"></Security>
</System>
<EventData><Data Name="Operation">InitializeDataChangedSignaler</Data>
<Data Name="PackageFamily">Microsoft.Windows.CloudExperienceHost_cw5n1h2txyewy</Data>
<Data Name="OperationError">-2147024894</Data>
<Data Name="RepairTriggerError">0</Data>
</EventData>
</Event>

<Event xmlns="http://schemas.microsoft.com/win/2004/08/events/event"><System><Provider Name="Microsoft-Windows-CAPI2" Guid="{5bbca4a8-b209-48dc-a8c7-b23d3e5216fb}" EventSourceName="Microsoft-Windows-CAPI2"></Provider>
<EventID Qualifiers="0">4109</EventID>
<Version>0</Version>
<Level>4</Level>
<Task>0</Task>
<Opcode>0</Opcode>
<Keywords>0x8080000000000000</Keywords>
<TimeCreated SystemTime="2025-11-23 03:43:32.545517+00:00"></TimeCreated>
<EventRecordID>45</EventRecordID>
<Correlation ActivityID="" RelatedActivityID=""></Correlation>
<Execution ProcessID="1524" ThreadID="1348"></Execution>
<Channel>Application</Channel>
<Computer>WIN-QCM4OJM0UCK</Computer>
<Security UserID=""></Security>
</System>
<EventData><Data>&lt;string&gt;OU=Class 3 Public Primary Certification Authority, O="VeriSign, Inc.", C=US&lt;/string&gt;
&lt;string&gt;742C3192E607E424EB4549542BE1BBC53E6174E2&lt;/string&gt;
</Data>
<Binary></Binary>
</EventData>
</Event>

<Event xmlns="http://schemas.microsoft.com/win/2004/08/events/event"><System><Provider Name="Microsoft-Windows-CAPI2" Guid="{5bbca4a8-b209-48dc-a8c7-b23d3e5216fb}" EventSourceName="Microsoft-Windows-CAPI2"></Provider>
<EventID Qualifiers="0">4108</EventID>
<Version>0</Version>
<Level>4</Level>
<Task>0</Task>
<Opcode>0</Opcode>
<Keywords>0x8080000000000000</Keywords>
<TimeCreated SystemTime="2025-11-23 03:43:32.545517+00:00"></TimeCreated>
<EventRecordID>46</EventRecordID>
<Correlation ActivityID="" RelatedActivityID=""></Correlation>
<Execution ProcessID="1524" ThreadID="1348"></Execution>
<Channel>Application</Channel>
<Computer>WIN-QCM4OJM0UCK</Computer>
<Security UserID=""></Security>
</System>
<EventData><Data>&lt;string&gt;OU=Class 3 Public Primary Certification Authority, O="VeriSign, Inc.", C=US&lt;/string&gt;
&lt;string&gt;4F65566336DB6598581D584A596C87934D5F2AB4&lt;/string&gt;
</Data>
<Binary></Binary>
</EventData>
</Event>

<Event xmlns="http://schemas.microsoft.com/win/2004/08/events/event"><System><Provider Name="Microsoft-Windows-CAPI2" Guid="{5bbca4a8-b209-48dc-a8c7-b23d3e5216fb}" EventSourceName="Microsoft-Windows-CAPI2"></Provider>
<EventID Qualifiers="0">4111</EventID>
<Version>0</Version>
<Level>4</Level>
<Task>0</Task>
<Opcode>0</Opcode>
<Keywords>0x8080000000000000</Keywords>
<TimeCreated SystemTime="2025-11-23 03:43:32.545517+00:00"></TimeCreated>
<EventRecordID>47</EventRecordID>
<Correlation ActivityID="" RelatedActivityID=""></Correlation>
<Execution ProcessID="1524" ThreadID="1348"></Execution>
<Channel>Application</Channel>
<Computer>WIN-QCM4OJM0UCK</Computer>
<Security UserID=""></Security>
</System>
<EventData><Data>&lt;string&gt;&#8206;26 &#8206;August &#8206;2025 19:56:46&lt;/string&gt;
</Data>
<Binary></Binary>
</EventData>
</Event>

