<Event xmlns="http://schemas.microsoft.com/win/2004/08/events/event"><System><Provider Name="Microsoft-Windows-HttpService" Guid="{dd5ef90a-6398-47a4-ad34-4dcecdef795f}"></Provider>
<EventID Qualifiers="">112</EventID>
<Version>0</Version>
<Level>4</Level>
<Task>3</Task>
<Opcode>121</Opcode>
<Keywords>0x4000000000000001</Keywords>
<TimeCreated SystemTime="2025-11-23 09:32:10.960121+00:00"></TimeCreated>
<EventRecordID>386</EventRecordID>
<Correlation ActivityID="" RelatedActivityID=""></Correlation>
<Execution ProcessID="4" ThreadID="464"></Execution>
<Channel>System</Channel>
<Computer>WIN-QCM4OJM0UCK</Computer>
<Security UserID="S-1-5-18"></Security>
</System>
<EventData><Data Name="Url">http://*:2869/</Data>
<Data Name="ReserveStatus">0</Data>
<Data Name="ProcessId">4</Data>
<Data Name="ExecutablePath"></Data>
<Data Name="UserSid">S-1-5-18</Data>
</EventData>
</Event>

<Event xmlns="http://schemas.microsoft.com/win/2004/08/events/event"><System><Provider Name="Microsoft-Windows-HttpService" Guid="{dd5ef90a-6398-47a4-ad34-4dcecdef795f}"></Provider>
<EventID Qualifiers="">112</EventID>
<Version>0</Version>
<Level>4</Level>
<Task>3</Task>
<Opcode>121</Opcode>
<Keywords>0x4000000000000001</Keywords>
<TimeCreated SystemTime="2025-11-23 09:32:10.960125+00:00"></TimeCreated>
<EventRecordID>387</EventRecordID>
<Correlation ActivityID="" RelatedActivityID=""></Correlation>
<Execution ProcessID="4" ThreadID="464"></Execution>
<Channel>System</Channel>
<Computer>WIN-QCM4OJM0UCK</Computer>
<Security UserID="S-1-5-18"></Security>
</System>
<EventData><Data Name="Url">https://+:3392/rdp/</Data>
<Data Name="ReserveStatus">0</Data>
<Data Name="ProcessId">4</Data>
<Data Name="ExecutablePath"></Data>
<Data Name="UserSid">S-1-5-18</Data>
</EventData>
</Event>

<Event xmlns="http://schemas.microsoft.com/win/2004/08/events/event"><System><Provider Name="Microsoft-Windows-HttpService" Guid="{dd5ef90a-6398-47a4-ad34-4dcecdef795f}"></Provider>
<EventID Qualifiers="">112</EventID>
<Version>0</Version>
<Level>4</Level>
<Task>3</Task>
<Opcode>121</Opcode>
<Keywords>0x4000000000000001</Keywords>
<TimeCreated SystemTime="2025-11-23 09:32:10.960125+00:00"></TimeCreated>
<EventRecordID>388</EventRecordID>
<Correlation ActivityID="" RelatedActivityID=""></Correlation>
<Execution ProcessID="4" ThreadID="464"></Execution>
<Channel>System</Channel>
<Computer>WIN-QCM4OJM0UCK</Computer>
<Security UserID="S-1-5-18"></Security>
</System>
<EventData><Data Name="Url">http://+:3387/rdp/</Data>
<Data Name="ReserveStatus">0</Data>
<Data Name="ProcessId">4</Data>
<Data Name="ExecutablePath"></Data>
<Data Name="UserSid">S-1-5-18</Data>
</EventData>
</Event>

<Event xmlns="http://schemas.microsoft.com/win/2004/08/events/event"><System><Provider Name="Microsoft-Windows-HttpService" Guid="{dd5ef90a-6398-47a4-ad34-4dcecdef795f}"></Provider>
<EventID Qualifiers="">112</EventID>
<Version>0</Version>
<Level>4</Level>
<Task>3</Task>
<Opcode>121</Opcode>
<Keywords>0x4000000000000001</Keywords>
<TimeCreated SystemTime="2025-11-23 09:32:10.960133+00:00"></TimeCreated>
<EventRecordID>389</EventRecordID>
<Correlation ActivityID="" RelatedActivityID=""></Correlation>
<Execution ProcessID="4" ThreadID="464"></Execution>
<Channel>System</Channel>
<Computer>WIN-QCM4OJM0UCK</Computer>
<Security UserID="S-1-5-18"></Security>
</System>
<EventData><Data Name="Url">https://+:443/sra_{BA195980-CD49-458b-9E23-C84EE0ADCD75}/</Data>
<Data Name="ReserveStatus">0</Data>
<Data Name="ProcessId">4</Data>
<Data Name="ExecutablePath"></Data>
<Data Name="UserSid">S-1-5-18</Data>
</EventData>
</Event>

<Event xmlns="http://schemas.microsoft.com/win/2004/08/events/event"><System><Provider Name="Microsoft-Windows-HttpService" Guid="{dd5ef90a-6398-47a4-ad34-4dcecdef795f}"></Provider>
<EventID Qualifiers="">112</EventID>
<Version>0</Version>
<Level>4</Level>
<Task>3</Task>
<Opcode>121</Opcode>
<Keywords>0x4000000000000001</Keywords>
<TimeCreated SystemTime="2025-11-23 09:32:10.960136+00:00"></TimeCreated>
<EventRecordID>390</EventRecordID>
<Correlation ActivityID="" RelatedActivityID=""></Correlation>
<Execution ProcessID="4" ThreadID="464"></Execution>
<Channel>System</Channel>
<Computer>WIN-QCM4OJM0UCK</Computer>
<Security UserID="S-1-5-18"></Security>
</System>
<EventData><Data Name="Url">http://+:80/0131501b-d67f-491b-9a40-c4bf27bcb4d4/</Data>
<Data Name="ReserveStatus">0</Data>
<Data Name="ProcessId">4</Data>
<Data Name="ExecutablePath"></Data>
<Data Name="UserSid">S-1-5-18</Data>
</EventData>
</Event>

<Event xmlns="http://schemas.microsoft.com/win/2004/08/events/event"><System><Provider Name="Microsoft-Windows-HttpService" Guid="{dd5ef90a-6398-47a4-ad34-4dcecdef795f}"></Provider>
<EventID Qualifiers="">112</EventID>
<Version>0</Version>
<Level>4</Level>
<Task>3</Task>
<Opcode>121</Opcode>
<Keywords>0x4000000000000001</Keywords>
<TimeCreated SystemTime="2025-11-23 09:32:10.960140+00:00"></TimeCreated>
<EventRecordID>391</EventRecordID>
<Correlation ActivityID="" RelatedActivityID=""></Correlation>
<Execution ProcessID="4" ThreadID="464"></Execution>
<Channel>System</Channel>
<Computer>WIN-QCM4OJM0UCK</Computer>
<Security UserID="S-1-5-18"></Security>
</System>
<EventData><Data Name="Url">https://+:443/C574AC30-5794-4AEE-B1BB-6651C5315029/</Data>
<Data Name="ReserveStatus">0</Data>
<Data Name="ProcessId">4</Data>
<Data Name="ExecutablePath"></Data>
<Data Name="UserSid">S-1-5-18</Data>
</EventData>
</Event>

<Event xmlns="http://schemas.microsoft.com/win/2004/08/events/event"><System><Provider Name="Microsoft-Windows-HttpService" Guid="{dd5ef90a-6398-47a4-ad34-4dcecdef795f}"></Provider>
<EventID Qualifiers="">112</EventID>
<Version>0</Version>
<Level>4</Level>
<Task>3</Task>
<Opcode>121</Opcode>
<Keywords>0x4000000000000001</Keywords>
<TimeCreated SystemTime="2025-11-23 09:32:10.960144+00:00"></TimeCreated>
<EventRecordID>392</EventRecordID>
<Correlation ActivityID="" RelatedActivityID=""></Correlation>
<Execution ProcessID="4" ThreadID="464"></Execution>
<Channel>System</Channel>
<Computer>WIN-QCM4OJM0UCK</Computer>
<Security UserID="S-1-5-18"></Security>
</System>
<EventData><Data Name="Url">http://+:80/116B50EB-ECE2-41ac-8429-9F9E963361B7/</Data>
<Data Name="ReserveStatus">0</Data>
<Data Name="ProcessId">4</Data>
<Data Name="ExecutablePath"></Data>
<Data Name="UserSid">S-1-5-18</Data>
</EventData>
</Event>

<Event xmlns="http://schemas.microsoft.com/win/2004/08/events/event"><System><Provider Name="Microsoft-Windows-HttpService" Guid="{dd5ef90a-6398-47a4-ad34-4dcecdef795f}"></Provider>
<EventID Qualifiers="">112</EventID>
<Version>0</Version>
<Level>4</Level>
<Task>3</Task>
<Opcode>121</Opcode>
<Keywords>0x4000000000000001</Keywords>
<TimeCreated SystemTime="2025-11-23 09:32:10.960144+00:00"></TimeCreated>
<EventRecordID>393</EventRecordID>
<Correlation ActivityID="" RelatedActivityID=""></Correlation>
<Execution ProcessID="4" ThreadID="464"></Execution>
<Channel>System</Channel>
<Computer>WIN-QCM4OJM0UCK</Computer>
<Security UserID="S-1-5-18"></Security>
</System>
<EventData><Data Name="Url">https://+:10245/WMPNSSv4/</Data>
<Data Name="ReserveStatus">0</Data>
<Data Name="ProcessId">4</Data>
<Data Name="ExecutablePath"></Data>
<Data Name="UserSid">S-1-5-18</Data>
</EventData>
</Event>

<Event xmlns="http://schemas.microsoft.com/win/2004/08/events/event"><System><Provider Name="Microsoft-Windows-HttpService" Guid="{dd5ef90a-6398-47a4-ad34-4dcecdef795f}"></Provider>
<EventID Qualifiers="">112</EventID>
<Version>0</Version>
<Level>4</Level>
<Task>3</Task>
<Opcode>121</Opcode>
<Keywords>0x4000000000000001</Keywords>
<TimeCreated SystemTime="2025-11-23 09:32:10.960146+00:00"></TimeCreated>
<EventRecordID>394</EventRecordID>
<Correlation ActivityID="" RelatedActivityID=""></Correlation>
<Execution ProcessID="4" ThreadID="464"></Execution>
<Channel>System</Channel>
<Computer>WIN-QCM4OJM0UCK</Computer>
<Security UserID="S-1-5-18"></Security>
</System>
<EventData><Data Name="Url">http://+:10243/WMPNSSv4/</Data>
<Data Name="ReserveStatus">0</Data>
<Data Name="ProcessId">4</Data>
<Data Name="ExecutablePath"></Data>
<Data Name="UserSid">S-1-5-18</Data>
</EventData>
</Event>

<Event xmlns="http://schemas.microsoft.com/win/2004/08/events/event"><System><Provider Name="Microsoft-Windows-HttpService" Guid="{dd5ef90a-6398-47a4-ad34-4dcecdef795f}"></Provider>
<EventID Qualifiers="">112</EventID>
<Version>0</Version>
<Level>4</Level>
<Task>3</Task>
<Opcode>121</Opcode>
<Keywords>0x4000000000000001</Keywords>
<TimeCreated SystemTime="2025-11-23 09:32:10.960150+00:00"></TimeCreated>
<EventRecordID>395</EventRecordID>
<Correlation ActivityID="" RelatedActivityID=""></Correlation>
<Execution ProcessID="4" ThreadID="464"></Execution>
<Channel>System</Channel>
<Computer>WIN-QCM4OJM0UCK</Computer>
<Security UserID="S-1-5-18"></Security>
</System>
<EventData><Data Name="Url">http://+:10247/apps/</Data>
<Data Name="ReserveStatus">0</Data>
<Data Name="ProcessId">4</Data>
<Data Name="ExecutablePath"></Data>
<Data Name="UserSid">S-1-5-18</Data>
</EventData>
</Event>

<Event xmlns="http://schemas.microsoft.com/win/2004/08/events/event"><System><Provider Name="Microsoft-Windows-HttpService" Guid="{dd5ef90a-6398-47a4-ad34-4dcecdef795f}"></Provider>
<EventID Qualifiers="">112</EventID>
<Version>0</Version>
<Level>4</Level>
<Task>3</Task>
<Opcode>121</Opcode>
<Keywords>0x4000000000000001</Keywords>
<TimeCreated SystemTime="2025-11-23 09:32:10.960154+00:00"></TimeCreated>
<EventRecordID>396</EventRecordID>
<Correlation ActivityID="" RelatedActivityID=""></Correlation>
<Execution ProcessID="4" ThreadID="464"></Execution>
<Channel>System</Channel>
<Computer>WIN-QCM4OJM0UCK</Computer>
<Security UserID="S-1-5-18"></Security>
</System>
<EventData><Data Name="Url">http://+:10246/MDEServer/</Data>
<Data Name="ReserveStatus">0</Data>
<Data Name="ProcessId">4</Data>
<Data Name="ExecutablePath"></Data>
<Data Name="UserSid">S-1-5-18</Data>
</EventData>
</Event>

<Event xmlns="http://schemas.microsoft.com/win/2004/08/events/event"><System><Provider Name="Service Control Manager" Guid="{555908d1-a6d7-4695-8e1e-26931d2012f4}" EventSourceName="Service Control Manager"></Provider>
<EventID Qualifiers="49152">7026</EventID>
<Version>0</Version>
<Level>4</Level>
<Task>0</Task>
<Opcode>0</Opcode>
<Keywords>0x8080000000000000</Keywords>
<TimeCreated SystemTime="2025-11-23 09:32:12.225336+00:00"></TimeCreated>
<EventRecordID>397</EventRecordID>
<Correlation ActivityID="" RelatedActivityID=""></Correlation>
<Execution ProcessID="828" ThreadID="832"></Execution>
<Channel>System</Channel>
<Computer>WIN-QCM4OJM0UCK</Computer>
<Security UserID=""></Security>
</System>
<EventData><Data Name="param1">
dam
uiomap</Data>
</EventData>
</Event>

<Event xmlns="http://schemas.microsoft.com/win/2004/08/events/event"><System><Provider Name="Service Control Manager" Guid="{555908d1-a6d7-4695-8e1e-26931d2012f4}" EventSourceName="Service Control Manager"></Provider>
<EventID Qualifiers="16384">7040</EventID>
<Version>0</Version>
<Level>4</Level>
<Task>0</Task>
<Opcode>0</Opcode>
<Keywords>0x8080000000000000</Keywords>
<TimeCreated SystemTime="2025-11-23 09:32:12.771290+00:00"></TimeCreated>
<EventRecordID>398</EventRecordID>
<Correlation ActivityID="" RelatedActivityID=""></Correlation>
<Execution ProcessID="828" ThreadID="3952"></Execution>
<Channel>System</Channel>
<Computer>WIN-QCM4OJM0UCK</Computer>
<Security UserID="S-1-5-18"></Security>
</System>
<EventData><Data Name="param1">Windows Modules Installer</Data>
<Data Name="param2">auto start</Data>
<Data Name="param3">demand start</Data>
<Data Name="param4">TrustedInstaller</Data>
</EventData>
</Event>

<Event xmlns="http://schemas.microsoft.com/win/2004/08/events/event"><System><Provider Name="Microsoft-Windows-Winlogon" Guid="{dbe9b383-7cf3-4331-91cc-a3cb16a3b538}"></Provider>
<EventID Qualifiers="">7001</EventID>
<Version>0</Version>
<Level>4</Level>
<Task>1101</Task>
<Opcode>0</Opcode>
<Keywords>0x2000200000000000</Keywords>
<TimeCreated SystemTime="2025-11-23 09:32:12.864059+00:00"></TimeCreated>
<EventRecordID>399</EventRecordID>
<Correlation ActivityID="" RelatedActivityID=""></Correlation>
<Execution ProcessID="752" ThreadID="1100"></Execution>
<Channel>System</Channel>
<Computer>WIN-QCM4OJM0UCK</Computer>
<Security UserID="S-1-5-18"></Security>
</System>
<EventData><Data Name="TSId">1</Data>
<Data Name="UserSid">S-1-5-21-3406557415-3785955325-3440082762-1000</Data>
</EventData>
</Event>

<Event xmlns="http://schemas.microsoft.com/win/2004/08/events/event"><System><Provider Name="TPM" Guid="{1b6b0772-251b-4d42-917d-faca166bc059}"></Provider>
<EventID Qualifiers="">18</EventID>
<Version>0</Version>
<Level>4</Level>
<Task>0</Task>
<Opcode>0</Opcode>
<Keywords>0x8000000000000000</Keywords>
<TimeCreated SystemTime="2025-11-23 09:32:16.741846+00:00"></TimeCreated>
<EventRecordID>400</EventRecordID>
<Correlation ActivityID="" RelatedActivityID=""></Correlation>
<Execution ProcessID="4" ThreadID="288"></Execution>
<Channel>System</Channel>
<Computer>WIN-QCM4OJM0UCK</Computer>
<Security UserID="S-1-5-18"></Security>
</System>
<EventData><Data Name="driverFile">0x00000014</Data>
<Data Name="lineNumber">217</Data>
<Data Name="Data">0</Data>
</EventData>
</Event>

<Event xmlns="http://schemas.microsoft.com/win/2004/08/events/event"><System><Provider Name="Microsoft-Windows-Kernel-General" Guid="{a68ca8b7-004f-d7b6-a698-07e2de0f1f5d}"></Provider>
<EventID Qualifiers="">16</EventID>
<Version>0</Version>
<Level>4</Level>
<Task>0</Task>
<Opcode>0</Opcode>
<Keywords>0x8000000000000000</Keywords>
<TimeCreated SystemTime="2025-11-23 09:32:17.074928+00:00"></TimeCreated>
<EventRecordID>401</EventRecordID>
<Correlation ActivityID="" RelatedActivityID=""></Correlation>
<Execution ProcessID="5552" ThreadID="5612"></Execution>
<Channel>System</Channel>
<Computer>WIN-QCM4OJM0UCK</Computer>
<Security UserID="S-1-5-18"></Security>
</System>
<EventData><Data Name="HiveNameLength">122</Data>
<Data Name="HiveName">\??\C:\Users\defaultuser0\AppData\Local\Packages\MicrosoftWindows.Client.WebExperience_cw5n1h2txyewy\Settings\settings.dat</Data>
<Data Name="KeysUpdated">3</Data>
<Data Name="DirtyPages">1</Data>
</EventData>
</Event>

<Event xmlns="http://schemas.microsoft.com/win/2004/08/events/event"><System><Provider Name="Microsoft-Windows-TPM-WMI" Guid="{7d5387b0-cbe0-11da-a94d-0800200c9a66}"></Provider>
<EventID Qualifiers="">1041</EventID>
<Version>0</Version>
<Level>4</Level>
<Task>0</Task>
<Opcode>0</Opcode>
<Keywords>0x8000000000000000</Keywords>
<TimeCreated SystemTime="2025-11-23 09:32:17.632965+00:00"></TimeCreated>
<EventRecordID>402</EventRecordID>
<Correlation ActivityID="" RelatedActivityID=""></Correlation>
<Execution ProcessID="2612" ThreadID="3720"></Execution>
<Channel>System</Channel>
<Computer>WIN-QCM4OJM0UCK</Computer>
<Security UserID="S-1-5-18"></Security>
</System>
<EventData><Data Name="Json">{"Version":1,"HealthStatus":"Attestable","Required":[{"Field":"TpmPresent","Value":true,"DesiredValue":true},{"Field":"TpmMeetsMinimumVersion","Value":true,"DesiredValue":true},{"Field":"TpmIsResponsive","Value":true,"DesiredValue":true},{"Field":"EkCertIsAvailable","Value":true,"DesiredValue":true},{"Field":"TcgLogFound","Value":true,"DesiredValue":true}],"Expected":[{"Field":"PcrsMatchTcgLog","Value":true,"DesiredValue":true}],"Informational":[{"Field":"SecureBootEnabled","ValueFromComputer":true,"ValueFromTcgLog":true,"DesiredValue":true,"TcgValueIsVerifiable":true},{"Field":"VirtualSecureMemory","ValueFromComputer":false,"ValueFromTcgLog":false,"DesiredValue":true,"TcgValueIsVerifiable":true},{"Field":"SecureCorePCCompliant","ValueFromComputer":false,"ValueFromTcgLog":false,"DesiredValue":true,"TcgValueIsVerifiable":true}]}</Data>
</EventData>
</Event>

<Event xmlns="http://schemas.microsoft.com/win/2004/08/events/event"><System><Provider Name="Microsoft-Windows-TPM-WMI" Guid="{7d5387b0-cbe0-11da-a94d-0800200c9a66}"></Provider>
<EventID Qualifiers="">1038</EventID>
<Version>0</Version>
<Level>4</Level>
<Task>0</Task>
<Opcode>0</Opcode>
<Keywords>0x8000000000000000</Keywords>
<TimeCreated SystemTime="2025-11-23 09:32:17.633381+00:00"></TimeCreated>
<EventRecordID>403</EventRecordID>
<Correlation ActivityID="" RelatedActivityID=""></Correlation>
<Execution ProcessID="2612" ThreadID="3720"></Execution>
<Channel>System</Channel>
<Computer>WIN-QCM4OJM0UCK</Computer>
<Security UserID="S-1-5-18"></Security>
</System>
<EventData><Data Name="Path">C:\WINDOWS\Logs\MeasuredBoot\0000000003-0000000000.json</Data>
</EventData>
</Event>

<Event xmlns="http://schemas.microsoft.com/win/2004/08/events/event"><System><Provider Name="TPM" Guid="{1b6b0772-251b-4d42-917d-faca166bc059}"></Provider>
<EventID Qualifiers="">15</EventID>
<Version>0</Version>
<Level>2</Level>
<Task>0</Task>
<Opcode>0</Opcode>
<Keywords>0x8000000000000000</Keywords>
<TimeCreated SystemTime="2025-11-23 09:32:21.773523+00:00"></TimeCreated>
<EventRecordID>404</EventRecordID>
<Correlation ActivityID="" RelatedActivityID=""></Correlation>
<Execution ProcessID="2612" ThreadID="6520"></Execution>
<Channel>System</Channel>
<Computer>WIN-QCM4OJM0UCK</Computer>
<Security UserID="S-1-5-18"></Security>
</System>
<EventData><Data Name="driverFile">0x00000002</Data>
<Data Name="lineNumber">369</Data>
<Data Name="Data">3221225524</Data>
</EventData>
</Event>

<Event xmlns="http://schemas.microsoft.com/win/2004/08/events/event"><System><Provider Name="TPM" Guid="{1b6b0772-251b-4d42-917d-faca166bc059}"></Provider>
<EventID Qualifiers="">15</EventID>
<Version>0</Version>
<Level>2</Level>
<Task>0</Task>
<Opcode>0</Opcode>
<Keywords>0x8000000000000000</Keywords>
<TimeCreated SystemTime="2025-11-23 09:32:21.773666+00:00"></TimeCreated>
<EventRecordID>405</EventRecordID>
<Correlation ActivityID="" RelatedActivityID=""></Correlation>
<Execution ProcessID="2612" ThreadID="6520"></Execution>
<Channel>System</Channel>
<Computer>WIN-QCM4OJM0UCK</Computer>
<Security UserID="S-1-5-18"></Security>
</System>
<EventData><Data Name="driverFile">0x00000002</Data>
<Data Name="lineNumber">369</Data>
<Data Name="Data">3221225524</Data>
</EventData>
</Event>

<Event xmlns="http://schemas.microsoft.com/win/2004/08/events/event"><System><Provider Name="TPM" Guid="{1b6b0772-251b-4d42-917d-faca166bc059}"></Provider>
<EventID Qualifiers="">15</EventID>
<Version>0</Version>
<Level>2</Level>
<Task>0</Task>
<Opcode>0</Opcode>
<Keywords>0x8000000000000000</Keywords>
<TimeCreated SystemTime="2025-11-23 09:32:21.807003+00:00"></TimeCreated>
<EventRecordID>406</EventRecordID>
<Correlation ActivityID="" RelatedActivityID=""></Correlation>
<Execution ProcessID="2612" ThreadID="6520"></Execution>
<Channel>System</Channel>
<Computer>WIN-QCM4OJM0UCK</Computer>
<Security UserID="S-1-5-18"></Security>
</System>
<EventData><Data Name="driverFile">0x00000002</Data>
<Data Name="lineNumber">369</Data>
<Data Name="Data">3221225524</Data>
</EventData>
</Event>

<Event xmlns="http://schemas.microsoft.com/win/2004/08/events/event"><System><Provider Name="TPM" Guid="{1b6b0772-251b-4d42-917d-faca166bc059}"></Provider>
<EventID Qualifiers="">15</EventID>
<Version>0</Version>
<Level>2</Level>
<Task>0</Task>
<Opcode>0</Opcode>
<Keywords>0x8000000000000000</Keywords>
<TimeCreated SystemTime="2025-11-23 09:32:21.808416+00:00"></TimeCreated>
<EventRecordID>407</EventRecordID>
<Correlation ActivityID="" RelatedActivityID=""></Correlation>
<Execution ProcessID="2612" ThreadID="6520"></Execution>
<Channel>System</Channel>
<Computer>WIN-QCM4OJM0UCK</Computer>
<Security UserID="S-1-5-18"></Security>
</System>
<EventData><Data Name="driverFile">0x00000002</Data>
<Data Name="lineNumber">369</Data>
<Data Name="Data">3221225524</Data>
</EventData>
</Event>

<Event xmlns="http://schemas.microsoft.com/win/2004/08/events/event"><System><Provider Name="Microsoft-Windows-TPM-WMI" Guid="{7d5387b0-cbe0-11da-a94d-0800200c9a66}"></Provider>
<EventID Qualifiers="">1282</EventID>
<Version>0</Version>
<Level>4</Level>
<Task>0</Task>
<Opcode>0</Opcode>
<Keywords>0x8000000000000000</Keywords>
<TimeCreated SystemTime="2025-11-23 09:32:21.862940+00:00"></TimeCreated>
<EventRecordID>408</EventRecordID>
<Correlation ActivityID="" RelatedActivityID=""></Correlation>
<Execution ProcessID="2612" ThreadID="6520"></Execution>
<Channel>System</Channel>
<Computer>WIN-QCM4OJM0UCK</Computer>
<Security UserID="S-1-5-18"></Security>
</System>
<EventData></EventData>
</Event>

<Event xmlns="http://schemas.microsoft.com/win/2004/08/events/event"><System><Provider Name="Microsoft-Windows-TPM-WMI" Guid="{7d5387b0-cbe0-11da-a94d-0800200c9a66}"></Provider>
<EventID Qualifiers="">1025</EventID>
<Version>0</Version>
<Level>4</Level>
<Task>0</Task>
<Opcode>0</Opcode>
<Keywords>0x8000000000000000</Keywords>
<TimeCreated SystemTime="2025-11-23 09:32:21.920706+00:00"></TimeCreated>
<EventRecordID>409</EventRecordID>
<Correlation ActivityID="" RelatedActivityID=""></Correlation>
<Execution ProcessID="2612" ThreadID="6520"></Execution>
<Channel>System</Channel>
<Computer>WIN-QCM4OJM0UCK</Computer>
<Security UserID="S-1-5-18"></Security>
</System>
<EventData></EventData>
</Event>

<Event xmlns="http://schemas.microsoft.com/win/2004/08/events/event"><System><Provider Name="TPM" Guid="{1b6b0772-251b-4d42-917d-faca166bc059}"></Provider>
<EventID Qualifiers="">15</EventID>
<Version>0</Version>
<Level>2</Level>
<Task>0</Task>
<Opcode>0</Opcode>
<Keywords>0x8000000000000000</Keywords>
<TimeCreated SystemTime="2025-11-23 09:32:21.922113+00:00"></TimeCreated>
<EventRecordID>410</EventRecordID>
<Correlation ActivityID="" RelatedActivityID=""></Correlation>
<Execution ProcessID="2612" ThreadID="6520"></Execution>
<Channel>System</Channel>
<Computer>WIN-QCM4OJM0UCK</Computer>
<Security UserID="S-1-5-18"></Security>
</System>
<EventData><Data Name="driverFile">0x00000002</Data>
<Data Name="lineNumber">369</Data>
<Data Name="Data">3221225524</Data>
</EventData>
</Event>

<Event xmlns="http://schemas.microsoft.com/win/2004/08/events/event"><System><Provider Name="TPM" Guid="{1b6b0772-251b-4d42-917d-faca166bc059}"></Provider>
<EventID Qualifiers="">15</EventID>
<Version>0</Version>
<Level>2</Level>
<Task>0</Task>
<Opcode>0</Opcode>
<Keywords>0x8000000000000000</Keywords>
<TimeCreated SystemTime="2025-11-23 09:32:21.922251+00:00"></TimeCreated>
<EventRecordID>411</EventRecordID>
<Correlation ActivityID="" RelatedActivityID=""></Correlation>
<Execution ProcessID="2612" ThreadID="6520"></Execution>
<Channel>System</Channel>
<Computer>WIN-QCM4OJM0UCK</Computer>
<Security UserID="S-1-5-18"></Security>
</System>
<EventData><Data Name="driverFile">0x00000002</Data>
<Data Name="lineNumber">369</Data>
<Data Name="Data">3221225524</Data>
</EventData>
</Event>

<Event xmlns="http://schemas.microsoft.com/win/2004/08/events/event"><System><Provider Name="Microsoft-Windows-WindowsUpdateClient" Guid="{945a8954-c147-4acd-923f-40c45405a658}"></Provider>
<EventID Qualifiers="">19</EventID>
<Version>1</Version>
<Level>4</Level>
<Task>1</Task>
<Opcode>13</Opcode>
<Keywords>0x8000000000000018</Keywords>
<TimeCreated SystemTime="2025-11-23 09:32:25.554365+00:00"></TimeCreated>
<EventRecordID>412</EventRecordID>
<Correlation ActivityID="" RelatedActivityID=""></Correlation>
<Execution ProcessID="7544" ThreadID="7884"></Execution>
<Channel>System</Channel>
<Computer>WIN-QCM4OJM0UCK</Computer>
<Security UserID="S-1-5-18"></Security>
</System>
<EventData><Data Name="updateTitle">2025-11 Update for Windows 11, Version 25H2 for ARM64-based Systems (KB5071430)</Data>
<Data Name="updateGuid">{8ae227f2-aa93-49b0-a747-35e67f29ebff}</Data>
<Data Name="updateRevisionNumber">202</Data>
<Data Name="serviceGuid">{9482f4b4-e343-43b6-b170-9a65bc822c77}</Data>
</EventData>
</Event>

<Event xmlns="http://schemas.microsoft.com/win/2004/08/events/event"><System><Provider Name="Microsoft-Windows-BitLocker-Driver" Guid="{651df93b-5053-4d1e-94c5-f6e6d25908d0}"></Provider>
<EventID Qualifiers="">24664</EventID>
<Version>0</Version>
<Level>4</Level>
<Task>0</Task>
<Opcode>0</Opcode>
<Keywords>0x8000000000000000</Keywords>
<TimeCreated SystemTime="2025-11-23 09:33:06.199631+00:00"></TimeCreated>
<EventRecordID>413</EventRecordID>
<Correlation ActivityID="" RelatedActivityID=""></Correlation>
<Execution ProcessID="4" ThreadID="476"></Execution>
<Channel>System</Channel>
<Computer>WIN-QCM4OJM0UCK</Computer>
<Security UserID="S-1-5-18"></Security>
</System>
<EventData><Data Name="ErrorCode">0x00000000</Data>
<Data Name="Volume">C:</Data>
<Data Name="WritePhase">0x00000000</Data>
</EventData>
</Event>

<Event xmlns="http://schemas.microsoft.com/win/2004/08/events/event"><System><Provider Name="Microsoft-Windows-BitLocker-Driver" Guid="{651df93b-5053-4d1e-94c5-f6e6d25908d0}"></Provider>
<EventID Qualifiers="">24665</EventID>
<Version>0</Version>
<Level>4</Level>
<Task>0</Task>
<Opcode>0</Opcode>
<Keywords>0x8000000000000000</Keywords>
<TimeCreated SystemTime="2025-11-23 09:33:06.199638+00:00"></TimeCreated>
<EventRecordID>414</EventRecordID>
<Correlation ActivityID="" RelatedActivityID=""></Correlation>
<Execution ProcessID="4" ThreadID="476"></Execution>
<Channel>System</Channel>
<Computer>WIN-QCM4OJM0UCK</Computer>
<Security UserID="S-1-5-18"></Security>
</System>
<EventData><Data Name="ErrorCode">0x00000000</Data>
<Data Name="Volume">C:</Data>
<Data Name="WritePhase">0x00000000</Data>
</EventData>
</Event>

<Event xmlns="http://schemas.microsoft.com/win/2004/08/events/event"><System><Provider Name="Microsoft-Windows-BitLocker-Driver" Guid="{651df93b-5053-4d1e-94c5-f6e6d25908d0}"></Provider>
<EventID Qualifiers="">24666</EventID>
<Version>0</Version>
<Level>4</Level>
<Task>0</Task>
<Opcode>0</Opcode>
<Keywords>0x8000000000000000</Keywords>
<TimeCreated SystemTime="2025-11-23 09:33:06.199648+00:00"></TimeCreated>
<EventRecordID>415</EventRecordID>
<Correlation ActivityID="" RelatedActivityID=""></Correlation>
<Execution ProcessID="4" ThreadID="476"></Execution>
<Channel>System</Channel>
<Computer>WIN-QCM4OJM0UCK</Computer>
<Security UserID="S-1-5-18"></Security>
</System>
<EventData><Data Name="ErrorCode">0x00000000</Data>
<Data Name="Volume">C:</Data>
<Data Name="WritePhase">0x00000000</Data>
</EventData>
</Event>

<Event xmlns="http://schemas.microsoft.com/win/2004/08/events/event"><System><Provider Name="Microsoft-Windows-BitLocker-Driver" Guid="{651df93b-5053-4d1e-94c5-f6e6d25908d0}"></Provider>
<EventID Qualifiers="">24665</EventID>
<Version>0</Version>
<Level>4</Level>
<Task>0</Task>
<Opcode>0</Opcode>
<Keywords>0x8000000000000000</Keywords>
<TimeCreated SystemTime="2025-11-23 09:33:06.199745+00:00"></TimeCreated>
<EventRecordID>416</EventRecordID>
<Correlation ActivityID="" RelatedActivityID=""></Correlation>
<Execution ProcessID="4" ThreadID="476"></Execution>
<Channel>System</Channel>
<Computer>WIN-QCM4OJM0UCK</Computer>
<Security UserID="S-1-5-18"></Security>
</System>
<EventData><Data Name="ErrorCode">0x00000000</Data>
<Data Name="Volume">C:</Data>
<Data Name="WritePhase">0x00000000</Data>
</EventData>
</Event>

<Event xmlns="http://schemas.microsoft.com/win/2004/08/events/event"><System><Provider Name="Microsoft-Windows-WindowsUpdateClient" Guid="{945a8954-c147-4acd-923f-40c45405a658}"></Provider>
<EventID Qualifiers="">44</EventID>
<Version>1</Version>
<Level>4</Level>
<Task>1</Task>
<Opcode>12</Opcode>
<Keywords>0x8000000000002004</Keywords>
<TimeCreated SystemTime="2025-11-23 09:33:28.639862+00:00"></TimeCreated>
<EventRecordID>417</EventRecordID>
<Correlation ActivityID="" RelatedActivityID=""></Correlation>
<Execution ProcessID="7544" ThreadID="7884"></Execution>
<Channel>System</Channel>
<Computer>WIN-QCM4OJM0UCK</Computer>
<Security UserID="S-1-5-18"></Security>
</System>
<EventData><Data Name="updateTitle">2025-11 Security Update (KB5068861) (26200.7171)</Data>
<Data Name="updateGuid">{7a485cff-07cb-4c9f-a5b7-a0806e3ee9fd}</Data>
<Data Name="updateRevisionNumber">1</Data>
</EventData>
</Event>

<Event xmlns="http://schemas.microsoft.com/win/2004/08/events/event"><System><Provider Name="Microsoft-Windows-Kernel-General" Guid="{a68ca8b7-004f-d7b6-a698-07e2de0f1f5d}"></Provider>
<EventID Qualifiers="">16</EventID>
<Version>0</Version>
<Level>4</Level>
<Task>0</Task>
<Opcode>0</Opcode>
<Keywords>0x8000000000000000</Keywords>
<TimeCreated SystemTime="2025-11-23 09:34:26.556065+00:00"></TimeCreated>
<EventRecordID>418</EventRecordID>
<Correlation ActivityID="" RelatedActivityID=""></Correlation>
<Execution ProcessID="3748" ThreadID="5024"></Execution>
<Channel>System</Channel>
<Computer>WIN-QCM4OJM0UCK</Computer>
<Security UserID="S-1-5-18"></Security>
</System>
<EventData><Data Name="HiveNameLength">140</Data>
<Data Name="HiveName">\??\C:\ProgramData\Microsoft\Windows\AppRepository\Packages\Microsoft.StartExperiencesApp_1.1.200.0_arm64__8wekyb3d8bbwe\ActivationStore.dat</Data>
<Data Name="KeysUpdated">0</Data>
<Data Name="DirtyPages">0</Data>
</EventData>
</Event>

<Event xmlns="http://schemas.microsoft.com/win/2004/08/events/event"><System><Provider Name="Service Control Manager" Guid="{555908d1-a6d7-4695-8e1e-26931d2012f4}" EventSourceName="Service Control Manager"></Provider>
<EventID Qualifiers="16384">7040</EventID>
<Version>0</Version>
<Level>4</Level>
<Task>0</Task>
<Opcode>0</Opcode>
<Keywords>0x8080000000000000</Keywords>
<TimeCreated SystemTime="2025-11-23 09:34:48.590336+00:00"></TimeCreated>
<EventRecordID>419</EventRecordID>
<Correlation ActivityID="" RelatedActivityID=""></Correlation>
<Execution ProcessID="828" ThreadID="3284"></Execution>
<Channel>System</Channel>
<Computer>WIN-QCM4OJM0UCK</Computer>
<Security UserID="S-1-5-18"></Security>
</System>
<EventData><Data Name="param1">Windows Modules Installer</Data>
<Data Name="param2">demand start</Data>
<Data Name="param3">auto start</Data>
<Data Name="param4">TrustedInstaller</Data>
</EventData>
</Event>

<Event xmlns="http://schemas.microsoft.com/win/2004/08/events/event"><System><Provider Name="Service Control Manager" Guid="{555908d1-a6d7-4695-8e1e-26931d2012f4}" EventSourceName="Service Control Manager"></Provider>
<EventID Qualifiers="16384">7040</EventID>
<Version>0</Version>
<Level>4</Level>
<Task>0</Task>
<Opcode>0</Opcode>
<Keywords>0x8080000000000000</Keywords>
<TimeCreated SystemTime="2025-11-23 09:34:51.315792+00:00"></TimeCreated>
<EventRecordID>420</EventRecordID>
<Correlation ActivityID="" RelatedActivityID=""></Correlation>
<Execution ProcessID="828" ThreadID="936"></Execution>
<Channel>System</Channel>
<Computer>WIN-QCM4OJM0UCK</Computer>
<Security UserID="S-1-5-18"></Security>
</System>
<EventData><Data Name="param1">Windows Modules Installer</Data>
<Data Name="param2">auto start</Data>
<Data Name="param3">demand start</Data>
<Data Name="param4">TrustedInstaller</Data>
</EventData>
</Event>

<Event xmlns="http://schemas.microsoft.com/win/2004/08/events/event"><System><Provider Name="Service Control Manager" Guid="{555908d1-a6d7-4695-8e1e-26931d2012f4}" EventSourceName="Service Control Manager"></Provider>
<EventID Qualifiers="16384">7040</EventID>
<Version>0</Version>
<Level>4</Level>
<Task>0</Task>
<Opcode>0</Opcode>
<Keywords>0x8080000000000000</Keywords>
<TimeCreated SystemTime="2025-11-23 09:36:16.704031+00:00"></TimeCreated>
<EventRecordID>421</EventRecordID>
<Correlation ActivityID="" RelatedActivityID=""></Correlation>
<Execution ProcessID="828" ThreadID="3284"></Execution>
<Channel>System</Channel>
<Computer>WIN-QCM4OJM0UCK</Computer>
<Security UserID="S-1-5-18"></Security>
</System>
<EventData><Data Name="param1">Background Intelligent Transfer Service</Data>
<Data Name="param2">auto start</Data>
<Data Name="param3">demand start</Data>
<Data Name="param4">BITS</Data>
</EventData>
</Event>

<Event xmlns="http://schemas.microsoft.com/win/2004/08/events/event"><System><Provider Name="Microsoft-Windows-TPM-WMI" Guid="{7d5387b0-cbe0-11da-a94d-0800200c9a66}"></Provider>
<EventID Qualifiers="">1034</EventID>
<Version>0</Version>
<Level>4</Level>
<Task>0</Task>
<Opcode>0</Opcode>
<Keywords>0x8000000000000000</Keywords>
<TimeCreated SystemTime="2025-11-23 09:37:11.561907+00:00"></TimeCreated>
<EventRecordID>422</EventRecordID>
<Correlation ActivityID="" RelatedActivityID=""></Correlation>
<Execution ProcessID="2612" ThreadID="4416"></Execution>
<Channel>System</Channel>
<Computer>WIN-QCM4OJM0UCK</Computer>
<Security UserID="S-1-5-18"></Security>
</System>
<EventData></EventData>
</Event>

<Event xmlns="http://schemas.microsoft.com/win/2004/08/events/event"><System><Provider Name="Microsoft-Windows-BitLocker-Driver" Guid="{651df93b-5053-4d1e-94c5-f6e6d25908d0}"></Provider>
<EventID Qualifiers="">24666</EventID>
<Version>0</Version>
<Level>4</Level>
<Task>0</Task>
<Opcode>0</Opcode>
<Keywords>0x8000000000000000</Keywords>
<TimeCreated SystemTime="2025-11-23 09:38:52.650999+00:00"></TimeCreated>
<EventRecordID>423</EventRecordID>
<Correlation ActivityID="" RelatedActivityID=""></Correlation>
<Execution ProcessID="4" ThreadID="68"></Execution>
<Channel>System</Channel>
<Computer>WIN-QCM4OJM0UCK</Computer>
<Security UserID="S-1-5-18"></Security>
</System>
<EventData><Data Name="ErrorCode">0x00000000</Data>
<Data Name="Volume">C:</Data>
<Data Name="WritePhase">0x00000000</Data>
</EventData>
</Event>

<Event xmlns="http://schemas.microsoft.com/win/2004/08/events/event"><System><Provider Name="Microsoft-Windows-BitLocker-Driver" Guid="{651df93b-5053-4d1e-94c5-f6e6d25908d0}"></Provider>
<EventID Qualifiers="">24665</EventID>
<Version>0</Version>
<Level>4</Level>
<Task>0</Task>
<Opcode>0</Opcode>
<Keywords>0x8000000000000000</Keywords>
<TimeCreated SystemTime="2025-11-23 09:38:55.148581+00:00"></TimeCreated>
<EventRecordID>424</EventRecordID>
<Correlation ActivityID="" RelatedActivityID=""></Correlation>
<Execution ProcessID="4" ThreadID="2332"></Execution>
<Channel>System</Channel>
<Computer>WIN-QCM4OJM0UCK</Computer>
<Security UserID="S-1-5-18"></Security>
</System>
<EventData><Data Name="ErrorCode">0x00000000</Data>
<Data Name="Volume">C:</Data>
<Data Name="WritePhase">0x00000000</Data>
</EventData>
</Event>

<Event xmlns="http://schemas.microsoft.com/win/2004/08/events/event"><System><Provider Name="Microsoft-Windows-BitLocker-Driver" Guid="{651df93b-5053-4d1e-94c5-f6e6d25908d0}"></Provider>
<EventID Qualifiers="">24667</EventID>
<Version>0</Version>
<Level>4</Level>
<Task>0</Task>
<Opcode>0</Opcode>
<Keywords>0x8000000000000000</Keywords>
<TimeCreated SystemTime="2025-11-23 09:38:55.150015+00:00"></TimeCreated>
<EventRecordID>425</EventRecordID>
<Correlation ActivityID="" RelatedActivityID=""></Correlation>
<Execution ProcessID="4" ThreadID="2332"></Execution>
<Channel>System</Channel>
<Computer>WIN-QCM4OJM0UCK</Computer>
<Security UserID="S-1-5-18"></Security>
</System>
<EventData><Data Name="ErrorCode">0x00000000</Data>
<Data Name="Volume">C:</Data>
<Data Name="WritePhase">0x00000000</Data>
</EventData>
</Event>

<Event xmlns="http://schemas.microsoft.com/win/2004/08/events/event"><System><Provider Name="Microsoft-Windows-WindowsUpdateClient" Guid="{945a8954-c147-4acd-923f-40c45405a658}"></Provider>
<EventID Qualifiers="">43</EventID>
<Version>1</Version>
<Level>4</Level>
<Task>1</Task>
<Opcode>13</Opcode>
<Keywords>0x8000000000002008</Keywords>
<TimeCreated SystemTime="2025-11-23 09:41:15.601347+00:00"></TimeCreated>
<EventRecordID>426</EventRecordID>
<Correlation ActivityID="" RelatedActivityID=""></Correlation>
<Execution ProcessID="7544" ThreadID="7668"></Execution>
<Channel>System</Channel>
<Computer>WIN-QCM4OJM0UCK</Computer>
<Security UserID="S-1-5-18"></Security>
</System>
<EventData><Data Name="updateTitle">2025-11 Security Update (KB5068861) (26200.7171)</Data>
<Data Name="updateGuid">{7a485cff-07cb-4c9f-a5b7-a0806e3ee9fd}</Data>
<Data Name="updateRevisionNumber">1</Data>
</EventData>
</Event>

<Event xmlns="http://schemas.microsoft.com/win/2004/08/events/event"><System><Provider Name="Virtual Disk Service"></Provider>
<EventID Qualifiers="16896">3</EventID>
<Version>0</Version>
<Level>4</Level>
<Task>0</Task>
<Opcode>0</Opcode>
<Keywords>0x0080000000000000</Keywords>
<TimeCreated SystemTime="2025-11-23 09:41:23.403727+00:00"></TimeCreated>
<EventRecordID>427</EventRecordID>
<Correlation ActivityID="" RelatedActivityID=""></Correlation>
<Execution ProcessID="1320" ThreadID="0"></Execution>
<Channel>System</Channel>
<Computer>WIN-QCM4OJM0UCK</Computer>
<Security UserID=""></Security>
</System>
<EventData><Data>&lt;string&gt;@2010005&lt;/string&gt;
</Data>
<Binary></Binary>
</EventData>
</Event>

<Event xmlns="http://schemas.microsoft.com/win/2004/08/events/event"><System><Provider Name="Microsoft-Windows-WinREAgent" Guid="{1f7a6c55-5532-573b-35b7-2107e43a6ef5}"></Provider>
<EventID Qualifiers="">4500</EventID>
<Version>0</Version>
<Level>4</Level>
<Task>0</Task>
<Opcode>0</Opcode>
<Keywords>0x8000000000000000</Keywords>
<TimeCreated SystemTime="2025-11-23 09:41:24.655554+00:00"></TimeCreated>
<EventRecordID>428</EventRecordID>
<Correlation ActivityID="" RelatedActivityID=""></Correlation>
<Execution ProcessID="8048" ThreadID="4932"></Execution>
<Channel>System</Channel>
<Computer>WIN-QCM4OJM0UCK</Computer>
<Security UserID="S-1-5-18"></Security>
</System>
<EventData></EventData>
</Event>

<Event xmlns="http://schemas.microsoft.com/win/2004/08/events/event"><System><Provider Name="Microsoft-Windows-FilterManager" Guid="{f3c5e28e-63f6-49c7-a204-e48a1bc4b09d}"></Provider>
<EventID Qualifiers="">6</EventID>
<Version>0</Version>
<Level>4</Level>
<Task>0</Task>
<Opcode>0</Opcode>
<Keywords>0x8000000000000000</Keywords>
<TimeCreated SystemTime="2025-11-23 09:41:25.376062+00:00"></TimeCreated>
<EventRecordID>429</EventRecordID>
<Correlation ActivityID="" RelatedActivityID=""></Correlation>
<Execution ProcessID="4" ThreadID="408"></Execution>
<Channel>System</Channel>
<Computer>WIN-QCM4OJM0UCK</Computer>
<Security UserID="S-1-5-18"></Security>
</System>
<EventData><Data Name="FinalStatus">0x00000000</Data>
<Data Name="DeviceVersionMajor">10</Data>
<Data Name="DeviceVersionMinor">0</Data>
<Data Name="DeviceNameLength">8</Data>
<Data Name="DeviceName">WIMMount</Data>
<Data Name="DeviceTime">2019-11-02 10:04:56+00:00</Data>
</EventData>
</Event>

<Event xmlns="http://schemas.microsoft.com/win/2004/08/events/event"><System><Provider Name="Microsoft-Windows-Kernel-General" Guid="{a68ca8b7-004f-d7b6-a698-07e2de0f1f5d}"></Provider>
<EventID Qualifiers="">16</EventID>
<Version>0</Version>
<Level>4</Level>
<Task>0</Task>
<Opcode>0</Opcode>
<Keywords>0x8000000000000000</Keywords>
<TimeCreated SystemTime="2025-11-23 09:41:31.658791+00:00"></TimeCreated>
<EventRecordID>430</EventRecordID>
<Correlation ActivityID="" RelatedActivityID=""></Correlation>
<Execution ProcessID="4648" ThreadID="3288"></Execution>
<Channel>System</Channel>
<Computer>WIN-QCM4OJM0UCK</Computer>
<Security UserID="S-1-5-18"></Security>
</System>
<EventData><Data Name="HiveNameLength">65</Data>
<Data Name="HiveName">\??\C:\$WinREAgent\Scratch\Mount\Windows\System32\config\SECURITY</Data>
<Data Name="KeysUpdated">1</Data>
<Data Name="DirtyPages">1</Data>
</EventData>
</Event>

<Event xmlns="http://schemas.microsoft.com/win/2004/08/events/event"><System><Provider Name="Microsoft-Windows-Kernel-General" Guid="{a68ca8b7-004f-d7b6-a698-07e2de0f1f5d}"></Provider>
<EventID Qualifiers="">16</EventID>
<Version>0</Version>
<Level>4</Level>
<Task>0</Task>
<Opcode>0</Opcode>
<Keywords>0x8000000000000000</Keywords>
<TimeCreated SystemTime="2025-11-23 09:41:31.668535+00:00"></TimeCreated>
<EventRecordID>431</EventRecordID>
<Correlation ActivityID="" RelatedActivityID=""></Correlation>
<Execution ProcessID="4648" ThreadID="3288"></Execution>
<Channel>System</Channel>
<Computer>WIN-QCM4OJM0UCK</Computer>
<Security UserID="S-1-5-18"></Security>
</System>
<EventData><Data Name="HiveNameLength">60</Data>
<Data Name="HiveName">\??\C:\$WinREAgent\Scratch\Mount\Windows\System32\config\SAM</Data>
<Data Name="KeysUpdated">1</Data>
<Data Name="DirtyPages">1</Data>
</EventData>
</Event>

<Event xmlns="http://schemas.microsoft.com/win/2004/08/events/event"><System><Provider Name="Microsoft-Windows-Kernel-General" Guid="{a68ca8b7-004f-d7b6-a698-07e2de0f1f5d}"></Provider>
<EventID Qualifiers="">15</EventID>
<Version>0</Version>
<Level>4</Level>
<Task>10</Task>
<Opcode>0</Opcode>
<Keywords>0x8000000000000000</Keywords>
<TimeCreated SystemTime="2025-11-23 09:41:31.752556+00:00"></TimeCreated>
<EventRecordID>432</EventRecordID>
<Correlation ActivityID="" RelatedActivityID=""></Correlation>
<Execution ProcessID="4648" ThreadID="3288"></Execution>
<Channel>System</Channel>
<Computer>WIN-QCM4OJM0UCK</Computer>
<Security UserID="S-1-5-18"></Security>
</System>
<EventData><Data Name="HiveNameLength">67</Data>
<Data Name="HiveName">\??\C:\$WinREAgent\Scratch\Mount\Windows\System32\config\COMPONENTS</Data>
<Data Name="OriginalSize">7241728</Data>
<Data Name="NewSize">5857280</Data>
</EventData>
</Event>

<Event xmlns="http://schemas.microsoft.com/win/2004/08/events/event"><System><Provider Name="Microsoft-Windows-Kernel-General" Guid="{a68ca8b7-004f-d7b6-a698-07e2de0f1f5d}"></Provider>
<EventID Qualifiers="">16</EventID>
<Version>0</Version>
<Level>4</Level>
<Task>0</Task>
<Opcode>0</Opcode>
<Keywords>0x8000000000000000</Keywords>
<TimeCreated SystemTime="2025-11-23 09:41:31.773573+00:00"></TimeCreated>
<EventRecordID>433</EventRecordID>
<Correlation ActivityID="" RelatedActivityID=""></Correlation>
<Execution ProcessID="4648" ThreadID="3288"></Execution>
<Channel>System</Channel>
<Computer>WIN-QCM4OJM0UCK</Computer>
<Security UserID="S-1-5-18"></Security>
</System>
<EventData><Data Name="HiveNameLength">64</Data>
<Data Name="HiveName">\??\C:\$WinREAgent\Scratch\Mount\Windows\System32\config\DEFAULT</Data>
<Data Name="KeysUpdated">1</Data>
<Data Name="DirtyPages">1</Data>
</EventData>
</Event>

<Event xmlns="http://schemas.microsoft.com/win/2004/08/events/event"><System><Provider Name="Microsoft-Windows-Kernel-General" Guid="{a68ca8b7-004f-d7b6-a698-07e2de0f1f5d}"></Provider>
<EventID Qualifiers="">16</EventID>
<Version>0</Version>
<Level>4</Level>
<Task>0</Task>
<Opcode>0</Opcode>
<Keywords>0x8000000000000000</Keywords>
<TimeCreated SystemTime="2025-11-23 09:41:31.782352+00:00"></TimeCreated>
<EventRecordID>434</EventRecordID>
<Correlation ActivityID="" RelatedActivityID=""></Correlation>
<Execution ProcessID="4648" ThreadID="3288"></Execution>
<Channel>System</Channel>
<Computer>WIN-QCM4OJM0UCK</Computer>
<Security UserID="S-1-5-18"></Security>
</System>
<EventData><Data Name="HiveNameLength">57</Data>
<Data Name="HiveName">\??\C:\$WinREAgent\Scratch\Mount\Users\Default\ntuser.dat</Data>
<Data Name="KeysUpdated">1</Data>
<Data Name="DirtyPages">1</Data>
</EventData>
</Event>

<Event xmlns="http://schemas.microsoft.com/win/2004/08/events/event"><System><Provider Name="Microsoft-Windows-Kernel-General" Guid="{a68ca8b7-004f-d7b6-a698-07e2de0f1f5d}"></Provider>
<EventID Qualifiers="">16</EventID>
<Version>0</Version>
<Level>4</Level>
<Task>0</Task>
<Opcode>0</Opcode>
<Keywords>0x8000000000000000</Keywords>
<TimeCreated SystemTime="2025-11-23 09:41:31.815434+00:00"></TimeCreated>
<EventRecordID>435</EventRecordID>
<Correlation ActivityID="" RelatedActivityID=""></Correlation>
<Execution ProcessID="4648" ThreadID="3288"></Execution>
<Channel>System</Channel>
<Computer>WIN-QCM4OJM0UCK</Computer>
<Security UserID="S-1-5-18"></Security>
</System>
<EventData><Data Name="HiveNameLength">78</Data>
<Data Name="HiveName">\??\C:\$WinREAgent\Scratch\Mount\Windows\system32\smi\store\Machine\schema.dat</Data>
<Data Name="KeysUpdated">116</Data>
<Data Name="DirtyPages">29</Data>
</EventData>
</Event>

<Event xmlns="http://schemas.microsoft.com/win/2004/08/events/event"><System><Provider Name="Service Control Manager" Guid="{555908d1-a6d7-4695-8e1e-26931d2012f4}" EventSourceName="Service Control Manager"></Provider>
<EventID Qualifiers="16384">7040</EventID>
<Version>0</Version>
<Level>4</Level>
<Task>0</Task>
<Opcode>0</Opcode>
<Keywords>0x8080000000000000</Keywords>
<TimeCreated SystemTime="2025-11-23 09:42:20.298079+00:00"></TimeCreated>
<EventRecordID>436</EventRecordID>
<Correlation ActivityID="" RelatedActivityID=""></Correlation>
<Execution ProcessID="828" ThreadID="3284"></Execution>
<Channel>System</Channel>
<Computer>WIN-QCM4OJM0UCK</Computer>
<Security UserID="S-1-5-18"></Security>
</System>
<EventData><Data Name="param1">Windows Modules Installer</Data>
<Data Name="param2">demand start</Data>
<Data Name="param3">auto start</Data>
<Data Name="param4">TrustedInstaller</Data>
</EventData>
</Event>

<Event xmlns="http://schemas.microsoft.com/win/2004/08/events/event"><System><Provider Name="Service Control Manager" Guid="{555908d1-a6d7-4695-8e1e-26931d2012f4}" EventSourceName="Service Control Manager"></Provider>
<EventID Qualifiers="16384">7040</EventID>
<Version>0</Version>
<Level>4</Level>
<Task>0</Task>
<Opcode>0</Opcode>
<Keywords>0x8080000000000000</Keywords>
<TimeCreated SystemTime="2025-11-23 09:42:23.354975+00:00"></TimeCreated>
<EventRecordID>437</EventRecordID>
<Correlation ActivityID="" RelatedActivityID=""></Correlation>
<Execution ProcessID="828" ThreadID="3284"></Execution>
<Channel>System</Channel>
<Computer>WIN-QCM4OJM0UCK</Computer>
<Security UserID="S-1-5-18"></Security>
</System>
<EventData><Data Name="param1">Windows Modules Installer</Data>
<Data Name="param2">auto start</Data>
<Data Name="param3">demand start</Data>
<Data Name="param4">TrustedInstaller</Data>
</EventData>
</Event>

<Event xmlns="http://schemas.microsoft.com/win/2004/08/events/event"><System><Provider Name="Service Control Manager" Guid="{555908d1-a6d7-4695-8e1e-26931d2012f4}" EventSourceName="Service Control Manager"></Provider>
<EventID Qualifiers="16384">7040</EventID>
<Version>0</Version>
<Level>4</Level>
<Task>0</Task>
<Opcode>0</Opcode>
<Keywords>0x8080000000000000</Keywords>
<TimeCreated SystemTime="2025-11-23 09:42:32.117504+00:00"></TimeCreated>
<EventRecordID>438</EventRecordID>
<Correlation ActivityID="" RelatedActivityID=""></Correlation>
<Execution ProcessID="828" ThreadID="6300"></Execution>
<Channel>System</Channel>
<Computer>WIN-QCM4OJM0UCK</Computer>
<Security UserID="S-1-5-18"></Security>
</System>
<EventData><Data Name="param1">Windows Modules Installer</Data>
<Data Name="param2">demand start</Data>
<Data Name="param3">auto start</Data>
<Data Name="param4">TrustedInstaller</Data>
</EventData>
</Event>

<Event xmlns="http://schemas.microsoft.com/win/2004/08/events/event"><System><Provider Name="Service Control Manager" Guid="{555908d1-a6d7-4695-8e1e-26931d2012f4}" EventSourceName="Service Control Manager"></Provider>
<EventID Qualifiers="16384">7040</EventID>
<Version>0</Version>
<Level>4</Level>
<Task>0</Task>
<Opcode>0</Opcode>
<Keywords>0x8080000000000000</Keywords>
<TimeCreated SystemTime="2025-11-23 09:44:10.622044+00:00"></TimeCreated>
<EventRecordID>439</EventRecordID>
<Correlation ActivityID="" RelatedActivityID=""></Correlation>
<Execution ProcessID="828" ThreadID="6300"></Execution>
<Channel>System</Channel>
<Computer>WIN-QCM4OJM0UCK</Computer>
<Security UserID="S-1-5-18"></Security>
</System>
<EventData><Data Name="param1">Windows Modules Installer</Data>
<Data Name="param2">auto start</Data>
<Data Name="param3">demand start</Data>
<Data Name="param4">TrustedInstaller</Data>
</EventData>
</Event>

<Event xmlns="http://schemas.microsoft.com/win/2004/08/events/event"><System><Provider Name="Service Control Manager" Guid="{555908d1-a6d7-4695-8e1e-26931d2012f4}" EventSourceName="Service Control Manager"></Provider>
<EventID Qualifiers="16384">7040</EventID>
<Version>0</Version>
<Level>4</Level>
<Task>0</Task>
<Opcode>0</Opcode>
<Keywords>0x8080000000000000</Keywords>
<TimeCreated SystemTime="2025-11-23 09:44:14.823158+00:00"></TimeCreated>
<EventRecordID>440</EventRecordID>
<Correlation ActivityID="" RelatedActivityID=""></Correlation>
<Execution ProcessID="828" ThreadID="6300"></Execution>
<Channel>System</Channel>
<Computer>WIN-QCM4OJM0UCK</Computer>
<Security UserID="S-1-5-18"></Security>
</System>
<EventData><Data Name="param1">Windows Modules Installer</Data>
<Data Name="param2">demand start</Data>
<Data Name="param3">auto start</Data>
<Data Name="param4">TrustedInstaller</Data>
</EventData>
</Event>

<Event xmlns="http://schemas.microsoft.com/win/2004/08/events/event"><System><Provider Name="Virtual Disk Service"></Provider>
<EventID Qualifiers="16896">4</EventID>
<Version>0</Version>
<Level>4</Level>
<Task>0</Task>
<Opcode>0</Opcode>
<Keywords>0x0080000000000000</Keywords>
<TimeCreated SystemTime="2025-11-23 09:45:25.984009+00:00"></TimeCreated>
<EventRecordID>441</EventRecordID>
<Correlation ActivityID="" RelatedActivityID=""></Correlation>
<Execution ProcessID="1320" ThreadID="0"></Execution>
<Channel>System</Channel>
<Computer>WIN-QCM4OJM0UCK</Computer>
<Security UserID=""></Security>
</System>
<EventData><Data>&lt;string&gt;@2010001&lt;/string&gt;
</Data>
<Binary></Binary>
</EventData>
</Event>

