<Event xmlns="http://schemas.microsoft.com/win/2004/08/events/event"><System><Provider Name="Service Control Manager" Guid="{555908d1-a6d7-4695-8e1e-26931d2012f4}" EventSourceName="Service Control Manager"></Provider>
<EventID Qualifiers="16384">7045</EventID>
<Version>0</Version>
<Level>4</Level>
<Task>0</Task>
<Opcode>0</Opcode>
<Keywords>0x8080000000000000</Keywords>
<TimeCreated SystemTime="2025-11-23 06:42:36.714930+00:00"></TimeCreated>
<EventRecordID>1105</EventRecordID>
<Correlation ActivityID="" RelatedActivityID=""></Correlation>
<Execution ProcessID="824" ThreadID="4496"></Execution>
<Channel>System</Channel>
<Computer>WIN-QCM4OJM0UCK</Computer>
<Security UserID="S-1-5-18"></Security>
</System>
<EventData><Data Name="ServiceName">Microsoft Defender Core Service</Data>
<Data Name="ImagePath">"C:\ProgramData\Microsoft\Windows Defender\Platform\4.18.25100.9008-0\MpDefenderCoreService.exe"</Data>
<Data Name="ServiceType">user mode service</Data>
<Data Name="StartType">auto start</Data>
<Data Name="AccountName">LocalSystem</Data>
</EventData>
</Event>

<Event xmlns="http://schemas.microsoft.com/win/2004/08/events/event"><System><Provider Name="Microsoft-Windows-WindowsUpdateClient" Guid="{945a8954-c147-4acd-923f-40c45405a658}"></Provider>
<EventID Qualifiers="">19</EventID>
<Version>1</Version>
<Level>4</Level>
<Task>1</Task>
<Opcode>13</Opcode>
<Keywords>0x8000000000000018</Keywords>
<TimeCreated SystemTime="2025-11-23 06:42:37.466774+00:00"></TimeCreated>
<EventRecordID>1106</EventRecordID>
<Correlation ActivityID="" RelatedActivityID=""></Correlation>
<Execution ProcessID="6840" ThreadID="8064"></Execution>
<Channel>System</Channel>
<Computer>WIN-QCM4OJM0UCK</Computer>
<Security UserID="S-1-5-18"></Security>
</System>
<EventData><Data Name="updateTitle">Update for Microsoft Defender Antivirus antimalware platform - KB4052623 (Version 4.18.25100.9008) - Current Channel (Broad)</Data>
<Data Name="updateGuid">{e12a5da6-63d4-4a40-9974-3216b0f125b7}</Data>
<Data Name="updateRevisionNumber">200</Data>
<Data Name="serviceGuid">{9482f4b4-e343-43b6-b170-9a65bc822c77}</Data>
</EventData>
</Event>

<Event xmlns="http://schemas.microsoft.com/win/2004/08/events/event"><System><Provider Name="TPM" Guid="{1b6b0772-251b-4d42-917d-faca166bc059}"></Provider>
<EventID Qualifiers="">15</EventID>
<Version>0</Version>
<Level>2</Level>
<Task>0</Task>
<Opcode>0</Opcode>
<Keywords>0x8000000000000000</Keywords>
<TimeCreated SystemTime="2025-11-23 06:42:53.311089+00:00"></TimeCreated>
<EventRecordID>1107</EventRecordID>
<Correlation ActivityID="" RelatedActivityID=""></Correlation>
<Execution ProcessID="5956" ThreadID="4596"></Execution>
<Channel>System</Channel>
<Computer>WIN-QCM4OJM0UCK</Computer>
<Security UserID="S-1-5-18"></Security>
</System>
<EventData><Data Name="driverFile">0x00000002</Data>
<Data Name="lineNumber">369</Data>
<Data Name="Data">3221225524</Data>
</EventData>
</Event>

<Event xmlns="http://schemas.microsoft.com/win/2004/08/events/event"><System><Provider Name="TPM" Guid="{1b6b0772-251b-4d42-917d-faca166bc059}"></Provider>
<EventID Qualifiers="">15</EventID>
<Version>0</Version>
<Level>2</Level>
<Task>0</Task>
<Opcode>0</Opcode>
<Keywords>0x8000000000000000</Keywords>
<TimeCreated SystemTime="2025-11-23 06:42:53.315506+00:00"></TimeCreated>
<EventRecordID>1108</EventRecordID>
<Correlation ActivityID="" RelatedActivityID=""></Correlation>
<Execution ProcessID="5956" ThreadID="4596"></Execution>
<Channel>System</Channel>
<Computer>WIN-QCM4OJM0UCK</Computer>
<Security UserID="S-1-5-18"></Security>
</System>
<EventData><Data Name="driverFile">0x00000002</Data>
<Data Name="lineNumber">369</Data>
<Data Name="Data">3221225524</Data>
</EventData>
</Event>

<Event xmlns="http://schemas.microsoft.com/win/2004/08/events/event"><System><Provider Name="Microsoft-Windows-WindowsUpdateClient" Guid="{945a8954-c147-4acd-923f-40c45405a658}"></Provider>
<EventID Qualifiers="">44</EventID>
<Version>1</Version>
<Level>4</Level>
<Task>1</Task>
<Opcode>12</Opcode>
<Keywords>0x8000000000002004</Keywords>
<TimeCreated SystemTime="2025-11-23 06:42:53.759073+00:00"></TimeCreated>
<EventRecordID>1109</EventRecordID>
<Correlation ActivityID="" RelatedActivityID=""></Correlation>
<Execution ProcessID="6840" ThreadID="8100"></Execution>
<Channel>System</Channel>
<Computer>WIN-QCM4OJM0UCK</Computer>
<Security UserID="S-1-5-18"></Security>
</System>
<EventData><Data Name="updateTitle">9NBLGGH51CLL-Microsoft.Services.Store.Engagement</Data>
<Data Name="updateGuid">{3f6608fd-a63e-4c0a-ac23-3d0a81a8fe70}</Data>
<Data Name="updateRevisionNumber">1</Data>
</EventData>
</Event>

<Event xmlns="http://schemas.microsoft.com/win/2004/08/events/event"><System><Provider Name="Microsoft-Windows-Kernel-General" Guid="{a68ca8b7-004f-d7b6-a698-07e2de0f1f5d}"></Provider>
<EventID Qualifiers="">16</EventID>
<Version>0</Version>
<Level>4</Level>
<Task>0</Task>
<Opcode>0</Opcode>
<Keywords>0x8000000000000000</Keywords>
<TimeCreated SystemTime="2025-11-23 06:43:04.126036+00:00"></TimeCreated>
<EventRecordID>1110</EventRecordID>
<Correlation ActivityID="" RelatedActivityID=""></Correlation>
<Execution ProcessID="4388" ThreadID="2576"></Execution>
<Channel>System</Channel>
<Computer>WIN-QCM4OJM0UCK</Computer>
<Security UserID="S-1-5-18"></Security>
</System>
<EventData><Data Name="HiveNameLength">147</Data>
<Data Name="HiveName">\??\C:\ProgramData\Microsoft\Windows\AppRepository\Packages\Microsoft.Services.Store.Engagement_10.0.23012.0_x64__8wekyb3d8bbwe\ActivationStore.dat</Data>
<Data Name="KeysUpdated">0</Data>
<Data Name="DirtyPages">0</Data>
</EventData>
</Event>

<Event xmlns="http://schemas.microsoft.com/win/2004/08/events/event"><System><Provider Name="Microsoft-Windows-Kernel-General" Guid="{a68ca8b7-004f-d7b6-a698-07e2de0f1f5d}"></Provider>
<EventID Qualifiers="">16</EventID>
<Version>0</Version>
<Level>4</Level>
<Task>0</Task>
<Opcode>0</Opcode>
<Keywords>0x8000000000000000</Keywords>
<TimeCreated SystemTime="2025-11-23 06:43:05.339128+00:00"></TimeCreated>
<EventRecordID>1111</EventRecordID>
<Correlation ActivityID="" RelatedActivityID=""></Correlation>
<Execution ProcessID="4388" ThreadID="2576"></Execution>
<Channel>System</Channel>
<Computer>WIN-QCM4OJM0UCK</Computer>
<Security UserID="S-1-5-18"></Security>
</System>
<EventData><Data Name="HiveNameLength">147</Data>
<Data Name="HiveName">\??\C:\ProgramData\Microsoft\Windows\AppRepository\Packages\Microsoft.Services.Store.Engagement_10.0.23012.0_x86__8wekyb3d8bbwe\ActivationStore.dat</Data>
<Data Name="KeysUpdated">0</Data>
<Data Name="DirtyPages">0</Data>
</EventData>
</Event>

<Event xmlns="http://schemas.microsoft.com/win/2004/08/events/event"><System><Provider Name="Service Control Manager" Guid="{555908d1-a6d7-4695-8e1e-26931d2012f4}" EventSourceName="Service Control Manager"></Provider>
<EventID Qualifiers="16384">7040</EventID>
<Version>0</Version>
<Level>4</Level>
<Task>0</Task>
<Opcode>0</Opcode>
<Keywords>0x8080000000000000</Keywords>
<TimeCreated SystemTime="2025-11-23 06:43:06.545240+00:00"></TimeCreated>
<EventRecordID>1112</EventRecordID>
<Correlation ActivityID="" RelatedActivityID=""></Correlation>
<Execution ProcessID="824" ThreadID="7268"></Execution>
<Channel>System</Channel>
<Computer>WIN-QCM4OJM0UCK</Computer>
<Security UserID="S-1-5-18"></Security>
</System>
<EventData><Data Name="param1">Background Intelligent Transfer Service</Data>
<Data Name="param2">auto start</Data>
<Data Name="param3">demand start</Data>
<Data Name="param4">BITS</Data>
</EventData>
</Event>

<Event xmlns="http://schemas.microsoft.com/win/2004/08/events/event"><System><Provider Name="Microsoft-Windows-Kernel-General" Guid="{a68ca8b7-004f-d7b6-a698-07e2de0f1f5d}"></Provider>
<EventID Qualifiers="">16</EventID>
<Version>0</Version>
<Level>4</Level>
<Task>0</Task>
<Opcode>0</Opcode>
<Keywords>0x8000000000000000</Keywords>
<TimeCreated SystemTime="2025-11-23 06:43:11.352114+00:00"></TimeCreated>
<EventRecordID>1113</EventRecordID>
<Correlation ActivityID="" RelatedActivityID=""></Correlation>
<Execution ProcessID="4388" ThreadID="2576"></Execution>
<Channel>System</Channel>
<Computer>WIN-QCM4OJM0UCK</Computer>
<Security UserID="S-1-5-18"></Security>
</System>
<EventData><Data Name="HiveNameLength">149</Data>
<Data Name="HiveName">\??\C:\ProgramData\Microsoft\Windows\AppRepository\Packages\Microsoft.Services.Store.Engagement_10.0.23012.0_arm64__8wekyb3d8bbwe\ActivationStore.dat</Data>
<Data Name="KeysUpdated">0</Data>
<Data Name="DirtyPages">0</Data>
</EventData>
</Event>

<Event xmlns="http://schemas.microsoft.com/win/2004/08/events/event"><System><Provider Name="Service Control Manager" Guid="{555908d1-a6d7-4695-8e1e-26931d2012f4}" EventSourceName="Service Control Manager"></Provider>
<EventID Qualifiers="16384">7040</EventID>
<Version>0</Version>
<Level>4</Level>
<Task>0</Task>
<Opcode>0</Opcode>
<Keywords>0x8080000000000000</Keywords>
<TimeCreated SystemTime="2025-11-23 06:45:00.593039+00:00"></TimeCreated>
<EventRecordID>1114</EventRecordID>
<Correlation ActivityID="" RelatedActivityID=""></Correlation>
<Execution ProcessID="824" ThreadID="4496"></Execution>
<Channel>System</Channel>
<Computer>WIN-QCM4OJM0UCK</Computer>
<Security UserID="S-1-5-18"></Security>
</System>
<EventData><Data Name="param1">Windows Modules Installer</Data>
<Data Name="param2">demand start</Data>
<Data Name="param3">auto start</Data>
<Data Name="param4">TrustedInstaller</Data>
</EventData>
</Event>

<Event xmlns="http://schemas.microsoft.com/win/2004/08/events/event"><System><Provider Name="Microsoft-Windows-WindowsUpdateClient" Guid="{945a8954-c147-4acd-923f-40c45405a658}"></Provider>
<EventID Qualifiers="">44</EventID>
<Version>1</Version>
<Level>4</Level>
<Task>1</Task>
<Opcode>12</Opcode>
<Keywords>0x8000000000002004</Keywords>
<TimeCreated SystemTime="2025-11-23 06:45:04.836535+00:00"></TimeCreated>
<EventRecordID>1115</EventRecordID>
<Correlation ActivityID="" RelatedActivityID=""></Correlation>
<Execution ProcessID="6840" ThreadID="8100"></Execution>
<Channel>System</Channel>
<Computer>WIN-QCM4OJM0UCK</Computer>
<Security UserID="S-1-5-18"></Security>
</System>
<EventData><Data Name="updateTitle">2025-11 Security Update (KB5068861) (26200.7171)</Data>
<Data Name="updateGuid">{7a485cff-07cb-4c9f-a5b7-a0806e3ee9fd}</Data>
<Data Name="updateRevisionNumber">1</Data>
</EventData>
</Event>

<Event xmlns="http://schemas.microsoft.com/win/2004/08/events/event"><System><Provider Name="Microsoft-Windows-Kernel-General" Guid="{a68ca8b7-004f-d7b6-a698-07e2de0f1f5d}"></Provider>
<EventID Qualifiers="">16</EventID>
<Version>0</Version>
<Level>4</Level>
<Task>0</Task>
<Opcode>0</Opcode>
<Keywords>0x8000000000000000</Keywords>
<TimeCreated SystemTime="2025-11-23 06:47:05.544523+00:00"></TimeCreated>
<EventRecordID>1116</EventRecordID>
<Correlation ActivityID="" RelatedActivityID=""></Correlation>
<Execution ProcessID="4388" ThreadID="2416"></Execution>
<Channel>System</Channel>
<Computer>WIN-QCM4OJM0UCK</Computer>
<Security UserID="S-1-5-18"></Security>
</System>
<EventData><Data Name="HiveNameLength">140</Data>
<Data Name="HiveName">\??\C:\ProgramData\Microsoft\Windows\AppRepository\Packages\Microsoft.StartExperiencesApp_1.124.0.0_arm64__8wekyb3d8bbwe\ActivationStore.dat</Data>
<Data Name="KeysUpdated">0</Data>
<Data Name="DirtyPages">0</Data>
</EventData>
</Event>

<Event xmlns="http://schemas.microsoft.com/win/2004/08/events/event"><System><Provider Name="Microsoft-Windows-WindowsUpdateClient" Guid="{945a8954-c147-4acd-923f-40c45405a658}"></Provider>
<EventID Qualifiers="">43</EventID>
<Version>1</Version>
<Level>4</Level>
<Task>1</Task>
<Opcode>13</Opcode>
<Keywords>0x8000000000002008</Keywords>
<TimeCreated SystemTime="2025-11-23 06:52:09.054840+00:00"></TimeCreated>
<EventRecordID>1117</EventRecordID>
<Correlation ActivityID="" RelatedActivityID=""></Correlation>
<Execution ProcessID="6840" ThreadID="9260"></Execution>
<Channel>System</Channel>
<Computer>WIN-QCM4OJM0UCK</Computer>
<Security UserID="S-1-5-18"></Security>
</System>
<EventData><Data Name="updateTitle">2025-10 Cumulative Update for .NET Framework 3.5 and 4.8.1 for Windows 11, version 25H2 for arm64 (KB5066128)</Data>
<Data Name="updateGuid">{d9bf9845-cccf-4476-ab51-44a98a3a40e9}</Data>
<Data Name="updateRevisionNumber">1</Data>
</EventData>
</Event>

<Event xmlns="http://schemas.microsoft.com/win/2004/08/events/event"><System><Provider Name="Microsoft-Windows-WindowsUpdateClient" Guid="{945a8954-c147-4acd-923f-40c45405a658}"></Provider>
<EventID Qualifiers="">44</EventID>
<Version>1</Version>
<Level>4</Level>
<Task>1</Task>
<Opcode>12</Opcode>
<Keywords>0x8000000000002004</Keywords>
<TimeCreated SystemTime="2025-11-23 06:52:12.472454+00:00"></TimeCreated>
<EventRecordID>1118</EventRecordID>
<Correlation ActivityID="" RelatedActivityID=""></Correlation>
<Execution ProcessID="6840" ThreadID="8100"></Execution>
<Channel>System</Channel>
<Computer>WIN-QCM4OJM0UCK</Computer>
<Security UserID="S-1-5-18"></Security>
</System>
<EventData><Data Name="updateTitle">9WZDNCRFHVFW-Microsoft.BingNews</Data>
<Data Name="updateGuid">{a88d0e88-976a-47f1-ad43-a6734e50e4cf}</Data>
<Data Name="updateRevisionNumber">1</Data>
</EventData>
</Event>

<Event xmlns="http://schemas.microsoft.com/win/2004/08/events/event"><System><Provider Name="Microsoft-Windows-WindowsUpdateClient" Guid="{945a8954-c147-4acd-923f-40c45405a658}"></Provider>
<EventID Qualifiers="">44</EventID>
<Version>1</Version>
<Level>4</Level>
<Task>1</Task>
<Opcode>12</Opcode>
<Keywords>0x8000000000002004</Keywords>
<TimeCreated SystemTime="2025-11-23 06:52:12.472456+00:00"></TimeCreated>
<EventRecordID>1119</EventRecordID>
<Correlation ActivityID="" RelatedActivityID=""></Correlation>
<Execution ProcessID="6840" ThreadID="8100"></Execution>
<Channel>System</Channel>
<Computer>WIN-QCM4OJM0UCK</Computer>
<Security UserID="S-1-5-18"></Security>
</System>
<EventData><Data Name="updateTitle">9WZDNCRFHVFW-Microsoft.BingNews</Data>
<Data Name="updateGuid">{a88d0e88-976a-47f1-ad43-a6734e50e4cf}</Data>
<Data Name="updateRevisionNumber">1</Data>
</EventData>
</Event>

<Event xmlns="http://schemas.microsoft.com/win/2004/08/events/event"><System><Provider Name="Microsoft-Windows-WindowsUpdateClient" Guid="{945a8954-c147-4acd-923f-40c45405a658}"></Provider>
<EventID Qualifiers="">44</EventID>
<Version>1</Version>
<Level>4</Level>
<Task>1</Task>
<Opcode>12</Opcode>
<Keywords>0x8000000000002004</Keywords>
<TimeCreated SystemTime="2025-11-23 06:52:12.472458+00:00"></TimeCreated>
<EventRecordID>1120</EventRecordID>
<Correlation ActivityID="" RelatedActivityID=""></Correlation>
<Execution ProcessID="6840" ThreadID="8100"></Execution>
<Channel>System</Channel>
<Computer>WIN-QCM4OJM0UCK</Computer>
<Security UserID="S-1-5-18"></Security>
</System>
<EventData><Data Name="updateTitle">9PLL735RFDSM-Microsoft.NET.Native.Runtime.2.2</Data>
<Data Name="updateGuid">{9c137291-4059-4cb8-b650-12b07bbe1da1}</Data>
<Data Name="updateRevisionNumber">1</Data>
</EventData>
</Event>

<Event xmlns="http://schemas.microsoft.com/win/2004/08/events/event"><System><Provider Name="Microsoft-Windows-WindowsUpdateClient" Guid="{945a8954-c147-4acd-923f-40c45405a658}"></Provider>
<EventID Qualifiers="">44</EventID>
<Version>1</Version>
<Level>4</Level>
<Task>1</Task>
<Opcode>12</Opcode>
<Keywords>0x8000000000002004</Keywords>
<TimeCreated SystemTime="2025-11-23 06:52:16.445841+00:00"></TimeCreated>
<EventRecordID>1121</EventRecordID>
<Correlation ActivityID="" RelatedActivityID=""></Correlation>
<Execution ProcessID="6840" ThreadID="8100"></Execution>
<Channel>System</Channel>
<Computer>WIN-QCM4OJM0UCK</Computer>
<Security UserID="S-1-5-18"></Security>
</System>
<EventData><Data Name="updateTitle">9MW2LKJ0TPJF-Microsoft.NET.Native.Framework.2.2</Data>
<Data Name="updateGuid">{bfa7d40d-2cdf-4c15-98cf-85c847517da3}</Data>
<Data Name="updateRevisionNumber">1</Data>
</EventData>
</Event>

<Event xmlns="http://schemas.microsoft.com/win/2004/08/events/event"><System><Provider Name="Microsoft-Windows-WindowsUpdateClient" Guid="{945a8954-c147-4acd-923f-40c45405a658}"></Provider>
<EventID Qualifiers="">44</EventID>
<Version>1</Version>
<Level>4</Level>
<Task>1</Task>
<Opcode>12</Opcode>
<Keywords>0x8000000000002004</Keywords>
<TimeCreated SystemTime="2025-11-23 06:52:16.445847+00:00"></TimeCreated>
<EventRecordID>1122</EventRecordID>
<Correlation ActivityID="" RelatedActivityID=""></Correlation>
<Execution ProcessID="6840" ThreadID="8100"></Execution>
<Channel>System</Channel>
<Computer>WIN-QCM4OJM0UCK</Computer>
<Security UserID="S-1-5-18"></Security>
</System>
<EventData><Data Name="updateTitle">9WZDNCRFHVFW-Microsoft.BingNews</Data>
<Data Name="updateGuid">{a88d0e88-976a-47f1-ad43-a6734e50e4cf}</Data>
<Data Name="updateRevisionNumber">1</Data>
</EventData>
</Event>

<Event xmlns="http://schemas.microsoft.com/win/2004/08/events/event"><System><Provider Name="Microsoft-Windows-Kernel-General" Guid="{a68ca8b7-004f-d7b6-a698-07e2de0f1f5d}"></Provider>
<EventID Qualifiers="">16</EventID>
<Version>0</Version>
<Level>4</Level>
<Task>0</Task>
<Opcode>0</Opcode>
<Keywords>0x8000000000000000</Keywords>
<TimeCreated SystemTime="2025-11-23 06:52:28.087635+00:00"></TimeCreated>
<EventRecordID>1123</EventRecordID>
<Correlation ActivityID="" RelatedActivityID=""></Correlation>
<Execution ProcessID="4388" ThreadID="2416"></Execution>
<Channel>System</Channel>
<Computer>WIN-QCM4OJM0UCK</Computer>
<Security UserID="S-1-5-18"></Security>
</System>
<EventData><Data Name="HiveNameLength">132</Data>
<Data Name="HiveName">\??\C:\ProgramData\Microsoft\Windows\AppRepository\Packages\Microsoft.BingNews_4.55.62231.0_arm64__8wekyb3d8bbwe\ActivationStore.dat</Data>
<Data Name="KeysUpdated">0</Data>
<Data Name="DirtyPages">0</Data>
</EventData>
</Event>

<Event xmlns="http://schemas.microsoft.com/win/2004/08/events/event"><System><Provider Name="Microsoft-Windows-WindowsUpdateClient" Guid="{945a8954-c147-4acd-923f-40c45405a658}"></Provider>
<EventID Qualifiers="">43</EventID>
<Version>1</Version>
<Level>4</Level>
<Task>1</Task>
<Opcode>13</Opcode>
<Keywords>0x8000000000002008</Keywords>
<TimeCreated SystemTime="2025-11-23 06:52:46.995588+00:00"></TimeCreated>
<EventRecordID>1124</EventRecordID>
<Correlation ActivityID="" RelatedActivityID=""></Correlation>
<Execution ProcessID="6840" ThreadID="6288"></Execution>
<Channel>System</Channel>
<Computer>WIN-QCM4OJM0UCK</Computer>
<Security UserID="S-1-5-18"></Security>
</System>
<EventData><Data Name="updateTitle">9PLL735RFDSM-Microsoft.NET.Native.Runtime.2.2</Data>
<Data Name="updateGuid">{9c137291-4059-4cb8-b650-12b07bbe1da1}</Data>
<Data Name="updateRevisionNumber">1</Data>
</EventData>
</Event>

<Event xmlns="http://schemas.microsoft.com/win/2004/08/events/event"><System><Provider Name="Microsoft-Windows-WindowsUpdateClient" Guid="{945a8954-c147-4acd-923f-40c45405a658}"></Provider>
<EventID Qualifiers="">19</EventID>
<Version>1</Version>
<Level>4</Level>
<Task>1</Task>
<Opcode>13</Opcode>
<Keywords>0x8000000000000018</Keywords>
<TimeCreated SystemTime="2025-11-23 06:52:47.305916+00:00"></TimeCreated>
<EventRecordID>1125</EventRecordID>
<Correlation ActivityID="{d2057fbe-5cb5-0003-71e1-08d2b55cdc01}" RelatedActivityID=""></Correlation>
<Execution ProcessID="6840" ThreadID="6288"></Execution>
<Channel>System</Channel>
<Computer>WIN-QCM4OJM0UCK</Computer>
<Security UserID="S-1-5-18"></Security>
</System>
<EventData><Data Name="updateTitle">9PLL735RFDSM-Microsoft.NET.Native.Runtime.2.2</Data>
<Data Name="updateGuid">{9c137291-4059-4cb8-b650-12b07bbe1da1}</Data>
<Data Name="updateRevisionNumber">1</Data>
<Data Name="serviceGuid">{855e8a7c-ecb4-4ca3-b045-1dfa50104289}</Data>
</EventData>
</Event>

<Event xmlns="http://schemas.microsoft.com/win/2004/08/events/event"><System><Provider Name="Microsoft-Windows-WindowsUpdateClient" Guid="{945a8954-c147-4acd-923f-40c45405a658}"></Provider>
<EventID Qualifiers="">43</EventID>
<Version>1</Version>
<Level>4</Level>
<Task>1</Task>
<Opcode>13</Opcode>
<Keywords>0x8000000000002008</Keywords>
<TimeCreated SystemTime="2025-11-23 06:52:47.323004+00:00"></TimeCreated>
<EventRecordID>1126</EventRecordID>
<Correlation ActivityID="{d2057fbe-5cb5-0003-71e1-08d2b55cdc01}" RelatedActivityID=""></Correlation>
<Execution ProcessID="6840" ThreadID="6288"></Execution>
<Channel>System</Channel>
<Computer>WIN-QCM4OJM0UCK</Computer>
<Security UserID="S-1-5-18"></Security>
</System>
<EventData><Data Name="updateTitle">9MW2LKJ0TPJF-Microsoft.NET.Native.Framework.2.2</Data>
<Data Name="updateGuid">{bfa7d40d-2cdf-4c15-98cf-85c847517da3}</Data>
<Data Name="updateRevisionNumber">1</Data>
</EventData>
</Event>

<Event xmlns="http://schemas.microsoft.com/win/2004/08/events/event"><System><Provider Name="Microsoft-Windows-WindowsUpdateClient" Guid="{945a8954-c147-4acd-923f-40c45405a658}"></Provider>
<EventID Qualifiers="">19</EventID>
<Version>1</Version>
<Level>4</Level>
<Task>1</Task>
<Opcode>13</Opcode>
<Keywords>0x8000000000000018</Keywords>
<TimeCreated SystemTime="2025-11-23 06:52:47.585711+00:00"></TimeCreated>
<EventRecordID>1127</EventRecordID>
<Correlation ActivityID="{d2057fbe-5cb5-0000-79a3-09d2b55cdc01}" RelatedActivityID=""></Correlation>
<Execution ProcessID="6840" ThreadID="6288"></Execution>
<Channel>System</Channel>
<Computer>WIN-QCM4OJM0UCK</Computer>
<Security UserID="S-1-5-18"></Security>
</System>
<EventData><Data Name="updateTitle">9MW2LKJ0TPJF-Microsoft.NET.Native.Framework.2.2</Data>
<Data Name="updateGuid">{bfa7d40d-2cdf-4c15-98cf-85c847517da3}</Data>
<Data Name="updateRevisionNumber">1</Data>
<Data Name="serviceGuid">{855e8a7c-ecb4-4ca3-b045-1dfa50104289}</Data>
</EventData>
</Event>

<Event xmlns="http://schemas.microsoft.com/win/2004/08/events/event"><System><Provider Name="Microsoft-Windows-WindowsUpdateClient" Guid="{945a8954-c147-4acd-923f-40c45405a658}"></Provider>
<EventID Qualifiers="">43</EventID>
<Version>1</Version>
<Level>4</Level>
<Task>1</Task>
<Opcode>13</Opcode>
<Keywords>0x8000000000002008</Keywords>
<TimeCreated SystemTime="2025-11-23 06:52:47.600660+00:00"></TimeCreated>
<EventRecordID>1128</EventRecordID>
<Correlation ActivityID="{d2057fbe-5cb5-0000-79a3-09d2b55cdc01}" RelatedActivityID=""></Correlation>
<Execution ProcessID="6840" ThreadID="6288"></Execution>
<Channel>System</Channel>
<Computer>WIN-QCM4OJM0UCK</Computer>
<Security UserID="S-1-5-18"></Security>
</System>
<EventData><Data Name="updateTitle">9WZDNCRFHVFW-Microsoft.BingNews</Data>
<Data Name="updateGuid">{a88d0e88-976a-47f1-ad43-a6734e50e4cf}</Data>
<Data Name="updateRevisionNumber">1</Data>
</EventData>
</Event>

<Event xmlns="http://schemas.microsoft.com/win/2004/08/events/event"><System><Provider Name="Microsoft-Windows-Kernel-General" Guid="{a68ca8b7-004f-d7b6-a698-07e2de0f1f5d}"></Provider>
<EventID Qualifiers="">16</EventID>
<Version>0</Version>
<Level>4</Level>
<Task>0</Task>
<Opcode>0</Opcode>
<Keywords>0x8000000000000000</Keywords>
<TimeCreated SystemTime="2025-11-23 06:52:47.748238+00:00"></TimeCreated>
<EventRecordID>1129</EventRecordID>
<Correlation ActivityID="" RelatedActivityID=""></Correlation>
<Execution ProcessID="4388" ThreadID="2416"></Execution>
<Channel>System</Channel>
<Computer>WIN-QCM4OJM0UCK</Computer>
<Security UserID="S-1-5-21-3406557415-3785955325-3440082762-1001"></Security>
</System>
<EventData><Data Name="HiveNameLength">96</Data>
<Data Name="HiveName">\??\C:\Users\yanna\AppData\Local\Packages\Microsoft.BingNews_8wekyb3d8bbwe\Settings\settings.dat</Data>
<Data Name="KeysUpdated">3</Data>
<Data Name="DirtyPages">1</Data>
</EventData>
</Event>

<Event xmlns="http://schemas.microsoft.com/win/2004/08/events/event"><System><Provider Name="Microsoft-Windows-WindowsUpdateClient" Guid="{945a8954-c147-4acd-923f-40c45405a658}"></Provider>
<EventID Qualifiers="">19</EventID>
<Version>1</Version>
<Level>4</Level>
<Task>1</Task>
<Opcode>13</Opcode>
<Keywords>0x8000000000000018</Keywords>
<TimeCreated SystemTime="2025-11-23 06:52:48.213581+00:00"></TimeCreated>
<EventRecordID>1130</EventRecordID>
<Correlation ActivityID="{d2057fbe-5cb5-0000-1da4-09d2b55cdc01}" RelatedActivityID=""></Correlation>
<Execution ProcessID="6840" ThreadID="6288"></Execution>
<Channel>System</Channel>
<Computer>WIN-QCM4OJM0UCK</Computer>
<Security UserID="S-1-5-18"></Security>
</System>
<EventData><Data Name="updateTitle">9WZDNCRFHVFW-Microsoft.BingNews</Data>
<Data Name="updateGuid">{a88d0e88-976a-47f1-ad43-a6734e50e4cf}</Data>
<Data Name="updateRevisionNumber">1</Data>
<Data Name="serviceGuid">{855e8a7c-ecb4-4ca3-b045-1dfa50104289}</Data>
</EventData>
</Event>

<Event xmlns="http://schemas.microsoft.com/win/2004/08/events/event"><System><Provider Name="Microsoft-Windows-WindowsUpdateClient" Guid="{945a8954-c147-4acd-923f-40c45405a658}"></Provider>
<EventID Qualifiers="">44</EventID>
<Version>1</Version>
<Level>4</Level>
<Task>1</Task>
<Opcode>12</Opcode>
<Keywords>0x8000000000002004</Keywords>
<TimeCreated SystemTime="2025-11-23 06:52:54.080021+00:00"></TimeCreated>
<EventRecordID>1131</EventRecordID>
<Correlation ActivityID="" RelatedActivityID=""></Correlation>
<Execution ProcessID="6840" ThreadID="8100"></Execution>
<Channel>System</Channel>
<Computer>WIN-QCM4OJM0UCK</Computer>
<Security UserID="S-1-5-18"></Security>
</System>
<EventData><Data Name="updateTitle">9PMMSR1CGPWG-Microsoft.HEIFImageExtension</Data>
<Data Name="updateGuid">{0dd2208c-7a32-4e4b-bbd6-bee5b67a3d51}</Data>
<Data Name="updateRevisionNumber">1</Data>
</EventData>
</Event>

<Event xmlns="http://schemas.microsoft.com/win/2004/08/events/event"><System><Provider Name="Service Control Manager" Guid="{555908d1-a6d7-4695-8e1e-26931d2012f4}" EventSourceName="Service Control Manager"></Provider>
<EventID Qualifiers="16384">7040</EventID>
<Version>0</Version>
<Level>4</Level>
<Task>0</Task>
<Opcode>0</Opcode>
<Keywords>0x8080000000000000</Keywords>
<TimeCreated SystemTime="2025-11-23 06:52:54.580381+00:00"></TimeCreated>
<EventRecordID>1132</EventRecordID>
<Correlation ActivityID="" RelatedActivityID=""></Correlation>
<Execution ProcessID="824" ThreadID="4496"></Execution>
<Channel>System</Channel>
<Computer>WIN-QCM4OJM0UCK</Computer>
<Security UserID="S-1-5-18"></Security>
</System>
<EventData><Data Name="param1">Windows Modules Installer</Data>
<Data Name="param2">auto start</Data>
<Data Name="param3">demand start</Data>
<Data Name="param4">TrustedInstaller</Data>
</EventData>
</Event>

<Event xmlns="http://schemas.microsoft.com/win/2004/08/events/event"><System><Provider Name="Service Control Manager" Guid="{555908d1-a6d7-4695-8e1e-26931d2012f4}" EventSourceName="Service Control Manager"></Provider>
<EventID Qualifiers="16384">7040</EventID>
<Version>0</Version>
<Level>4</Level>
<Task>0</Task>
<Opcode>0</Opcode>
<Keywords>0x8080000000000000</Keywords>
<TimeCreated SystemTime="2025-11-23 06:52:54.584410+00:00"></TimeCreated>
<EventRecordID>1133</EventRecordID>
<Correlation ActivityID="" RelatedActivityID=""></Correlation>
<Execution ProcessID="824" ThreadID="4496"></Execution>
<Channel>System</Channel>
<Computer>WIN-QCM4OJM0UCK</Computer>
<Security UserID="S-1-5-18"></Security>
</System>
<EventData><Data Name="param1">Windows Modules Installer</Data>
<Data Name="param2">demand start</Data>
<Data Name="param3">auto start</Data>
<Data Name="param4">TrustedInstaller</Data>
</EventData>
</Event>

<Event xmlns="http://schemas.microsoft.com/win/2004/08/events/event"><System><Provider Name="Microsoft-Windows-WindowsUpdateClient" Guid="{945a8954-c147-4acd-923f-40c45405a658}"></Provider>
<EventID Qualifiers="">43</EventID>
<Version>1</Version>
<Level>4</Level>
<Task>1</Task>
<Opcode>13</Opcode>
<Keywords>0x8000000000002008</Keywords>
<TimeCreated SystemTime="2025-11-23 06:53:03.174572+00:00"></TimeCreated>
<EventRecordID>1134</EventRecordID>
<Correlation ActivityID="" RelatedActivityID=""></Correlation>
<Execution ProcessID="6840" ThreadID="5904"></Execution>
<Channel>System</Channel>
<Computer>WIN-QCM4OJM0UCK</Computer>
<Security UserID="S-1-5-18"></Security>
</System>
<EventData><Data Name="updateTitle">9PMMSR1CGPWG-Microsoft.HEIFImageExtension</Data>
<Data Name="updateGuid">{0dd2208c-7a32-4e4b-bbd6-bee5b67a3d51}</Data>
<Data Name="updateRevisionNumber">1</Data>
</EventData>
</Event>

<Event xmlns="http://schemas.microsoft.com/win/2004/08/events/event"><System><Provider Name="Microsoft-Windows-Kernel-General" Guid="{a68ca8b7-004f-d7b6-a698-07e2de0f1f5d}"></Provider>
<EventID Qualifiers="">16</EventID>
<Version>0</Version>
<Level>4</Level>
<Task>0</Task>
<Opcode>0</Opcode>
<Keywords>0x8000000000000000</Keywords>
<TimeCreated SystemTime="2025-11-23 06:53:03.581356+00:00"></TimeCreated>
<EventRecordID>1135</EventRecordID>
<Correlation ActivityID="" RelatedActivityID=""></Correlation>
<Execution ProcessID="4388" ThreadID="2416"></Execution>
<Channel>System</Channel>
<Computer>WIN-QCM4OJM0UCK</Computer>
<Security UserID="S-1-5-21-3406557415-3785955325-3440082762-1001"></Security>
</System>
<EventData><Data Name="HiveNameLength">106</Data>
<Data Name="HiveName">\??\C:\Users\yanna\AppData\Local\Packages\Microsoft.HEIFImageExtension_8wekyb3d8bbwe\Settings\settings.dat</Data>
<Data Name="KeysUpdated">3</Data>
<Data Name="DirtyPages">1</Data>
</EventData>
</Event>

<Event xmlns="http://schemas.microsoft.com/win/2004/08/events/event"><System><Provider Name="Microsoft-Windows-WindowsUpdateClient" Guid="{945a8954-c147-4acd-923f-40c45405a658}"></Provider>
<EventID Qualifiers="">19</EventID>
<Version>1</Version>
<Level>4</Level>
<Task>1</Task>
<Opcode>13</Opcode>
<Keywords>0x8000000000000018</Keywords>
<TimeCreated SystemTime="2025-11-23 06:53:04.035654+00:00"></TimeCreated>
<EventRecordID>1136</EventRecordID>
<Correlation ActivityID="{d2057fbe-5cb5-0003-d7f8-08d2b55cdc01}" RelatedActivityID=""></Correlation>
<Execution ProcessID="6840" ThreadID="5904"></Execution>
<Channel>System</Channel>
<Computer>WIN-QCM4OJM0UCK</Computer>
<Security UserID="S-1-5-18"></Security>
</System>
<EventData><Data Name="updateTitle">9PMMSR1CGPWG-Microsoft.HEIFImageExtension</Data>
<Data Name="updateGuid">{0dd2208c-7a32-4e4b-bbd6-bee5b67a3d51}</Data>
<Data Name="updateRevisionNumber">1</Data>
<Data Name="serviceGuid">{855e8a7c-ecb4-4ca3-b045-1dfa50104289}</Data>
</EventData>
</Event>

<Event xmlns="http://schemas.microsoft.com/win/2004/08/events/event"><System><Provider Name="Microsoft-Windows-WindowsUpdateClient" Guid="{945a8954-c147-4acd-923f-40c45405a658}"></Provider>
<EventID Qualifiers="">44</EventID>
<Version>1</Version>
<Level>4</Level>
<Task>1</Task>
<Opcode>12</Opcode>
<Keywords>0x8000000000002004</Keywords>
<TimeCreated SystemTime="2025-11-23 06:53:10.710621+00:00"></TimeCreated>
<EventRecordID>1137</EventRecordID>
<Correlation ActivityID="" RelatedActivityID=""></Correlation>
<Execution ProcessID="6840" ThreadID="8100"></Execution>
<Channel>System</Channel>
<Computer>WIN-QCM4OJM0UCK</Computer>
<Security UserID="S-1-5-18"></Security>
</System>
<EventData><Data Name="updateTitle">9NKNC0LD5NN6-Microsoft.Xbox.TCUI</Data>
<Data Name="updateGuid">{f97927ad-01c5-4063-87b2-4638508ff2f5}</Data>
<Data Name="updateRevisionNumber">1</Data>
</EventData>
</Event>

<Event xmlns="http://schemas.microsoft.com/win/2004/08/events/event"><System><Provider Name="Service Control Manager" Guid="{555908d1-a6d7-4695-8e1e-26931d2012f4}" EventSourceName="Service Control Manager"></Provider>
<EventID Qualifiers="16384">7040</EventID>
<Version>0</Version>
<Level>4</Level>
<Task>0</Task>
<Opcode>0</Opcode>
<Keywords>0x8080000000000000</Keywords>
<TimeCreated SystemTime="2025-11-23 06:53:24.065853+00:00"></TimeCreated>
<EventRecordID>1138</EventRecordID>
<Correlation ActivityID="" RelatedActivityID=""></Correlation>
<Execution ProcessID="824" ThreadID="4496"></Execution>
<Channel>System</Channel>
<Computer>WIN-QCM4OJM0UCK</Computer>
<Security UserID="S-1-5-18"></Security>
</System>
<EventData><Data Name="param1">Windows Modules Installer</Data>
<Data Name="param2">auto start</Data>
<Data Name="param3">demand start</Data>
<Data Name="param4">TrustedInstaller</Data>
</EventData>
</Event>

<Event xmlns="http://schemas.microsoft.com/win/2004/08/events/event"><System><Provider Name="Microsoft-Windows-Kernel-General" Guid="{a68ca8b7-004f-d7b6-a698-07e2de0f1f5d}"></Provider>
<EventID Qualifiers="">16</EventID>
<Version>0</Version>
<Level>4</Level>
<Task>0</Task>
<Opcode>0</Opcode>
<Keywords>0x8000000000000000</Keywords>
<TimeCreated SystemTime="2025-11-23 06:53:25.525221+00:00"></TimeCreated>
<EventRecordID>1139</EventRecordID>
<Correlation ActivityID="" RelatedActivityID=""></Correlation>
<Execution ProcessID="4388" ThreadID="2416"></Execution>
<Channel>System</Channel>
<Computer>WIN-QCM4OJM0UCK</Computer>
<Security UserID="S-1-5-18"></Security>
</System>
<EventData><Data Name="HiveNameLength">131</Data>
<Data Name="HiveName">\??\C:\ProgramData\Microsoft\Windows\AppRepository\Packages\Microsoft.Xbox.TCUI_1.24.10001.0_x64__8wekyb3d8bbwe\ActivationStore.dat</Data>
<Data Name="KeysUpdated">0</Data>
<Data Name="DirtyPages">0</Data>
</EventData>
</Event>

<Event xmlns="http://schemas.microsoft.com/win/2004/08/events/event"><System><Provider Name="Service Control Manager" Guid="{555908d1-a6d7-4695-8e1e-26931d2012f4}" EventSourceName="Service Control Manager"></Provider>
<EventID Qualifiers="16384">7040</EventID>
<Version>0</Version>
<Level>4</Level>
<Task>0</Task>
<Opcode>0</Opcode>
<Keywords>0x8080000000000000</Keywords>
<TimeCreated SystemTime="2025-11-23 06:53:26.513651+00:00"></TimeCreated>
<EventRecordID>1140</EventRecordID>
<Correlation ActivityID="" RelatedActivityID=""></Correlation>
<Execution ProcessID="824" ThreadID="4496"></Execution>
<Channel>System</Channel>
<Computer>WIN-QCM4OJM0UCK</Computer>
<Security UserID="S-1-5-18"></Security>
</System>
<EventData><Data Name="param1">Windows Modules Installer</Data>
<Data Name="param2">demand start</Data>
<Data Name="param3">auto start</Data>
<Data Name="param4">TrustedInstaller</Data>
</EventData>
</Event>

<Event xmlns="http://schemas.microsoft.com/win/2004/08/events/event"><System><Provider Name="Microsoft-Windows-WindowsUpdateClient" Guid="{945a8954-c147-4acd-923f-40c45405a658}"></Provider>
<EventID Qualifiers="">43</EventID>
<Version>1</Version>
<Level>4</Level>
<Task>1</Task>
<Opcode>13</Opcode>
<Keywords>0x8000000000002008</Keywords>
<TimeCreated SystemTime="2025-11-23 06:53:26.615992+00:00"></TimeCreated>
<EventRecordID>1141</EventRecordID>
<Correlation ActivityID="" RelatedActivityID=""></Correlation>
<Execution ProcessID="6840" ThreadID="3040"></Execution>
<Channel>System</Channel>
<Computer>WIN-QCM4OJM0UCK</Computer>
<Security UserID="S-1-5-18"></Security>
</System>
<EventData><Data Name="updateTitle">9NKNC0LD5NN6-Microsoft.Xbox.TCUI</Data>
<Data Name="updateGuid">{f97927ad-01c5-4063-87b2-4638508ff2f5}</Data>
<Data Name="updateRevisionNumber">1</Data>
</EventData>
</Event>

<Event xmlns="http://schemas.microsoft.com/win/2004/08/events/event"><System><Provider Name="Microsoft-Windows-Kernel-General" Guid="{a68ca8b7-004f-d7b6-a698-07e2de0f1f5d}"></Provider>
<EventID Qualifiers="">16</EventID>
<Version>0</Version>
<Level>4</Level>
<Task>0</Task>
<Opcode>0</Opcode>
<Keywords>0x8000000000000000</Keywords>
<TimeCreated SystemTime="2025-11-23 06:53:26.861958+00:00"></TimeCreated>
<EventRecordID>1142</EventRecordID>
<Correlation ActivityID="" RelatedActivityID=""></Correlation>
<Execution ProcessID="4388" ThreadID="2416"></Execution>
<Channel>System</Channel>
<Computer>WIN-QCM4OJM0UCK</Computer>
<Security UserID="S-1-5-21-3406557415-3785955325-3440082762-1001"></Security>
</System>
<EventData><Data Name="HiveNameLength">97</Data>
<Data Name="HiveName">\??\C:\Users\yanna\AppData\Local\Packages\Microsoft.Xbox.TCUI_8wekyb3d8bbwe\Settings\settings.dat</Data>
<Data Name="KeysUpdated">3</Data>
<Data Name="DirtyPages">1</Data>
</EventData>
</Event>

<Event xmlns="http://schemas.microsoft.com/win/2004/08/events/event"><System><Provider Name="Microsoft-Windows-WindowsUpdateClient" Guid="{945a8954-c147-4acd-923f-40c45405a658}"></Provider>
<EventID Qualifiers="">19</EventID>
<Version>1</Version>
<Level>4</Level>
<Task>1</Task>
<Opcode>13</Opcode>
<Keywords>0x8000000000000018</Keywords>
<TimeCreated SystemTime="2025-11-23 06:53:27.201199+00:00"></TimeCreated>
<EventRecordID>1143</EventRecordID>
<Correlation ActivityID="{d2057fbe-5cb5-0000-5ccf-09d2b55cdc01}" RelatedActivityID=""></Correlation>
<Execution ProcessID="6840" ThreadID="3040"></Execution>
<Channel>System</Channel>
<Computer>WIN-QCM4OJM0UCK</Computer>
<Security UserID="S-1-5-18"></Security>
</System>
<EventData><Data Name="updateTitle">9NKNC0LD5NN6-Microsoft.Xbox.TCUI</Data>
<Data Name="updateGuid">{f97927ad-01c5-4063-87b2-4638508ff2f5}</Data>
<Data Name="updateRevisionNumber">1</Data>
<Data Name="serviceGuid">{855e8a7c-ecb4-4ca3-b045-1dfa50104289}</Data>
</EventData>
</Event>

<Event xmlns="http://schemas.microsoft.com/win/2004/08/events/event"><System><Provider Name="Service Control Manager" Guid="{555908d1-a6d7-4695-8e1e-26931d2012f4}" EventSourceName="Service Control Manager"></Provider>
<EventID Qualifiers="16384">7040</EventID>
<Version>0</Version>
<Level>4</Level>
<Task>0</Task>
<Opcode>0</Opcode>
<Keywords>0x8080000000000000</Keywords>
<TimeCreated SystemTime="2025-11-23 06:54:00.095163+00:00"></TimeCreated>
<EventRecordID>1144</EventRecordID>
<Correlation ActivityID="" RelatedActivityID=""></Correlation>
<Execution ProcessID="824" ThreadID="4496"></Execution>
<Channel>System</Channel>
<Computer>WIN-QCM4OJM0UCK</Computer>
<Security UserID="S-1-5-18"></Security>
</System>
<EventData><Data Name="param1">Windows Modules Installer</Data>
<Data Name="param2">auto start</Data>
<Data Name="param3">demand start</Data>
<Data Name="param4">TrustedInstaller</Data>
</EventData>
</Event>

<Event xmlns="http://schemas.microsoft.com/win/2004/08/events/event"><System><Provider Name="Microsoft-Windows-WindowsUpdateClient" Guid="{945a8954-c147-4acd-923f-40c45405a658}"></Provider>
<EventID Qualifiers="">19</EventID>
<Version>1</Version>
<Level>4</Level>
<Task>1</Task>
<Opcode>13</Opcode>
<Keywords>0x8000000000000018</Keywords>
<TimeCreated SystemTime="2025-11-23 06:54:01.040920+00:00"></TimeCreated>
<EventRecordID>1145</EventRecordID>
<Correlation ActivityID="" RelatedActivityID=""></Correlation>
<Execution ProcessID="6840" ThreadID="9260"></Execution>
<Channel>System</Channel>
<Computer>WIN-QCM4OJM0UCK</Computer>
<Security UserID="S-1-5-18"></Security>
</System>
<EventData><Data Name="updateTitle">2025-10 Cumulative Update for .NET Framework 3.5 and 4.8.1 for Windows 11, version 25H2 for arm64 (KB5066128)</Data>
<Data Name="updateGuid">{d9bf9845-cccf-4476-ab51-44a98a3a40e9}</Data>
<Data Name="updateRevisionNumber">1</Data>
<Data Name="serviceGuid">{8b24b027-1dee-babb-9a95-3517dfb9c552}</Data>
</EventData>
</Event>

<Event xmlns="http://schemas.microsoft.com/win/2004/08/events/event"><System><Provider Name="Microsoft-Windows-WindowsUpdateClient" Guid="{945a8954-c147-4acd-923f-40c45405a658}"></Provider>
<EventID Qualifiers="">43</EventID>
<Version>1</Version>
<Level>4</Level>
<Task>1</Task>
<Opcode>13</Opcode>
<Keywords>0x8000000000002008</Keywords>
<TimeCreated SystemTime="2025-11-23 07:07:12.502838+00:00"></TimeCreated>
<EventRecordID>1146</EventRecordID>
<Correlation ActivityID="" RelatedActivityID=""></Correlation>
<Execution ProcessID="10260" ThreadID="8152"></Execution>
<Channel>System</Channel>
<Computer>WIN-QCM4OJM0UCK</Computer>
<Security UserID="S-1-5-18"></Security>
</System>
<EventData><Data Name="updateTitle">Update for Windows Security platform - KB5007651 (Version 10.0.29429.1000)</Data>
<Data Name="updateGuid">{a32ca1d0-ddd4-486b-b708-d941db4f1061}</Data>
<Data Name="updateRevisionNumber">205</Data>
</EventData>
</Event>

<Event xmlns="http://schemas.microsoft.com/win/2004/08/events/event"><System><Provider Name="Microsoft-Windows-WindowsUpdateClient" Guid="{945a8954-c147-4acd-923f-40c45405a658}"></Provider>
<EventID Qualifiers="">44</EventID>
<Version>1</Version>
<Level>4</Level>
<Task>1</Task>
<Opcode>12</Opcode>
<Keywords>0x8000000000002004</Keywords>
<TimeCreated SystemTime="2025-11-23 07:07:14.912386+00:00"></TimeCreated>
<EventRecordID>1147</EventRecordID>
<Correlation ActivityID="" RelatedActivityID=""></Correlation>
<Execution ProcessID="10260" ThreadID="8152"></Execution>
<Channel>System</Channel>
<Computer>WIN-QCM4OJM0UCK</Computer>
<Security UserID="S-1-5-18"></Security>
</System>
<EventData><Data Name="updateTitle">9N0DX20HK701-Microsoft.WindowsTerminal</Data>
<Data Name="updateGuid">{3416f124-114d-481e-9436-1cf30834afb7}</Data>
<Data Name="updateRevisionNumber">1</Data>
</EventData>
</Event>

<Event xmlns="http://schemas.microsoft.com/win/2004/08/events/event"><System><Provider Name="Microsoft-Windows-WindowsUpdateClient" Guid="{945a8954-c147-4acd-923f-40c45405a658}"></Provider>
<EventID Qualifiers="">19</EventID>
<Version>1</Version>
<Level>4</Level>
<Task>1</Task>
<Opcode>13</Opcode>
<Keywords>0x8000000000000018</Keywords>
<TimeCreated SystemTime="2025-11-23 07:07:14.912388+00:00"></TimeCreated>
<EventRecordID>1148</EventRecordID>
<Correlation ActivityID="" RelatedActivityID=""></Correlation>
<Execution ProcessID="10260" ThreadID="8152"></Execution>
<Channel>System</Channel>
<Computer>WIN-QCM4OJM0UCK</Computer>
<Security UserID="S-1-5-18"></Security>
</System>
<EventData><Data Name="updateTitle">Update for Windows Security platform - KB5007651 (Version 10.0.29429.1000)</Data>
<Data Name="updateGuid">{a32ca1d0-ddd4-486b-b708-d941db4f1061}</Data>
<Data Name="updateRevisionNumber">205</Data>
<Data Name="serviceGuid">{9482f4b4-e343-43b6-b170-9a65bc822c77}</Data>
</EventData>
</Event>

<Event xmlns="http://schemas.microsoft.com/win/2004/08/events/event"><System><Provider Name="TPM" Guid="{1b6b0772-251b-4d42-917d-faca166bc059}"></Provider>
<EventID Qualifiers="">15</EventID>
<Version>0</Version>
<Level>2</Level>
<Task>0</Task>
<Opcode>0</Opcode>
<Keywords>0x8000000000000000</Keywords>
<TimeCreated SystemTime="2025-11-23 07:07:18.203831+00:00"></TimeCreated>
<EventRecordID>1149</EventRecordID>
<Correlation ActivityID="" RelatedActivityID=""></Correlation>
<Execution ProcessID="5956" ThreadID="1840"></Execution>
<Channel>System</Channel>
<Computer>WIN-QCM4OJM0UCK</Computer>
<Security UserID="S-1-5-21-3406557415-3785955325-3440082762-1001"></Security>
</System>
<EventData><Data Name="driverFile">0x00000002</Data>
<Data Name="lineNumber">369</Data>
<Data Name="Data">3221225524</Data>
</EventData>
</Event>

<Event xmlns="http://schemas.microsoft.com/win/2004/08/events/event"><System><Provider Name="TPM" Guid="{1b6b0772-251b-4d42-917d-faca166bc059}"></Provider>
<EventID Qualifiers="">15</EventID>
<Version>0</Version>
<Level>2</Level>
<Task>0</Task>
<Opcode>0</Opcode>
<Keywords>0x8000000000000000</Keywords>
<TimeCreated SystemTime="2025-11-23 07:07:18.210598+00:00"></TimeCreated>
<EventRecordID>1150</EventRecordID>
<Correlation ActivityID="" RelatedActivityID=""></Correlation>
<Execution ProcessID="5956" ThreadID="1840"></Execution>
<Channel>System</Channel>
<Computer>WIN-QCM4OJM0UCK</Computer>
<Security UserID="S-1-5-21-3406557415-3785955325-3440082762-1001"></Security>
</System>
<EventData><Data Name="driverFile">0x00000002</Data>
<Data Name="lineNumber">369</Data>
<Data Name="Data">3221225524</Data>
</EventData>
</Event>

<Event xmlns="http://schemas.microsoft.com/win/2004/08/events/event"><System><Provider Name="TPM" Guid="{1b6b0772-251b-4d42-917d-faca166bc059}"></Provider>
<EventID Qualifiers="">15</EventID>
<Version>0</Version>
<Level>2</Level>
<Task>0</Task>
<Opcode>0</Opcode>
<Keywords>0x8000000000000000</Keywords>
<TimeCreated SystemTime="2025-11-23 07:07:18.279154+00:00"></TimeCreated>
<EventRecordID>1151</EventRecordID>
<Correlation ActivityID="" RelatedActivityID=""></Correlation>
<Execution ProcessID="5956" ThreadID="8688"></Execution>
<Channel>System</Channel>
<Computer>WIN-QCM4OJM0UCK</Computer>
<Security UserID="S-1-5-21-3406557415-3785955325-3440082762-1001"></Security>
</System>
<EventData><Data Name="driverFile">0x00000002</Data>
<Data Name="lineNumber">369</Data>
<Data Name="Data">3221225524</Data>
</EventData>
</Event>

<Event xmlns="http://schemas.microsoft.com/win/2004/08/events/event"><System><Provider Name="TPM" Guid="{1b6b0772-251b-4d42-917d-faca166bc059}"></Provider>
<EventID Qualifiers="">15</EventID>
<Version>0</Version>
<Level>2</Level>
<Task>0</Task>
<Opcode>0</Opcode>
<Keywords>0x8000000000000000</Keywords>
<TimeCreated SystemTime="2025-11-23 07:07:18.281597+00:00"></TimeCreated>
<EventRecordID>1152</EventRecordID>
<Correlation ActivityID="" RelatedActivityID=""></Correlation>
<Execution ProcessID="5956" ThreadID="8688"></Execution>
<Channel>System</Channel>
<Computer>WIN-QCM4OJM0UCK</Computer>
<Security UserID="S-1-5-21-3406557415-3785955325-3440082762-1001"></Security>
</System>
<EventData><Data Name="driverFile">0x00000002</Data>
<Data Name="lineNumber">369</Data>
<Data Name="Data">3221225524</Data>
</EventData>
</Event>

<Event xmlns="http://schemas.microsoft.com/win/2004/08/events/event"><System><Provider Name="TPM" Guid="{1b6b0772-251b-4d42-917d-faca166bc059}"></Provider>
<EventID Qualifiers="">15</EventID>
<Version>0</Version>
<Level>2</Level>
<Task>0</Task>
<Opcode>0</Opcode>
<Keywords>0x8000000000000000</Keywords>
<TimeCreated SystemTime="2025-11-23 07:07:18.329361+00:00"></TimeCreated>
<EventRecordID>1153</EventRecordID>
<Correlation ActivityID="" RelatedActivityID=""></Correlation>
<Execution ProcessID="5956" ThreadID="8688"></Execution>
<Channel>System</Channel>
<Computer>WIN-QCM4OJM0UCK</Computer>
<Security UserID="S-1-5-21-3406557415-3785955325-3440082762-1001"></Security>
</System>
<EventData><Data Name="driverFile">0x00000002</Data>
<Data Name="lineNumber">369</Data>
<Data Name="Data">3221225524</Data>
</EventData>
</Event>

<Event xmlns="http://schemas.microsoft.com/win/2004/08/events/event"><System><Provider Name="TPM" Guid="{1b6b0772-251b-4d42-917d-faca166bc059}"></Provider>
<EventID Qualifiers="">15</EventID>
<Version>0</Version>
<Level>2</Level>
<Task>0</Task>
<Opcode>0</Opcode>
<Keywords>0x8000000000000000</Keywords>
<TimeCreated SystemTime="2025-11-23 07:07:18.331463+00:00"></TimeCreated>
<EventRecordID>1154</EventRecordID>
<Correlation ActivityID="" RelatedActivityID=""></Correlation>
<Execution ProcessID="5956" ThreadID="8688"></Execution>
<Channel>System</Channel>
<Computer>WIN-QCM4OJM0UCK</Computer>
<Security UserID="S-1-5-21-3406557415-3785955325-3440082762-1001"></Security>
</System>
<EventData><Data Name="driverFile">0x00000002</Data>
<Data Name="lineNumber">369</Data>
<Data Name="Data">3221225524</Data>
</EventData>
</Event>

<Event xmlns="http://schemas.microsoft.com/win/2004/08/events/event"><System><Provider Name="Microsoft-Windows-Kernel-General" Guid="{a68ca8b7-004f-d7b6-a698-07e2de0f1f5d}"></Provider>
<EventID Qualifiers="">16</EventID>
<Version>0</Version>
<Level>4</Level>
<Task>0</Task>
<Opcode>0</Opcode>
<Keywords>0x8000000000000000</Keywords>
<TimeCreated SystemTime="2025-11-23 07:07:37.425770+00:00"></TimeCreated>
<EventRecordID>1155</EventRecordID>
<Correlation ActivityID="" RelatedActivityID=""></Correlation>
<Execution ProcessID="4388" ThreadID="2416"></Execution>
<Channel>System</Channel>
<Computer>WIN-QCM4OJM0UCK</Computer>
<Security UserID="S-1-5-18"></Security>
</System>
<EventData><Data Name="HiveNameLength">139</Data>
<Data Name="HiveName">\??\C:\ProgramData\Microsoft\Windows\AppRepository\Packages\Microsoft.WindowsTerminal_1.23.12811.0_arm64__8wekyb3d8bbwe\ActivationStore.dat</Data>
<Data Name="KeysUpdated">0</Data>
<Data Name="DirtyPages">0</Data>
</EventData>
</Event>

<Event xmlns="http://schemas.microsoft.com/win/2004/08/events/event"><System><Provider Name="Microsoft-Windows-WindowsUpdateClient" Guid="{945a8954-c147-4acd-923f-40c45405a658}"></Provider>
<EventID Qualifiers="">43</EventID>
<Version>1</Version>
<Level>4</Level>
<Task>1</Task>
<Opcode>13</Opcode>
<Keywords>0x8000000000002008</Keywords>
<TimeCreated SystemTime="2025-11-23 07:07:37.887936+00:00"></TimeCreated>
<EventRecordID>1156</EventRecordID>
<Correlation ActivityID="" RelatedActivityID=""></Correlation>
<Execution ProcessID="10260" ThreadID="1260"></Execution>
<Channel>System</Channel>
<Computer>WIN-QCM4OJM0UCK</Computer>
<Security UserID="S-1-5-18"></Security>
</System>
<EventData><Data Name="updateTitle">9N0DX20HK701-Microsoft.WindowsTerminal</Data>
<Data Name="updateGuid">{3416f124-114d-481e-9436-1cf30834afb7}</Data>
<Data Name="updateRevisionNumber">1</Data>
</EventData>
</Event>

<Event xmlns="http://schemas.microsoft.com/win/2004/08/events/event"><System><Provider Name="Microsoft-Windows-Kernel-General" Guid="{a68ca8b7-004f-d7b6-a698-07e2de0f1f5d}"></Provider>
<EventID Qualifiers="">16</EventID>
<Version>0</Version>
<Level>4</Level>
<Task>0</Task>
<Opcode>0</Opcode>
<Keywords>0x8000000000000000</Keywords>
<TimeCreated SystemTime="2025-11-23 07:07:38.010111+00:00"></TimeCreated>
<EventRecordID>1157</EventRecordID>
<Correlation ActivityID="" RelatedActivityID=""></Correlation>
<Execution ProcessID="4388" ThreadID="2416"></Execution>
<Channel>System</Channel>
<Computer>WIN-QCM4OJM0UCK</Computer>
<Security UserID="S-1-5-21-3406557415-3785955325-3440082762-1001"></Security>
</System>
<EventData><Data Name="HiveNameLength">103</Data>
<Data Name="HiveName">\??\C:\Users\yanna\AppData\Local\Packages\Microsoft.WindowsTerminal_8wekyb3d8bbwe\Settings\settings.dat</Data>
<Data Name="KeysUpdated">3</Data>
<Data Name="DirtyPages">1</Data>
</EventData>
</Event>

