<Event xmlns="http://schemas.microsoft.com/win/2004/08/events/event"><System><Provider Name="Microsoft-Windows-Kernel-General" Guid="{a68ca8b7-004f-d7b6-a698-07e2de0f1f5d}"></Provider>
<EventID Qualifiers="">16</EventID>
<Version>0</Version>
<Level>4</Level>
<Task>0</Task>
<Opcode>0</Opcode>
<Keywords>0x8000000000000000</Keywords>
<TimeCreated SystemTime="2025-11-23 09:26:46.810837+00:00"></TimeCreated>
<EventRecordID>162</EventRecordID>
<Correlation ActivityID="" RelatedActivityID=""></Correlation>
<Execution ProcessID="3164" ThreadID="1924"></Execution>
<Channel>System</Channel>
<Computer>WIN-E0UGH20N01E</Computer>
<Security UserID="S-1-5-18"></Security>
</System>
<EventData><Data Name="HiveNameLength">139</Data>
<Data Name="HiveName">\??\C:\ProgramData\Microsoft\Windows\AppRepository\Packages\Microsoft.WindowsTerminal_1.18.10301.0_arm64__8wekyb3d8bbwe\ActivationStore.dat</Data>
<Data Name="KeysUpdated">0</Data>
<Data Name="DirtyPages">0</Data>
</EventData>
</Event>

<Event xmlns="http://schemas.microsoft.com/win/2004/08/events/event"><System><Provider Name="Microsoft-Windows-Kernel-General" Guid="{a68ca8b7-004f-d7b6-a698-07e2de0f1f5d}"></Provider>
<EventID Qualifiers="">16</EventID>
<Version>0</Version>
<Level>4</Level>
<Task>0</Task>
<Opcode>0</Opcode>
<Keywords>0x8000000000000000</Keywords>
<TimeCreated SystemTime="2025-11-23 09:26:47.092554+00:00"></TimeCreated>
<EventRecordID>163</EventRecordID>
<Correlation ActivityID="" RelatedActivityID=""></Correlation>
<Execution ProcessID="3164" ThreadID="1924"></Execution>
<Channel>System</Channel>
<Computer>WIN-E0UGH20N01E</Computer>
<Security UserID="S-1-5-18"></Security>
</System>
<EventData><Data Name="HiveNameLength">133</Data>
<Data Name="HiveName">\??\C:\ProgramData\Microsoft\Windows\AppRepository\Packages\Microsoft.Xbox.TCUI_1.23.28005.0_arm64__8wekyb3d8bbwe\ActivationStore.dat</Data>
<Data Name="KeysUpdated">0</Data>
<Data Name="DirtyPages">0</Data>
</EventData>
</Event>

<Event xmlns="http://schemas.microsoft.com/win/2004/08/events/event"><System><Provider Name="Microsoft-Windows-Kernel-General" Guid="{a68ca8b7-004f-d7b6-a698-07e2de0f1f5d}"></Provider>
<EventID Qualifiers="">16</EventID>
<Version>0</Version>
<Level>4</Level>
<Task>0</Task>
<Opcode>0</Opcode>
<Keywords>0x8000000000000000</Keywords>
<TimeCreated SystemTime="2025-11-23 09:26:47.844488+00:00"></TimeCreated>
<EventRecordID>164</EventRecordID>
<Correlation ActivityID="" RelatedActivityID=""></Correlation>
<Execution ProcessID="3164" ThreadID="1924"></Execution>
<Channel>System</Channel>
<Computer>WIN-E0UGH20N01E</Computer>
<Security UserID="S-1-5-18"></Security>
</System>
<EventData><Data Name="HiveNameLength">141</Data>
<Data Name="HiveName">\??\C:\ProgramData\Microsoft\Windows\AppRepository\Packages\Microsoft.XboxGamingOverlay_7.325.7221.0_arm64__8wekyb3d8bbwe\ActivationStore.dat</Data>
<Data Name="KeysUpdated">0</Data>
<Data Name="DirtyPages">0</Data>
</EventData>
</Event>

<Event xmlns="http://schemas.microsoft.com/win/2004/08/events/event"><System><Provider Name="Microsoft-Windows-Kernel-General" Guid="{a68ca8b7-004f-d7b6-a698-07e2de0f1f5d}"></Provider>
<EventID Qualifiers="">16</EventID>
<Version>0</Version>
<Level>4</Level>
<Task>0</Task>
<Opcode>0</Opcode>
<Keywords>0x8000000000000000</Keywords>
<TimeCreated SystemTime="2025-11-23 09:26:48.565144+00:00"></TimeCreated>
<EventRecordID>165</EventRecordID>
<Correlation ActivityID="" RelatedActivityID=""></Correlation>
<Execution ProcessID="3164" ThreadID="1924"></Execution>
<Channel>System</Channel>
<Computer>WIN-E0UGH20N01E</Computer>
<Security UserID="S-1-5-18"></Security>
</System>
<EventData><Data Name="HiveNameLength">146</Data>
<Data Name="HiveName">\??\C:\ProgramData\Microsoft\Windows\AppRepository\Packages\Microsoft.XboxIdentityProvider_12.110.15002.0_arm64__8wekyb3d8bbwe\ActivationStore.dat</Data>
<Data Name="KeysUpdated">0</Data>
<Data Name="DirtyPages">0</Data>
</EventData>
</Event>

<Event xmlns="http://schemas.microsoft.com/win/2004/08/events/event"><System><Provider Name="Microsoft-Windows-Kernel-General" Guid="{a68ca8b7-004f-d7b6-a698-07e2de0f1f5d}"></Provider>
<EventID Qualifiers="">16</EventID>
<Version>0</Version>
<Level>4</Level>
<Task>0</Task>
<Opcode>0</Opcode>
<Keywords>0x8000000000000000</Keywords>
<TimeCreated SystemTime="2025-11-23 09:26:48.997540+00:00"></TimeCreated>
<EventRecordID>166</EventRecordID>
<Correlation ActivityID="" RelatedActivityID=""></Correlation>
<Execution ProcessID="3164" ThreadID="1924"></Execution>
<Channel>System</Channel>
<Computer>WIN-E0UGH20N01E</Computer>
<Security UserID="S-1-5-18"></Security>
</System>
<EventData><Data Name="HiveNameLength">148</Data>
<Data Name="HiveName">\??\C:\ProgramData\Microsoft\Windows\AppRepository\Packages\Microsoft.XboxSpeechToTextOverlay_1.111.30001.0_arm64__8wekyb3d8bbwe\ActivationStore.dat</Data>
<Data Name="KeysUpdated">0</Data>
<Data Name="DirtyPages">0</Data>
</EventData>
</Event>

<Event xmlns="http://schemas.microsoft.com/win/2004/08/events/event"><System><Provider Name="Microsoft-Windows-Kernel-General" Guid="{a68ca8b7-004f-d7b6-a698-07e2de0f1f5d}"></Provider>
<EventID Qualifiers="">16</EventID>
<Version>0</Version>
<Level>4</Level>
<Task>0</Task>
<Opcode>0</Opcode>
<Keywords>0x8000000000000000</Keywords>
<TimeCreated SystemTime="2025-11-23 09:26:49.484257+00:00"></TimeCreated>
<EventRecordID>167</EventRecordID>
<Correlation ActivityID="" RelatedActivityID=""></Correlation>
<Execution ProcessID="3164" ThreadID="1924"></Execution>
<Channel>System</Channel>
<Computer>WIN-E0UGH20N01E</Computer>
<Security UserID="S-1-5-18"></Security>
</System>
<EventData><Data Name="HiveNameLength">133</Data>
<Data Name="HiveName">\??\C:\ProgramData\Microsoft\Windows\AppRepository\Packages\Microsoft.YourPhone_0.25062.84.0_arm64__8wekyb3d8bbwe\ActivationStore.dat</Data>
<Data Name="KeysUpdated">0</Data>
<Data Name="DirtyPages">0</Data>
</EventData>
</Event>

<Event xmlns="http://schemas.microsoft.com/win/2004/08/events/event"><System><Provider Name="Microsoft-Windows-Kernel-General" Guid="{a68ca8b7-004f-d7b6-a698-07e2de0f1f5d}"></Provider>
<EventID Qualifiers="">16</EventID>
<Version>0</Version>
<Level>4</Level>
<Task>0</Task>
<Opcode>0</Opcode>
<Keywords>0x8000000000000000</Keywords>
<TimeCreated SystemTime="2025-11-23 09:26:50.124899+00:00"></TimeCreated>
<EventRecordID>168</EventRecordID>
<Correlation ActivityID="" RelatedActivityID=""></Correlation>
<Execution ProcessID="3164" ThreadID="1924"></Execution>
<Channel>System</Channel>
<Computer>WIN-E0UGH20N01E</Computer>
<Security UserID="S-1-5-18"></Security>
</System>
<EventData><Data Name="HiveNameLength">132</Data>
<Data Name="HiveName">\??\C:\ProgramData\Microsoft\Windows\AppRepository\Packages\Microsoft.ZuneMusic_11.2501.9.0_arm64__8wekyb3d8bbwe\ActivationStore.dat</Data>
<Data Name="KeysUpdated">0</Data>
<Data Name="DirtyPages">0</Data>
</EventData>
</Event>

<Event xmlns="http://schemas.microsoft.com/win/2004/08/events/event"><System><Provider Name="Microsoft-Windows-Kernel-General" Guid="{a68ca8b7-004f-d7b6-a698-07e2de0f1f5d}"></Provider>
<EventID Qualifiers="">16</EventID>
<Version>0</Version>
<Level>4</Level>
<Task>0</Task>
<Opcode>0</Opcode>
<Keywords>0x8000000000000000</Keywords>
<TimeCreated SystemTime="2025-11-23 09:26:57.837492+00:00"></TimeCreated>
<EventRecordID>169</EventRecordID>
<Correlation ActivityID="" RelatedActivityID=""></Correlation>
<Execution ProcessID="3164" ThreadID="1924"></Execution>
<Channel>System</Channel>
<Computer>WIN-E0UGH20N01E</Computer>
<Security UserID="S-1-5-18"></Security>
</System>
<EventData><Data Name="HiveNameLength">153</Data>
<Data Name="HiveName">\??\C:\ProgramData\Microsoft\Windows\AppRepository\Packages\MicrosoftWindows.Client.WebExperience_525.18101.90.9_arm64__cw5n1h2txyewy\ActivationStore.dat</Data>
<Data Name="KeysUpdated">0</Data>
<Data Name="DirtyPages">0</Data>
</EventData>
</Event>

<Event xmlns="http://schemas.microsoft.com/win/2004/08/events/event"><System><Provider Name="Microsoft-Windows-Kernel-General" Guid="{a68ca8b7-004f-d7b6-a698-07e2de0f1f5d}"></Provider>
<EventID Qualifiers="">16</EventID>
<Version>0</Version>
<Level>4</Level>
<Task>0</Task>
<Opcode>0</Opcode>
<Keywords>0x8000000000000000</Keywords>
<TimeCreated SystemTime="2025-11-23 09:26:58.293243+00:00"></TimeCreated>
<EventRecordID>170</EventRecordID>
<Correlation ActivityID="" RelatedActivityID=""></Correlation>
<Execution ProcessID="3164" ThreadID="1924"></Execution>
<Channel>System</Channel>
<Computer>WIN-E0UGH20N01E</Computer>
<Security UserID="S-1-5-18"></Security>
</System>
<EventData><Data Name="HiveNameLength">142</Data>
<Data Name="HiveName">\??\C:\ProgramData\Microsoft\Windows\AppRepository\Packages\MicrosoftWindows.CrossDevice_0.25062.28.0_arm64__cw5n1h2txyewy\ActivationStore.dat</Data>
<Data Name="KeysUpdated">0</Data>
<Data Name="DirtyPages">0</Data>
</EventData>
</Event>

<Event xmlns="http://schemas.microsoft.com/win/2004/08/events/event"><System><Provider Name="Microsoft-Windows-Kernel-General" Guid="{a68ca8b7-004f-d7b6-a698-07e2de0f1f5d}"></Provider>
<EventID Qualifiers="">16</EventID>
<Version>0</Version>
<Level>4</Level>
<Task>0</Task>
<Opcode>0</Opcode>
<Keywords>0x8000000000000000</Keywords>
<TimeCreated SystemTime="2025-11-23 09:26:59.171089+00:00"></TimeCreated>
<EventRecordID>171</EventRecordID>
<Correlation ActivityID="" RelatedActivityID=""></Correlation>
<Execution ProcessID="4240" ThreadID="1448"></Execution>
<Channel>System</Channel>
<Computer>WIN-E0UGH20N01E</Computer>
<Security UserID="S-1-5-18"></Security>
</System>
<EventData><Data Name="HiveNameLength">85</Data>
<Data Name="HiveName">\??\C:\ProgramData\Microsoft\Provisioning\Microsoft-Desktop-Provisioning-Sequence.dat</Data>
<Data Name="KeysUpdated">0</Data>
<Data Name="DirtyPages">0</Data>
</EventData>
</Event>

<Event xmlns="http://schemas.microsoft.com/win/2004/08/events/event"><System><Provider Name="Microsoft-Windows-UserModePowerService" Guid="{ce8dee0b-d539-4000-b0f8-77bed049c590}"></Provider>
<EventID Qualifiers="">22</EventID>
<Version>0</Version>
<Level>4</Level>
<Task>18</Task>
<Opcode>0</Opcode>
<Keywords>0x4000000000000000</Keywords>
<TimeCreated SystemTime="2025-11-23 09:27:00.676588+00:00"></TimeCreated>
<EventRecordID>172</EventRecordID>
<Correlation ActivityID="" RelatedActivityID=""></Correlation>
<Execution ProcessID="976" ThreadID="2848"></Execution>
<Channel>System</Channel>
<Computer>WIN-E0UGH20N01E</Computer>
<Security UserID="S-1-5-18"></Security>
</System>
<EventData><Data Name="Turn">1</Data>
</EventData>
</Event>

<Event xmlns="http://schemas.microsoft.com/win/2004/08/events/event"><System><Provider Name="Service Control Manager" Guid="{555908d1-a6d7-4695-8e1e-26931d2012f4}" EventSourceName="Service Control Manager"></Provider>
<EventID Qualifiers="16384">7040</EventID>
<Version>0</Version>
<Level>4</Level>
<Task>0</Task>
<Opcode>0</Opcode>
<Keywords>0x8080000000000000</Keywords>
<TimeCreated SystemTime="2025-11-23 09:27:02.034655+00:00"></TimeCreated>
<EventRecordID>173</EventRecordID>
<Correlation ActivityID="" RelatedActivityID=""></Correlation>
<Execution ProcessID="832" ThreadID="1276"></Execution>
<Channel>System</Channel>
<Computer>WIN-E0UGH20N01E</Computer>
<Security UserID="S-1-5-18"></Security>
</System>
<EventData><Data Name="param1">Background Intelligent Transfer Service</Data>
<Data Name="param2">demand start</Data>
<Data Name="param3">auto start</Data>
<Data Name="param4">BITS</Data>
</EventData>
</Event>

<Event xmlns="http://schemas.microsoft.com/win/2004/08/events/event"><System><Provider Name="Microsoft-Windows-Setup" Guid="{75ebc33e-997f-49cf-b49f-ecc50184b75d}"></Provider>
<EventID Qualifiers="">2004</EventID>
<Version>0</Version>
<Level>4</Level>
<Task>4000</Task>
<Opcode>0</Opcode>
<Keywords>0x2000400000000000</Keywords>
<TimeCreated SystemTime="2025-11-23 09:27:04.608517+00:00"></TimeCreated>
<EventRecordID>174</EventRecordID>
<Correlation ActivityID="{0bd8121f-5c5b-0000-7785-d80b5b5cdc01}" RelatedActivityID=""></Correlation>
<Execution ProcessID="1556" ThreadID="1560"></Execution>
<Channel>System</Channel>
<Computer>WIN-E0UGH20N01E</Computer>
<Security UserID="S-1-5-18"></Security>
</System>
<EventData><Data Name="OSName">Windows 10 Pro</Data>
<Data Name="OSEditionID">Professional</Data>
<Data Name="OSmajorversion">10</Data>
<Data Name="OSminorversion">0</Data>
<Data Name="OSbuildversion">26200</Data>
<Data Name="OSservicepackName"></Data>
<Data Name="OSservicepackmajorversion">0</Data>
<Data Name="OSservicepackminorversion">0</Data>
</EventData>
</Event>

<Event xmlns="http://schemas.microsoft.com/win/2004/08/events/event"><System><Provider Name="User32" Guid="{b0aa8734-56f7-41cc-b2f4-de228e98b946}" EventSourceName="User32"></Provider>
<EventID Qualifiers="32768">1074</EventID>
<Version>0</Version>
<Level>4</Level>
<Task>0</Task>
<Opcode>0</Opcode>
<Keywords>0x8080000000000000</Keywords>
<TimeCreated SystemTime="2025-11-23 09:27:05.446489+00:00"></TimeCreated>
<EventRecordID>175</EventRecordID>
<Correlation ActivityID="" RelatedActivityID=""></Correlation>
<Execution ProcessID="612" ThreadID="1764"></Execution>
<Channel>System</Channel>
<Computer>WIN-E0UGH20N01E</Computer>
<Security UserID="S-1-5-18"></Security>
</System>
<EventData><Data Name="param1">C:\WINDOWS\system32\winlogon.exe (WIN-E0UGH20N01E)</Data>
<Data Name="param2">WIN-E0UGH20N01E</Data>
<Data Name="param3">Operating System: Upgrade (Planned)</Data>
<Data Name="param4">0x80020003</Data>
<Data Name="param5">restart</Data>
<Data Name="param6"></Data>
<Data Name="param7">NT AUTHORITY\SYSTEM</Data>
</EventData>
</Event>

<Event xmlns="http://schemas.microsoft.com/win/2004/08/events/event"><System><Provider Name="EventLog"></Provider>
<EventID Qualifiers="32768">6006</EventID>
<Version>0</Version>
<Level>4</Level>
<Task>0</Task>
<Opcode>0</Opcode>
<Keywords>0x0080000000000000</Keywords>
<TimeCreated SystemTime="2025-11-23 09:27:09.723343+00:00"></TimeCreated>
<EventRecordID>176</EventRecordID>
<Correlation ActivityID="" RelatedActivityID=""></Correlation>
<Execution ProcessID="2220" ThreadID="2532"></Execution>
<Channel>System</Channel>
<Computer>WIN-E0UGH20N01E</Computer>
<Security UserID=""></Security>
</System>
<EventData><Data></Data>
<Binary>AQAAAAAAAAA=</Binary>
</EventData>
</Event>

<Event xmlns="http://schemas.microsoft.com/win/2004/08/events/event"><System><Provider Name="Microsoft-Windows-Dhcp-Client" Guid="{15a7a4f8-0072-4eab-abad-f98a4d666aed}"></Provider>
<EventID Qualifiers="">50104</EventID>
<Version>0</Version>
<Level>4</Level>
<Task>4</Task>
<Opcode>129</Opcode>
<Keywords>0x2000000000000000</Keywords>
<TimeCreated SystemTime="2025-11-23 09:27:09.712654+00:00"></TimeCreated>
<EventRecordID>177</EventRecordID>
<Correlation ActivityID="" RelatedActivityID=""></Correlation>
<Execution ProcessID="2780" ThreadID="2784"></Execution>
<Channel>System</Channel>
<Computer>WIN-E0UGH20N01E</Computer>
<Security UserID="S-1-5-19"></Security>
</System>
<EventData></EventData>
</Event>

<Event xmlns="http://schemas.microsoft.com/win/2004/08/events/event"><System><Provider Name="Microsoft-Windows-Dhcp-Client" Guid="{15a7a4f8-0072-4eab-abad-f98a4d666aed}"></Provider>
<EventID Qualifiers="">50105</EventID>
<Version>0</Version>
<Level>4</Level>
<Task>4</Task>
<Opcode>129</Opcode>
<Keywords>0x2000000000000000</Keywords>
<TimeCreated SystemTime="2025-11-23 09:27:09.714857+00:00"></TimeCreated>
<EventRecordID>178</EventRecordID>
<Correlation ActivityID="" RelatedActivityID=""></Correlation>
<Execution ProcessID="2780" ThreadID="2852"></Execution>
<Channel>System</Channel>
<Computer>WIN-E0UGH20N01E</Computer>
<Security UserID="S-1-5-19"></Security>
</System>
<EventData></EventData>
</Event>

<Event xmlns="http://schemas.microsoft.com/win/2004/08/events/event"><System><Provider Name="Microsoft-Windows-Dhcp-Client" Guid="{15a7a4f8-0072-4eab-abad-f98a4d666aed}"></Provider>
<EventID Qualifiers="">50106</EventID>
<Version>0</Version>
<Level>4</Level>
<Task>4</Task>
<Opcode>129</Opcode>
<Keywords>0x2000000000000000</Keywords>
<TimeCreated SystemTime="2025-11-23 09:27:09.720211+00:00"></TimeCreated>
<EventRecordID>179</EventRecordID>
<Correlation ActivityID="" RelatedActivityID=""></Correlation>
<Execution ProcessID="2780" ThreadID="2852"></Execution>
<Channel>System</Channel>
<Computer>WIN-E0UGH20N01E</Computer>
<Security UserID="S-1-5-19"></Security>
</System>
<EventData></EventData>
</Event>

<Event xmlns="http://schemas.microsoft.com/win/2004/08/events/event"><System><Provider Name="Microsoft-Windows-DHCPv6-Client" Guid="{6a1f2b00-6a90-4c38-95a5-5cab3b056778}"></Provider>
<EventID Qualifiers="">51047</EventID>
<Version>0</Version>
<Level>4</Level>
<Task>4</Task>
<Opcode>63</Opcode>
<Keywords>0x2000000000000000</Keywords>
<TimeCreated SystemTime="2025-11-23 09:27:09.721771+00:00"></TimeCreated>
<EventRecordID>180</EventRecordID>
<Correlation ActivityID="" RelatedActivityID=""></Correlation>
<Execution ProcessID="2780" ThreadID="2872"></Execution>
<Channel>System</Channel>
<Computer>WIN-E0UGH20N01E</Computer>
<Security UserID="S-1-5-19"></Security>
</System>
<EventData><Data Name="DwordVal">1</Data>
</EventData>
</Event>

<Event xmlns="http://schemas.microsoft.com/win/2004/08/events/event"><System><Provider Name="Microsoft-Windows-DHCPv6-Client" Guid="{6a1f2b00-6a90-4c38-95a5-5cab3b056778}"></Provider>
<EventID Qualifiers="">51057</EventID>
<Version>0</Version>
<Level>4</Level>
<Task>4</Task>
<Opcode>104</Opcode>
<Keywords>0x2000000000000000</Keywords>
<TimeCreated SystemTime="2025-11-23 09:27:09.721773+00:00"></TimeCreated>
<EventRecordID>181</EventRecordID>
<Correlation ActivityID="" RelatedActivityID=""></Correlation>
<Execution ProcessID="2780" ThreadID="2872"></Execution>
<Channel>System</Channel>
<Computer>WIN-E0UGH20N01E</Computer>
<Security UserID="S-1-5-19"></Security>
</System>
<EventData><Data Name="DwordVal">1</Data>
</EventData>
</Event>

<Event xmlns="http://schemas.microsoft.com/win/2004/08/events/event"><System><Provider Name="EventLog"></Provider>
<EventID Qualifiers="32768">6011</EventID>
<Version>0</Version>
<Level>4</Level>
<Task>0</Task>
<Opcode>0</Opcode>
<Keywords>0x0080000000000000</Keywords>
<TimeCreated SystemTime="2025-11-23 09:27:31.284985+00:00"></TimeCreated>
<EventRecordID>182</EventRecordID>
<Correlation ActivityID="" RelatedActivityID=""></Correlation>
<Execution ProcessID="2800" ThreadID="2900"></Execution>
<Channel>System</Channel>
<Computer>WIN-QCM4OJM0UCK</Computer>
<Security UserID=""></Security>
</System>
<EventData><Data>&lt;string&gt;WIN-E0UGH20N01E&lt;/string&gt;
&lt;string&gt;WIN-QCM4OJM0UCK&lt;/string&gt;
</Data>
<Binary></Binary>
</EventData>
</Event>

<Event xmlns="http://schemas.microsoft.com/win/2004/08/events/event"><System><Provider Name="EventLog"></Provider>
<EventID Qualifiers="32768">6009</EventID>
<Version>0</Version>
<Level>4</Level>
<Task>0</Task>
<Opcode>0</Opcode>
<Keywords>0x0080000000000000</Keywords>
<TimeCreated SystemTime="2025-11-23 09:27:31.285597+00:00"></TimeCreated>
<EventRecordID>183</EventRecordID>
<Correlation ActivityID="" RelatedActivityID=""></Correlation>
<Execution ProcessID="2800" ThreadID="2900"></Execution>
<Channel>System</Channel>
<Computer>WIN-QCM4OJM0UCK</Computer>
<Security UserID=""></Security>
</System>
<EventData><Data>&lt;string&gt;10.00.&lt;/string&gt;
&lt;string&gt;26200&lt;/string&gt;
&lt;string&gt;&lt;/string&gt;
&lt;string&gt;Multiprocessor Free&lt;/string&gt;
&lt;string&gt;0&lt;/string&gt;
</Data>
<Binary></Binary>
</EventData>
</Event>

<Event xmlns="http://schemas.microsoft.com/win/2004/08/events/event"><System><Provider Name="EventLog"></Provider>
<EventID Qualifiers="32768">6005</EventID>
<Version>0</Version>
<Level>4</Level>
<Task>0</Task>
<Opcode>0</Opcode>
<Keywords>0x0080000000000000</Keywords>
<TimeCreated SystemTime="2025-11-23 09:27:31.285629+00:00"></TimeCreated>
<EventRecordID>184</EventRecordID>
<Correlation ActivityID="" RelatedActivityID=""></Correlation>
<Execution ProcessID="2800" ThreadID="2900"></Execution>
<Channel>System</Channel>
<Computer>WIN-QCM4OJM0UCK</Computer>
<Security UserID=""></Security>
</System>
<EventData><Data></Data>
<Binary>6QcLAAAAFwAJABsAHwAdAQAAAAAAAAAA</Binary>
</EventData>
</Event>

<Event xmlns="http://schemas.microsoft.com/win/2004/08/events/event"><System><Provider Name="EventLog"></Provider>
<EventID Qualifiers="32768">6013</EventID>
<Version>0</Version>
<Level>4</Level>
<Task>0</Task>
<Opcode>0</Opcode>
<Keywords>0x0080000000000000</Keywords>
<TimeCreated SystemTime="2025-11-23 09:27:31.286043+00:00"></TimeCreated>
<EventRecordID>185</EventRecordID>
<Correlation ActivityID="" RelatedActivityID=""></Correlation>
<Execution ProcessID="2800" ThreadID="2900"></Execution>
<Channel>System</Channel>
<Computer>WIN-QCM4OJM0UCK</Computer>
<Security UserID=""></Security>
</System>
<EventData><Data>&lt;string&gt;9&lt;/string&gt;
&lt;string&gt;&lt;/string&gt;
&lt;string&gt;&lt;/string&gt;
&lt;string&gt;9&lt;/string&gt;
&lt;string&gt;60&lt;/string&gt;
&lt;string&gt;0 GMT Standard Time&lt;/string&gt;
</Data>
<Binary>MQAuADEAAAAwAAAAVwBpAG4AZABvAHcAcwAgADEAMAAgAFAAcgBvAAAAMQAwAC4AMAAuADIANgAyADAAMAAgAEIAdQBpAGwAZAAgADIANgAyADAAMAAgACAAAABNAHUAbAB0AGkAcAByAG8AYwBlAHMAcwBvAHIAIABGAHIAZQBlAAAAMgA2ADEAMAAwAC4AZwBlAF8AcgBlAGwAZQBhAHMAZQAuADIANAAwADMAMwAxAC0AMQA0ADMANQAAADYAOQAyADIAZAAzADYAOQAAAE4AbwB0ACAAQQB2AGEAaQBsAGEAYgBsAGUAAABOAG8AdAAgAEEAdgBhAGkAbABhAGIAbABlAAAAMQAyAAAANAAAADgAMQA4ADMAAAA4ADAAOQAAAFcASQBOAC0AUQBDAE0ANABPAEoATQAwAFUAQwBLAAAAAAA=</Binary>
</EventData>
</Event>

<Event xmlns="http://schemas.microsoft.com/win/2004/08/events/event"><System><Provider Name="Microsoft-Windows-Dhcp-Client" Guid="{15a7a4f8-0072-4eab-abad-f98a4d666aed}"></Provider>
<EventID Qualifiers="">50037</EventID>
<Version>0</Version>
<Level>4</Level>
<Task>4</Task>
<Opcode>69</Opcode>
<Keywords>0x2000000000000000</Keywords>
<TimeCreated SystemTime="2025-11-23 09:27:09.741171+00:00"></TimeCreated>
<EventRecordID>186</EventRecordID>
<Correlation ActivityID="" RelatedActivityID=""></Correlation>
<Execution ProcessID="2780" ThreadID="2852"></Execution>
<Channel>System</Channel>
<Computer>WIN-QCM4OJM0UCK</Computer>
<Security UserID="S-1-5-19"></Security>
</System>
<EventData><Data Name="DwordVal">1</Data>
</EventData>
</Event>

<Event xmlns="http://schemas.microsoft.com/win/2004/08/events/event"><System><Provider Name="Microsoft-Windows-Kernel-Power" Guid="{331c3b3a-2005-44c2-ac5e-77220c37d6b4}"></Provider>
<EventID Qualifiers="">109</EventID>
<Version>0</Version>
<Level>4</Level>
<Task>103</Task>
<Opcode>0</Opcode>
<Keywords>0x8000400000000404</Keywords>
<TimeCreated SystemTime="2025-11-23 09:27:14.692711+00:00"></TimeCreated>
<EventRecordID>187</EventRecordID>
<Correlation ActivityID="" RelatedActivityID=""></Correlation>
<Execution ProcessID="684" ThreadID="688"></Execution>
<Channel>System</Channel>
<Computer>WIN-QCM4OJM0UCK</Computer>
<Security UserID="S-1-5-18"></Security>
</System>
<EventData><Data Name="ShutdownActionType">5</Data>
<Data Name="ShutdownEventCode">0</Data>
<Data Name="ShutdownReason">5</Data>
</EventData>
</Event>

<Event xmlns="http://schemas.microsoft.com/win/2004/08/events/event"><System><Provider Name="Microsoft-Windows-Kernel-Power" Guid="{331c3b3a-2005-44c2-ac5e-77220c37d6b4}"></Provider>
<EventID Qualifiers="">577</EventID>
<Version>0</Version>
<Level>4</Level>
<Task>280</Task>
<Opcode>0</Opcode>
<Keywords>0x8000000000000004</Keywords>
<TimeCreated SystemTime="2025-11-23 09:27:14.980947+00:00"></TimeCreated>
<EventRecordID>188</EventRecordID>
<Correlation ActivityID="" RelatedActivityID=""></Correlation>
<Execution ProcessID="4" ThreadID="420"></Execution>
<Channel>System</Channel>
<Computer>WIN-QCM4OJM0UCK</Computer>
<Security UserID=""></Security>
</System>
<EventData><Data Name="AdaptiveTargetState">0</Data>
<Data Name="IsUnattended">False</Data>
<Data Name="Status">279</Data>
</EventData>
</Event>

<Event xmlns="http://schemas.microsoft.com/win/2004/08/events/event"><System><Provider Name="Microsoft-Windows-Kernel-General" Guid="{a68ca8b7-004f-d7b6-a698-07e2de0f1f5d}"></Provider>
<EventID Qualifiers="">13</EventID>
<Version>0</Version>
<Level>4</Level>
<Task>2</Task>
<Opcode>0</Opcode>
<Keywords>0x8000000000000080</Keywords>
<TimeCreated SystemTime="2025-11-23 09:27:15.072237+00:00"></TimeCreated>
<EventRecordID>189</EventRecordID>
<Correlation ActivityID="" RelatedActivityID=""></Correlation>
<Execution ProcessID="4" ThreadID="420"></Execution>
<Channel>System</Channel>
<Computer>WIN-QCM4OJM0UCK</Computer>
<Security UserID=""></Security>
</System>
<EventData><Data Name="StopTime">2025-11-23 09:27:15.072237+00:00</Data>
</EventData>
</Event>

<Event xmlns="http://schemas.microsoft.com/win/2004/08/events/event"><System><Provider Name="Microsoft-Windows-Kernel-General" Guid="{a68ca8b7-004f-d7b6-a698-07e2de0f1f5d}"></Provider>
<EventID Qualifiers="">12</EventID>
<Version>0</Version>
<Level>4</Level>
<Task>1</Task>
<Opcode>0</Opcode>
<Keywords>0x8000000000000080</Keywords>
<TimeCreated SystemTime="2025-11-23 09:27:21.597754+00:00"></TimeCreated>
<EventRecordID>190</EventRecordID>
<Correlation ActivityID="" RelatedActivityID=""></Correlation>
<Execution ProcessID="4" ThreadID="8"></Execution>
<Channel>System</Channel>
<Computer>WIN-QCM4OJM0UCK</Computer>
<Security UserID="S-1-5-18"></Security>
</System>
<EventData><Data Name="MajorVersion">10</Data>
<Data Name="MinorVersion">0</Data>
<Data Name="BuildVersion">26100</Data>
<Data Name="QfeVersion">6584</Data>
<Data Name="ServiceVersion">0</Data>
<Data Name="BootMode">0</Data>
<Data Name="StartTime">2025-11-23 09:27:21.412323+00:00</Data>
</EventData>
</Event>

<Event xmlns="http://schemas.microsoft.com/win/2004/08/events/event"><System><Provider Name="Microsoft-Windows-Kernel-General" Guid="{a68ca8b7-004f-d7b6-a698-07e2de0f1f5d}"></Provider>
<EventID Qualifiers="">25</EventID>
<Version>0</Version>
<Level>4</Level>
<Task>12</Task>
<Opcode>0</Opcode>
<Keywords>0x8000000000000010</Keywords>
<TimeCreated SystemTime="2025-11-23 09:27:21.597754+00:00"></TimeCreated>
<EventRecordID>191</EventRecordID>
<Correlation ActivityID="" RelatedActivityID=""></Correlation>
<Execution ProcessID="4" ThreadID="8"></Execution>
<Channel>System</Channel>
<Computer>WIN-QCM4OJM0UCK</Computer>
<Security UserID="S-1-5-18"></Security>
</System>
<EventData><Data Name="SystemTime">2025-11-23 09:27:21.412323+00:00</Data>
<Data Name="LoaderTime">2025-11-23 09:27:21+00:00</Data>
<Data Name="InternalBootFlags">2</Data>
<Data Name="HalRtcErrorCode">0</Data>
<Data Name="RealTimeIsUniversal">False</Data>
<Data Name="IsSoftBoot">False</Data>
<Data Name="Success">False</Data>
<Data Name="Phase">2</Data>
</EventData>
</Event>

<Event xmlns="http://schemas.microsoft.com/win/2004/08/events/event"><System><Provider Name="Microsoft-Windows-Kernel-Boot" Guid="{15ca44ff-4d7a-4baa-bba5-0998955e531e}"></Provider>
<EventID Qualifiers="">153</EventID>
<Version>0</Version>
<Level>4</Level>
<Task>62</Task>
<Opcode>0</Opcode>
<Keywords>0x8000000000000000</Keywords>
<TimeCreated SystemTime="2025-11-23 09:27:21.597906+00:00"></TimeCreated>
<EventRecordID>192</EventRecordID>
<Correlation ActivityID="" RelatedActivityID=""></Correlation>
<Execution ProcessID="4" ThreadID="8"></Execution>
<Channel>System</Channel>
<Computer>WIN-QCM4OJM0UCK</Computer>
<Security UserID="S-1-5-18"></Security>
</System>
<EventData><Data Name="Status">0</Data>
<Data Name="EnableDisableReason">0</Data>
<Data Name="VsmPolicy">0</Data>
</EventData>
</Event>

<Event xmlns="http://schemas.microsoft.com/win/2004/08/events/event"><System><Provider Name="Microsoft-Windows-Kernel-Boot" Guid="{15ca44ff-4d7a-4baa-bba5-0998955e531e}"></Provider>
<EventID Qualifiers="">20</EventID>
<Version>1</Version>
<Level>4</Level>
<Task>31</Task>
<Opcode>0</Opcode>
<Keywords>0x8000000000000000</Keywords>
<TimeCreated SystemTime="2025-11-23 09:27:21.597950+00:00"></TimeCreated>
<EventRecordID>193</EventRecordID>
<Correlation ActivityID="" RelatedActivityID=""></Correlation>
<Execution ProcessID="4" ThreadID="8"></Execution>
<Channel>System</Channel>
<Computer>WIN-QCM4OJM0UCK</Computer>
<Security UserID="S-1-5-18"></Security>
</System>
<EventData><Data Name="LastShutdownGood">True</Data>
<Data Name="LastBootGood">True</Data>
<Data Name="LastBootId">1</Data>
<Data Name="BootStatusPolicy">2</Data>
</EventData>
</Event>

<Event xmlns="http://schemas.microsoft.com/win/2004/08/events/event"><System><Provider Name="Microsoft-Windows-Kernel-Boot" Guid="{15ca44ff-4d7a-4baa-bba5-0998955e531e}"></Provider>
<EventID Qualifiers="">247</EventID>
<Version>0</Version>
<Level>4</Level>
<Task>99</Task>
<Opcode>12</Opcode>
<Keywords>0x8000000000000000</Keywords>
<TimeCreated SystemTime="2025-11-23 09:27:21.597961+00:00"></TimeCreated>
<EventRecordID>194</EventRecordID>
<Correlation ActivityID="" RelatedActivityID=""></Correlation>
<Execution ProcessID="4" ThreadID="8"></Execution>
<Channel>System</Channel>
<Computer>WIN-QCM4OJM0UCK</Computer>
<Security UserID="S-1-5-18"></Security>
</System>
<EventData><Data Name="Status">3221225473</Data>
<Data Name="FailureReason">0</Data>
</EventData>
</Event>

<Event xmlns="http://schemas.microsoft.com/win/2004/08/events/event"><System><Provider Name="Microsoft-Windows-Kernel-Boot" Guid="{15ca44ff-4d7a-4baa-bba5-0998955e531e}"></Provider>
<EventID Qualifiers="">238</EventID>
<Version>1</Version>
<Level>4</Level>
<Task>101</Task>
<Opcode>0</Opcode>
<Keywords>0x8000000000000000</Keywords>
<TimeCreated SystemTime="2025-11-23 09:27:21.597990+00:00"></TimeCreated>
<EventRecordID>195</EventRecordID>
<Correlation ActivityID="" RelatedActivityID=""></Correlation>
<Execution ProcessID="4" ThreadID="8"></Execution>
<Channel>System</Channel>
<Computer>WIN-QCM4OJM0UCK</Computer>
<Security UserID="S-1-5-18"></Security>
</System>
<EventData><Data Name="EfiTimeZoneBias">2047</Data>
<Data Name="EfiDaylightFlags">0</Data>
<Data Name="EfiTime">2025-11-23 09:27:21+00:00</Data>
</EventData>
</Event>

<Event xmlns="http://schemas.microsoft.com/win/2004/08/events/event"><System><Provider Name="Microsoft-Windows-Kernel-Boot" Guid="{15ca44ff-4d7a-4baa-bba5-0998955e531e}"></Provider>
<EventID Qualifiers="">25</EventID>
<Version>0</Version>
<Level>4</Level>
<Task>32</Task>
<Opcode>0</Opcode>
<Keywords>0x8000000000000000</Keywords>
<TimeCreated SystemTime="2025-11-23 09:27:21.597990+00:00"></TimeCreated>
<EventRecordID>196</EventRecordID>
<Correlation ActivityID="" RelatedActivityID=""></Correlation>
<Execution ProcessID="4" ThreadID="8"></Execution>
<Channel>System</Channel>
<Computer>WIN-QCM4OJM0UCK</Computer>
<Security UserID="S-1-5-18"></Security>
</System>
<EventData><Data Name="BootMenuPolicy">1</Data>
</EventData>
</Event>

<Event xmlns="http://schemas.microsoft.com/win/2004/08/events/event"><System><Provider Name="Microsoft-Windows-Kernel-Boot" Guid="{15ca44ff-4d7a-4baa-bba5-0998955e531e}"></Provider>
<EventID Qualifiers="">27</EventID>
<Version>1</Version>
<Level>4</Level>
<Task>33</Task>
<Opcode>0</Opcode>
<Keywords>0x8000000000000000</Keywords>
<TimeCreated SystemTime="2025-11-23 09:27:21.597990+00:00"></TimeCreated>
<EventRecordID>197</EventRecordID>
<Correlation ActivityID="" RelatedActivityID=""></Correlation>
<Execution ProcessID="4" ThreadID="8"></Execution>
<Channel>System</Channel>
<Computer>WIN-QCM4OJM0UCK</Computer>
<Security UserID="S-1-5-18"></Security>
</System>
<EventData><Data Name="BootType">0</Data>
<Data Name="LoadOptions"> NOEXECUTE=OPTIN  FVEBOOT=1075355648  NOVGA</Data>
</EventData>
</Event>

<Event xmlns="http://schemas.microsoft.com/win/2004/08/events/event"><System><Provider Name="Microsoft-Windows-Kernel-Boot" Guid="{15ca44ff-4d7a-4baa-bba5-0998955e531e}"></Provider>
<EventID Qualifiers="">26</EventID>
<Version>0</Version>
<Level>4</Level>
<Task>0</Task>
<Opcode>0</Opcode>
<Keywords>0x8000080000000000</Keywords>
<TimeCreated SystemTime="2025-11-23 09:27:21.598022+00:00"></TimeCreated>
<EventRecordID>198</EventRecordID>
<Correlation ActivityID="" RelatedActivityID=""></Correlation>
<Execution ProcessID="4" ThreadID="8"></Execution>
<Channel>System</Channel>
<Computer>WIN-QCM4OJM0UCK</Computer>
<Security UserID="S-1-5-18"></Security>
</System>
<EventData></EventData>
</Event>

<Event xmlns="http://schemas.microsoft.com/win/2004/08/events/event"><System><Provider Name="Microsoft-Windows-Kernel-Boot" Guid="{15ca44ff-4d7a-4baa-bba5-0998955e531e}"></Provider>
<EventID Qualifiers="">32</EventID>
<Version>0</Version>
<Level>4</Level>
<Task>58</Task>
<Opcode>0</Opcode>
<Keywords>0x8000000000000000</Keywords>
<TimeCreated SystemTime="2025-11-23 09:27:21.598034+00:00"></TimeCreated>
<EventRecordID>199</EventRecordID>
<Correlation ActivityID="" RelatedActivityID=""></Correlation>
<Execution ProcessID="4" ThreadID="8"></Execution>
<Channel>System</Channel>
<Computer>WIN-QCM4OJM0UCK</Computer>
<Security UserID="S-1-5-18"></Security>
</System>
<EventData><Data Name="BitlockerUserInputTime">0</Data>
</EventData>
</Event>

<Event xmlns="http://schemas.microsoft.com/win/2004/08/events/event"><System><Provider Name="Microsoft-Windows-Kernel-General" Guid="{a68ca8b7-004f-d7b6-a698-07e2de0f1f5d}"></Provider>
<EventID Qualifiers="">20</EventID>
<Version>0</Version>
<Level>4</Level>
<Task>6</Task>
<Opcode>0</Opcode>
<Keywords>0x8000000000000010</Keywords>
<TimeCreated SystemTime="2025-11-23 09:27:21.600033+00:00"></TimeCreated>
<EventRecordID>200</EventRecordID>
<Correlation ActivityID="" RelatedActivityID=""></Correlation>
<Execution ProcessID="4" ThreadID="8"></Execution>
<Channel>System</Channel>
<Computer>WIN-QCM4OJM0UCK</Computer>
<Security UserID="S-1-5-18"></Security>
</System>
<EventData><Data Name="UpdateReason">0</Data>
<Data Name="EnabledNew">True</Data>
<Data Name="CountNew">0</Data>
<Data Name="CountOld">0</Data>
</EventData>
</Event>

<Event xmlns="http://schemas.microsoft.com/win/2004/08/events/event"><System><Provider Name="Microsoft-Windows-HAL" Guid="{63d1e632-95cc-4443-9312-af927761d52a}"></Provider>
<EventID Qualifiers="">16</EventID>
<Version>0</Version>
<Level>4</Level>
<Task>0</Task>
<Opcode>0</Opcode>
<Keywords>0x8000000000000000</Keywords>
<TimeCreated SystemTime="2025-11-23 09:27:21.621460+00:00"></TimeCreated>
<EventRecordID>201</EventRecordID>
<Correlation ActivityID="" RelatedActivityID=""></Correlation>
<Execution ProcessID="4" ThreadID="8"></Execution>
<Channel>System</Channel>
<Computer>WIN-QCM4OJM0UCK</Computer>
<Security UserID="S-1-5-18"></Security>
</System>
<EventData></EventData>
</Event>

<Event xmlns="http://schemas.microsoft.com/win/2004/08/events/event"><System><Provider Name="Microsoft-Windows-FilterManager" Guid="{f3c5e28e-63f6-49c7-a204-e48a1bc4b09d}"></Provider>
<EventID Qualifiers="">6</EventID>
<Version>0</Version>
<Level>4</Level>
<Task>0</Task>
<Opcode>0</Opcode>
<Keywords>0x8000000000000000</Keywords>
<TimeCreated SystemTime="2025-11-23 09:27:21.720667+00:00"></TimeCreated>
<EventRecordID>202</EventRecordID>
<Correlation ActivityID="" RelatedActivityID=""></Correlation>
<Execution ProcessID="4" ThreadID="8"></Execution>
<Channel>System</Channel>
<Computer>WIN-QCM4OJM0UCK</Computer>
<Security UserID="S-1-5-18"></Security>
</System>
<EventData><Data Name="FinalStatus">0x00000000</Data>
<Data Name="DeviceVersionMajor">10</Data>
<Data Name="DeviceVersionMinor">0</Data>
<Data Name="DeviceNameLength">8</Data>
<Data Name="DeviceName">FileInfo</Data>
<Data Name="DeviceTime">2010-08-01 15:38:45+00:00</Data>
</EventData>
</Event>

<Event xmlns="http://schemas.microsoft.com/win/2004/08/events/event"><System><Provider Name="Microsoft-Windows-FilterManager" Guid="{f3c5e28e-63f6-49c7-a204-e48a1bc4b09d}"></Provider>
<EventID Qualifiers="">6</EventID>
<Version>0</Version>
<Level>4</Level>
<Task>0</Task>
<Opcode>0</Opcode>
<Keywords>0x8000000000000000</Keywords>
<TimeCreated SystemTime="2025-11-23 09:27:21.720888+00:00"></TimeCreated>
<EventRecordID>203</EventRecordID>
<Correlation ActivityID="" RelatedActivityID=""></Correlation>
<Execution ProcessID="4" ThreadID="8"></Execution>
<Channel>System</Channel>
<Computer>WIN-QCM4OJM0UCK</Computer>
<Security UserID="S-1-5-18"></Security>
</System>
<EventData><Data Name="FinalStatus">0x00000000</Data>
<Data Name="DeviceVersionMajor">10</Data>
<Data Name="DeviceVersionMinor">0</Data>
<Data Name="DeviceNameLength">3</Data>
<Data Name="DeviceName">Wof</Data>
<Data Name="DeviceTime">1979-02-12 15:20:21+00:00</Data>
</EventData>
</Event>

<Event xmlns="http://schemas.microsoft.com/win/2004/08/events/event"><System><Provider Name="Microsoft-Windows-FilterManager" Guid="{f3c5e28e-63f6-49c7-a204-e48a1bc4b09d}"></Provider>
<EventID Qualifiers="">6</EventID>
<Version>0</Version>
<Level>4</Level>
<Task>0</Task>
<Opcode>0</Opcode>
<Keywords>0x8000000000000000</Keywords>
<TimeCreated SystemTime="2025-11-23 09:27:21.721401+00:00"></TimeCreated>
<EventRecordID>204</EventRecordID>
<Correlation ActivityID="" RelatedActivityID=""></Correlation>
<Execution ProcessID="4" ThreadID="8"></Execution>
<Channel>System</Channel>
<Computer>WIN-QCM4OJM0UCK</Computer>
<Security UserID="S-1-5-18"></Security>
</System>
<EventData><Data Name="FinalStatus">0x00000000</Data>
<Data Name="DeviceVersionMajor">10</Data>
<Data Name="DeviceVersionMinor">0</Data>
<Data Name="DeviceNameLength">8</Data>
<Data Name="DeviceName">WdFilter</Data>
<Data Name="DeviceTime">2075-05-27 20:05:35+00:00</Data>
</EventData>
</Event>

<Event xmlns="http://schemas.microsoft.com/win/2004/08/events/event"><System><Provider Name="Microsoft-Windows-Ntfs" Guid="{3ff37a1c-a68d-4d6e-8c9b-f79e8b16c482}"></Provider>
<EventID Qualifiers="">98</EventID>
<Version>0</Version>
<Level>4</Level>
<Task>0</Task>
<Opcode>0</Opcode>
<Keywords>0x8000000000000002</Keywords>
<TimeCreated SystemTime="2025-11-23 09:27:21.768955+00:00"></TimeCreated>
<EventRecordID>205</EventRecordID>
<Correlation ActivityID="" RelatedActivityID=""></Correlation>
<Execution ProcessID="4" ThreadID="272"></Execution>
<Channel>System</Channel>
<Computer>WIN-QCM4OJM0UCK</Computer>
<Security UserID="S-1-5-18"></Security>
</System>
<EventData><Data Name="DriveName">C:</Data>
<Data Name="DeviceName">\Device\HarddiskVolume3</Data>
<Data Name="CorruptionActionState">0</Data>
</EventData>
</Event>

<Event xmlns="http://schemas.microsoft.com/win/2004/08/events/event"><System><Provider Name="Microsoft-Windows-FilterManager" Guid="{f3c5e28e-63f6-49c7-a204-e48a1bc4b09d}"></Provider>
<EventID Qualifiers="">6</EventID>
<Version>0</Version>
<Level>4</Level>
<Task>0</Task>
<Opcode>0</Opcode>
<Keywords>0x8000000000000000</Keywords>
<TimeCreated SystemTime="2025-11-23 09:27:21.833508+00:00"></TimeCreated>
<EventRecordID>206</EventRecordID>
<Correlation ActivityID="" RelatedActivityID=""></Correlation>
<Execution ProcessID="4" ThreadID="8"></Execution>
<Channel>System</Channel>
<Computer>WIN-QCM4OJM0UCK</Computer>
<Security UserID="S-1-5-18"></Security>
</System>
<EventData><Data Name="FinalStatus">0x00000000</Data>
<Data Name="DeviceVersionMajor">10</Data>
<Data Name="DeviceVersionMinor">0</Data>
<Data Name="DeviceNameLength">9</Data>
<Data Name="DeviceName">FileCrypt</Data>
<Data Name="DeviceTime">2023-08-31 12:48:23+00:00</Data>
</EventData>
</Event>

<Event xmlns="http://schemas.microsoft.com/win/2004/08/events/event"><System><Provider Name="Microsoft-Windows-FilterManager" Guid="{f3c5e28e-63f6-49c7-a204-e48a1bc4b09d}"></Provider>
<EventID Qualifiers="">6</EventID>
<Version>0</Version>
<Level>4</Level>
<Task>0</Task>
<Opcode>0</Opcode>
<Keywords>0x8000000000000000</Keywords>
<TimeCreated SystemTime="2025-11-23 09:27:21.971764+00:00"></TimeCreated>
<EventRecordID>207</EventRecordID>
<Correlation ActivityID="" RelatedActivityID=""></Correlation>
<Execution ProcessID="4" ThreadID="8"></Execution>
<Channel>System</Channel>
<Computer>WIN-QCM4OJM0UCK</Computer>
<Security UserID="S-1-5-18"></Security>
</System>
<EventData><Data Name="FinalStatus">0x00000000</Data>
<Data Name="DeviceVersionMajor">10</Data>
<Data Name="DeviceVersionMinor">0</Data>
<Data Name="DeviceNameLength">9</Data>
<Data Name="DeviceName">npsvctrig</Data>
<Data Name="DeviceTime">2077-01-08 09:04:48+00:00</Data>
</EventData>
</Event>

<Event xmlns="http://schemas.microsoft.com/win/2004/08/events/event"><System><Provider Name="Microsoft-Windows-Kernel-Power" Guid="{331c3b3a-2005-44c2-ac5e-77220c37d6b4}"></Provider>
<EventID Qualifiers="">172</EventID>
<Version>0</Version>
<Level>4</Level>
<Task>203</Task>
<Opcode>0</Opcode>
<Keywords>0x8000000000000404</Keywords>
<TimeCreated SystemTime="2025-11-23 09:27:21.999495+00:00"></TimeCreated>
<EventRecordID>208</EventRecordID>
<Correlation ActivityID="" RelatedActivityID=""></Correlation>
<Execution ProcessID="4" ThreadID="272"></Execution>
<Channel>System</Channel>
<Computer>WIN-QCM4OJM0UCK</Computer>
<Security UserID="S-1-5-18"></Security>
</System>
<EventData><Data Name="State">2</Data>
<Data Name="Reason">6</Data>
</EventData>
</Event>

<Event xmlns="http://schemas.microsoft.com/win/2004/08/events/event"><System><Provider Name="Microsoft-Windows-Kernel-Processor-Power" Guid="{0f67e49f-fe51-4e9f-b490-6f2948cc6027}"></Provider>
<EventID Qualifiers="">55</EventID>
<Version>0</Version>
<Level>4</Level>
<Task>47</Task>
<Opcode>0</Opcode>
<Keywords>0x8000000000000000</Keywords>
<TimeCreated SystemTime="2025-11-23 09:27:22.127354+00:00"></TimeCreated>
<EventRecordID>209</EventRecordID>
<Correlation ActivityID="" RelatedActivityID=""></Correlation>
<Execution ProcessID="4" ThreadID="268"></Execution>
<Channel>System</Channel>
<Computer>WIN-QCM4OJM0UCK</Computer>
<Security UserID="S-1-5-18"></Security>
</System>
<EventData><Data Name="Group">0</Data>
<Data Name="Number">0</Data>
<Data Name="IdleStateCount">0</Data>
<Data Name="IdleImplementation">0</Data>
<Data Name="NominalFrequency">1000</Data>
<Data Name="MaximumPerformancePercent">100</Data>
<Data Name="MinimumPerformancePercent">100</Data>
<Data Name="MinimumThrottlePercent">100</Data>
<Data Name="PerformanceImplementation">0</Data>
</EventData>
</Event>

<Event xmlns="http://schemas.microsoft.com/win/2004/08/events/event"><System><Provider Name="Microsoft-Windows-Kernel-Processor-Power" Guid="{0f67e49f-fe51-4e9f-b490-6f2948cc6027}"></Provider>
<EventID Qualifiers="">55</EventID>
<Version>0</Version>
<Level>4</Level>
<Task>47</Task>
<Opcode>0</Opcode>
<Keywords>0x8000000000000000</Keywords>
<TimeCreated SystemTime="2025-11-23 09:27:22.127590+00:00"></TimeCreated>
<EventRecordID>210</EventRecordID>
<Correlation ActivityID="" RelatedActivityID=""></Correlation>
<Execution ProcessID="4" ThreadID="268"></Execution>
<Channel>System</Channel>
<Computer>WIN-QCM4OJM0UCK</Computer>
<Security UserID="S-1-5-18"></Security>
</System>
<EventData><Data Name="Group">0</Data>
<Data Name="Number">1</Data>
<Data Name="IdleStateCount">0</Data>
<Data Name="IdleImplementation">0</Data>
<Data Name="NominalFrequency">1000</Data>
<Data Name="MaximumPerformancePercent">100</Data>
<Data Name="MinimumPerformancePercent">100</Data>
<Data Name="MinimumThrottlePercent">100</Data>
<Data Name="PerformanceImplementation">0</Data>
</EventData>
</Event>

<Event xmlns="http://schemas.microsoft.com/win/2004/08/events/event"><System><Provider Name="Microsoft-Windows-Kernel-Processor-Power" Guid="{0f67e49f-fe51-4e9f-b490-6f2948cc6027}"></Provider>
<EventID Qualifiers="">55</EventID>
<Version>0</Version>
<Level>4</Level>
<Task>47</Task>
<Opcode>0</Opcode>
<Keywords>0x8000000000000000</Keywords>
<TimeCreated SystemTime="2025-11-23 09:27:22.127771+00:00"></TimeCreated>
<EventRecordID>211</EventRecordID>
<Correlation ActivityID="" RelatedActivityID=""></Correlation>
<Execution ProcessID="4" ThreadID="268"></Execution>
<Channel>System</Channel>
<Computer>WIN-QCM4OJM0UCK</Computer>
<Security UserID="S-1-5-18"></Security>
</System>
<EventData><Data Name="Group">0</Data>
<Data Name="Number">2</Data>
<Data Name="IdleStateCount">0</Data>
<Data Name="IdleImplementation">0</Data>
<Data Name="NominalFrequency">1000</Data>
<Data Name="MaximumPerformancePercent">100</Data>
<Data Name="MinimumPerformancePercent">100</Data>
<Data Name="MinimumThrottlePercent">100</Data>
<Data Name="PerformanceImplementation">0</Data>
</EventData>
</Event>

<Event xmlns="http://schemas.microsoft.com/win/2004/08/events/event"><System><Provider Name="Microsoft-Windows-Kernel-Processor-Power" Guid="{0f67e49f-fe51-4e9f-b490-6f2948cc6027}"></Provider>
<EventID Qualifiers="">55</EventID>
<Version>0</Version>
<Level>4</Level>
<Task>47</Task>
<Opcode>0</Opcode>
<Keywords>0x8000000000000000</Keywords>
<TimeCreated SystemTime="2025-11-23 09:27:22.128025+00:00"></TimeCreated>
<EventRecordID>212</EventRecordID>
<Correlation ActivityID="" RelatedActivityID=""></Correlation>
<Execution ProcessID="4" ThreadID="268"></Execution>
<Channel>System</Channel>
<Computer>WIN-QCM4OJM0UCK</Computer>
<Security UserID="S-1-5-18"></Security>
</System>
<EventData><Data Name="Group">0</Data>
<Data Name="Number">3</Data>
<Data Name="IdleStateCount">0</Data>
<Data Name="IdleImplementation">0</Data>
<Data Name="NominalFrequency">1000</Data>
<Data Name="MaximumPerformancePercent">100</Data>
<Data Name="MinimumPerformancePercent">100</Data>
<Data Name="MinimumThrottlePercent">100</Data>
<Data Name="PerformanceImplementation">0</Data>
</EventData>
</Event>

<Event xmlns="http://schemas.microsoft.com/win/2004/08/events/event"><System><Provider Name="Microsoft-Windows-Ntfs" Guid="{3ff37a1c-a68d-4d6e-8c9b-f79e8b16c482}"></Provider>
<EventID Qualifiers="">98</EventID>
<Version>0</Version>
<Level>4</Level>
<Task>0</Task>
<Opcode>0</Opcode>
<Keywords>0x8000000000000002</Keywords>
<TimeCreated SystemTime="2025-11-23 09:27:22.463232+00:00"></TimeCreated>
<EventRecordID>213</EventRecordID>
<Correlation ActivityID="" RelatedActivityID=""></Correlation>
<Execution ProcessID="4" ThreadID="376"></Execution>
<Channel>System</Channel>
<Computer>WIN-QCM4OJM0UCK</Computer>
<Security UserID="S-1-5-18"></Security>
</System>
<EventData><Data Name="DriveName">\\?\Volume{26fd8bd4-2521-4a54-9985-05d2a2bea62e}</Data>
<Data Name="DeviceName">\Device\HarddiskVolume4</Data>
<Data Name="CorruptionActionState">0</Data>
</EventData>
</Event>

<Event xmlns="http://schemas.microsoft.com/win/2004/08/events/event"><System><Provider Name="Microsoft-Windows-Kernel-General" Guid="{a68ca8b7-004f-d7b6-a698-07e2de0f1f5d}"></Provider>
<EventID Qualifiers="">24</EventID>
<Version>0</Version>
<Level>4</Level>
<Task>11</Task>
<Opcode>0</Opcode>
<Keywords>0x8000000000000010</Keywords>
<TimeCreated SystemTime="2025-11-23 09:27:22.507923+00:00"></TimeCreated>
<EventRecordID>214</EventRecordID>
<Correlation ActivityID="" RelatedActivityID=""></Correlation>
<Execution ProcessID="124" ThreadID="576"></Execution>
<Channel>System</Channel>
<Computer>WIN-QCM4OJM0UCK</Computer>
<Security UserID="S-1-5-18"></Security>
</System>
<EventData><Data Name="ExitReason">0</Data>
<Data Name="CurrentBias">0</Data>
<Data Name="CurrentTimeZoneID">1</Data>
<Data Name="TimeZoneInfoCacheUpdated">0</Data>
<Data Name="FirstRefresh">0</Data>
</EventData>
</Event>

<Event xmlns="http://schemas.microsoft.com/win/2004/08/events/event"><System><Provider Name="Microsoft-Windows-Wininit" Guid="{206f6dea-d3c5-4d10-bc72-989f03c8b84b}"></Provider>
<EventID Qualifiers="">19</EventID>
<Version>0</Version>
<Level>4</Level>
<Task>0</Task>
<Opcode>0</Opcode>
<Keywords>0x4000000000000000</Keywords>
<TimeCreated SystemTime="2025-11-23 09:27:23.545933+00:00"></TimeCreated>
<EventRecordID>215</EventRecordID>
<Correlation ActivityID="" RelatedActivityID=""></Correlation>
<Execution ProcessID="680" ThreadID="684"></Execution>
<Channel>System</Channel>
<Computer>WIN-QCM4OJM0UCK</Computer>
<Security UserID="S-1-5-18"></Security>
</System>
<EventData><Data Name="HRESULT">0</Data>
<Data Name="NewLatchTimerNeeded">False</Data>
<Data Name="NewLatchTimerWaitingSystemUpdateCompletion">False</Data>
<Data Name="PreviousLatchTimerExistsButDisabled">False</Data>
<Data Name="PolicyFileExists">False</Data>
</EventData>
</Event>

<Event xmlns="http://schemas.microsoft.com/win/2004/08/events/event"><System><Provider Name="Microsoft-Windows-Wininit" Guid="{206f6dea-d3c5-4d10-bc72-989f03c8b84b}"></Provider>
<EventID Qualifiers="">25</EventID>
<Version>0</Version>
<Level>4</Level>
<Task>0</Task>
<Opcode>0</Opcode>
<Keywords>0x4000000000000000</Keywords>
<TimeCreated SystemTime="2025-11-23 09:27:23.545996+00:00"></TimeCreated>
<EventRecordID>216</EventRecordID>
<Correlation ActivityID="" RelatedActivityID=""></Correlation>
<Execution ProcessID="680" ThreadID="684"></Execution>
<Channel>System</Channel>
<Computer>WIN-QCM4OJM0UCK</Computer>
<Security UserID="S-1-5-18"></Security>
</System>
<EventData><Data Name="HRESULT">0</Data>
<Data Name="PreviousTimerExists">False</Data>
<Data Name="PreviousTimerStartTime">0001-01-01 00:00:00</Data>
<Data Name="GracePeriod">0</Data>
<Data Name="AttemptedRecoveryEnforcementSucceeded">False</Data>
</EventData>
</Event>

<Event xmlns="http://schemas.microsoft.com/win/2004/08/events/event"><System><Provider Name="Microsoft-Windows-Wininit" Guid="{206f6dea-d3c5-4d10-bc72-989f03c8b84b}"></Provider>
<EventID Qualifiers="">23</EventID>
<Version>0</Version>
<Level>4</Level>
<Task>0</Task>
<Opcode>0</Opcode>
<Keywords>0x4000000000000000</Keywords>
<TimeCreated SystemTime="2025-11-23 09:27:23.546230+00:00"></TimeCreated>
<EventRecordID>217</EventRecordID>
<Correlation ActivityID="" RelatedActivityID=""></Correlation>
<Execution ProcessID="680" ThreadID="684"></Execution>
<Channel>System</Channel>
<Computer>WIN-QCM4OJM0UCK</Computer>
<Security UserID="S-1-5-18"></Security>
</System>
<EventData><Data Name="HRESULT">0</Data>
<Data Name="NewTimerNeeded">False</Data>
<Data Name="NewTimerWaitingUpdateCompletion">False</Data>
<Data Name="PreviousTimerExistsButDisabled">False</Data>
</EventData>
</Event>

