<Event xmlns="http://schemas.microsoft.com/win/2004/08/events/event"><System><Provider Name="Microsoft-Windows-TPM-WMI" Guid="{7d5387b0-cbe0-11da-a94d-0800200c9a66}"></Provider>
<EventID Qualifiers="">1282</EventID>
<Version>0</Version>
<Level>4</Level>
<Task>0</Task>
<Opcode>0</Opcode>
<Keywords>0x8000000000000000</Keywords>
<TimeCreated SystemTime="2025-11-25 00:35:11.589493+00:00"></TimeCreated>
<EventRecordID>1323</EventRecordID>
<Correlation ActivityID="" RelatedActivityID=""></Correlation>
<Execution ProcessID="2084" ThreadID="4156"></Execution>
<Channel>System</Channel>
<Computer>WIN-QCM4OJM0UCK</Computer>
<Security UserID="S-1-5-18"></Security>
</System>
<EventData></EventData>
</Event>

<Event xmlns="http://schemas.microsoft.com/win/2004/08/events/event"><System><Provider Name="Microsoft-Windows-TPM-WMI" Guid="{7d5387b0-cbe0-11da-a94d-0800200c9a66}"></Provider>
<EventID Qualifiers="">1025</EventID>
<Version>0</Version>
<Level>4</Level>
<Task>0</Task>
<Opcode>0</Opcode>
<Keywords>0x8000000000000000</Keywords>
<TimeCreated SystemTime="2025-11-25 00:35:11.626015+00:00"></TimeCreated>
<EventRecordID>1324</EventRecordID>
<Correlation ActivityID="" RelatedActivityID=""></Correlation>
<Execution ProcessID="2084" ThreadID="4156"></Execution>
<Channel>System</Channel>
<Computer>WIN-QCM4OJM0UCK</Computer>
<Security UserID="S-1-5-18"></Security>
</System>
<EventData></EventData>
</Event>

<Event xmlns="http://schemas.microsoft.com/win/2004/08/events/event"><System><Provider Name="TPM" Guid="{1b6b0772-251b-4d42-917d-faca166bc059}"></Provider>
<EventID Qualifiers="">15</EventID>
<Version>0</Version>
<Level>2</Level>
<Task>0</Task>
<Opcode>0</Opcode>
<Keywords>0x8000000000000000</Keywords>
<TimeCreated SystemTime="2025-11-25 00:35:11.627436+00:00"></TimeCreated>
<EventRecordID>1325</EventRecordID>
<Correlation ActivityID="" RelatedActivityID=""></Correlation>
<Execution ProcessID="2084" ThreadID="4156"></Execution>
<Channel>System</Channel>
<Computer>WIN-QCM4OJM0UCK</Computer>
<Security UserID="S-1-5-18"></Security>
</System>
<EventData><Data Name="driverFile">0x00000002</Data>
<Data Name="lineNumber">369</Data>
<Data Name="Data">3221225524</Data>
</EventData>
</Event>

<Event xmlns="http://schemas.microsoft.com/win/2004/08/events/event"><System><Provider Name="TPM" Guid="{1b6b0772-251b-4d42-917d-faca166bc059}"></Provider>
<EventID Qualifiers="">15</EventID>
<Version>0</Version>
<Level>2</Level>
<Task>0</Task>
<Opcode>0</Opcode>
<Keywords>0x8000000000000000</Keywords>
<TimeCreated SystemTime="2025-11-25 00:35:11.628378+00:00"></TimeCreated>
<EventRecordID>1326</EventRecordID>
<Correlation ActivityID="" RelatedActivityID=""></Correlation>
<Execution ProcessID="2084" ThreadID="4156"></Execution>
<Channel>System</Channel>
<Computer>WIN-QCM4OJM0UCK</Computer>
<Security UserID="S-1-5-18"></Security>
</System>
<EventData><Data Name="driverFile">0x00000002</Data>
<Data Name="lineNumber">369</Data>
<Data Name="Data">3221225524</Data>
</EventData>
</Event>

<Event xmlns="http://schemas.microsoft.com/win/2004/08/events/event"><System><Provider Name="TPM" Guid="{1b6b0772-251b-4d42-917d-faca166bc059}"></Provider>
<EventID Qualifiers="">15</EventID>
<Version>0</Version>
<Level>2</Level>
<Task>0</Task>
<Opcode>0</Opcode>
<Keywords>0x8000000000000000</Keywords>
<TimeCreated SystemTime="2025-11-25 00:35:11.636480+00:00"></TimeCreated>
<EventRecordID>1327</EventRecordID>
<Correlation ActivityID="" RelatedActivityID=""></Correlation>
<Execution ProcessID="8164" ThreadID="8120"></Execution>
<Channel>System</Channel>
<Computer>WIN-QCM4OJM0UCK</Computer>
<Security UserID="S-1-5-18"></Security>
</System>
<EventData><Data Name="driverFile">0x00000002</Data>
<Data Name="lineNumber">369</Data>
<Data Name="Data">3221225524</Data>
</EventData>
</Event>

<Event xmlns="http://schemas.microsoft.com/win/2004/08/events/event"><System><Provider Name="TPM" Guid="{1b6b0772-251b-4d42-917d-faca166bc059}"></Provider>
<EventID Qualifiers="">15</EventID>
<Version>0</Version>
<Level>2</Level>
<Task>0</Task>
<Opcode>0</Opcode>
<Keywords>0x8000000000000000</Keywords>
<TimeCreated SystemTime="2025-11-25 00:35:11.639004+00:00"></TimeCreated>
<EventRecordID>1328</EventRecordID>
<Correlation ActivityID="" RelatedActivityID=""></Correlation>
<Execution ProcessID="8164" ThreadID="8120"></Execution>
<Channel>System</Channel>
<Computer>WIN-QCM4OJM0UCK</Computer>
<Security UserID="S-1-5-18"></Security>
</System>
<EventData><Data Name="driverFile">0x00000002</Data>
<Data Name="lineNumber">369</Data>
<Data Name="Data">3221225524</Data>
</EventData>
</Event>

<Event xmlns="http://schemas.microsoft.com/win/2004/08/events/event"><System><Provider Name="TPM" Guid="{1b6b0772-251b-4d42-917d-faca166bc059}"></Provider>
<EventID Qualifiers="">15</EventID>
<Version>0</Version>
<Level>2</Level>
<Task>0</Task>
<Opcode>0</Opcode>
<Keywords>0x8000000000000000</Keywords>
<TimeCreated SystemTime="2025-11-25 00:35:11.643715+00:00"></TimeCreated>
<EventRecordID>1329</EventRecordID>
<Correlation ActivityID="" RelatedActivityID=""></Correlation>
<Execution ProcessID="8164" ThreadID="8480"></Execution>
<Channel>System</Channel>
<Computer>WIN-QCM4OJM0UCK</Computer>
<Security UserID="S-1-5-18"></Security>
</System>
<EventData><Data Name="driverFile">0x00000002</Data>
<Data Name="lineNumber">369</Data>
<Data Name="Data">3221225524</Data>
</EventData>
</Event>

<Event xmlns="http://schemas.microsoft.com/win/2004/08/events/event"><System><Provider Name="TPM" Guid="{1b6b0772-251b-4d42-917d-faca166bc059}"></Provider>
<EventID Qualifiers="">15</EventID>
<Version>0</Version>
<Level>2</Level>
<Task>0</Task>
<Opcode>0</Opcode>
<Keywords>0x8000000000000000</Keywords>
<TimeCreated SystemTime="2025-11-25 00:35:11.645948+00:00"></TimeCreated>
<EventRecordID>1330</EventRecordID>
<Correlation ActivityID="" RelatedActivityID=""></Correlation>
<Execution ProcessID="8164" ThreadID="8480"></Execution>
<Channel>System</Channel>
<Computer>WIN-QCM4OJM0UCK</Computer>
<Security UserID="S-1-5-18"></Security>
</System>
<EventData><Data Name="driverFile">0x00000002</Data>
<Data Name="lineNumber">369</Data>
<Data Name="Data">3221225524</Data>
</EventData>
</Event>

<Event xmlns="http://schemas.microsoft.com/win/2004/08/events/event"><System><Provider Name="Service Control Manager" Guid="{555908d1-a6d7-4695-8e1e-26931d2012f4}" EventSourceName="Service Control Manager"></Provider>
<EventID Qualifiers="16384">7040</EventID>
<Version>0</Version>
<Level>4</Level>
<Task>0</Task>
<Opcode>0</Opcode>
<Keywords>0x8080000000000000</Keywords>
<TimeCreated SystemTime="2025-11-25 00:35:28.066359+00:00"></TimeCreated>
<EventRecordID>1331</EventRecordID>
<Correlation ActivityID="" RelatedActivityID=""></Correlation>
<Execution ProcessID="824" ThreadID="920"></Execution>
<Channel>System</Channel>
<Computer>WIN-QCM4OJM0UCK</Computer>
<Security UserID="S-1-5-18"></Security>
</System>
<EventData><Data Name="param1">Windows Modules Installer</Data>
<Data Name="param2">demand start</Data>
<Data Name="param3">auto start</Data>
<Data Name="param4">TrustedInstaller</Data>
</EventData>
</Event>

<Event xmlns="http://schemas.microsoft.com/win/2004/08/events/event"><System><Provider Name="Service Control Manager" Guid="{555908d1-a6d7-4695-8e1e-26931d2012f4}" EventSourceName="Service Control Manager"></Provider>
<EventID Qualifiers="16384">7040</EventID>
<Version>0</Version>
<Level>4</Level>
<Task>0</Task>
<Opcode>0</Opcode>
<Keywords>0x8080000000000000</Keywords>
<TimeCreated SystemTime="2025-11-25 00:35:30.300381+00:00"></TimeCreated>
<EventRecordID>1332</EventRecordID>
<Correlation ActivityID="" RelatedActivityID=""></Correlation>
<Execution ProcessID="824" ThreadID="920"></Execution>
<Channel>System</Channel>
<Computer>WIN-QCM4OJM0UCK</Computer>
<Security UserID="S-1-5-18"></Security>
</System>
<EventData><Data Name="param1">Windows Modules Installer</Data>
<Data Name="param2">auto start</Data>
<Data Name="param3">demand start</Data>
<Data Name="param4">TrustedInstaller</Data>
</EventData>
</Event>

<Event xmlns="http://schemas.microsoft.com/win/2004/08/events/event"><System><Provider Name="Microsoft-Windows-Kernel-General" Guid="{a68ca8b7-004f-d7b6-a698-07e2de0f1f5d}"></Provider>
<EventID Qualifiers="">16</EventID>
<Version>0</Version>
<Level>4</Level>
<Task>0</Task>
<Opcode>0</Opcode>
<Keywords>0x8000000000000000</Keywords>
<TimeCreated SystemTime="2025-11-25 00:35:30.913496+00:00"></TimeCreated>
<EventRecordID>1333</EventRecordID>
<Correlation ActivityID="" RelatedActivityID=""></Correlation>
<Execution ProcessID="4424" ThreadID="6072"></Execution>
<Channel>System</Channel>
<Computer>WIN-QCM4OJM0UCK</Computer>
<Security UserID="S-1-5-21-3406557415-3785955325-3440082762-1001"></Security>
</System>
<EventData><Data Name="HiveNameLength">110</Data>
<Data Name="HiveName">\??\C:\Users\yanna\AppData\Local\Packages\Microsoft.WidgetsPlatformRuntime_8wekyb3d8bbwe\Settings\settings.dat</Data>
<Data Name="KeysUpdated">3</Data>
<Data Name="DirtyPages">1</Data>
</EventData>
</Event>

<Event xmlns="http://schemas.microsoft.com/win/2004/08/events/event"><System><Provider Name="Microsoft-Windows-DistributedCOM" Guid="{1B562E86-B7AA-4131-BADC-B6F3A001407E}" EventSourceName="DCOM"></Provider>
<EventID Qualifiers="0">10016</EventID>
<Version>0</Version>
<Level>3</Level>
<Task>0</Task>
<Opcode>0</Opcode>
<Keywords>0x8080000000000000</Keywords>
<TimeCreated SystemTime="2025-11-25 00:36:58.075443+00:00"></TimeCreated>
<EventRecordID>1334</EventRecordID>
<Correlation ActivityID="" RelatedActivityID=""></Correlation>
<Execution ProcessID="608" ThreadID="1236"></Execution>
<Channel>System</Channel>
<Computer>WIN-QCM4OJM0UCK</Computer>
<Security UserID="S-1-5-18"></Security>
</System>
<EventData><Data Name="param1">application-specific</Data>
<Data Name="param2">Local</Data>
<Data Name="param3">Launch</Data>
<Data Name="param4">Windows.SecurityCenter.SecurityAppBroker</Data>
<Data Name="param5">Unavailable</Data>
<Data Name="param6">NT AUTHORITY</Data>
<Data Name="param7">SYSTEM</Data>
<Data Name="param8">S-1-5-18</Data>
<Data Name="param9">LocalHost (Using LRPC)</Data>
<Data Name="param10">Unavailable</Data>
<Data Name="param11">Unavailable</Data>
</EventData>
</Event>

<Event xmlns="http://schemas.microsoft.com/win/2004/08/events/event"><System><Provider Name="Microsoft-Windows-DistributedCOM" Guid="{1B562E86-B7AA-4131-BADC-B6F3A001407E}" EventSourceName="DCOM"></Provider>
<EventID Qualifiers="0">10016</EventID>
<Version>0</Version>
<Level>3</Level>
<Task>0</Task>
<Opcode>0</Opcode>
<Keywords>0x8080000000000000</Keywords>
<TimeCreated SystemTime="2025-11-25 00:36:58.075443+00:00"></TimeCreated>
<EventRecordID>1335</EventRecordID>
<Correlation ActivityID="" RelatedActivityID=""></Correlation>
<Execution ProcessID="608" ThreadID="3744"></Execution>
<Channel>System</Channel>
<Computer>WIN-QCM4OJM0UCK</Computer>
<Security UserID="S-1-5-18"></Security>
</System>
<EventData><Data Name="param1">application-specific</Data>
<Data Name="param2">Local</Data>
<Data Name="param3">Launch</Data>
<Data Name="param4">Windows.SecurityCenter.WscBrokerManager</Data>
<Data Name="param5">Unavailable</Data>
<Data Name="param6">NT AUTHORITY</Data>
<Data Name="param7">SYSTEM</Data>
<Data Name="param8">S-1-5-18</Data>
<Data Name="param9">LocalHost (Using LRPC)</Data>
<Data Name="param10">Unavailable</Data>
<Data Name="param11">Unavailable</Data>
</EventData>
</Event>

<Event xmlns="http://schemas.microsoft.com/win/2004/08/events/event"><System><Provider Name="Microsoft-Windows-DistributedCOM" Guid="{1B562E86-B7AA-4131-BADC-B6F3A001407E}" EventSourceName="DCOM"></Provider>
<EventID Qualifiers="0">10016</EventID>
<Version>0</Version>
<Level>3</Level>
<Task>0</Task>
<Opcode>0</Opcode>
<Keywords>0x8080000000000000</Keywords>
<TimeCreated SystemTime="2025-11-25 00:36:58.075443+00:00"></TimeCreated>
<EventRecordID>1336</EventRecordID>
<Correlation ActivityID="" RelatedActivityID=""></Correlation>
<Execution ProcessID="608" ThreadID="1784"></Execution>
<Channel>System</Channel>
<Computer>WIN-QCM4OJM0UCK</Computer>
<Security UserID="S-1-5-18"></Security>
</System>
<EventData><Data Name="param1">application-specific</Data>
<Data Name="param2">Local</Data>
<Data Name="param3">Launch</Data>
<Data Name="param4">Windows.SecurityCenter.WscDataProtection</Data>
<Data Name="param5">Unavailable</Data>
<Data Name="param6">NT AUTHORITY</Data>
<Data Name="param7">SYSTEM</Data>
<Data Name="param8">S-1-5-18</Data>
<Data Name="param9">LocalHost (Using LRPC)</Data>
<Data Name="param10">Unavailable</Data>
<Data Name="param11">Unavailable</Data>
</EventData>
</Event>

<Event xmlns="http://schemas.microsoft.com/win/2004/08/events/event"><System><Provider Name="TPM" Guid="{1b6b0772-251b-4d42-917d-faca166bc059}"></Provider>
<EventID Qualifiers="">15</EventID>
<Version>0</Version>
<Level>2</Level>
<Task>0</Task>
<Opcode>0</Opcode>
<Keywords>0x8000000000000000</Keywords>
<TimeCreated SystemTime="2025-11-25 00:37:30.331429+00:00"></TimeCreated>
<EventRecordID>1337</EventRecordID>
<Correlation ActivityID="" RelatedActivityID=""></Correlation>
<Execution ProcessID="8164" ThreadID="8528"></Execution>
<Channel>System</Channel>
<Computer>WIN-QCM4OJM0UCK</Computer>
<Security UserID="S-1-5-18"></Security>
</System>
<EventData><Data Name="driverFile">0x00000002</Data>
<Data Name="lineNumber">369</Data>
<Data Name="Data">3221225524</Data>
</EventData>
</Event>

<Event xmlns="http://schemas.microsoft.com/win/2004/08/events/event"><System><Provider Name="TPM" Guid="{1b6b0772-251b-4d42-917d-faca166bc059}"></Provider>
<EventID Qualifiers="">15</EventID>
<Version>0</Version>
<Level>2</Level>
<Task>0</Task>
<Opcode>0</Opcode>
<Keywords>0x8000000000000000</Keywords>
<TimeCreated SystemTime="2025-11-25 00:37:30.335983+00:00"></TimeCreated>
<EventRecordID>1338</EventRecordID>
<Correlation ActivityID="" RelatedActivityID=""></Correlation>
<Execution ProcessID="8164" ThreadID="8528"></Execution>
<Channel>System</Channel>
<Computer>WIN-QCM4OJM0UCK</Computer>
<Security UserID="S-1-5-18"></Security>
</System>
<EventData><Data Name="driverFile">0x00000002</Data>
<Data Name="lineNumber">369</Data>
<Data Name="Data">3221225524</Data>
</EventData>
</Event>

<Event xmlns="http://schemas.microsoft.com/win/2004/08/events/event"><System><Provider Name="TPM" Guid="{1b6b0772-251b-4d42-917d-faca166bc059}"></Provider>
<EventID Qualifiers="">15</EventID>
<Version>0</Version>
<Level>2</Level>
<Task>0</Task>
<Opcode>0</Opcode>
<Keywords>0x8000000000000000</Keywords>
<TimeCreated SystemTime="2025-11-25 00:37:30.371058+00:00"></TimeCreated>
<EventRecordID>1339</EventRecordID>
<Correlation ActivityID="" RelatedActivityID=""></Correlation>
<Execution ProcessID="8164" ThreadID="8480"></Execution>
<Channel>System</Channel>
<Computer>WIN-QCM4OJM0UCK</Computer>
<Security UserID="S-1-5-18"></Security>
</System>
<EventData><Data Name="driverFile">0x00000002</Data>
<Data Name="lineNumber">369</Data>
<Data Name="Data">3221225524</Data>
</EventData>
</Event>

<Event xmlns="http://schemas.microsoft.com/win/2004/08/events/event"><System><Provider Name="TPM" Guid="{1b6b0772-251b-4d42-917d-faca166bc059}"></Provider>
<EventID Qualifiers="">15</EventID>
<Version>0</Version>
<Level>2</Level>
<Task>0</Task>
<Opcode>0</Opcode>
<Keywords>0x8000000000000000</Keywords>
<TimeCreated SystemTime="2025-11-25 00:37:30.374426+00:00"></TimeCreated>
<EventRecordID>1340</EventRecordID>
<Correlation ActivityID="" RelatedActivityID=""></Correlation>
<Execution ProcessID="8164" ThreadID="8480"></Execution>
<Channel>System</Channel>
<Computer>WIN-QCM4OJM0UCK</Computer>
<Security UserID="S-1-5-18"></Security>
</System>
<EventData><Data Name="driverFile">0x00000002</Data>
<Data Name="lineNumber">369</Data>
<Data Name="Data">3221225524</Data>
</EventData>
</Event>

<Event xmlns="http://schemas.microsoft.com/win/2004/08/events/event"><System><Provider Name="TPM" Guid="{1b6b0772-251b-4d42-917d-faca166bc059}"></Provider>
<EventID Qualifiers="">15</EventID>
<Version>0</Version>
<Level>2</Level>
<Task>0</Task>
<Opcode>0</Opcode>
<Keywords>0x8000000000000000</Keywords>
<TimeCreated SystemTime="2025-11-25 00:37:54.120207+00:00"></TimeCreated>
<EventRecordID>1341</EventRecordID>
<Correlation ActivityID="" RelatedActivityID=""></Correlation>
<Execution ProcessID="9868" ThreadID="3084"></Execution>
<Channel>System</Channel>
<Computer>WIN-QCM4OJM0UCK</Computer>
<Security UserID="S-1-5-20"></Security>
</System>
<EventData><Data Name="driverFile">0x00000002</Data>
<Data Name="lineNumber">369</Data>
<Data Name="Data">3221225524</Data>
</EventData>
</Event>

<Event xmlns="http://schemas.microsoft.com/win/2004/08/events/event"><System><Provider Name="TPM" Guid="{1b6b0772-251b-4d42-917d-faca166bc059}"></Provider>
<EventID Qualifiers="">15</EventID>
<Version>0</Version>
<Level>2</Level>
<Task>0</Task>
<Opcode>0</Opcode>
<Keywords>0x8000000000000000</Keywords>
<TimeCreated SystemTime="2025-11-25 00:37:54.122061+00:00"></TimeCreated>
<EventRecordID>1342</EventRecordID>
<Correlation ActivityID="" RelatedActivityID=""></Correlation>
<Execution ProcessID="9868" ThreadID="3084"></Execution>
<Channel>System</Channel>
<Computer>WIN-QCM4OJM0UCK</Computer>
<Security UserID="S-1-5-18"></Security>
</System>
<EventData><Data Name="driverFile">0x00000002</Data>
<Data Name="lineNumber">369</Data>
<Data Name="Data">3221225524</Data>
</EventData>
</Event>

<Event xmlns="http://schemas.microsoft.com/win/2004/08/events/event"><System><Provider Name="TPM" Guid="{1b6b0772-251b-4d42-917d-faca166bc059}"></Provider>
<EventID Qualifiers="">15</EventID>
<Version>0</Version>
<Level>2</Level>
<Task>0</Task>
<Opcode>0</Opcode>
<Keywords>0x8000000000000000</Keywords>
<TimeCreated SystemTime="2025-11-25 00:39:38.572506+00:00"></TimeCreated>
<EventRecordID>1343</EventRecordID>
<Correlation ActivityID="" RelatedActivityID=""></Correlation>
<Execution ProcessID="8164" ThreadID="8528"></Execution>
<Channel>System</Channel>
<Computer>WIN-QCM4OJM0UCK</Computer>
<Security UserID="S-1-5-21-3406557415-3785955325-3440082762-1001"></Security>
</System>
<EventData><Data Name="driverFile">0x00000002</Data>
<Data Name="lineNumber">369</Data>
<Data Name="Data">3221225524</Data>
</EventData>
</Event>

<Event xmlns="http://schemas.microsoft.com/win/2004/08/events/event"><System><Provider Name="TPM" Guid="{1b6b0772-251b-4d42-917d-faca166bc059}"></Provider>
<EventID Qualifiers="">15</EventID>
<Version>0</Version>
<Level>2</Level>
<Task>0</Task>
<Opcode>0</Opcode>
<Keywords>0x8000000000000000</Keywords>
<TimeCreated SystemTime="2025-11-25 00:39:38.576324+00:00"></TimeCreated>
<EventRecordID>1344</EventRecordID>
<Correlation ActivityID="" RelatedActivityID=""></Correlation>
<Execution ProcessID="8164" ThreadID="8528"></Execution>
<Channel>System</Channel>
<Computer>WIN-QCM4OJM0UCK</Computer>
<Security UserID="S-1-5-21-3406557415-3785955325-3440082762-1001"></Security>
</System>
<EventData><Data Name="driverFile">0x00000002</Data>
<Data Name="lineNumber">369</Data>
<Data Name="Data">3221225524</Data>
</EventData>
</Event>

<Event xmlns="http://schemas.microsoft.com/win/2004/08/events/event"><System><Provider Name="TPM" Guid="{1b6b0772-251b-4d42-917d-faca166bc059}"></Provider>
<EventID Qualifiers="">15</EventID>
<Version>0</Version>
<Level>2</Level>
<Task>0</Task>
<Opcode>0</Opcode>
<Keywords>0x8000000000000000</Keywords>
<TimeCreated SystemTime="2025-11-25 00:39:39.593107+00:00"></TimeCreated>
<EventRecordID>1345</EventRecordID>
<Correlation ActivityID="" RelatedActivityID=""></Correlation>
<Execution ProcessID="8164" ThreadID="8528"></Execution>
<Channel>System</Channel>
<Computer>WIN-QCM4OJM0UCK</Computer>
<Security UserID="S-1-5-21-3406557415-3785955325-3440082762-1001"></Security>
</System>
<EventData><Data Name="driverFile">0x00000002</Data>
<Data Name="lineNumber">369</Data>
<Data Name="Data">3221225524</Data>
</EventData>
</Event>

<Event xmlns="http://schemas.microsoft.com/win/2004/08/events/event"><System><Provider Name="TPM" Guid="{1b6b0772-251b-4d42-917d-faca166bc059}"></Provider>
<EventID Qualifiers="">15</EventID>
<Version>0</Version>
<Level>2</Level>
<Task>0</Task>
<Opcode>0</Opcode>
<Keywords>0x8000000000000000</Keywords>
<TimeCreated SystemTime="2025-11-25 00:39:39.598814+00:00"></TimeCreated>
<EventRecordID>1346</EventRecordID>
<Correlation ActivityID="" RelatedActivityID=""></Correlation>
<Execution ProcessID="8164" ThreadID="8528"></Execution>
<Channel>System</Channel>
<Computer>WIN-QCM4OJM0UCK</Computer>
<Security UserID="S-1-5-21-3406557415-3785955325-3440082762-1001"></Security>
</System>
<EventData><Data Name="driverFile">0x00000002</Data>
<Data Name="lineNumber">369</Data>
<Data Name="Data">3221225524</Data>
</EventData>
</Event>

<Event xmlns="http://schemas.microsoft.com/win/2004/08/events/event"><System><Provider Name="Microsoft-Windows-Kernel-Power" Guid="{331c3b3a-2005-44c2-ac5e-77220c37d6b4}"></Provider>
<EventID Qualifiers="">566</EventID>
<Version>0</Version>
<Level>4</Level>
<Task>268</Task>
<Opcode>0</Opcode>
<Keywords>0x8000000000000604</Keywords>
<TimeCreated SystemTime="2025-11-25 00:42:26.647760+00:00"></TimeCreated>
<EventRecordID>1347</EventRecordID>
<Correlation ActivityID="" RelatedActivityID=""></Correlation>
<Execution ProcessID="4" ThreadID="256"></Execution>
<Channel>System</Channel>
<Computer>WIN-QCM4OJM0UCK</Computer>
<Security UserID="S-1-5-18"></Security>
</System>
<EventData><Data Name="BootId">8</Data>
<Data Name="Reason">12</Data>
<Data Name="PreviousSessionId">0</Data>
<Data Name="PreviousSessionType">0</Data>
<Data Name="PreviousSessionDurationInUs">458678546</Data>
<Data Name="PreviousEnergyCapacityAtStart">0</Data>
<Data Name="PreviousFullEnergyCapacityAtStart">0</Data>
<Data Name="PreviousEnergyCapacityAtEnd">0</Data>
<Data Name="PreviousFullEnergyCapacityAtEnd">0</Data>
<Data Name="NextSessionId">1</Data>
<Data Name="NextSessionType">1</Data>
<Data Name="PowerStateAc">True</Data>
<Data Name="MonitorReason">12</Data>
</EventData>
</Event>

<Event xmlns="http://schemas.microsoft.com/win/2004/08/events/event"><System><Provider Name="Microsoft-Windows-Kernel-Power" Guid="{331c3b3a-2005-44c2-ac5e-77220c37d6b4}"></Provider>
<EventID Qualifiers="">566</EventID>
<Version>0</Version>
<Level>4</Level>
<Task>268</Task>
<Opcode>0</Opcode>
<Keywords>0x8000000000000604</Keywords>
<TimeCreated SystemTime="2025-11-25 00:42:37.318876+00:00"></TimeCreated>
<EventRecordID>1348</EventRecordID>
<Correlation ActivityID="" RelatedActivityID=""></Correlation>
<Execution ProcessID="4" ThreadID="6608"></Execution>
<Channel>System</Channel>
<Computer>WIN-QCM4OJM0UCK</Computer>
<Security UserID="S-1-5-18"></Security>
</System>
<EventData><Data Name="BootId">8</Data>
<Data Name="Reason">32</Data>
<Data Name="PreviousSessionId">1</Data>
<Data Name="PreviousSessionType">1</Data>
<Data Name="PreviousSessionDurationInUs">10671017</Data>
<Data Name="PreviousEnergyCapacityAtStart">0</Data>
<Data Name="PreviousFullEnergyCapacityAtStart">0</Data>
<Data Name="PreviousEnergyCapacityAtEnd">0</Data>
<Data Name="PreviousFullEnergyCapacityAtEnd">0</Data>
<Data Name="NextSessionId">3</Data>
<Data Name="NextSessionType">0</Data>
<Data Name="PowerStateAc">True</Data>
<Data Name="MonitorReason">32</Data>
</EventData>
</Event>

<Event xmlns="http://schemas.microsoft.com/win/2004/08/events/event"><System><Provider Name="Display"></Provider>
<EventID Qualifiers="0">4107</EventID>
<Version>0</Version>
<Level>4</Level>
<Task>0</Task>
<Opcode>0</Opcode>
<Keywords>0x0080000000000000</Keywords>
<TimeCreated SystemTime="2025-11-25 00:42:57.705078+00:00"></TimeCreated>
<EventRecordID>1349</EventRecordID>
<Correlation ActivityID="" RelatedActivityID=""></Correlation>
<Execution ProcessID="3184" ThreadID="0"></Execution>
<Channel>System</Channel>
<Computer>WIN-QCM4OJM0UCK</Computer>
<Security UserID=""></Security>
</System>
<EventData><Data></Data>
<Binary></Binary>
</EventData>
</Event>

<Event xmlns="http://schemas.microsoft.com/win/2004/08/events/event"><System><Provider Name="Display"></Provider>
<EventID Qualifiers="0">4107</EventID>
<Version>0</Version>
<Level>4</Level>
<Task>0</Task>
<Opcode>0</Opcode>
<Keywords>0x0080000000000000</Keywords>
<TimeCreated SystemTime="2025-11-25 00:43:01.281517+00:00"></TimeCreated>
<EventRecordID>1350</EventRecordID>
<Correlation ActivityID="" RelatedActivityID=""></Correlation>
<Execution ProcessID="3184" ThreadID="0"></Execution>
<Channel>System</Channel>
<Computer>WIN-QCM4OJM0UCK</Computer>
<Security UserID=""></Security>
</System>
<EventData><Data></Data>
<Binary></Binary>
</EventData>
</Event>

<Event xmlns="http://schemas.microsoft.com/win/2004/08/events/event"><System><Provider Name="TPM" Guid="{1b6b0772-251b-4d42-917d-faca166bc059}"></Provider>
<EventID Qualifiers="">15</EventID>
<Version>0</Version>
<Level>2</Level>
<Task>0</Task>
<Opcode>0</Opcode>
<Keywords>0x8000000000000000</Keywords>
<TimeCreated SystemTime="2025-11-25 00:45:09.631544+00:00"></TimeCreated>
<EventRecordID>1351</EventRecordID>
<Correlation ActivityID="" RelatedActivityID=""></Correlation>
<Execution ProcessID="8164" ThreadID="8744"></Execution>
<Channel>System</Channel>
<Computer>WIN-QCM4OJM0UCK</Computer>
<Security UserID="S-1-5-18"></Security>
</System>
<EventData><Data Name="driverFile">0x00000002</Data>
<Data Name="lineNumber">369</Data>
<Data Name="Data">3221225524</Data>
</EventData>
</Event>

<Event xmlns="http://schemas.microsoft.com/win/2004/08/events/event"><System><Provider Name="TPM" Guid="{1b6b0772-251b-4d42-917d-faca166bc059}"></Provider>
<EventID Qualifiers="">15</EventID>
<Version>0</Version>
<Level>2</Level>
<Task>0</Task>
<Opcode>0</Opcode>
<Keywords>0x8000000000000000</Keywords>
<TimeCreated SystemTime="2025-11-25 00:45:09.634909+00:00"></TimeCreated>
<EventRecordID>1352</EventRecordID>
<Correlation ActivityID="" RelatedActivityID=""></Correlation>
<Execution ProcessID="8164" ThreadID="8744"></Execution>
<Channel>System</Channel>
<Computer>WIN-QCM4OJM0UCK</Computer>
<Security UserID="S-1-5-18"></Security>
</System>
<EventData><Data Name="driverFile">0x00000002</Data>
<Data Name="lineNumber">369</Data>
<Data Name="Data">3221225524</Data>
</EventData>
</Event>

<Event xmlns="http://schemas.microsoft.com/win/2004/08/events/event"><System><Provider Name="TPM" Guid="{1b6b0772-251b-4d42-917d-faca166bc059}"></Provider>
<EventID Qualifiers="">15</EventID>
<Version>0</Version>
<Level>2</Level>
<Task>0</Task>
<Opcode>0</Opcode>
<Keywords>0x8000000000000000</Keywords>
<TimeCreated SystemTime="2025-11-25 00:45:09.659178+00:00"></TimeCreated>
<EventRecordID>1353</EventRecordID>
<Correlation ActivityID="" RelatedActivityID=""></Correlation>
<Execution ProcessID="8164" ThreadID="10688"></Execution>
<Channel>System</Channel>
<Computer>WIN-QCM4OJM0UCK</Computer>
<Security UserID="S-1-5-18"></Security>
</System>
<EventData><Data Name="driverFile">0x00000002</Data>
<Data Name="lineNumber">369</Data>
<Data Name="Data">3221225524</Data>
</EventData>
</Event>

<Event xmlns="http://schemas.microsoft.com/win/2004/08/events/event"><System><Provider Name="TPM" Guid="{1b6b0772-251b-4d42-917d-faca166bc059}"></Provider>
<EventID Qualifiers="">15</EventID>
<Version>0</Version>
<Level>2</Level>
<Task>0</Task>
<Opcode>0</Opcode>
<Keywords>0x8000000000000000</Keywords>
<TimeCreated SystemTime="2025-11-25 00:45:09.661694+00:00"></TimeCreated>
<EventRecordID>1354</EventRecordID>
<Correlation ActivityID="" RelatedActivityID=""></Correlation>
<Execution ProcessID="8164" ThreadID="10688"></Execution>
<Channel>System</Channel>
<Computer>WIN-QCM4OJM0UCK</Computer>
<Security UserID="S-1-5-18"></Security>
</System>
<EventData><Data Name="driverFile">0x00000002</Data>
<Data Name="lineNumber">369</Data>
<Data Name="Data">3221225524</Data>
</EventData>
</Event>

<Event xmlns="http://schemas.microsoft.com/win/2004/08/events/event"><System><Provider Name="TPM" Guid="{1b6b0772-251b-4d42-917d-faca166bc059}"></Provider>
<EventID Qualifiers="">15</EventID>
<Version>0</Version>
<Level>2</Level>
<Task>0</Task>
<Opcode>0</Opcode>
<Keywords>0x8000000000000000</Keywords>
<TimeCreated SystemTime="2025-11-25 00:45:09.778528+00:00"></TimeCreated>
<EventRecordID>1355</EventRecordID>
<Correlation ActivityID="" RelatedActivityID=""></Correlation>
<Execution ProcessID="8164" ThreadID="8744"></Execution>
<Channel>System</Channel>
<Computer>WIN-QCM4OJM0UCK</Computer>
<Security UserID="S-1-5-18"></Security>
</System>
<EventData><Data Name="driverFile">0x00000002</Data>
<Data Name="lineNumber">369</Data>
<Data Name="Data">3221225524</Data>
</EventData>
</Event>

<Event xmlns="http://schemas.microsoft.com/win/2004/08/events/event"><System><Provider Name="TPM" Guid="{1b6b0772-251b-4d42-917d-faca166bc059}"></Provider>
<EventID Qualifiers="">15</EventID>
<Version>0</Version>
<Level>2</Level>
<Task>0</Task>
<Opcode>0</Opcode>
<Keywords>0x8000000000000000</Keywords>
<TimeCreated SystemTime="2025-11-25 00:45:09.782297+00:00"></TimeCreated>
<EventRecordID>1356</EventRecordID>
<Correlation ActivityID="" RelatedActivityID=""></Correlation>
<Execution ProcessID="8164" ThreadID="8744"></Execution>
<Channel>System</Channel>
<Computer>WIN-QCM4OJM0UCK</Computer>
<Security UserID="S-1-5-18"></Security>
</System>
<EventData><Data Name="driverFile">0x00000002</Data>
<Data Name="lineNumber">369</Data>
<Data Name="Data">3221225524</Data>
</EventData>
</Event>

<Event xmlns="http://schemas.microsoft.com/win/2004/08/events/event"><System><Provider Name="TPM" Guid="{1b6b0772-251b-4d42-917d-faca166bc059}"></Provider>
<EventID Qualifiers="">15</EventID>
<Version>0</Version>
<Level>2</Level>
<Task>0</Task>
<Opcode>0</Opcode>
<Keywords>0x8000000000000000</Keywords>
<TimeCreated SystemTime="2025-11-25 00:45:09.831161+00:00"></TimeCreated>
<EventRecordID>1357</EventRecordID>
<Correlation ActivityID="" RelatedActivityID=""></Correlation>
<Execution ProcessID="8164" ThreadID="8744"></Execution>
<Channel>System</Channel>
<Computer>WIN-QCM4OJM0UCK</Computer>
<Security UserID="S-1-5-18"></Security>
</System>
<EventData><Data Name="driverFile">0x00000002</Data>
<Data Name="lineNumber">369</Data>
<Data Name="Data">3221225524</Data>
</EventData>
</Event>

<Event xmlns="http://schemas.microsoft.com/win/2004/08/events/event"><System><Provider Name="TPM" Guid="{1b6b0772-251b-4d42-917d-faca166bc059}"></Provider>
<EventID Qualifiers="">15</EventID>
<Version>0</Version>
<Level>2</Level>
<Task>0</Task>
<Opcode>0</Opcode>
<Keywords>0x8000000000000000</Keywords>
<TimeCreated SystemTime="2025-11-25 00:45:09.834473+00:00"></TimeCreated>
<EventRecordID>1358</EventRecordID>
<Correlation ActivityID="" RelatedActivityID=""></Correlation>
<Execution ProcessID="8164" ThreadID="8744"></Execution>
<Channel>System</Channel>
<Computer>WIN-QCM4OJM0UCK</Computer>
<Security UserID="S-1-5-18"></Security>
</System>
<EventData><Data Name="driverFile">0x00000002</Data>
<Data Name="lineNumber">369</Data>
<Data Name="Data">3221225524</Data>
</EventData>
</Event>

<Event xmlns="http://schemas.microsoft.com/win/2004/08/events/event"><System><Provider Name="Microsoft-Windows-WindowsUpdateClient" Guid="{945a8954-c147-4acd-923f-40c45405a658}"></Provider>
<EventID Qualifiers="">44</EventID>
<Version>1</Version>
<Level>4</Level>
<Task>1</Task>
<Opcode>12</Opcode>
<Keywords>0x8000000000002004</Keywords>
<TimeCreated SystemTime="2025-11-25 00:45:32.643906+00:00"></TimeCreated>
<EventRecordID>1359</EventRecordID>
<Correlation ActivityID="" RelatedActivityID=""></Correlation>
<Execution ProcessID="10744" ThreadID="4864"></Execution>
<Channel>System</Channel>
<Computer>WIN-QCM4OJM0UCK</Computer>
<Security UserID="S-1-5-18"></Security>
</System>
<EventData><Data Name="updateTitle">Security Intelligence Update for Microsoft Defender Antivirus - KB2267602 (Version 1.441.469.0) - Current Channel (Broad)</Data>
<Data Name="updateGuid">{81414399-8e51-4899-9ead-616ad56f5c2f}</Data>
<Data Name="updateRevisionNumber">200</Data>
</EventData>
</Event>

<Event xmlns="http://schemas.microsoft.com/win/2004/08/events/event"><System><Provider Name="Microsoft-Windows-WindowsUpdateClient" Guid="{945a8954-c147-4acd-923f-40c45405a658}"></Provider>
<EventID Qualifiers="">43</EventID>
<Version>1</Version>
<Level>4</Level>
<Task>1</Task>
<Opcode>13</Opcode>
<Keywords>0x8000000000002008</Keywords>
<TimeCreated SystemTime="2025-11-25 00:45:32.643909+00:00"></TimeCreated>
<EventRecordID>1360</EventRecordID>
<Correlation ActivityID="" RelatedActivityID=""></Correlation>
<Execution ProcessID="10744" ThreadID="4864"></Execution>
<Channel>System</Channel>
<Computer>WIN-QCM4OJM0UCK</Computer>
<Security UserID="S-1-5-18"></Security>
</System>
<EventData><Data Name="updateTitle">Security Intelligence Update for Microsoft Defender Antivirus - KB2267602 (Version 1.441.469.0) - Current Channel (Broad)</Data>
<Data Name="updateGuid">{81414399-8e51-4899-9ead-616ad56f5c2f}</Data>
<Data Name="updateRevisionNumber">200</Data>
</EventData>
</Event>

<Event xmlns="http://schemas.microsoft.com/win/2004/08/events/event"><System><Provider Name="Microsoft-Windows-WindowsUpdateClient" Guid="{945a8954-c147-4acd-923f-40c45405a658}"></Provider>
<EventID Qualifiers="">19</EventID>
<Version>1</Version>
<Level>4</Level>
<Task>1</Task>
<Opcode>13</Opcode>
<Keywords>0x8000000000000018</Keywords>
<TimeCreated SystemTime="2025-11-25 00:45:39.664669+00:00"></TimeCreated>
<EventRecordID>1361</EventRecordID>
<Correlation ActivityID="" RelatedActivityID=""></Correlation>
<Execution ProcessID="10744" ThreadID="4864"></Execution>
<Channel>System</Channel>
<Computer>WIN-QCM4OJM0UCK</Computer>
<Security UserID="S-1-5-18"></Security>
</System>
<EventData><Data Name="updateTitle">Security Intelligence Update for Microsoft Defender Antivirus - KB2267602 (Version 1.441.469.0) - Current Channel (Broad)</Data>
<Data Name="updateGuid">{81414399-8e51-4899-9ead-616ad56f5c2f}</Data>
<Data Name="updateRevisionNumber">200</Data>
<Data Name="serviceGuid">{9482f4b4-e343-43b6-b170-9a65bc822c77}</Data>
</EventData>
</Event>

<Event xmlns="http://schemas.microsoft.com/win/2004/08/events/event"><System><Provider Name="Microsoft-Windows-Kernel-General" Guid="{a68ca8b7-004f-d7b6-a698-07e2de0f1f5d}"></Provider>
<EventID Qualifiers="">12</EventID>
<Version>0</Version>
<Level>4</Level>
<Task>1</Task>
<Opcode>0</Opcode>
<Keywords>0x8000000000000080</Keywords>
<TimeCreated SystemTime="2025-12-04 22:29:10.764988+00:00"></TimeCreated>
<EventRecordID>1362</EventRecordID>
<Correlation ActivityID="" RelatedActivityID=""></Correlation>
<Execution ProcessID="4" ThreadID="8"></Execution>
<Channel>System</Channel>
<Computer>WIN-QCM4OJM0UCK</Computer>
<Security UserID="S-1-5-18"></Security>
</System>
<EventData><Data Name="MajorVersion">10</Data>
<Data Name="MinorVersion">0</Data>
<Data Name="BuildVersion">26100</Data>
<Data Name="QfeVersion">7171</Data>
<Data Name="ServiceVersion">0</Data>
<Data Name="BootMode">0</Data>
<Data Name="StartTime">2025-12-04 22:29:10.518625+00:00</Data>
</EventData>
</Event>

<Event xmlns="http://schemas.microsoft.com/win/2004/08/events/event"><System><Provider Name="Microsoft-Windows-Kernel-General" Guid="{a68ca8b7-004f-d7b6-a698-07e2de0f1f5d}"></Provider>
<EventID Qualifiers="">25</EventID>
<Version>0</Version>
<Level>4</Level>
<Task>12</Task>
<Opcode>0</Opcode>
<Keywords>0x8000000000000010</Keywords>
<TimeCreated SystemTime="2025-12-04 22:29:10.764990+00:00"></TimeCreated>
<EventRecordID>1363</EventRecordID>
<Correlation ActivityID="" RelatedActivityID=""></Correlation>
<Execution ProcessID="4" ThreadID="8"></Execution>
<Channel>System</Channel>
<Computer>WIN-QCM4OJM0UCK</Computer>
<Security UserID="S-1-5-18"></Security>
</System>
<EventData><Data Name="SystemTime">2025-12-04 22:29:10.518625+00:00</Data>
<Data Name="LoaderTime">2025-12-04 22:29:10+00:00</Data>
<Data Name="InternalBootFlags">2</Data>
<Data Name="HalRtcErrorCode">0</Data>
<Data Name="RealTimeIsUniversal">False</Data>
<Data Name="IsSoftBoot">False</Data>
<Data Name="Success">False</Data>
<Data Name="Phase">2</Data>
</EventData>
</Event>

<Event xmlns="http://schemas.microsoft.com/win/2004/08/events/event"><System><Provider Name="Microsoft-Windows-Kernel-Boot" Guid="{15ca44ff-4d7a-4baa-bba5-0998955e531e}"></Provider>
<EventID Qualifiers="">153</EventID>
<Version>0</Version>
<Level>4</Level>
<Task>62</Task>
<Opcode>0</Opcode>
<Keywords>0x8000000000000000</Keywords>
<TimeCreated SystemTime="2025-12-04 22:29:10.765108+00:00"></TimeCreated>
<EventRecordID>1364</EventRecordID>
<Correlation ActivityID="" RelatedActivityID=""></Correlation>
<Execution ProcessID="4" ThreadID="8"></Execution>
<Channel>System</Channel>
<Computer>WIN-QCM4OJM0UCK</Computer>
<Security UserID="S-1-5-18"></Security>
</System>
<EventData><Data Name="Status">0</Data>
<Data Name="EnableDisableReason">0</Data>
<Data Name="VsmPolicy">0</Data>
</EventData>
</Event>

<Event xmlns="http://schemas.microsoft.com/win/2004/08/events/event"><System><Provider Name="Microsoft-Windows-Kernel-Boot" Guid="{15ca44ff-4d7a-4baa-bba5-0998955e531e}"></Provider>
<EventID Qualifiers="">20</EventID>
<Version>1</Version>
<Level>4</Level>
<Task>31</Task>
<Opcode>0</Opcode>
<Keywords>0x8000000000000000</Keywords>
<TimeCreated SystemTime="2025-12-04 22:29:10.765142+00:00"></TimeCreated>
<EventRecordID>1365</EventRecordID>
<Correlation ActivityID="" RelatedActivityID=""></Correlation>
<Execution ProcessID="4" ThreadID="8"></Execution>
<Channel>System</Channel>
<Computer>WIN-QCM4OJM0UCK</Computer>
<Security UserID="S-1-5-18"></Security>
</System>
<EventData><Data Name="LastShutdownGood">False</Data>
<Data Name="LastBootGood">True</Data>
<Data Name="LastBootId">8</Data>
<Data Name="BootStatusPolicy">2</Data>
</EventData>
</Event>

<Event xmlns="http://schemas.microsoft.com/win/2004/08/events/event"><System><Provider Name="Microsoft-Windows-Kernel-Boot" Guid="{15ca44ff-4d7a-4baa-bba5-0998955e531e}"></Provider>
<EventID Qualifiers="">247</EventID>
<Version>0</Version>
<Level>4</Level>
<Task>99</Task>
<Opcode>12</Opcode>
<Keywords>0x8000000000000000</Keywords>
<TimeCreated SystemTime="2025-12-04 22:29:10.765154+00:00"></TimeCreated>
<EventRecordID>1366</EventRecordID>
<Correlation ActivityID="" RelatedActivityID=""></Correlation>
<Execution ProcessID="4" ThreadID="8"></Execution>
<Channel>System</Channel>
<Computer>WIN-QCM4OJM0UCK</Computer>
<Security UserID="S-1-5-18"></Security>
</System>
<EventData><Data Name="Status">3221225473</Data>
<Data Name="FailureReason">0</Data>
</EventData>
</Event>

<Event xmlns="http://schemas.microsoft.com/win/2004/08/events/event"><System><Provider Name="Microsoft-Windows-Kernel-Boot" Guid="{15ca44ff-4d7a-4baa-bba5-0998955e531e}"></Provider>
<EventID Qualifiers="">238</EventID>
<Version>1</Version>
<Level>4</Level>
<Task>101</Task>
<Opcode>0</Opcode>
<Keywords>0x8000000000000000</Keywords>
<TimeCreated SystemTime="2025-12-04 22:29:10.765327+00:00"></TimeCreated>
<EventRecordID>1367</EventRecordID>
<Correlation ActivityID="" RelatedActivityID=""></Correlation>
<Execution ProcessID="4" ThreadID="8"></Execution>
<Channel>System</Channel>
<Computer>WIN-QCM4OJM0UCK</Computer>
<Security UserID="S-1-5-18"></Security>
</System>
<EventData><Data Name="EfiTimeZoneBias">2047</Data>
<Data Name="EfiDaylightFlags">0</Data>
<Data Name="EfiTime">2025-12-04 14:29:10+00:00</Data>
</EventData>
</Event>

<Event xmlns="http://schemas.microsoft.com/win/2004/08/events/event"><System><Provider Name="Microsoft-Windows-Kernel-Boot" Guid="{15ca44ff-4d7a-4baa-bba5-0998955e531e}"></Provider>
<EventID Qualifiers="">25</EventID>
<Version>0</Version>
<Level>4</Level>
<Task>32</Task>
<Opcode>0</Opcode>
<Keywords>0x8000000000000000</Keywords>
<TimeCreated SystemTime="2025-12-04 22:29:10.765327+00:00"></TimeCreated>
<EventRecordID>1368</EventRecordID>
<Correlation ActivityID="" RelatedActivityID=""></Correlation>
<Execution ProcessID="4" ThreadID="8"></Execution>
<Channel>System</Channel>
<Computer>WIN-QCM4OJM0UCK</Computer>
<Security UserID="S-1-5-18"></Security>
</System>
<EventData><Data Name="BootMenuPolicy">1</Data>
</EventData>
</Event>

<Event xmlns="http://schemas.microsoft.com/win/2004/08/events/event"><System><Provider Name="Microsoft-Windows-Kernel-Boot" Guid="{15ca44ff-4d7a-4baa-bba5-0998955e531e}"></Provider>
<EventID Qualifiers="">27</EventID>
<Version>1</Version>
<Level>4</Level>
<Task>33</Task>
<Opcode>0</Opcode>
<Keywords>0x8000000000000000</Keywords>
<TimeCreated SystemTime="2025-12-04 22:29:10.765329+00:00"></TimeCreated>
<EventRecordID>1369</EventRecordID>
<Correlation ActivityID="" RelatedActivityID=""></Correlation>
<Execution ProcessID="4" ThreadID="8"></Execution>
<Channel>System</Channel>
<Computer>WIN-QCM4OJM0UCK</Computer>
<Security UserID="S-1-5-18"></Security>
</System>
<EventData><Data Name="BootType">0</Data>
<Data Name="LoadOptions"> NOEXECUTE=OPTIN  FVEBOOT=1075355648  NOVGA</Data>
</EventData>
</Event>

<Event xmlns="http://schemas.microsoft.com/win/2004/08/events/event"><System><Provider Name="Microsoft-Windows-Kernel-Boot" Guid="{15ca44ff-4d7a-4baa-bba5-0998955e531e}"></Provider>
<EventID Qualifiers="">18</EventID>
<Version>0</Version>
<Level>4</Level>
<Task>57</Task>
<Opcode>0</Opcode>
<Keywords>0x8000000000000000</Keywords>
<TimeCreated SystemTime="2025-12-04 22:29:10.765419+00:00"></TimeCreated>
<EventRecordID>1370</EventRecordID>
<Correlation ActivityID="" RelatedActivityID=""></Correlation>
<Execution ProcessID="4" ThreadID="8"></Execution>
<Channel>System</Channel>
<Computer>WIN-QCM4OJM0UCK</Computer>
<Security UserID="S-1-5-18"></Security>
</System>
<EventData><Data Name="EntryCount">1</Data>
</EventData>
</Event>

<Event xmlns="http://schemas.microsoft.com/win/2004/08/events/event"><System><Provider Name="Microsoft-Windows-Kernel-Boot" Guid="{15ca44ff-4d7a-4baa-bba5-0998955e531e}"></Provider>
<EventID Qualifiers="">32</EventID>
<Version>0</Version>
<Level>4</Level>
<Task>58</Task>
<Opcode>0</Opcode>
<Keywords>0x8000000000000000</Keywords>
<TimeCreated SystemTime="2025-12-04 22:29:10.765429+00:00"></TimeCreated>
<EventRecordID>1371</EventRecordID>
<Correlation ActivityID="" RelatedActivityID=""></Correlation>
<Execution ProcessID="4" ThreadID="8"></Execution>
<Channel>System</Channel>
<Computer>WIN-QCM4OJM0UCK</Computer>
<Security UserID="S-1-5-18"></Security>
</System>
<EventData><Data Name="BitlockerUserInputTime">0</Data>
</EventData>
</Event>

<Event xmlns="http://schemas.microsoft.com/win/2004/08/events/event"><System><Provider Name="Microsoft-Windows-Kernel-General" Guid="{a68ca8b7-004f-d7b6-a698-07e2de0f1f5d}"></Provider>
<EventID Qualifiers="">20</EventID>
<Version>0</Version>
<Level>4</Level>
<Task>6</Task>
<Opcode>0</Opcode>
<Keywords>0x8000000000000010</Keywords>
<TimeCreated SystemTime="2025-12-04 22:29:10.768381+00:00"></TimeCreated>
<EventRecordID>1372</EventRecordID>
<Correlation ActivityID="" RelatedActivityID=""></Correlation>
<Execution ProcessID="4" ThreadID="8"></Execution>
<Channel>System</Channel>
<Computer>WIN-QCM4OJM0UCK</Computer>
<Security UserID="S-1-5-18"></Security>
</System>
<EventData><Data Name="UpdateReason">0</Data>
<Data Name="EnabledNew">True</Data>
<Data Name="CountNew">0</Data>
<Data Name="CountOld">0</Data>
</EventData>
</Event>

<Event xmlns="http://schemas.microsoft.com/win/2004/08/events/event"><System><Provider Name="Microsoft-Windows-HAL" Guid="{63d1e632-95cc-4443-9312-af927761d52a}"></Provider>
<EventID Qualifiers="">16</EventID>
<Version>0</Version>
<Level>4</Level>
<Task>0</Task>
<Opcode>0</Opcode>
<Keywords>0x8000000000000000</Keywords>
<TimeCreated SystemTime="2025-12-04 22:29:10.798298+00:00"></TimeCreated>
<EventRecordID>1373</EventRecordID>
<Correlation ActivityID="" RelatedActivityID=""></Correlation>
<Execution ProcessID="4" ThreadID="8"></Execution>
<Channel>System</Channel>
<Computer>WIN-QCM4OJM0UCK</Computer>
<Security UserID="S-1-5-18"></Security>
</System>
<EventData></EventData>
</Event>

<Event xmlns="http://schemas.microsoft.com/win/2004/08/events/event"><System><Provider Name="EventLog"></Provider>
<EventID Qualifiers="32768">6008</EventID>
<Version>0</Version>
<Level>2</Level>
<Task>0</Task>
<Opcode>0</Opcode>
<Keywords>0x0080000000000000</Keywords>
<TimeCreated SystemTime="2025-12-04 22:29:16.946285+00:00"></TimeCreated>
<EventRecordID>1374</EventRecordID>
<Correlation ActivityID="" RelatedActivityID=""></Correlation>
<Execution ProcessID="1864" ThreadID="1972"></Execution>
<Channel>System</Channel>
<Computer>WIN-QCM4OJM0UCK</Computer>
<Security UserID=""></Security>
</System>
<EventData><Data>&lt;string&gt;06:19:52&lt;/string&gt;
&lt;string&gt;&#8206;25/&#8206;11/&#8206;2025&lt;/string&gt;
&lt;string&gt;&lt;/string&gt;
&lt;string&gt;&lt;/string&gt;
&lt;string&gt;4&lt;/string&gt;
&lt;string&gt;&lt;/string&gt;
&lt;string&gt;&lt;/string&gt;
</Data>
<Binary>6QcLAAIAGQAGABMANACYAekHCwACABkADgATADQAmAE8AAAAPAAAAAAAAAAAAAAAAAAAAAAAAAABAAAAAAAAAA==</Binary>
</EventData>
</Event>

<Event xmlns="http://schemas.microsoft.com/win/2004/08/events/event"><System><Provider Name="EventLog"></Provider>
<EventID Qualifiers="32768">6009</EventID>
<Version>0</Version>
<Level>4</Level>
<Task>0</Task>
<Opcode>0</Opcode>
<Keywords>0x0080000000000000</Keywords>
<TimeCreated SystemTime="2025-12-04 22:29:16.952250+00:00"></TimeCreated>
<EventRecordID>1375</EventRecordID>
<Correlation ActivityID="" RelatedActivityID=""></Correlation>
<Execution ProcessID="1864" ThreadID="1972"></Execution>
<Channel>System</Channel>
<Computer>WIN-QCM4OJM0UCK</Computer>
<Security UserID=""></Security>
</System>
<EventData><Data>&lt;string&gt;10.00.&lt;/string&gt;
&lt;string&gt;26200&lt;/string&gt;
&lt;string&gt;&lt;/string&gt;
&lt;string&gt;Multiprocessor Free&lt;/string&gt;
&lt;string&gt;0&lt;/string&gt;
</Data>
<Binary></Binary>
</EventData>
</Event>

<Event xmlns="http://schemas.microsoft.com/win/2004/08/events/event"><System><Provider Name="EventLog"></Provider>
<EventID Qualifiers="32768">6005</EventID>
<Version>0</Version>
<Level>4</Level>
<Task>0</Task>
<Opcode>0</Opcode>
<Keywords>0x0080000000000000</Keywords>
<TimeCreated SystemTime="2025-12-04 22:29:16.960285+00:00"></TimeCreated>
<EventRecordID>1376</EventRecordID>
<Correlation ActivityID="" RelatedActivityID=""></Correlation>
<Execution ProcessID="1864" ThreadID="1972"></Execution>
<Channel>System</Channel>
<Computer>WIN-QCM4OJM0UCK</Computer>
<Security UserID=""></Security>
</System>
<EventData><Data></Data>
<Binary>6QcMAAQABAAWAB0AEAC+AwAAAAAAAAAA</Binary>
</EventData>
</Event>

<Event xmlns="http://schemas.microsoft.com/win/2004/08/events/event"><System><Provider Name="EventLog"></Provider>
<EventID Qualifiers="32768">6013</EventID>
<Version>0</Version>
<Level>4</Level>
<Task>0</Task>
<Opcode>0</Opcode>
<Keywords>0x0080000000000000</Keywords>
<TimeCreated SystemTime="2025-12-04 22:29:16.967724+00:00"></TimeCreated>
<EventRecordID>1377</EventRecordID>
<Correlation ActivityID="" RelatedActivityID=""></Correlation>
<Execution ProcessID="1864" ThreadID="1972"></Execution>
<Channel>System</Channel>
<Computer>WIN-QCM4OJM0UCK</Computer>
<Security UserID=""></Security>
</System>
<EventData><Data>&lt;string&gt;6&lt;/string&gt;
&lt;string&gt;&lt;/string&gt;
&lt;string&gt;&lt;/string&gt;
&lt;string&gt;6&lt;/string&gt;
&lt;string&gt;60&lt;/string&gt;
&lt;string&gt;480 Pacific Standard Time&lt;/string&gt;
</Data>
<Binary>MQAuADEAAAAwAAAAVwBpAG4AZABvAHcAcwAgADEAMAAgAFAAcgBvAAAAMQAwAC4AMAAuADIANgAyADAAMAAgAEIAdQBpAGwAZAAgADIANgAyADAAMAAgACAAAABNAHUAbAB0AGkAcAByAG8AYwBlAHMAcwBvAHIAIABGAHIAZQBlAAAAMgA2ADEAMAAwAC4AZwBlAF8AcgBlAGwAZQBhAHMAZQAuADIANAAwADMAMwAxAC0AMQA0ADMANQAAADYAOQAyADIAOAAyAGIAMgAAAE4AbwB0ACAAQQB2AGEAaQBsAGEAYgBsAGUAAABOAG8AdAAgAEEAdgBhAGkAbABhAGIAbABlAAAAMQAyAAAANAAAADgAMQA4ADMAAAA4ADAAOQAAAFcASQBOAC0AUQBDAE0ANABPAEoATQAwAFUAQwBLAAAAAAA=</Binary>
</EventData>
</Event>

<Event xmlns="http://schemas.microsoft.com/win/2004/08/events/event"><System><Provider Name="Microsoft-Windows-FilterManager" Guid="{f3c5e28e-63f6-49c7-a204-e48a1bc4b09d}"></Provider>
<EventID Qualifiers="">6</EventID>
<Version>0</Version>
<Level>4</Level>
<Task>0</Task>
<Opcode>0</Opcode>
<Keywords>0x8000000000000000</Keywords>
<TimeCreated SystemTime="2025-12-04 22:29:10.960518+00:00"></TimeCreated>
<EventRecordID>1378</EventRecordID>
<Correlation ActivityID="" RelatedActivityID=""></Correlation>
<Execution ProcessID="4" ThreadID="8"></Execution>
<Channel>System</Channel>
<Computer>WIN-QCM4OJM0UCK</Computer>
<Security UserID="S-1-5-18"></Security>
</System>
<EventData><Data Name="FinalStatus">0x00000000</Data>
<Data Name="DeviceVersionMajor">10</Data>
<Data Name="DeviceVersionMinor">0</Data>
<Data Name="DeviceNameLength">8</Data>
<Data Name="DeviceName">FileInfo</Data>
<Data Name="DeviceTime">2010-08-01 07:38:45+00:00</Data>
</EventData>
</Event>

<Event xmlns="http://schemas.microsoft.com/win/2004/08/events/event"><System><Provider Name="Microsoft-Windows-FilterManager" Guid="{f3c5e28e-63f6-49c7-a204-e48a1bc4b09d}"></Provider>
<EventID Qualifiers="">6</EventID>
<Version>0</Version>
<Level>4</Level>
<Task>0</Task>
<Opcode>0</Opcode>
<Keywords>0x8000000000000000</Keywords>
<TimeCreated SystemTime="2025-12-04 22:29:10.960852+00:00"></TimeCreated>
<EventRecordID>1379</EventRecordID>
<Correlation ActivityID="" RelatedActivityID=""></Correlation>
<Execution ProcessID="4" ThreadID="8"></Execution>
<Channel>System</Channel>
<Computer>WIN-QCM4OJM0UCK</Computer>
<Security UserID="S-1-5-18"></Security>
</System>
<EventData><Data Name="FinalStatus">0x00000000</Data>
<Data Name="DeviceVersionMajor">10</Data>
<Data Name="DeviceVersionMinor">0</Data>
<Data Name="DeviceNameLength">3</Data>
<Data Name="DeviceName">Wof</Data>
<Data Name="DeviceTime">1979-02-12 07:20:21+00:00</Data>
</EventData>
</Event>

