<Event xmlns="http://schemas.microsoft.com/win/2004/08/events/event"><System><Provider Name="Microsoft-Windows-FilterManager" Guid="{f3c5e28e-63f6-49c7-a204-e48a1bc4b09d}"></Provider>
<EventID Qualifiers="">6</EventID>
<Version>0</Version>
<Level>4</Level>
<Task>0</Task>
<Opcode>0</Opcode>
<Keywords>0x8000000000000000</Keywords>
<TimeCreated SystemTime="2025-11-23 17:59:26.729021+00:00"></TimeCreated>
<EventRecordID>777</EventRecordID>
<Correlation ActivityID="" RelatedActivityID=""></Correlation>
<Execution ProcessID="4" ThreadID="252"></Execution>
<Channel>System</Channel>
<Computer>WIN-QCM4OJM0UCK</Computer>
<Security UserID="S-1-5-18"></Security>
</System>
<EventData><Data Name="FinalStatus">0x00000000</Data>
<Data Name="DeviceVersionMajor">10</Data>
<Data Name="DeviceVersionMinor">0</Data>
<Data Name="DeviceNameLength">5</Data>
<Data Name="DeviceName">wcifs</Data>
<Data Name="DeviceTime">2104-08-27 06:18:28+00:00</Data>
</EventData>
</Event>

<Event xmlns="http://schemas.microsoft.com/win/2004/08/events/event"><System><Provider Name="Microsoft-Windows-FilterManager" Guid="{f3c5e28e-63f6-49c7-a204-e48a1bc4b09d}"></Provider>
<EventID Qualifiers="">6</EventID>
<Version>0</Version>
<Level>4</Level>
<Task>0</Task>
<Opcode>0</Opcode>
<Keywords>0x8000000000000000</Keywords>
<TimeCreated SystemTime="2025-11-23 17:59:26.747013+00:00"></TimeCreated>
<EventRecordID>778</EventRecordID>
<Correlation ActivityID="" RelatedActivityID=""></Correlation>
<Execution ProcessID="4" ThreadID="436"></Execution>
<Channel>System</Channel>
<Computer>WIN-QCM4OJM0UCK</Computer>
<Security UserID="S-1-5-18"></Security>
</System>
<EventData><Data Name="FinalStatus">0x00000000</Data>
<Data Name="DeviceVersionMajor">10</Data>
<Data Name="DeviceVersionMinor">0</Data>
<Data Name="DeviceNameLength">6</Data>
<Data Name="DeviceName">CldFlt</Data>
<Data Name="DeviceTime">1980-09-27 06:42:59+00:00</Data>
</EventData>
</Event>

<Event xmlns="http://schemas.microsoft.com/win/2004/08/events/event"><System><Provider Name="Microsoft-Windows-FilterManager" Guid="{f3c5e28e-63f6-49c7-a204-e48a1bc4b09d}"></Provider>
<EventID Qualifiers="">1</EventID>
<Version>0</Version>
<Level>4</Level>
<Task>0</Task>
<Opcode>0</Opcode>
<Keywords>0x8000000000000000</Keywords>
<TimeCreated SystemTime="2025-11-23 17:59:26.747017+00:00"></TimeCreated>
<EventRecordID>779</EventRecordID>
<Correlation ActivityID="" RelatedActivityID=""></Correlation>
<Execution ProcessID="4" ThreadID="436"></Execution>
<Channel>System</Channel>
<Computer>WIN-QCM4OJM0UCK</Computer>
<Security UserID="S-1-5-18"></Security>
</System>
<EventData><Data Name="FinalStatus">0x00000000</Data>
<Data Name="DeviceVersionMajor">10</Data>
<Data Name="DeviceVersionMinor">0</Data>
<Data Name="DeviceNameLength">6</Data>
<Data Name="DeviceName">CldFlt</Data>
<Data Name="DeviceTime">1980-09-27 06:42:59+00:00</Data>
</EventData>
</Event>

<Event xmlns="http://schemas.microsoft.com/win/2004/08/events/event"><System><Provider Name="Microsoft-Windows-FilterManager" Guid="{f3c5e28e-63f6-49c7-a204-e48a1bc4b09d}"></Provider>
<EventID Qualifiers="">6</EventID>
<Version>0</Version>
<Level>4</Level>
<Task>0</Task>
<Opcode>0</Opcode>
<Keywords>0x8000000000000000</Keywords>
<TimeCreated SystemTime="2025-11-23 17:59:26.747057+00:00"></TimeCreated>
<EventRecordID>780</EventRecordID>
<Correlation ActivityID="" RelatedActivityID=""></Correlation>
<Execution ProcessID="4" ThreadID="436"></Execution>
<Channel>System</Channel>
<Computer>WIN-QCM4OJM0UCK</Computer>
<Security UserID="S-1-5-18"></Security>
</System>
<EventData><Data Name="FinalStatus">0x00000000</Data>
<Data Name="DeviceVersionMajor">10</Data>
<Data Name="DeviceVersionMinor">0</Data>
<Data Name="DeviceNameLength">6</Data>
<Data Name="DeviceName">CldFlt</Data>
<Data Name="DeviceTime">1980-09-27 06:42:59+00:00</Data>
</EventData>
</Event>

<Event xmlns="http://schemas.microsoft.com/win/2004/08/events/event"><System><Provider Name="Microsoft-Windows-FilterManager" Guid="{f3c5e28e-63f6-49c7-a204-e48a1bc4b09d}"></Provider>
<EventID Qualifiers="">6</EventID>
<Version>0</Version>
<Level>4</Level>
<Task>0</Task>
<Opcode>0</Opcode>
<Keywords>0x8000000000000000</Keywords>
<TimeCreated SystemTime="2025-11-23 17:59:26.757362+00:00"></TimeCreated>
<EventRecordID>781</EventRecordID>
<Correlation ActivityID="" RelatedActivityID=""></Correlation>
<Execution ProcessID="4" ThreadID="252"></Execution>
<Channel>System</Channel>
<Computer>WIN-QCM4OJM0UCK</Computer>
<Security UserID="S-1-5-18"></Security>
</System>
<EventData><Data Name="FinalStatus">0x00000000</Data>
<Data Name="DeviceVersionMajor">10</Data>
<Data Name="DeviceVersionMinor">0</Data>
<Data Name="DeviceNameLength">7</Data>
<Data Name="DeviceName">UnionFS</Data>
<Data Name="DeviceTime">2043-09-15 01:35:33+00:00</Data>
</EventData>
</Event>

<Event xmlns="http://schemas.microsoft.com/win/2004/08/events/event"><System><Provider Name="Microsoft-Windows-FilterManager" Guid="{f3c5e28e-63f6-49c7-a204-e48a1bc4b09d}"></Provider>
<EventID Qualifiers="">6</EventID>
<Version>0</Version>
<Level>4</Level>
<Task>0</Task>
<Opcode>0</Opcode>
<Keywords>0x8000000000000000</Keywords>
<TimeCreated SystemTime="2025-11-23 17:59:26.761990+00:00"></TimeCreated>
<EventRecordID>782</EventRecordID>
<Correlation ActivityID="" RelatedActivityID=""></Correlation>
<Execution ProcessID="4" ThreadID="128"></Execution>
<Channel>System</Channel>
<Computer>WIN-QCM4OJM0UCK</Computer>
<Security UserID="S-1-5-18"></Security>
</System>
<EventData><Data Name="FinalStatus">0x00000000</Data>
<Data Name="DeviceVersionMajor">10</Data>
<Data Name="DeviceVersionMinor">0</Data>
<Data Name="DeviceNameLength">13</Data>
<Data Name="DeviceName">applockerfltr</Data>
<Data Name="DeviceTime">2079-01-17 14:49:28+00:00</Data>
</EventData>
</Event>

<Event xmlns="http://schemas.microsoft.com/win/2004/08/events/event"><System><Provider Name="Microsoft-Windows-FilterManager" Guid="{f3c5e28e-63f6-49c7-a204-e48a1bc4b09d}"></Provider>
<EventID Qualifiers="">6</EventID>
<Version>0</Version>
<Level>4</Level>
<Task>0</Task>
<Opcode>0</Opcode>
<Keywords>0x8000000000000000</Keywords>
<TimeCreated SystemTime="2025-11-23 17:59:26.778669+00:00"></TimeCreated>
<EventRecordID>783</EventRecordID>
<Correlation ActivityID="" RelatedActivityID=""></Correlation>
<Execution ProcessID="4" ThreadID="376"></Execution>
<Channel>System</Channel>
<Computer>WIN-QCM4OJM0UCK</Computer>
<Security UserID="S-1-5-18"></Security>
</System>
<EventData><Data Name="FinalStatus">0x00000000</Data>
<Data Name="DeviceVersionMajor">10</Data>
<Data Name="DeviceVersionMinor">0</Data>
<Data Name="DeviceNameLength">10</Data>
<Data Name="DeviceName">storqosflt</Data>
<Data Name="DeviceTime">2073-10-13 05:50:58+00:00</Data>
</EventData>
</Event>

<Event xmlns="http://schemas.microsoft.com/win/2004/08/events/event"><System><Provider Name="Microsoft-Windows-FilterManager" Guid="{f3c5e28e-63f6-49c7-a204-e48a1bc4b09d}"></Provider>
<EventID Qualifiers="">6</EventID>
<Version>0</Version>
<Level>4</Level>
<Task>0</Task>
<Opcode>0</Opcode>
<Keywords>0x8000000000000000</Keywords>
<TimeCreated SystemTime="2025-11-23 17:59:26.793900+00:00"></TimeCreated>
<EventRecordID>784</EventRecordID>
<Correlation ActivityID="" RelatedActivityID=""></Correlation>
<Execution ProcessID="4" ThreadID="436"></Execution>
<Channel>System</Channel>
<Computer>WIN-QCM4OJM0UCK</Computer>
<Security UserID="S-1-5-18"></Security>
</System>
<EventData><Data Name="FinalStatus">0x00000000</Data>
<Data Name="DeviceVersionMajor">10</Data>
<Data Name="DeviceVersionMinor">0</Data>
<Data Name="DeviceNameLength">4</Data>
<Data Name="DeviceName">UCPD</Data>
<Data Name="DeviceTime">2104-11-04 22:47:34+00:00</Data>
</EventData>
</Event>

<Event xmlns="http://schemas.microsoft.com/win/2004/08/events/event"><System><Provider Name="Microsoft-Windows-FilterManager" Guid="{f3c5e28e-63f6-49c7-a204-e48a1bc4b09d}"></Provider>
<EventID Qualifiers="">6</EventID>
<Version>0</Version>
<Level>4</Level>
<Task>0</Task>
<Opcode>0</Opcode>
<Keywords>0x8000000000000000</Keywords>
<TimeCreated SystemTime="2025-11-23 17:59:26.804022+00:00"></TimeCreated>
<EventRecordID>785</EventRecordID>
<Correlation ActivityID="" RelatedActivityID=""></Correlation>
<Execution ProcessID="4" ThreadID="376"></Execution>
<Channel>System</Channel>
<Computer>WIN-QCM4OJM0UCK</Computer>
<Security UserID="S-1-5-18"></Security>
</System>
<EventData><Data Name="FinalStatus">0x00000000</Data>
<Data Name="DeviceVersionMajor">10</Data>
<Data Name="DeviceVersionMinor">0</Data>
<Data Name="DeviceNameLength">7</Data>
<Data Name="DeviceName">bindflt</Data>
<Data Name="DeviceTime">2079-12-10 14:34:32+00:00</Data>
</EventData>
</Event>

<Event xmlns="http://schemas.microsoft.com/win/2004/08/events/event"><System><Provider Name="Microsoft-Windows-Dhcp-Client" Guid="{15a7a4f8-0072-4eab-abad-f98a4d666aed}"></Provider>
<EventID Qualifiers="">50036</EventID>
<Version>0</Version>
<Level>4</Level>
<Task>4</Task>
<Opcode>68</Opcode>
<Keywords>0x2000000000000000</Keywords>
<TimeCreated SystemTime="2025-11-23 17:59:27.494843+00:00"></TimeCreated>
<EventRecordID>786</EventRecordID>
<Correlation ActivityID="" RelatedActivityID=""></Correlation>
<Execution ProcessID="2456" ThreadID="2548"></Execution>
<Channel>System</Channel>
<Computer>WIN-QCM4OJM0UCK</Computer>
<Security UserID="S-1-5-19"></Security>
</System>
<EventData></EventData>
</Event>

<Event xmlns="http://schemas.microsoft.com/win/2004/08/events/event"><System><Provider Name="Microsoft-Windows-Dhcp-Client" Guid="{15a7a4f8-0072-4eab-abad-f98a4d666aed}"></Provider>
<EventID Qualifiers="">50103</EventID>
<Version>0</Version>
<Level>4</Level>
<Task>4</Task>
<Opcode>129</Opcode>
<Keywords>0x2000000000000000</Keywords>
<TimeCreated SystemTime="2025-11-23 17:59:27.495602+00:00"></TimeCreated>
<EventRecordID>787</EventRecordID>
<Correlation ActivityID="" RelatedActivityID=""></Correlation>
<Execution ProcessID="2456" ThreadID="2548"></Execution>
<Channel>System</Channel>
<Computer>WIN-QCM4OJM0UCK</Computer>
<Security UserID="S-1-5-19"></Security>
</System>
<EventData></EventData>
</Event>

<Event xmlns="http://schemas.microsoft.com/win/2004/08/events/event"><System><Provider Name="Microsoft-Windows-Dhcp-Client" Guid="{15a7a4f8-0072-4eab-abad-f98a4d666aed}"></Provider>
<EventID Qualifiers="">50036</EventID>
<Version>0</Version>
<Level>4</Level>
<Task>4</Task>
<Opcode>68</Opcode>
<Keywords>0x2000000000000000</Keywords>
<TimeCreated SystemTime="2025-11-23 17:59:27.495672+00:00"></TimeCreated>
<EventRecordID>788</EventRecordID>
<Correlation ActivityID="" RelatedActivityID=""></Correlation>
<Execution ProcessID="2456" ThreadID="2548"></Execution>
<Channel>System</Channel>
<Computer>WIN-QCM4OJM0UCK</Computer>
<Security UserID="S-1-5-19"></Security>
</System>
<EventData></EventData>
</Event>

<Event xmlns="http://schemas.microsoft.com/win/2004/08/events/event"><System><Provider Name="Microsoft-Windows-DHCPv6-Client" Guid="{6a1f2b00-6a90-4c38-95a5-5cab3b056778}"></Provider>
<EventID Qualifiers="">51046</EventID>
<Version>0</Version>
<Level>4</Level>
<Task>4</Task>
<Opcode>62</Opcode>
<Keywords>0x2000000000000000</Keywords>
<TimeCreated SystemTime="2025-11-23 17:59:27.536598+00:00"></TimeCreated>
<EventRecordID>789</EventRecordID>
<Correlation ActivityID="" RelatedActivityID=""></Correlation>
<Execution ProcessID="2456" ThreadID="2596"></Execution>
<Channel>System</Channel>
<Computer>WIN-QCM4OJM0UCK</Computer>
<Security UserID="S-1-5-19"></Security>
</System>
<EventData></EventData>
</Event>

<Event xmlns="http://schemas.microsoft.com/win/2004/08/events/event"><System><Provider Name="Microsoft-Windows-Winlogon" Guid="{dbe9b383-7cf3-4331-91cc-a3cb16a3b538}"></Provider>
<EventID Qualifiers="">7001</EventID>
<Version>0</Version>
<Level>4</Level>
<Task>1101</Task>
<Opcode>0</Opcode>
<Keywords>0x2000200000000000</Keywords>
<TimeCreated SystemTime="2025-11-23 17:59:27.563253+00:00"></TimeCreated>
<EventRecordID>790</EventRecordID>
<Correlation ActivityID="" RelatedActivityID=""></Correlation>
<Execution ProcessID="760" ThreadID="1100"></Execution>
<Channel>System</Channel>
<Computer>WIN-QCM4OJM0UCK</Computer>
<Security UserID="S-1-5-18"></Security>
</System>
<EventData><Data Name="TSId">1</Data>
<Data Name="UserSid">S-1-5-21-3406557415-3785955325-3440082762-1001</Data>
</EventData>
</Event>

<Event xmlns="http://schemas.microsoft.com/win/2004/08/events/event"><System><Provider Name="Microsoft-Windows-HttpService" Guid="{dd5ef90a-6398-47a4-ad34-4dcecdef795f}"></Provider>
<EventID Qualifiers="">112</EventID>
<Version>0</Version>
<Level>4</Level>
<Task>3</Task>
<Opcode>121</Opcode>
<Keywords>0x4000000000000001</Keywords>
<TimeCreated SystemTime="2025-11-23 17:59:27.814978+00:00"></TimeCreated>
<EventRecordID>791</EventRecordID>
<Correlation ActivityID="" RelatedActivityID=""></Correlation>
<Execution ProcessID="4" ThreadID="120"></Execution>
<Channel>System</Channel>
<Computer>WIN-QCM4OJM0UCK</Computer>
<Security UserID="S-1-5-18"></Security>
</System>
<EventData><Data Name="Url">http://*:5357/</Data>
<Data Name="ReserveStatus">0</Data>
<Data Name="ProcessId">4</Data>
<Data Name="ExecutablePath"></Data>
<Data Name="UserSid">S-1-5-18</Data>
</EventData>
</Event>

<Event xmlns="http://schemas.microsoft.com/win/2004/08/events/event"><System><Provider Name="Microsoft-Windows-HttpService" Guid="{dd5ef90a-6398-47a4-ad34-4dcecdef795f}"></Provider>
<EventID Qualifiers="">112</EventID>
<Version>0</Version>
<Level>4</Level>
<Task>3</Task>
<Opcode>121</Opcode>
<Keywords>0x4000000000000001</Keywords>
<TimeCreated SystemTime="2025-11-23 17:59:27.814983+00:00"></TimeCreated>
<EventRecordID>792</EventRecordID>
<Correlation ActivityID="" RelatedActivityID=""></Correlation>
<Execution ProcessID="4" ThreadID="120"></Execution>
<Channel>System</Channel>
<Computer>WIN-QCM4OJM0UCK</Computer>
<Security UserID="S-1-5-18"></Security>
</System>
<EventData><Data Name="Url">http://+:80/Temporary_Listen_Addresses/</Data>
<Data Name="ReserveStatus">0</Data>
<Data Name="ProcessId">4</Data>
<Data Name="ExecutablePath"></Data>
<Data Name="UserSid">S-1-5-18</Data>
</EventData>
</Event>

<Event xmlns="http://schemas.microsoft.com/win/2004/08/events/event"><System><Provider Name="Microsoft-Windows-HttpService" Guid="{dd5ef90a-6398-47a4-ad34-4dcecdef795f}"></Provider>
<EventID Qualifiers="">112</EventID>
<Version>0</Version>
<Level>4</Level>
<Task>3</Task>
<Opcode>121</Opcode>
<Keywords>0x4000000000000001</Keywords>
<TimeCreated SystemTime="2025-11-23 17:59:27.814987+00:00"></TimeCreated>
<EventRecordID>793</EventRecordID>
<Correlation ActivityID="" RelatedActivityID=""></Correlation>
<Execution ProcessID="4" ThreadID="120"></Execution>
<Channel>System</Channel>
<Computer>WIN-QCM4OJM0UCK</Computer>
<Security UserID="S-1-5-18"></Security>
</System>
<EventData><Data Name="Url">https://*:5358/</Data>
<Data Name="ReserveStatus">0</Data>
<Data Name="ProcessId">4</Data>
<Data Name="ExecutablePath"></Data>
<Data Name="UserSid">S-1-5-18</Data>
</EventData>
</Event>

<Event xmlns="http://schemas.microsoft.com/win/2004/08/events/event"><System><Provider Name="Microsoft-Windows-HttpService" Guid="{dd5ef90a-6398-47a4-ad34-4dcecdef795f}"></Provider>
<EventID Qualifiers="">112</EventID>
<Version>0</Version>
<Level>4</Level>
<Task>3</Task>
<Opcode>121</Opcode>
<Keywords>0x4000000000000001</Keywords>
<TimeCreated SystemTime="2025-11-23 17:59:27.815094+00:00"></TimeCreated>
<EventRecordID>794</EventRecordID>
<Correlation ActivityID="" RelatedActivityID=""></Correlation>
<Execution ProcessID="4" ThreadID="120"></Execution>
<Channel>System</Channel>
<Computer>WIN-QCM4OJM0UCK</Computer>
<Security UserID="S-1-5-18"></Security>
</System>
<EventData><Data Name="Url">https://+:5986/wsman/</Data>
<Data Name="ReserveStatus">0</Data>
<Data Name="ProcessId">4</Data>
<Data Name="ExecutablePath"></Data>
<Data Name="UserSid">S-1-5-18</Data>
</EventData>
</Event>

<Event xmlns="http://schemas.microsoft.com/win/2004/08/events/event"><System><Provider Name="Microsoft-Windows-HttpService" Guid="{dd5ef90a-6398-47a4-ad34-4dcecdef795f}"></Provider>
<EventID Qualifiers="">112</EventID>
<Version>0</Version>
<Level>4</Level>
<Task>3</Task>
<Opcode>121</Opcode>
<Keywords>0x4000000000000001</Keywords>
<TimeCreated SystemTime="2025-11-23 17:59:27.815100+00:00"></TimeCreated>
<EventRecordID>795</EventRecordID>
<Correlation ActivityID="" RelatedActivityID=""></Correlation>
<Execution ProcessID="4" ThreadID="120"></Execution>
<Channel>System</Channel>
<Computer>WIN-QCM4OJM0UCK</Computer>
<Security UserID="S-1-5-18"></Security>
</System>
<EventData><Data Name="Url">http://+:47001/wsman/</Data>
<Data Name="ReserveStatus">0</Data>
<Data Name="ProcessId">4</Data>
<Data Name="ExecutablePath"></Data>
<Data Name="UserSid">S-1-5-18</Data>
</EventData>
</Event>

<Event xmlns="http://schemas.microsoft.com/win/2004/08/events/event"><System><Provider Name="Microsoft-Windows-HttpService" Guid="{dd5ef90a-6398-47a4-ad34-4dcecdef795f}"></Provider>
<EventID Qualifiers="">112</EventID>
<Version>0</Version>
<Level>4</Level>
<Task>3</Task>
<Opcode>121</Opcode>
<Keywords>0x4000000000000001</Keywords>
<TimeCreated SystemTime="2025-11-23 17:59:27.815104+00:00"></TimeCreated>
<EventRecordID>796</EventRecordID>
<Correlation ActivityID="" RelatedActivityID=""></Correlation>
<Execution ProcessID="4" ThreadID="120"></Execution>
<Channel>System</Channel>
<Computer>WIN-QCM4OJM0UCK</Computer>
<Security UserID="S-1-5-18"></Security>
</System>
<EventData><Data Name="Url">http://+:5985/wsman/</Data>
<Data Name="ReserveStatus">0</Data>
<Data Name="ProcessId">4</Data>
<Data Name="ExecutablePath"></Data>
<Data Name="UserSid">S-1-5-18</Data>
</EventData>
</Event>

<Event xmlns="http://schemas.microsoft.com/win/2004/08/events/event"><System><Provider Name="Microsoft-Windows-HttpService" Guid="{dd5ef90a-6398-47a4-ad34-4dcecdef795f}"></Provider>
<EventID Qualifiers="">112</EventID>
<Version>0</Version>
<Level>4</Level>
<Task>3</Task>
<Opcode>121</Opcode>
<Keywords>0x4000000000000001</Keywords>
<TimeCreated SystemTime="2025-11-23 17:59:27.815105+00:00"></TimeCreated>
<EventRecordID>797</EventRecordID>
<Correlation ActivityID="" RelatedActivityID=""></Correlation>
<Execution ProcessID="4" ThreadID="120"></Execution>
<Channel>System</Channel>
<Computer>WIN-QCM4OJM0UCK</Computer>
<Security UserID="S-1-5-18"></Security>
</System>
<EventData><Data Name="Url">http://*:2869/</Data>
<Data Name="ReserveStatus">0</Data>
<Data Name="ProcessId">4</Data>
<Data Name="ExecutablePath"></Data>
<Data Name="UserSid">S-1-5-18</Data>
</EventData>
</Event>

<Event xmlns="http://schemas.microsoft.com/win/2004/08/events/event"><System><Provider Name="Microsoft-Windows-HttpService" Guid="{dd5ef90a-6398-47a4-ad34-4dcecdef795f}"></Provider>
<EventID Qualifiers="">112</EventID>
<Version>0</Version>
<Level>4</Level>
<Task>3</Task>
<Opcode>121</Opcode>
<Keywords>0x4000000000000001</Keywords>
<TimeCreated SystemTime="2025-11-23 17:59:27.815107+00:00"></TimeCreated>
<EventRecordID>798</EventRecordID>
<Correlation ActivityID="" RelatedActivityID=""></Correlation>
<Execution ProcessID="4" ThreadID="120"></Execution>
<Channel>System</Channel>
<Computer>WIN-QCM4OJM0UCK</Computer>
<Security UserID="S-1-5-18"></Security>
</System>
<EventData><Data Name="Url">https://+:3392/rdp/</Data>
<Data Name="ReserveStatus">0</Data>
<Data Name="ProcessId">4</Data>
<Data Name="ExecutablePath"></Data>
<Data Name="UserSid">S-1-5-18</Data>
</EventData>
</Event>

<Event xmlns="http://schemas.microsoft.com/win/2004/08/events/event"><System><Provider Name="Microsoft-Windows-HttpService" Guid="{dd5ef90a-6398-47a4-ad34-4dcecdef795f}"></Provider>
<EventID Qualifiers="">112</EventID>
<Version>0</Version>
<Level>4</Level>
<Task>3</Task>
<Opcode>121</Opcode>
<Keywords>0x4000000000000001</Keywords>
<TimeCreated SystemTime="2025-11-23 17:59:27.815109+00:00"></TimeCreated>
<EventRecordID>799</EventRecordID>
<Correlation ActivityID="" RelatedActivityID=""></Correlation>
<Execution ProcessID="4" ThreadID="120"></Execution>
<Channel>System</Channel>
<Computer>WIN-QCM4OJM0UCK</Computer>
<Security UserID="S-1-5-18"></Security>
</System>
<EventData><Data Name="Url">http://+:3387/rdp/</Data>
<Data Name="ReserveStatus">0</Data>
<Data Name="ProcessId">4</Data>
<Data Name="ExecutablePath"></Data>
<Data Name="UserSid">S-1-5-18</Data>
</EventData>
</Event>

<Event xmlns="http://schemas.microsoft.com/win/2004/08/events/event"><System><Provider Name="Microsoft-Windows-HttpService" Guid="{dd5ef90a-6398-47a4-ad34-4dcecdef795f}"></Provider>
<EventID Qualifiers="">112</EventID>
<Version>0</Version>
<Level>4</Level>
<Task>3</Task>
<Opcode>121</Opcode>
<Keywords>0x4000000000000001</Keywords>
<TimeCreated SystemTime="2025-11-23 17:59:27.815117+00:00"></TimeCreated>
<EventRecordID>800</EventRecordID>
<Correlation ActivityID="" RelatedActivityID=""></Correlation>
<Execution ProcessID="4" ThreadID="120"></Execution>
<Channel>System</Channel>
<Computer>WIN-QCM4OJM0UCK</Computer>
<Security UserID="S-1-5-18"></Security>
</System>
<EventData><Data Name="Url">https://+:443/sra_{BA195980-CD49-458b-9E23-C84EE0ADCD75}/</Data>
<Data Name="ReserveStatus">0</Data>
<Data Name="ProcessId">4</Data>
<Data Name="ExecutablePath"></Data>
<Data Name="UserSid">S-1-5-18</Data>
</EventData>
</Event>

<Event xmlns="http://schemas.microsoft.com/win/2004/08/events/event"><System><Provider Name="Microsoft-Windows-HttpService" Guid="{dd5ef90a-6398-47a4-ad34-4dcecdef795f}"></Provider>
<EventID Qualifiers="">112</EventID>
<Version>0</Version>
<Level>4</Level>
<Task>3</Task>
<Opcode>121</Opcode>
<Keywords>0x4000000000000001</Keywords>
<TimeCreated SystemTime="2025-11-23 17:59:27.815123+00:00"></TimeCreated>
<EventRecordID>801</EventRecordID>
<Correlation ActivityID="" RelatedActivityID=""></Correlation>
<Execution ProcessID="4" ThreadID="120"></Execution>
<Channel>System</Channel>
<Computer>WIN-QCM4OJM0UCK</Computer>
<Security UserID="S-1-5-18"></Security>
</System>
<EventData><Data Name="Url">http://+:80/0131501b-d67f-491b-9a40-c4bf27bcb4d4/</Data>
<Data Name="ReserveStatus">0</Data>
<Data Name="ProcessId">4</Data>
<Data Name="ExecutablePath"></Data>
<Data Name="UserSid">S-1-5-18</Data>
</EventData>
</Event>

<Event xmlns="http://schemas.microsoft.com/win/2004/08/events/event"><System><Provider Name="Microsoft-Windows-HttpService" Guid="{dd5ef90a-6398-47a4-ad34-4dcecdef795f}"></Provider>
<EventID Qualifiers="">112</EventID>
<Version>0</Version>
<Level>4</Level>
<Task>3</Task>
<Opcode>121</Opcode>
<Keywords>0x4000000000000001</Keywords>
<TimeCreated SystemTime="2025-11-23 17:59:27.815126+00:00"></TimeCreated>
<EventRecordID>802</EventRecordID>
<Correlation ActivityID="" RelatedActivityID=""></Correlation>
<Execution ProcessID="4" ThreadID="120"></Execution>
<Channel>System</Channel>
<Computer>WIN-QCM4OJM0UCK</Computer>
<Security UserID="S-1-5-18"></Security>
</System>
<EventData><Data Name="Url">https://+:443/C574AC30-5794-4AEE-B1BB-6651C5315029/</Data>
<Data Name="ReserveStatus">0</Data>
<Data Name="ProcessId">4</Data>
<Data Name="ExecutablePath"></Data>
<Data Name="UserSid">S-1-5-18</Data>
</EventData>
</Event>

<Event xmlns="http://schemas.microsoft.com/win/2004/08/events/event"><System><Provider Name="Microsoft-Windows-HttpService" Guid="{dd5ef90a-6398-47a4-ad34-4dcecdef795f}"></Provider>
<EventID Qualifiers="">112</EventID>
<Version>0</Version>
<Level>4</Level>
<Task>3</Task>
<Opcode>121</Opcode>
<Keywords>0x4000000000000001</Keywords>
<TimeCreated SystemTime="2025-11-23 17:59:27.815128+00:00"></TimeCreated>
<EventRecordID>803</EventRecordID>
<Correlation ActivityID="" RelatedActivityID=""></Correlation>
<Execution ProcessID="4" ThreadID="120"></Execution>
<Channel>System</Channel>
<Computer>WIN-QCM4OJM0UCK</Computer>
<Security UserID="S-1-5-18"></Security>
</System>
<EventData><Data Name="Url">http://+:80/116B50EB-ECE2-41ac-8429-9F9E963361B7/</Data>
<Data Name="ReserveStatus">0</Data>
<Data Name="ProcessId">4</Data>
<Data Name="ExecutablePath"></Data>
<Data Name="UserSid">S-1-5-18</Data>
</EventData>
</Event>

<Event xmlns="http://schemas.microsoft.com/win/2004/08/events/event"><System><Provider Name="Microsoft-Windows-HttpService" Guid="{dd5ef90a-6398-47a4-ad34-4dcecdef795f}"></Provider>
<EventID Qualifiers="">112</EventID>
<Version>0</Version>
<Level>4</Level>
<Task>3</Task>
<Opcode>121</Opcode>
<Keywords>0x4000000000000001</Keywords>
<TimeCreated SystemTime="2025-11-23 17:59:27.815132+00:00"></TimeCreated>
<EventRecordID>804</EventRecordID>
<Correlation ActivityID="" RelatedActivityID=""></Correlation>
<Execution ProcessID="4" ThreadID="120"></Execution>
<Channel>System</Channel>
<Computer>WIN-QCM4OJM0UCK</Computer>
<Security UserID="S-1-5-18"></Security>
</System>
<EventData><Data Name="Url">http://+:10247/apps/</Data>
<Data Name="ReserveStatus">0</Data>
<Data Name="ProcessId">4</Data>
<Data Name="ExecutablePath"></Data>
<Data Name="UserSid">S-1-5-18</Data>
</EventData>
</Event>

<Event xmlns="http://schemas.microsoft.com/win/2004/08/events/event"><System><Provider Name="Microsoft-Windows-HttpService" Guid="{dd5ef90a-6398-47a4-ad34-4dcecdef795f}"></Provider>
<EventID Qualifiers="">112</EventID>
<Version>0</Version>
<Level>4</Level>
<Task>3</Task>
<Opcode>121</Opcode>
<Keywords>0x4000000000000001</Keywords>
<TimeCreated SystemTime="2025-11-23 17:59:27.815134+00:00"></TimeCreated>
<EventRecordID>805</EventRecordID>
<Correlation ActivityID="" RelatedActivityID=""></Correlation>
<Execution ProcessID="4" ThreadID="120"></Execution>
<Channel>System</Channel>
<Computer>WIN-QCM4OJM0UCK</Computer>
<Security UserID="S-1-5-18"></Security>
</System>
<EventData><Data Name="Url">https://+:10245/WMPNSSv4/</Data>
<Data Name="ReserveStatus">0</Data>
<Data Name="ProcessId">4</Data>
<Data Name="ExecutablePath"></Data>
<Data Name="UserSid">S-1-5-18</Data>
</EventData>
</Event>

<Event xmlns="http://schemas.microsoft.com/win/2004/08/events/event"><System><Provider Name="Microsoft-Windows-HttpService" Guid="{dd5ef90a-6398-47a4-ad34-4dcecdef795f}"></Provider>
<EventID Qualifiers="">112</EventID>
<Version>0</Version>
<Level>4</Level>
<Task>3</Task>
<Opcode>121</Opcode>
<Keywords>0x4000000000000001</Keywords>
<TimeCreated SystemTime="2025-11-23 17:59:27.815138+00:00"></TimeCreated>
<EventRecordID>806</EventRecordID>
<Correlation ActivityID="" RelatedActivityID=""></Correlation>
<Execution ProcessID="4" ThreadID="120"></Execution>
<Channel>System</Channel>
<Computer>WIN-QCM4OJM0UCK</Computer>
<Security UserID="S-1-5-18"></Security>
</System>
<EventData><Data Name="Url">http://+:10243/WMPNSSv4/</Data>
<Data Name="ReserveStatus">0</Data>
<Data Name="ProcessId">4</Data>
<Data Name="ExecutablePath"></Data>
<Data Name="UserSid">S-1-5-18</Data>
</EventData>
</Event>

<Event xmlns="http://schemas.microsoft.com/win/2004/08/events/event"><System><Provider Name="Microsoft-Windows-HttpService" Guid="{dd5ef90a-6398-47a4-ad34-4dcecdef795f}"></Provider>
<EventID Qualifiers="">112</EventID>
<Version>0</Version>
<Level>4</Level>
<Task>3</Task>
<Opcode>121</Opcode>
<Keywords>0x4000000000000001</Keywords>
<TimeCreated SystemTime="2025-11-23 17:59:27.815142+00:00"></TimeCreated>
<EventRecordID>807</EventRecordID>
<Correlation ActivityID="" RelatedActivityID=""></Correlation>
<Execution ProcessID="4" ThreadID="120"></Execution>
<Channel>System</Channel>
<Computer>WIN-QCM4OJM0UCK</Computer>
<Security UserID="S-1-5-18"></Security>
</System>
<EventData><Data Name="Url">http://+:10246/MDEServer/</Data>
<Data Name="ReserveStatus">0</Data>
<Data Name="ProcessId">4</Data>
<Data Name="ExecutablePath"></Data>
<Data Name="UserSid">S-1-5-18</Data>
</EventData>
</Event>

<Event xmlns="http://schemas.microsoft.com/win/2004/08/events/event"><System><Provider Name="Microsoft-Windows-Kernel-General" Guid="{a68ca8b7-004f-d7b6-a698-07e2de0f1f5d}"></Provider>
<EventID Qualifiers="">24</EventID>
<Version>0</Version>
<Level>4</Level>
<Task>11</Task>
<Opcode>0</Opcode>
<Keywords>0x8000000000000010</Keywords>
<TimeCreated SystemTime="2025-11-23 04:14:29.741093+00:00"></TimeCreated>
<EventRecordID>808</EventRecordID>
<Correlation ActivityID="" RelatedActivityID=""></Correlation>
<Execution ProcessID="3668" ThreadID="4308"></Execution>
<Channel>System</Channel>
<Computer>WIN-QCM4OJM0UCK</Computer>
<Security UserID="S-1-5-18"></Security>
</System>
<EventData><Data Name="ExitReason">0</Data>
<Data Name="CurrentBias">480</Data>
<Data Name="CurrentTimeZoneID">1</Data>
<Data Name="TimeZoneInfoCacheUpdated">0</Data>
<Data Name="FirstRefresh">0</Data>
</EventData>
</Event>

<Event xmlns="http://schemas.microsoft.com/win/2004/08/events/event"><System><Provider Name="Microsoft-Windows-Kernel-General" Guid="{a68ca8b7-004f-d7b6-a698-07e2de0f1f5d}"></Provider>
<EventID Qualifiers="">1</EventID>
<Version>4</Version>
<Level>4</Level>
<Task>5</Task>
<Opcode>0</Opcode>
<Keywords>0x8000000000000010</Keywords>
<TimeCreated SystemTime="2025-11-23 04:14:29.741095+00:00"></TimeCreated>
<EventRecordID>809</EventRecordID>
<Correlation ActivityID="" RelatedActivityID=""></Correlation>
<Execution ProcessID="3668" ThreadID="4308"></Execution>
<Channel>System</Channel>
<Computer>WIN-QCM4OJM0UCK</Computer>
<Security UserID="S-1-5-18"></Security>
</System>
<EventData><Data Name="NewTime">2025-11-23 04:14:29.740999+00:00</Data>
<Data Name="OldTime">2025-11-23 17:59:29.130651+00:00</Data>
<Data Name="TimeDeltaInMs">-49499389</Data>
<Data Name="Reason">1</Data>
<Data Name="ProcessName">\Device\HarddiskVolume3\Program Files\Qemu-ga\qemu-ga.exe</Data>
<Data Name="ProcessID">3668</Data>
<Data Name="CmosTime">2025-11-22 20:14:29.740999+00:00</Data>
<Data Name="TimeZoneBias">480</Data>
<Data Name="RealTimeIsUniversal">False</Data>
<Data Name="SystemInCmosMode">False</Data>
</EventData>
</Event>

<Event xmlns="http://schemas.microsoft.com/win/2004/08/events/event"><System><Provider Name="Service Control Manager" Guid="{555908d1-a6d7-4695-8e1e-26931d2012f4}" EventSourceName="Service Control Manager"></Provider>
<EventID Qualifiers="49152">7026</EventID>
<Version>0</Version>
<Level>4</Level>
<Task>0</Task>
<Opcode>0</Opcode>
<Keywords>0x8080000000000000</Keywords>
<TimeCreated SystemTime="2025-11-23 04:14:30.224421+00:00"></TimeCreated>
<EventRecordID>810</EventRecordID>
<Correlation ActivityID="" RelatedActivityID=""></Correlation>
<Execution ProcessID="832" ThreadID="836"></Execution>
<Channel>System</Channel>
<Computer>WIN-QCM4OJM0UCK</Computer>
<Security UserID=""></Security>
</System>
<EventData><Data Name="param1">
dam
uiomap</Data>
</EventData>
</Event>

<Event xmlns="http://schemas.microsoft.com/win/2004/08/events/event"><System><Provider Name="Microsoft-Windows-Kernel-General" Guid="{a68ca8b7-004f-d7b6-a698-07e2de0f1f5d}"></Provider>
<EventID Qualifiers="">16</EventID>
<Version>0</Version>
<Level>4</Level>
<Task>0</Task>
<Opcode>0</Opcode>
<Keywords>0x8000000000000000</Keywords>
<TimeCreated SystemTime="2025-11-23 04:14:31.963484+00:00"></TimeCreated>
<EventRecordID>811</EventRecordID>
<Correlation ActivityID="" RelatedActivityID=""></Correlation>
<Execution ProcessID="5184" ThreadID="5368"></Execution>
<Channel>System</Channel>
<Computer>WIN-QCM4OJM0UCK</Computer>
<Security UserID="S-1-5-18"></Security>
</System>
<EventData><Data Name="HiveNameLength">170</Data>
<Data Name="HiveName">\??\C:\ProgramData\Packages\MicrosoftWindows.Client.CBS_cw5n1h2txyewy\S-1-5-21-3406557415-3785955325-3440082762-1001\SystemAppData\Helium\Cache\b1f142f906cfb838_COM15.dat</Data>
<Data Name="KeysUpdated">1</Data>
<Data Name="DirtyPages">1</Data>
</EventData>
</Event>

<Event xmlns="http://schemas.microsoft.com/win/2004/08/events/event"><System><Provider Name="Microsoft-Windows-Kernel-General" Guid="{a68ca8b7-004f-d7b6-a698-07e2de0f1f5d}"></Provider>
<EventID Qualifiers="">16</EventID>
<Version>0</Version>
<Level>4</Level>
<Task>0</Task>
<Opcode>0</Opcode>
<Keywords>0x8000000000000000</Keywords>
<TimeCreated SystemTime="2025-11-23 04:14:34.078810+00:00"></TimeCreated>
<EventRecordID>812</EventRecordID>
<Correlation ActivityID="" RelatedActivityID=""></Correlation>
<Execution ProcessID="3300" ThreadID="6008"></Execution>
<Channel>System</Channel>
<Computer>WIN-QCM4OJM0UCK</Computer>
<Security UserID="S-1-5-18"></Security>
</System>
<EventData><Data Name="HiveNameLength">105</Data>
<Data Name="HiveName">\??\C:\Users\yanna\AppData\Local\Packages\MicrosoftWindows.Client.CBS_cw5n1h2txyewy\Settings\settings.dat</Data>
<Data Name="KeysUpdated">90</Data>
<Data Name="DirtyPages">10</Data>
</EventData>
</Event>

<Event xmlns="http://schemas.microsoft.com/win/2004/08/events/event"><System><Provider Name="Microsoft-Windows-Kernel-General" Guid="{a68ca8b7-004f-d7b6-a698-07e2de0f1f5d}"></Provider>
<EventID Qualifiers="">16</EventID>
<Version>0</Version>
<Level>4</Level>
<Task>0</Task>
<Opcode>0</Opcode>
<Keywords>0x8000000000000000</Keywords>
<TimeCreated SystemTime="2025-11-23 04:14:34.113382+00:00"></TimeCreated>
<EventRecordID>813</EventRecordID>
<Correlation ActivityID="" RelatedActivityID=""></Correlation>
<Execution ProcessID="984" ThreadID="588"></Execution>
<Channel>System</Channel>
<Computer>WIN-QCM4OJM0UCK</Computer>
<Security UserID="S-1-5-18"></Security>
</System>
<EventData><Data Name="HiveNameLength">123</Data>
<Data Name="HiveName">\??\C:\Users\yanna\AppData\Local\Packages\MicrosoftWindows.Client.WebExperience_cw5n1h2txyewy\SystemAppData\Helium\User.dat</Data>
<Data Name="KeysUpdated">29</Data>
<Data Name="DirtyPages">4</Data>
</EventData>
</Event>

<Event xmlns="http://schemas.microsoft.com/win/2004/08/events/event"><System><Provider Name="Microsoft-Windows-Kernel-General" Guid="{a68ca8b7-004f-d7b6-a698-07e2de0f1f5d}"></Provider>
<EventID Qualifiers="">16</EventID>
<Version>0</Version>
<Level>4</Level>
<Task>0</Task>
<Opcode>0</Opcode>
<Keywords>0x8000000000000000</Keywords>
<TimeCreated SystemTime="2025-11-23 04:14:34.114645+00:00"></TimeCreated>
<EventRecordID>814</EventRecordID>
<Correlation ActivityID="" RelatedActivityID=""></Correlation>
<Execution ProcessID="984" ThreadID="588"></Execution>
<Channel>System</Channel>
<Computer>WIN-QCM4OJM0UCK</Computer>
<Security UserID="S-1-5-18"></Security>
</System>
<EventData><Data Name="HiveNameLength">130</Data>
<Data Name="HiveName">\??\C:\Users\yanna\AppData\Local\Packages\MicrosoftWindows.Client.WebExperience_cw5n1h2txyewy\SystemAppData\Helium\UserClasses.dat</Data>
<Data Name="KeysUpdated">12</Data>
<Data Name="DirtyPages">1</Data>
</EventData>
</Event>

<Event xmlns="http://schemas.microsoft.com/win/2004/08/events/event"><System><Provider Name="Microsoft-Windows-Kernel-General" Guid="{a68ca8b7-004f-d7b6-a698-07e2de0f1f5d}"></Provider>
<EventID Qualifiers="">16</EventID>
<Version>0</Version>
<Level>4</Level>
<Task>0</Task>
<Opcode>0</Opcode>
<Keywords>0x8000000000000000</Keywords>
<TimeCreated SystemTime="2025-11-23 04:14:34.116344+00:00"></TimeCreated>
<EventRecordID>815</EventRecordID>
<Correlation ActivityID="" RelatedActivityID=""></Correlation>
<Execution ProcessID="984" ThreadID="588"></Execution>
<Channel>System</Channel>
<Computer>WIN-QCM4OJM0UCK</Computer>
<Security UserID="S-1-5-18"></Security>
</System>
<EventData><Data Name="HiveNameLength">180</Data>
<Data Name="HiveName">\??\C:\ProgramData\Packages\MicrosoftWindows.Client.WebExperience_cw5n1h2txyewy\S-1-5-21-3406557415-3785955325-3440082762-1001\SystemAppData\Helium\Cache\d4e19808d14a3926_COM15.dat</Data>
<Data Name="KeysUpdated">1</Data>
<Data Name="DirtyPages">1</Data>
</EventData>
</Event>

<Event xmlns="http://schemas.microsoft.com/win/2004/08/events/event"><System><Provider Name="TPM" Guid="{1b6b0772-251b-4d42-917d-faca166bc059}"></Provider>
<EventID Qualifiers="">18</EventID>
<Version>0</Version>
<Level>4</Level>
<Task>0</Task>
<Opcode>0</Opcode>
<Keywords>0x8000000000000000</Keywords>
<TimeCreated SystemTime="2025-11-23 04:14:34.284746+00:00"></TimeCreated>
<EventRecordID>816</EventRecordID>
<Correlation ActivityID="" RelatedActivityID=""></Correlation>
<Execution ProcessID="4" ThreadID="284"></Execution>
<Channel>System</Channel>
<Computer>WIN-QCM4OJM0UCK</Computer>
<Security UserID="S-1-5-18"></Security>
</System>
<EventData><Data Name="driverFile">0x00000014</Data>
<Data Name="lineNumber">217</Data>
<Data Name="Data">0</Data>
</EventData>
</Event>

<Event xmlns="http://schemas.microsoft.com/win/2004/08/events/event"><System><Provider Name="Microsoft-Windows-Kernel-General" Guid="{a68ca8b7-004f-d7b6-a698-07e2de0f1f5d}"></Provider>
<EventID Qualifiers="">16</EventID>
<Version>0</Version>
<Level>4</Level>
<Task>0</Task>
<Opcode>0</Opcode>
<Keywords>0x8000000000000000</Keywords>
<TimeCreated SystemTime="2025-11-23 04:14:34.698343+00:00"></TimeCreated>
<EventRecordID>817</EventRecordID>
<Correlation ActivityID="" RelatedActivityID=""></Correlation>
<Execution ProcessID="984" ThreadID="2092"></Execution>
<Channel>System</Channel>
<Computer>WIN-QCM4OJM0UCK</Computer>
<Security UserID="S-1-5-18"></Security>
</System>
<EventData><Data Name="HiveNameLength">118</Data>
<Data Name="HiveName">\??\C:\Users\yanna\AppData\Local\Packages\Microsoft.WidgetsPlatformRuntime_8wekyb3d8bbwe\SystemAppData\Helium\User.dat</Data>
<Data Name="KeysUpdated">1</Data>
<Data Name="DirtyPages">1</Data>
</EventData>
</Event>

<Event xmlns="http://schemas.microsoft.com/win/2004/08/events/event"><System><Provider Name="Microsoft-Windows-Kernel-General" Guid="{a68ca8b7-004f-d7b6-a698-07e2de0f1f5d}"></Provider>
<EventID Qualifiers="">16</EventID>
<Version>0</Version>
<Level>4</Level>
<Task>0</Task>
<Opcode>0</Opcode>
<Keywords>0x8000000000000000</Keywords>
<TimeCreated SystemTime="2025-11-23 04:14:34.700598+00:00"></TimeCreated>
<EventRecordID>818</EventRecordID>
<Correlation ActivityID="" RelatedActivityID=""></Correlation>
<Execution ProcessID="984" ThreadID="2092"></Execution>
<Channel>System</Channel>
<Computer>WIN-QCM4OJM0UCK</Computer>
<Security UserID="S-1-5-18"></Security>
</System>
<EventData><Data Name="HiveNameLength">125</Data>
<Data Name="HiveName">\??\C:\Users\yanna\AppData\Local\Packages\Microsoft.WidgetsPlatformRuntime_8wekyb3d8bbwe\SystemAppData\Helium\UserClasses.dat</Data>
<Data Name="KeysUpdated">6</Data>
<Data Name="DirtyPages">1</Data>
</EventData>
</Event>

<Event xmlns="http://schemas.microsoft.com/win/2004/08/events/event"><System><Provider Name="Microsoft-Windows-Kernel-General" Guid="{a68ca8b7-004f-d7b6-a698-07e2de0f1f5d}"></Provider>
<EventID Qualifiers="">16</EventID>
<Version>0</Version>
<Level>4</Level>
<Task>0</Task>
<Opcode>0</Opcode>
<Keywords>0x8000000000000000</Keywords>
<TimeCreated SystemTime="2025-11-23 04:14:34.702454+00:00"></TimeCreated>
<EventRecordID>819</EventRecordID>
<Correlation ActivityID="" RelatedActivityID=""></Correlation>
<Execution ProcessID="984" ThreadID="2092"></Execution>
<Channel>System</Channel>
<Computer>WIN-QCM4OJM0UCK</Computer>
<Security UserID="S-1-5-18"></Security>
</System>
<EventData><Data Name="HiveNameLength">175</Data>
<Data Name="HiveName">\??\C:\ProgramData\Packages\Microsoft.WidgetsPlatformRuntime_8wekyb3d8bbwe\S-1-5-21-3406557415-3785955325-3440082762-1001\SystemAppData\Helium\Cache\15dd22b2d7fcce35_COM15.dat</Data>
<Data Name="KeysUpdated">1</Data>
<Data Name="DirtyPages">1</Data>
</EventData>
</Event>

<Event xmlns="http://schemas.microsoft.com/win/2004/08/events/event"><System><Provider Name="Microsoft-Windows-Kernel-General" Guid="{a68ca8b7-004f-d7b6-a698-07e2de0f1f5d}"></Provider>
<EventID Qualifiers="">16</EventID>
<Version>0</Version>
<Level>4</Level>
<Task>0</Task>
<Opcode>0</Opcode>
<Keywords>0x8000000000000000</Keywords>
<TimeCreated SystemTime="2025-11-23 04:14:35.378942+00:00"></TimeCreated>
<EventRecordID>820</EventRecordID>
<Correlation ActivityID="" RelatedActivityID=""></Correlation>
<Execution ProcessID="3212" ThreadID="6148"></Execution>
<Channel>System</Channel>
<Computer>WIN-QCM4OJM0UCK</Computer>
<Security UserID="S-1-5-18"></Security>
</System>
<EventData><Data Name="HiveNameLength">119</Data>
<Data Name="HiveName">\??\C:\Users\yanna\AppData\Local\Packages\Microsoft.Windows.StartMenuExperienceHost_cw5n1h2txyewy\Settings\settings.dat</Data>
<Data Name="KeysUpdated">9</Data>
<Data Name="DirtyPages">1</Data>
</EventData>
</Event>

<Event xmlns="http://schemas.microsoft.com/win/2004/08/events/event"><System><Provider Name="Microsoft-Windows-Kernel-General" Guid="{a68ca8b7-004f-d7b6-a698-07e2de0f1f5d}"></Provider>
<EventID Qualifiers="">16</EventID>
<Version>0</Version>
<Level>4</Level>
<Task>0</Task>
<Opcode>0</Opcode>
<Keywords>0x8000000000000000</Keywords>
<TimeCreated SystemTime="2025-11-23 04:14:35.438171+00:00"></TimeCreated>
<EventRecordID>821</EventRecordID>
<Correlation ActivityID="" RelatedActivityID=""></Correlation>
<Execution ProcessID="6208" ThreadID="6380"></Execution>
<Channel>System</Channel>
<Computer>WIN-QCM4OJM0UCK</Computer>
<Security UserID="S-1-5-18"></Security>
</System>
<EventData><Data Name="HiveNameLength">115</Data>
<Data Name="HiveName">\??\C:\Users\yanna\AppData\Local\Packages\MicrosoftWindows.Client.WebExperience_cw5n1h2txyewy\Settings\settings.dat</Data>
<Data Name="KeysUpdated">6</Data>
<Data Name="DirtyPages">1</Data>
</EventData>
</Event>

<Event xmlns="http://schemas.microsoft.com/win/2004/08/events/event"><System><Provider Name="Microsoft-Windows-TPM-WMI" Guid="{7d5387b0-cbe0-11da-a94d-0800200c9a66}"></Provider>
<EventID Qualifiers="">1041</EventID>
<Version>0</Version>
<Level>4</Level>
<Task>0</Task>
<Opcode>0</Opcode>
<Keywords>0x8000000000000000</Keywords>
<TimeCreated SystemTime="2025-11-23 04:14:41.113493+00:00"></TimeCreated>
<EventRecordID>822</EventRecordID>
<Correlation ActivityID="" RelatedActivityID=""></Correlation>
<Execution ProcessID="1732" ThreadID="7344"></Execution>
<Channel>System</Channel>
<Computer>WIN-QCM4OJM0UCK</Computer>
<Security UserID="S-1-5-18"></Security>
</System>
<EventData><Data Name="Json">{"Version":1,"HealthStatus":"Attestable","Required":[{"Field":"TpmPresent","Value":true,"DesiredValue":true},{"Field":"TpmMeetsMinimumVersion","Value":true,"DesiredValue":true},{"Field":"TpmIsResponsive","Value":true,"DesiredValue":true},{"Field":"EkCertIsAvailable","Value":true,"DesiredValue":true},{"Field":"TcgLogFound","Value":true,"DesiredValue":true}],"Expected":[{"Field":"PcrsMatchTcgLog","Value":true,"DesiredValue":true}],"Informational":[{"Field":"SecureBootEnabled","ValueFromComputer":true,"ValueFromTcgLog":true,"DesiredValue":true,"TcgValueIsVerifiable":true},{"Field":"VirtualSecureMemory","ValueFromComputer":false,"ValueFromTcgLog":false,"DesiredValue":true,"TcgValueIsVerifiable":true},{"Field":"SecureCorePCCompliant","ValueFromComputer":false,"ValueFromTcgLog":false,"DesiredValue":true,"TcgValueIsVerifiable":true}]}</Data>
</EventData>
</Event>

<Event xmlns="http://schemas.microsoft.com/win/2004/08/events/event"><System><Provider Name="Microsoft-Windows-TPM-WMI" Guid="{7d5387b0-cbe0-11da-a94d-0800200c9a66}"></Provider>
<EventID Qualifiers="">1038</EventID>
<Version>0</Version>
<Level>4</Level>
<Task>0</Task>
<Opcode>0</Opcode>
<Keywords>0x8000000000000000</Keywords>
<TimeCreated SystemTime="2025-11-23 04:14:41.118515+00:00"></TimeCreated>
<EventRecordID>823</EventRecordID>
<Correlation ActivityID="" RelatedActivityID=""></Correlation>
<Execution ProcessID="1732" ThreadID="7344"></Execution>
<Channel>System</Channel>
<Computer>WIN-QCM4OJM0UCK</Computer>
<Security UserID="S-1-5-18"></Security>
</System>
<EventData><Data Name="Path">C:\WINDOWS\Logs\MeasuredBoot\0000000006-0000000000.json</Data>
</EventData>
</Event>

<Event xmlns="http://schemas.microsoft.com/win/2004/08/events/event"><System><Provider Name="TPM" Guid="{1b6b0772-251b-4d42-917d-faca166bc059}"></Provider>
<EventID Qualifiers="">15</EventID>
<Version>0</Version>
<Level>2</Level>
<Task>0</Task>
<Opcode>0</Opcode>
<Keywords>0x8000000000000000</Keywords>
<TimeCreated SystemTime="2025-11-23 04:14:45.397423+00:00"></TimeCreated>
<EventRecordID>824</EventRecordID>
<Correlation ActivityID="" RelatedActivityID=""></Correlation>
<Execution ProcessID="7512" ThreadID="7672"></Execution>
<Channel>System</Channel>
<Computer>WIN-QCM4OJM0UCK</Computer>
<Security UserID="S-1-5-21-3406557415-3785955325-3440082762-1001"></Security>
</System>
<EventData><Data Name="driverFile">0x00000002</Data>
<Data Name="lineNumber">369</Data>
<Data Name="Data">3221225524</Data>
</EventData>
</Event>

<Event xmlns="http://schemas.microsoft.com/win/2004/08/events/event"><System><Provider Name="TPM" Guid="{1b6b0772-251b-4d42-917d-faca166bc059}"></Provider>
<EventID Qualifiers="">15</EventID>
<Version>0</Version>
<Level>2</Level>
<Task>0</Task>
<Opcode>0</Opcode>
<Keywords>0x8000000000000000</Keywords>
<TimeCreated SystemTime="2025-11-23 04:14:45.402063+00:00"></TimeCreated>
<EventRecordID>825</EventRecordID>
<Correlation ActivityID="" RelatedActivityID=""></Correlation>
<Execution ProcessID="7512" ThreadID="7672"></Execution>
<Channel>System</Channel>
<Computer>WIN-QCM4OJM0UCK</Computer>
<Security UserID="S-1-5-21-3406557415-3785955325-3440082762-1001"></Security>
</System>
<EventData><Data Name="driverFile">0x00000002</Data>
<Data Name="lineNumber">369</Data>
<Data Name="Data">3221225524</Data>
</EventData>
</Event>

<Event xmlns="http://schemas.microsoft.com/win/2004/08/events/event"><System><Provider Name="TPM" Guid="{1b6b0772-251b-4d42-917d-faca166bc059}"></Provider>
<EventID Qualifiers="">15</EventID>
<Version>0</Version>
<Level>2</Level>
<Task>0</Task>
<Opcode>0</Opcode>
<Keywords>0x8000000000000000</Keywords>
<TimeCreated SystemTime="2025-11-23 04:14:45.468386+00:00"></TimeCreated>
<EventRecordID>826</EventRecordID>
<Correlation ActivityID="" RelatedActivityID=""></Correlation>
<Execution ProcessID="1732" ThreadID="8864"></Execution>
<Channel>System</Channel>
<Computer>WIN-QCM4OJM0UCK</Computer>
<Security UserID="S-1-5-18"></Security>
</System>
<EventData><Data Name="driverFile">0x00000002</Data>
<Data Name="lineNumber">369</Data>
<Data Name="Data">3221225524</Data>
</EventData>
</Event>

<Event xmlns="http://schemas.microsoft.com/win/2004/08/events/event"><System><Provider Name="TPM" Guid="{1b6b0772-251b-4d42-917d-faca166bc059}"></Provider>
<EventID Qualifiers="">15</EventID>
<Version>0</Version>
<Level>2</Level>
<Task>0</Task>
<Opcode>0</Opcode>
<Keywords>0x8000000000000000</Keywords>
<TimeCreated SystemTime="2025-11-23 04:14:45.468620+00:00"></TimeCreated>
<EventRecordID>827</EventRecordID>
<Correlation ActivityID="" RelatedActivityID=""></Correlation>
<Execution ProcessID="1732" ThreadID="8864"></Execution>
<Channel>System</Channel>
<Computer>WIN-QCM4OJM0UCK</Computer>
<Security UserID="S-1-5-18"></Security>
</System>
<EventData><Data Name="driverFile">0x00000002</Data>
<Data Name="lineNumber">369</Data>
<Data Name="Data">3221225524</Data>
</EventData>
</Event>

<Event xmlns="http://schemas.microsoft.com/win/2004/08/events/event"><System><Provider Name="TPM" Guid="{1b6b0772-251b-4d42-917d-faca166bc059}"></Provider>
<EventID Qualifiers="">15</EventID>
<Version>0</Version>
<Level>2</Level>
<Task>0</Task>
<Opcode>0</Opcode>
<Keywords>0x8000000000000000</Keywords>
<TimeCreated SystemTime="2025-11-23 04:14:45.482079+00:00"></TimeCreated>
<EventRecordID>828</EventRecordID>
<Correlation ActivityID="" RelatedActivityID=""></Correlation>
<Execution ProcessID="1732" ThreadID="8864"></Execution>
<Channel>System</Channel>
<Computer>WIN-QCM4OJM0UCK</Computer>
<Security UserID="S-1-5-18"></Security>
</System>
<EventData><Data Name="driverFile">0x00000002</Data>
<Data Name="lineNumber">369</Data>
<Data Name="Data">3221225524</Data>
</EventData>
</Event>

<Event xmlns="http://schemas.microsoft.com/win/2004/08/events/event"><System><Provider Name="TPM" Guid="{1b6b0772-251b-4d42-917d-faca166bc059}"></Provider>
<EventID Qualifiers="">15</EventID>
<Version>0</Version>
<Level>2</Level>
<Task>0</Task>
<Opcode>0</Opcode>
<Keywords>0x8000000000000000</Keywords>
<TimeCreated SystemTime="2025-11-23 04:14:45.490433+00:00"></TimeCreated>
<EventRecordID>829</EventRecordID>
<Correlation ActivityID="" RelatedActivityID=""></Correlation>
<Execution ProcessID="1732" ThreadID="8864"></Execution>
<Channel>System</Channel>
<Computer>WIN-QCM4OJM0UCK</Computer>
<Security UserID="S-1-5-18"></Security>
</System>
<EventData><Data Name="driverFile">0x00000002</Data>
<Data Name="lineNumber">369</Data>
<Data Name="Data">3221225524</Data>
</EventData>
</Event>

<Event xmlns="http://schemas.microsoft.com/win/2004/08/events/event"><System><Provider Name="TPM" Guid="{1b6b0772-251b-4d42-917d-faca166bc059}"></Provider>
<EventID Qualifiers="">15</EventID>
<Version>0</Version>
<Level>2</Level>
<Task>0</Task>
<Opcode>0</Opcode>
<Keywords>0x8000000000000000</Keywords>
<TimeCreated SystemTime="2025-11-23 04:14:45.571035+00:00"></TimeCreated>
<EventRecordID>830</EventRecordID>
<Correlation ActivityID="" RelatedActivityID=""></Correlation>
<Execution ProcessID="7512" ThreadID="7672"></Execution>
<Channel>System</Channel>
<Computer>WIN-QCM4OJM0UCK</Computer>
<Security UserID="S-1-5-21-3406557415-3785955325-3440082762-1001"></Security>
</System>
<EventData><Data Name="driverFile">0x00000002</Data>
<Data Name="lineNumber">369</Data>
<Data Name="Data">3221225524</Data>
</EventData>
</Event>

<Event xmlns="http://schemas.microsoft.com/win/2004/08/events/event"><System><Provider Name="TPM" Guid="{1b6b0772-251b-4d42-917d-faca166bc059}"></Provider>
<EventID Qualifiers="">15</EventID>
<Version>0</Version>
<Level>2</Level>
<Task>0</Task>
<Opcode>0</Opcode>
<Keywords>0x8000000000000000</Keywords>
<TimeCreated SystemTime="2025-11-23 04:14:45.574230+00:00"></TimeCreated>
<EventRecordID>831</EventRecordID>
<Correlation ActivityID="" RelatedActivityID=""></Correlation>
<Execution ProcessID="7512" ThreadID="7672"></Execution>
<Channel>System</Channel>
<Computer>WIN-QCM4OJM0UCK</Computer>
<Security UserID="S-1-5-21-3406557415-3785955325-3440082762-1001"></Security>
</System>
<EventData><Data Name="driverFile">0x00000002</Data>
<Data Name="lineNumber">369</Data>
<Data Name="Data">3221225524</Data>
</EventData>
</Event>

